[0.014s] Invoking command in '/home/aimsrog/XAiMs/XAiMS_ws/src/xaims_localization/build/xaims_localization': CMAKE_PREFIX_PATH=${CMAKE_PREFIX_PATH}:/home/aimsrog/turtlebot3_ws/install/turtlebot3_teleop:/home/aimsrog/turtlebot3_ws/install/turtlebot3_example:/opt/ros/humble /usr/bin/cmake --build /home/aimsrog/XAiMs/XAiMS_ws/src/xaims_localization/build/xaims_localization -- -j16 -l16
[0.040s] -- Found ament_cmake: 1.3.10 (/opt/ros/humble/share/ament_cmake/cmake)
[0.148s] -- Found rclcpp: 16.0.10 (/opt/ros/humble/share/rclcpp/cmake)
[0.170s] -- Found rosidl_generator_c: 3.1.5 (/opt/ros/humble/share/rosidl_generator_c/cmake)
[0.172s] -- Found rosidl_adapter: 3.1.5 (/opt/ros/humble/share/rosidl_adapter/cmake)
[0.176s] -- Found rosidl_generator_cpp: 3.1.5 (/opt/ros/humble/share/rosidl_generator_cpp/cmake)
[0.183s] -- Using all available rosidl_typesupport_c: rosidl_typesupport_fastrtps_c;rosidl_typesupport_introspection_c
[0.193s] -- Using all available rosidl_typesupport_cpp: rosidl_typesupport_fastrtps_cpp;rosidl_typesupport_introspection_cpp
[0.217s] -- Found rmw_implementation_cmake: 6.1.2 (/opt/ros/humble/share/rmw_implementation_cmake/cmake)
[0.219s] -- Found rmw_fastrtps_cpp: 6.2.7 (/opt/ros/humble/share/rmw_fastrtps_cpp/cmake)
[0.327s] -- Using RMW implementation 'rmw_fastrtps_cpp' as default
[0.359s] -- Found geometry_msgs: 4.2.4 (/opt/ros/humble/share/geometry_msgs/cmake)
[0.366s] -- Found tf2_geometry_msgs: 0.25.8 (/opt/ros/humble/share/tf2_geometry_msgs/cmake)
[0.368s] -- Found eigen3_cmake_module: 0.1.1 (/opt/ros/humble/share/eigen3_cmake_module/cmake)
[0.369s] -- Ensuring Eigen3 include directory is part of orocos-kdl CMake target
[0.483s] -- Configuring done
[0.491s] -- Generating done
[0.493s] -- Build files have been written to: /home/aimsrog/XAiMs/XAiMS_ws/src/xaims_localization/build/xaims_localization
[0.523s] [35m[1mConsolidate compiler generated dependencies of target rviz_click_to_2d[0m
[0.543s] [ 50%] [32m[1mLinking CXX executable rviz_click_to_2d[0m
[0.976s] [100%] Built target rviz_click_to_2d
[0.987s] Invoked command in '/home/aimsrog/XAiMs/XAiMS_ws/src/xaims_localization/build/xaims_localization' returned '0': CMAKE_PREFIX_PATH=${CMAKE_PREFIX_PATH}:/home/aimsrog/turtlebot3_ws/install/turtlebot3_teleop:/home/aimsrog/turtlebot3_ws/install/turtlebot3_example:/opt/ros/humble /usr/bin/cmake --build /home/aimsrog/XAiMs/XAiMS_ws/src/xaims_localization/build/xaims_localization -- -j16 -l16
[1.036s] Invoking command in '/home/aimsrog/XAiMs/XAiMS_ws/src/xaims_localization/build/xaims_localization': CMAKE_PREFIX_PATH=${CMAKE_PREFIX_PATH}:/home/aimsrog/turtlebot3_ws/install/turtlebot3_teleop:/home/aimsrog/turtlebot3_ws/install/turtlebot3_example:/opt/ros/humble /usr/bin/cmake --install /home/aimsrog/XAiMs/XAiMS_ws/src/xaims_localization/build/xaims_localization
[1.043s] -- Install configuration: ""
[1.043s] -- Installing: /home/aimsrog/XAiMs/XAiMS_ws/src/xaims_localization/install/xaims_localization/lib/xaims_localization/rviz_click_to_2d
[1.048s] -- Set runtime path of "/home/aimsrog/XAiMs/XAiMS_ws/src/xaims_localization/install/xaims_localization/lib/xaims_localization/rviz_click_to_2d" to ""
[1.048s] -- Up-to-date: /home/aimsrog/XAiMs/XAiMS_ws/src/xaims_localization/install/xaims_localization/share/xaims_localization/launch
[1.048s] -- Up-to-date: /home/aimsrog/XAiMs/XAiMS_ws/src/xaims_localization/install/xaims_localization/share/xaims_localization/rviz
[1.048s] -- Up-to-date: /home/aimsrog/XAiMs/XAiMS_ws/src/xaims_localization/install/xaims_localization/share/ament_index/resource_index/package_run_dependencies/xaims_localization
[1.048s] -- Up-to-date: /home/aimsrog/XAiMs/XAiMS_ws/src/xaims_localization/install/xaims_localization/share/ament_index/resource_index/parent_prefix_path/xaims_localization
[1.049s] -- Up-to-date: /home/aimsrog/XAiMs/XAiMS_ws/src/xaims_localization/install/xaims_localization/share/xaims_localization/environment/ament_prefix_path.sh
[1.049s] -- Installing: /home/aimsrog/XAiMs/XAiMS_ws/src/xaims_localization/install/xaims_localization/share/xaims_localization/environment/ament_prefix_path.dsv
[1.049s] -- Up-to-date: /home/aimsrog/XAiMs/XAiMS_ws/src/xaims_localization/install/xaims_localization/share/xaims_localization/environment/path.sh
[1.049s] -- Installing: /home/aimsrog/XAiMs/XAiMS_ws/src/xaims_localization/install/xaims_localization/share/xaims_localization/environment/path.dsv
[1.049s] -- Up-to-date: /home/aimsrog/XAiMs/XAiMS_ws/src/xaims_localization/install/xaims_localization/share/xaims_localization/local_setup.bash
[1.049s] -- Up-to-date: /home/aimsrog/XAiMs/XAiMS_ws/src/xaims_localization/install/xaims_localization/share/xaims_localization/local_setup.sh
[1.049s] -- Up-to-date: /home/aimsrog/XAiMs/XAiMS_ws/src/xaims_localization/install/xaims_localization/share/xaims_localization/local_setup.zsh
[1.049s] -- Installing: /home/aimsrog/XAiMs/XAiMS_ws/src/xaims_localization/install/xaims_localization/share/xaims_localization/local_setup.dsv
[1.049s] -- Installing: /home/aimsrog/XAiMs/XAiMS_ws/src/xaims_localization/install/xaims_localization/share/xaims_localization/package.dsv
[1.049s] -- Up-to-date: /home/aimsrog/XAiMs/XAiMS_ws/src/xaims_localization/install/xaims_localization/share/ament_index/resource_index/packages/xaims_localization
[1.049s] -- Up-to-date: /home/aimsrog/XAiMs/XAiMS_ws/src/xaims_localization/install/xaims_localization/share/xaims_localization/cmake/xaims_localizationConfig.cmake
[1.049s] -- Up-to-date: /home/aimsrog/XAiMs/XAiMS_ws/src/xaims_localization/install/xaims_localization/share/xaims_localization/cmake/xaims_localizationConfig-version.cmake
[1.049s] -- Up-to-date: /home/aimsrog/XAiMs/XAiMS_ws/src/xaims_localization/install/xaims_localization/share/xaims_localization/package.xml
[1.051s] Invoked command in '/home/aimsrog/XAiMs/XAiMS_ws/src/xaims_localization/build/xaims_localization' returned '0': CMAKE_PREFIX_PATH=${CMAKE_PREFIX_PATH}:/home/aimsrog/turtlebot3_ws/install/turtlebot3_teleop:/home/aimsrog/turtlebot3_ws/install/turtlebot3_example:/opt/ros/humble /usr/bin/cmake --install /home/aimsrog/XAiMs/XAiMS_ws/src/xaims_localization/build/xaims_localization
