[0.014s] Invoking command in '/home/aimsrog/XAiMs/XAiMS_ws/build/xaims_localization': CMAKE_PREFIX_PATH=${CMAKE_PREFIX_PATH}:/home/aimsrog/turtlebot3_ws/install/turtlebot3_teleop:/home/aimsrog/turtlebot3_ws/install/turtlebot3_example:/opt/ros/humble /usr/bin/cmake --build /home/aimsrog/XAiMs/XAiMS_ws/build/xaims_localization -- -j16 -l16
[0.062s] [35m[1mConsolidate compiler generated dependencies of target ekf_odom_pub[0m
[0.077s] [ 50%] Built target rviz_click_to_2d
[0.078s] [ 75%] [32mBuilding CXX object CMakeFiles/ekf_odom_pub.dir/src/ekf_odom_pub.cpp.o[0m
[7.926s] [100%] [32m[1mLinking CXX executable ekf_odom_pub[0m
[8.331s] [100%] Built target ekf_odom_pub
[8.345s] Invoked command in '/home/aimsrog/XAiMs/XAiMS_ws/build/xaims_localization' returned '0': CMAKE_PREFIX_PATH=${CMAKE_PREFIX_PATH}:/home/aimsrog/turtlebot3_ws/install/turtlebot3_teleop:/home/aimsrog/turtlebot3_ws/install/turtlebot3_example:/opt/ros/humble /usr/bin/cmake --build /home/aimsrog/XAiMs/XAiMS_ws/build/xaims_localization -- -j16 -l16
[8.399s] Invoking command in '/home/aimsrog/XAiMs/XAiMS_ws/build/xaims_localization': CMAKE_PREFIX_PATH=${CMAKE_PREFIX_PATH}:/home/aimsrog/turtlebot3_ws/install/turtlebot3_teleop:/home/aimsrog/turtlebot3_ws/install/turtlebot3_example:/opt/ros/humble /usr/bin/cmake --install /home/aimsrog/XAiMs/XAiMS_ws/build/xaims_localization
[8.406s] -- Install configuration: ""
[8.407s] -- Execute custom install script
[8.407s] -- Up-to-date symlink: /home/aimsrog/XAiMs/XAiMS_ws/install/xaims_localization/lib/xaims_localization/rviz_click_to_2d
[8.407s] -- Up-to-date symlink: /home/aimsrog/XAiMs/XAiMS_ws/install/xaims_localization/lib/xaims_localization/ekf_odom_pub
[8.407s] -- Up-to-date symlink: /home/aimsrog/XAiMs/XAiMS_ws/install/xaims_localization/share/ament_index/resource_index/package_run_dependencies/xaims_localization
[8.408s] -- Up-to-date symlink: /home/aimsrog/XAiMs/XAiMS_ws/install/xaims_localization/share/ament_index/resource_index/parent_prefix_path/xaims_localization
[8.408s] -- Up-to-date symlink: /home/aimsrog/XAiMs/XAiMS_ws/install/xaims_localization/share/xaims_localization/environment/ament_prefix_path.sh
[8.408s] -- Up-to-date symlink: /home/aimsrog/XAiMs/XAiMS_ws/install/xaims_localization/share/xaims_localization/environment/ament_prefix_path.dsv
[8.408s] -- Up-to-date symlink: /home/aimsrog/XAiMs/XAiMS_ws/install/xaims_localization/share/xaims_localization/environment/path.sh
[8.408s] -- Up-to-date symlink: /home/aimsrog/XAiMs/XAiMS_ws/install/xaims_localization/share/xaims_localization/environment/path.dsv
[8.408s] -- Up-to-date symlink: /home/aimsrog/XAiMs/XAiMS_ws/install/xaims_localization/share/xaims_localization/local_setup.bash
[8.408s] -- Up-to-date symlink: /home/aimsrog/XAiMs/XAiMS_ws/install/xaims_localization/share/xaims_localization/local_setup.sh
[8.408s] -- Up-to-date symlink: /home/aimsrog/XAiMs/XAiMS_ws/install/xaims_localization/share/xaims_localization/local_setup.zsh
[8.408s] -- Up-to-date symlink: /home/aimsrog/XAiMs/XAiMS_ws/install/xaims_localization/share/xaims_localization/local_setup.dsv
[8.408s] -- Symlinking: /home/aimsrog/XAiMs/XAiMS_ws/install/xaims_localization/share/xaims_localization/package.dsv
[8.418s] -- Up-to-date symlink: /home/aimsrog/XAiMs/XAiMS_ws/install/xaims_localization/share/ament_index/resource_index/packages/xaims_localization
[8.418s] -- Up-to-date symlink: /home/aimsrog/XAiMs/XAiMS_ws/install/xaims_localization/share/xaims_localization/cmake/xaims_localizationConfig.cmake
[8.418s] -- Up-to-date symlink: /home/aimsrog/XAiMs/XAiMS_ws/install/xaims_localization/share/xaims_localization/cmake/xaims_localizationConfig-version.cmake
[8.419s] -- Up-to-date symlink: /home/aimsrog/XAiMs/XAiMS_ws/install/xaims_localization/share/xaims_localization/package.xml
[8.420s] Invoked command in '/home/aimsrog/XAiMs/XAiMS_ws/build/xaims_localization' returned '0': CMAKE_PREFIX_PATH=${CMAKE_PREFIX_PATH}:/home/aimsrog/turtlebot3_ws/install/turtlebot3_teleop:/home/aimsrog/turtlebot3_ws/install/turtlebot3_example:/opt/ros/humble /usr/bin/cmake --install /home/aimsrog/XAiMs/XAiMS_ws/build/xaims_localization
