[2.060s] Invoking command in '/home/aims_xavier/XAiMs/XAiMS_ws/build/monicar2_cartographer': CMAKE_PREFIX_PATH=${CMAKE_PREFIX_PATH}:/home/aims_xavier/XAiMs/XAiMS_ws/install/bno055:/opt/ros/foxy /usr/bin/cmake --build /home/aims_xavier/XAiMs/XAiMS_ws/build/monicar2_cartographer -- -j4 -l4
[2.572s] Invoked command in '/home/aims_xavier/XAiMs/XAiMS_ws/build/monicar2_cartographer' returned '0': CMAKE_PREFIX_PATH=${CMAKE_PREFIX_PATH}:/home/aims_xavier/XAiMs/XAiMS_ws/install/bno055:/opt/ros/foxy /usr/bin/cmake --build /home/aims_xavier/XAiMs/XAiMS_ws/build/monicar2_cartographer -- -j4 -l4
[2.624s] Invoking command in '/home/aims_xavier/XAiMs/XAiMS_ws/build/monicar2_cartographer': CMAKE_PREFIX_PATH=${CMAKE_PREFIX_PATH}:/home/aims_xavier/XAiMs/XAiMS_ws/install/bno055:/opt/ros/foxy /usr/bin/cmake --install /home/aims_xavier/XAiMs/XAiMS_ws/build/monicar2_cartographer
[2.746s] -- Install configuration: ""
[2.748s] -- Execute custom install script
[2.756s] -- Up-to-date symlink: /home/aims_xavier/XAiMs/XAiMS_ws/install/monicar2_cartographer/share/monicar2_cartographer/config/lidar.lua
[2.756s] -- Up-to-date symlink: /home/aims_xavier/XAiMs/XAiMS_ws/install/monicar2_cartographer/share/monicar2_cartographer/launch/cartographer.launch.py
[2.757s] -- Up-to-date symlink: /home/aims_xavier/XAiMs/XAiMS_ws/install/monicar2_cartographer/share/monicar2_cartographer/launch/cartographer_rviz.launch.py
[2.757s] -- Up-to-date symlink: /home/aims_xavier/XAiMs/XAiMS_ws/install/monicar2_cartographer/share/monicar2_cartographer/launch/occupancy_grid.launch.py
[2.759s] -- Up-to-date symlink: /home/aims_xavier/XAiMs/XAiMS_ws/install/monicar2_cartographer/share/monicar2_cartographer/rviz/cartographer.rviz
[2.761s] -- Up-to-date symlink: /home/aims_xavier/XAiMs/XAiMS_ws/install/monicar2_cartographer/share/ament_index/resource_index/package_run_dependencies/monicar2_cartographer
[2.764s] -- Up-to-date symlink: /home/aims_xavier/XAiMs/XAiMS_ws/install/monicar2_cartographer/share/ament_index/resource_index/parent_prefix_path/monicar2_cartographer
[2.777s] -- Up-to-date symlink: /home/aims_xavier/XAiMs/XAiMS_ws/install/monicar2_cartographer/share/monicar2_cartographer/environment/ament_prefix_path.sh
[2.791s] -- Up-to-date symlink: /home/aims_xavier/XAiMs/XAiMS_ws/install/monicar2_cartographer/share/monicar2_cartographer/environment/ament_prefix_path.dsv
[2.792s] -- Up-to-date symlink: /home/aims_xavier/XAiMs/XAiMS_ws/install/monicar2_cartographer/share/monicar2_cartographer/environment/path.sh
[2.796s] -- Up-to-date symlink: /home/aims_xavier/XAiMs/XAiMS_ws/install/monicar2_cartographer/share/monicar2_cartographer/environment/path.dsv
[2.797s] -- Up-to-date symlink: /home/aims_xavier/XAiMs/XAiMS_ws/install/monicar2_cartographer/share/monicar2_cartographer/local_setup.bash
[2.799s] -- Up-to-date symlink: /home/aims_xavier/XAiMs/XAiMS_ws/install/monicar2_cartographer/share/monicar2_cartographer/local_setup.sh
[2.800s] -- Up-to-date symlink: /home/aims_xavier/XAiMs/XAiMS_ws/install/monicar2_cartographer/share/monicar2_cartographer/local_setup.zsh
[2.801s] -- Up-to-date symlink: /home/aims_xavier/XAiMs/XAiMS_ws/install/monicar2_cartographer/share/monicar2_cartographer/local_setup.dsv
[2.801s] -- Symlinking: /home/aims_xavier/XAiMs/XAiMS_ws/install/monicar2_cartographer/share/monicar2_cartographer/package.dsv
[2.955s] -- Up-to-date symlink: /home/aims_xavier/XAiMs/XAiMS_ws/install/monicar2_cartographer/share/ament_index/resource_index/packages/monicar2_cartographer
[2.962s] -- Up-to-date symlink: /home/aims_xavier/XAiMs/XAiMS_ws/install/monicar2_cartographer/share/monicar2_cartographer/cmake/monicar2_cartographerConfig.cmake
[2.963s] -- Up-to-date symlink: /home/aims_xavier/XAiMs/XAiMS_ws/install/monicar2_cartographer/share/monicar2_cartographer/cmake/monicar2_cartographerConfig-version.cmake
[2.963s] -- Up-to-date symlink: /home/aims_xavier/XAiMs/XAiMS_ws/install/monicar2_cartographer/share/monicar2_cartographer/package.xml
[3.294s] Invoked command in '/home/aims_xavier/XAiMs/XAiMS_ws/build/monicar2_cartographer' returned '0': CMAKE_PREFIX_PATH=${CMAKE_PREFIX_PATH}:/home/aims_xavier/XAiMs/XAiMS_ws/install/bno055:/opt/ros/foxy /usr/bin/cmake --install /home/aims_xavier/XAiMs/XAiMS_ws/build/monicar2_cartographer
