[1.180s] DEBUG:colcon:Command line arguments: ['/usr/bin/colcon', 'build', '--symlink-install']
[1.180s] DEBUG:colcon:Parsed command line arguments: Namespace(allow_overriding=[], ament_cmake_args=None, base_paths=['.'], build_base='build', catkin_cmake_args=None, catkin_skip_building_tests=False, cmake_args=None, cmake_clean_cache=False, cmake_clean_first=False, cmake_force_configure=False, cmake_target=None, cmake_target_skip_unavailable=False, continue_on_error=False, event_handlers=None, executor='parallel', ignore_user_meta=False, install_base='install', log_base=None, log_level=None, main=<bound method BuildVerb.main of <colcon_core.verb.build.BuildVerb object at 0xffffb16dfdf0>>, merge_install=False, metas=['./colcon.meta'], packages_above=None, packages_above_and_dependencies=None, packages_above_depth=None, packages_end=None, packages_ignore=None, packages_ignore_regex=None, packages_select=None, packages_select_build_failed=False, packages_select_by_dep=None, packages_select_regex=None, packages_select_test_failures=False, packages_skip=None, packages_skip_build_finished=False, packages_skip_by_dep=None, packages_skip_regex=None, packages_skip_test_passed=False, packages_skip_up_to=None, packages_start=None, packages_up_to=None, packages_up_to_regex=None, parallel_workers=4, paths=None, symlink_install=True, test_result_base=None, verb_extension=<colcon_core.verb.build.BuildVerb object at 0xffffb16dfdf0>, verb_name='build', verb_parser=<colcon_defaults.argument_parser.defaults.DefaultArgumentsDecorator object at 0xffffb15a4be0>)
[1.761s] Level 1:colcon.colcon_core.package_discovery:discover_packages(colcon_meta) check parameters
[1.762s] Level 1:colcon.colcon_core.package_discovery:discover_packages(recursive) check parameters
[1.762s] Level 1:colcon.colcon_core.package_discovery:discover_packages(ignore) check parameters
[1.762s] Level 1:colcon.colcon_core.package_discovery:discover_packages(path) check parameters
[1.762s] Level 1:colcon.colcon_core.package_discovery:discover_packages(colcon_meta) discover
[1.762s] Level 1:colcon.colcon_core.package_discovery:discover_packages(recursive) discover
[1.763s] INFO:colcon.colcon_core.package_discovery:Crawling recursively for packages in '/home/aims_xavier/XAiMs/XAiMS_ws'
[1.763s] Level 1:colcon.colcon_core.package_identification:_identify(.) by extensions ['ignore', 'ignore_ament_install']
[1.764s] Level 1:colcon.colcon_core.package_identification:_identify(.) by extension 'ignore'
[1.764s] Level 1:colcon.colcon_core.package_identification:_identify(.) by extension 'ignore_ament_install'
[1.764s] Level 1:colcon.colcon_core.package_identification:_identify(.) by extensions ['colcon_pkg']
[1.764s] Level 1:colcon.colcon_core.package_identification:_identify(.) by extension 'colcon_pkg'
[1.764s] Level 1:colcon.colcon_core.package_identification:_identify(.) by extensions ['colcon_meta']
[1.765s] Level 1:colcon.colcon_core.package_identification:_identify(.) by extension 'colcon_meta'
[1.765s] Level 1:colcon.colcon_core.package_identification:_identify(.) by extensions ['ros']
[1.765s] Level 1:colcon.colcon_core.package_identification:_identify(.) by extension 'ros'
[1.807s] Level 1:colcon.colcon_core.package_identification:_identify(.) by extensions ['cmake', 'python']
[1.808s] Level 1:colcon.colcon_core.package_identification:_identify(.) by extension 'cmake'
[1.808s] Level 1:colcon.colcon_core.package_identification:_identify(.) by extension 'python'
[1.808s] Level 1:colcon.colcon_core.package_identification:_identify(.) by extensions ['python_setup_py']
[1.808s] Level 1:colcon.colcon_core.package_identification:_identify(.) by extension 'python_setup_py'
[1.809s] Level 1:colcon.colcon_core.package_identification:_identify(build) by extensions ['ignore', 'ignore_ament_install']
[1.809s] Level 1:colcon.colcon_core.package_identification:_identify(build) by extension 'ignore'
[1.809s] Level 1:colcon.colcon_core.package_identification:_identify(build) ignored
[1.810s] Level 1:colcon.colcon_core.package_identification:_identify(install) by extensions ['ignore', 'ignore_ament_install']
[1.810s] Level 1:colcon.colcon_core.package_identification:_identify(install) by extension 'ignore'
[1.810s] Level 1:colcon.colcon_core.package_identification:_identify(install) ignored
[1.811s] Level 1:colcon.colcon_core.package_identification:_identify(log) by extensions ['ignore', 'ignore_ament_install']
[1.811s] Level 1:colcon.colcon_core.package_identification:_identify(log) by extension 'ignore'
[1.811s] Level 1:colcon.colcon_core.package_identification:_identify(log) ignored
[1.811s] Level 1:colcon.colcon_core.package_identification:_identify(src) by extensions ['ignore', 'ignore_ament_install']
[1.812s] Level 1:colcon.colcon_core.package_identification:_identify(src) by extension 'ignore'
[1.812s] Level 1:colcon.colcon_core.package_identification:_identify(src) by extension 'ignore_ament_install'
[1.812s] Level 1:colcon.colcon_core.package_identification:_identify(src) by extensions ['colcon_pkg']
[1.812s] Level 1:colcon.colcon_core.package_identification:_identify(src) by extension 'colcon_pkg'
[1.812s] Level 1:colcon.colcon_core.package_identification:_identify(src) by extensions ['colcon_meta']
[1.813s] Level 1:colcon.colcon_core.package_identification:_identify(src) by extension 'colcon_meta'
[1.813s] Level 1:colcon.colcon_core.package_identification:_identify(src) by extensions ['ros']
[1.813s] Level 1:colcon.colcon_core.package_identification:_identify(src) by extension 'ros'
[1.813s] Level 1:colcon.colcon_core.package_identification:_identify(src) by extensions ['cmake', 'python']
[1.813s] Level 1:colcon.colcon_core.package_identification:_identify(src) by extension 'cmake'
[1.814s] Level 1:colcon.colcon_core.package_identification:_identify(src) by extension 'python'
[1.814s] Level 1:colcon.colcon_core.package_identification:_identify(src) by extensions ['python_setup_py']
[1.814s] Level 1:colcon.colcon_core.package_identification:_identify(src) by extension 'python_setup_py'
[1.814s] Level 1:colcon.colcon_core.package_identification:_identify(src/basic_mobile_robot) by extensions ['ignore', 'ignore_ament_install']
[1.815s] Level 1:colcon.colcon_core.package_identification:_identify(src/basic_mobile_robot) by extension 'ignore'
[1.815s] Level 1:colcon.colcon_core.package_identification:_identify(src/basic_mobile_robot) by extension 'ignore_ament_install'
[1.815s] Level 1:colcon.colcon_core.package_identification:_identify(src/basic_mobile_robot) by extensions ['colcon_pkg']
[1.815s] Level 1:colcon.colcon_core.package_identification:_identify(src/basic_mobile_robot) by extension 'colcon_pkg'
[1.815s] Level 1:colcon.colcon_core.package_identification:_identify(src/basic_mobile_robot) by extensions ['colcon_meta']
[1.816s] Level 1:colcon.colcon_core.package_identification:_identify(src/basic_mobile_robot) by extension 'colcon_meta'
[1.816s] Level 1:colcon.colcon_core.package_identification:_identify(src/basic_mobile_robot) by extensions ['ros']
[1.816s] Level 1:colcon.colcon_core.package_identification:_identify(src/basic_mobile_robot) by extension 'ros'
[1.824s] DEBUG:colcon.colcon_core.package_identification:Package 'src/basic_mobile_robot' with type 'ros.ament_cmake' and name 'basic_mobile_robot'
[1.825s] Level 1:colcon.colcon_core.package_identification:_identify(src/bno055) by extensions ['ignore', 'ignore_ament_install']
[1.825s] Level 1:colcon.colcon_core.package_identification:_identify(src/bno055) by extension 'ignore'
[1.826s] Level 1:colcon.colcon_core.package_identification:_identify(src/bno055) by extension 'ignore_ament_install'
[1.826s] Level 1:colcon.colcon_core.package_identification:_identify(src/bno055) by extensions ['colcon_pkg']
[1.826s] Level 1:colcon.colcon_core.package_identification:_identify(src/bno055) by extension 'colcon_pkg'
[1.826s] Level 1:colcon.colcon_core.package_identification:_identify(src/bno055) by extensions ['colcon_meta']
[1.826s] Level 1:colcon.colcon_core.package_identification:_identify(src/bno055) by extension 'colcon_meta'
[1.826s] Level 1:colcon.colcon_core.package_identification:_identify(src/bno055) by extensions ['ros']
[1.827s] Level 1:colcon.colcon_core.package_identification:_identify(src/bno055) by extension 'ros'
[1.830s] DEBUG:colcon.colcon_core.package_identification:Package 'src/bno055' with type 'ros.ament_python' and name 'bno055'
[1.830s] Level 1:colcon.colcon_core.package_identification:_identify(src/xaims_localization) by extensions ['ignore', 'ignore_ament_install']
[1.830s] Level 1:colcon.colcon_core.package_identification:_identify(src/xaims_localization) by extension 'ignore'
[1.830s] Level 1:colcon.colcon_core.package_identification:_identify(src/xaims_localization) by extension 'ignore_ament_install'
[1.831s] Level 1:colcon.colcon_core.package_identification:_identify(src/xaims_localization) by extensions ['colcon_pkg']
[1.831s] Level 1:colcon.colcon_core.package_identification:_identify(src/xaims_localization) by extension 'colcon_pkg'
[1.831s] Level 1:colcon.colcon_core.package_identification:_identify(src/xaims_localization) by extensions ['colcon_meta']
[1.831s] Level 1:colcon.colcon_core.package_identification:_identify(src/xaims_localization) by extension 'colcon_meta'
[1.831s] Level 1:colcon.colcon_core.package_identification:_identify(src/xaims_localization) by extensions ['ros']
[1.832s] Level 1:colcon.colcon_core.package_identification:_identify(src/xaims_localization) by extension 'ros'
[1.835s] DEBUG:colcon.colcon_core.package_identification:Package 'src/xaims_localization' with type 'ros.ament_cmake' and name 'xaims_localization'
[1.836s] Level 1:colcon.colcon_core.package_discovery:discover_packages(recursive) using defaults
[1.836s] Level 1:colcon.colcon_core.package_discovery:discover_packages(ignore) discover
[1.836s] Level 1:colcon.colcon_core.package_discovery:discover_packages(ignore) using defaults
[1.836s] Level 1:colcon.colcon_core.package_discovery:discover_packages(path) discover
[1.836s] Level 1:colcon.colcon_core.package_discovery:discover_packages(path) using defaults
[1.898s] Level 1:colcon.colcon_core.package_discovery:discover_packages(prefix_path) check parameters
[1.899s] Level 1:colcon.colcon_core.package_discovery:discover_packages(prefix_path) discover
[1.903s] WARNING:colcon.colcon_ros.prefix_path.ament:The path '/home/aims_xavier/XAiMs/XAiMS_ws/install/mpu9250driver' in the environment variable AMENT_PREFIX_PATH doesn't exist
[1.903s] WARNING:colcon.colcon_ros.prefix_path.ament:The path '/home/aims_xavier/XAiMs/XAiMS_ws/install/mpu6050driver' in the environment variable AMENT_PREFIX_PATH doesn't exist
[1.903s] WARNING:colcon.colcon_ros.prefix_path.ament:The path '/home/aims_xavier/XAiMs/XAiMS_ws/install/imu_bno055' in the environment variable AMENT_PREFIX_PATH doesn't exist
[1.905s] WARNING:colcon.colcon_ros.prefix_path.catkin:The path '/home/aims_xavier/XAiMs/XAiMS_ws/install/mpu9250driver' in the environment variable CMAKE_PREFIX_PATH doesn't exist
[1.905s] WARNING:colcon.colcon_ros.prefix_path.catkin:The path '/home/aims_xavier/XAiMs/XAiMS_ws/install/mpu6050driver' in the environment variable CMAKE_PREFIX_PATH doesn't exist
[1.905s] WARNING:colcon.colcon_ros.prefix_path.catkin:The path '/home/aims_xavier/XAiMs/XAiMS_ws/install/imu_bno055' in the environment variable CMAKE_PREFIX_PATH doesn't exist
[1.908s] DEBUG:colcon.colcon_installed_package_information.package_discovery:Found 2 installed packages in /home/aims_xavier/ydlidar_ros2_ws/install
[1.910s] DEBUG:colcon.colcon_installed_package_information.package_discovery:Found 3 installed packages in /home/aims_xavier/microros_ws/install
[1.912s] DEBUG:colcon.colcon_installed_package_information.package_discovery:Found 3 installed packages in /home/aims_xavier/XAiMs/XAiMS_ws/install
[1.919s] DEBUG:colcon.colcon_installed_package_information.package_discovery:Found 262 installed packages in /opt/ros/foxy
[1.926s] Level 1:colcon.colcon_core.package_discovery:discover_packages(prefix_path) using defaults
[2.215s] Level 5:colcon.colcon_core.verb:set package 'basic_mobile_robot' build argument 'cmake_args' from command line to 'None'
[2.216s] Level 5:colcon.colcon_core.verb:set package 'basic_mobile_robot' build argument 'cmake_target' from command line to 'None'
[2.216s] Level 5:colcon.colcon_core.verb:set package 'basic_mobile_robot' build argument 'cmake_target_skip_unavailable' from command line to 'False'
[2.216s] Level 5:colcon.colcon_core.verb:set package 'basic_mobile_robot' build argument 'cmake_clean_cache' from command line to 'False'
[2.216s] Level 5:colcon.colcon_core.verb:set package 'basic_mobile_robot' build argument 'cmake_clean_first' from command line to 'False'
[2.216s] Level 5:colcon.colcon_core.verb:set package 'basic_mobile_robot' build argument 'cmake_force_configure' from command line to 'False'
[2.216s] Level 5:colcon.colcon_core.verb:set package 'basic_mobile_robot' build argument 'ament_cmake_args' from command line to 'None'
[2.217s] Level 5:colcon.colcon_core.verb:set package 'basic_mobile_robot' build argument 'catkin_cmake_args' from command line to 'None'
[2.217s] Level 5:colcon.colcon_core.verb:set package 'basic_mobile_robot' build argument 'catkin_skip_building_tests' from command line to 'False'
[2.217s] DEBUG:colcon.colcon_core.verb:Building package 'basic_mobile_robot' with the following arguments: {'ament_cmake_args': None, 'build_base': '/home/aims_xavier/XAiMs/XAiMS_ws/build/basic_mobile_robot', 'catkin_cmake_args': None, 'catkin_skip_building_tests': False, 'cmake_args': None, 'cmake_clean_cache': False, 'cmake_clean_first': False, 'cmake_force_configure': False, 'cmake_target': None, 'cmake_target_skip_unavailable': False, 'install_base': '/home/aims_xavier/XAiMs/XAiMS_ws/install/basic_mobile_robot', 'merge_install': False, 'path': '/home/aims_xavier/XAiMs/XAiMS_ws/src/basic_mobile_robot', 'symlink_install': True, 'test_result_base': None}
[2.218s] Level 5:colcon.colcon_core.verb:set package 'bno055' build argument 'cmake_args' from command line to 'None'
[2.218s] Level 5:colcon.colcon_core.verb:set package 'bno055' build argument 'cmake_target' from command line to 'None'
[2.219s] Level 5:colcon.colcon_core.verb:set package 'bno055' build argument 'cmake_target_skip_unavailable' from command line to 'False'
[2.219s] Level 5:colcon.colcon_core.verb:set package 'bno055' build argument 'cmake_clean_cache' from command line to 'False'
[2.219s] Level 5:colcon.colcon_core.verb:set package 'bno055' build argument 'cmake_clean_first' from command line to 'False'
[2.219s] Level 5:colcon.colcon_core.verb:set package 'bno055' build argument 'cmake_force_configure' from command line to 'False'
[2.219s] Level 5:colcon.colcon_core.verb:set package 'bno055' build argument 'ament_cmake_args' from command line to 'None'
[2.219s] Level 5:colcon.colcon_core.verb:set package 'bno055' build argument 'catkin_cmake_args' from command line to 'None'
[2.219s] Level 5:colcon.colcon_core.verb:set package 'bno055' build argument 'catkin_skip_building_tests' from command line to 'False'
[2.219s] DEBUG:colcon.colcon_core.verb:Building package 'bno055' with the following arguments: {'ament_cmake_args': None, 'build_base': '/home/aims_xavier/XAiMs/XAiMS_ws/build/bno055', 'catkin_cmake_args': None, 'catkin_skip_building_tests': False, 'cmake_args': None, 'cmake_clean_cache': False, 'cmake_clean_first': False, 'cmake_force_configure': False, 'cmake_target': None, 'cmake_target_skip_unavailable': False, 'install_base': '/home/aims_xavier/XAiMs/XAiMS_ws/install/bno055', 'merge_install': False, 'path': '/home/aims_xavier/XAiMs/XAiMS_ws/src/bno055', 'symlink_install': True, 'test_result_base': None}
[2.221s] Level 5:colcon.colcon_core.verb:set package 'xaims_localization' build argument 'cmake_args' from command line to 'None'
[2.221s] Level 5:colcon.colcon_core.verb:set package 'xaims_localization' build argument 'cmake_target' from command line to 'None'
[2.221s] Level 5:colcon.colcon_core.verb:set package 'xaims_localization' build argument 'cmake_target_skip_unavailable' from command line to 'False'
[2.221s] Level 5:colcon.colcon_core.verb:set package 'xaims_localization' build argument 'cmake_clean_cache' from command line to 'False'
[2.221s] Level 5:colcon.colcon_core.verb:set package 'xaims_localization' build argument 'cmake_clean_first' from command line to 'False'
[2.221s] Level 5:colcon.colcon_core.verb:set package 'xaims_localization' build argument 'cmake_force_configure' from command line to 'False'
[2.222s] Level 5:colcon.colcon_core.verb:set package 'xaims_localization' build argument 'ament_cmake_args' from command line to 'None'
[2.222s] Level 5:colcon.colcon_core.verb:set package 'xaims_localization' build argument 'catkin_cmake_args' from command line to 'None'
[2.222s] Level 5:colcon.colcon_core.verb:set package 'xaims_localization' build argument 'catkin_skip_building_tests' from command line to 'False'
[2.222s] DEBUG:colcon.colcon_core.verb:Building package 'xaims_localization' with the following arguments: {'ament_cmake_args': None, 'build_base': '/home/aims_xavier/XAiMs/XAiMS_ws/build/xaims_localization', 'catkin_cmake_args': None, 'catkin_skip_building_tests': False, 'cmake_args': None, 'cmake_clean_cache': False, 'cmake_clean_first': False, 'cmake_force_configure': False, 'cmake_target': None, 'cmake_target_skip_unavailable': False, 'install_base': '/home/aims_xavier/XAiMs/XAiMS_ws/install/xaims_localization', 'merge_install': False, 'path': '/home/aims_xavier/XAiMs/XAiMS_ws/src/xaims_localization', 'symlink_install': True, 'test_result_base': None}
[2.222s] INFO:colcon.colcon_core.executor:Executing jobs using 'parallel' executor
[2.226s] DEBUG:colcon.colcon_parallel_executor.executor.parallel:run_until_complete
[2.227s] INFO:colcon.colcon_ros.task.ament_cmake.build:Building ROS package in '/home/aims_xavier/XAiMs/XAiMS_ws/src/basic_mobile_robot' with build type 'ament_cmake'
[2.228s] INFO:colcon.colcon_cmake.task.cmake.build:Building CMake package in '/home/aims_xavier/XAiMs/XAiMS_ws/src/basic_mobile_robot'
[2.236s] INFO:colcon.colcon_core.plugin_system:Skipping extension 'colcon_core.shell.bat': Not used on non-Windows systems
[2.237s] INFO:colcon.colcon_core.shell:Skip shell extension 'powershell' for command environment: Not usable outside of PowerShell
[2.237s] DEBUG:colcon.colcon_core.shell:Skip shell extension 'dsv' for command environment
[2.272s] INFO:colcon.colcon_ros.task.ament_python.build:Building ROS package in '/home/aims_xavier/XAiMs/XAiMS_ws/src/bno055' with build type 'ament_python'
[2.274s] Level 1:colcon.colcon_core.shell:create_environment_hook('bno055', 'ament_prefix_path')
[2.278s] INFO:colcon.colcon_core.shell:Creating environment hook '/home/aims_xavier/XAiMs/XAiMS_ws/install/bno055/share/bno055/hook/ament_prefix_path.ps1'
[2.282s] INFO:colcon.colcon_core.shell:Creating environment descriptor '/home/aims_xavier/XAiMs/XAiMS_ws/install/bno055/share/bno055/hook/ament_prefix_path.dsv'
[2.284s] INFO:colcon.colcon_core.shell:Creating environment hook '/home/aims_xavier/XAiMs/XAiMS_ws/install/bno055/share/bno055/hook/ament_prefix_path.sh'
[2.292s] INFO:colcon.colcon_core.shell:Skip shell extension 'powershell' for command environment: Not usable outside of PowerShell
[2.292s] DEBUG:colcon.colcon_core.shell:Skip shell extension 'dsv' for command environment
[2.324s] INFO:colcon.colcon_ros.task.ament_cmake.build:Building ROS package in '/home/aims_xavier/XAiMs/XAiMS_ws/src/xaims_localization' with build type 'ament_cmake'
[2.326s] INFO:colcon.colcon_cmake.task.cmake.build:Building CMake package in '/home/aims_xavier/XAiMs/XAiMS_ws/src/xaims_localization'
[2.330s] INFO:colcon.colcon_core.shell:Skip shell extension 'powershell' for command environment: Not usable outside of PowerShell
[2.331s] DEBUG:colcon.colcon_core.shell:Skip shell extension 'dsv' for command environment
[2.398s] DEBUG:colcon.colcon_core.event_handler.log_command:Invoking command in '/home/aims_xavier/XAiMs/XAiMS_ws/build/basic_mobile_robot': CMAKE_PREFIX_PATH=${CMAKE_PREFIX_PATH}:/home/aims_xavier/XAiMs/XAiMS_ws/install/bno055:/opt/ros/foxy /usr/bin/cmake --build /home/aims_xavier/XAiMs/XAiMS_ws/build/basic_mobile_robot -- -j4 -l4
[3.371s] INFO:colcon.colcon_core.task.python.build:Building Python package in '/home/aims_xavier/XAiMs/XAiMS_ws/src/bno055'
[3.376s] INFO:colcon.colcon_core.shell:Skip shell extension 'powershell' for command environment: Not usable outside of PowerShell
[3.376s] DEBUG:colcon.colcon_core.shell:Skip shell extension 'dsv' for command environment
[3.446s] DEBUG:colcon.colcon_core.event_handler.log_command:Invoking command in '/home/aims_xavier/XAiMs/XAiMS_ws/build/xaims_localization': CMAKE_PREFIX_PATH=${CMAKE_PREFIX_PATH}:/home/aims_xavier/XAiMs/XAiMS_ws/install/bno055:/opt/ros/foxy /usr/bin/cmake --build /home/aims_xavier/XAiMs/XAiMS_ws/build/xaims_localization -- -j4 -l4
[3.947s] DEBUG:colcon.colcon_core.event_handler.log_command:Invoked command in '/home/aims_xavier/XAiMs/XAiMS_ws/build/xaims_localization' returned '0': CMAKE_PREFIX_PATH=${CMAKE_PREFIX_PATH}:/home/aims_xavier/XAiMs/XAiMS_ws/install/bno055:/opt/ros/foxy /usr/bin/cmake --build /home/aims_xavier/XAiMs/XAiMS_ws/build/xaims_localization -- -j4 -l4
[4.175s] DEBUG:colcon.colcon_core.event_handler.log_command:Invoking command in '/home/aims_xavier/XAiMs/XAiMS_ws/build/xaims_localization': CMAKE_PREFIX_PATH=${CMAKE_PREFIX_PATH}:/home/aims_xavier/XAiMs/XAiMS_ws/install/bno055:/opt/ros/foxy /usr/bin/cmake --install /home/aims_xavier/XAiMs/XAiMS_ws/build/xaims_localization
[4.297s] DEBUG:colcon.colcon_core.event_handler.log_command:Invoked command in '/home/aims_xavier/XAiMs/XAiMS_ws/build/basic_mobile_robot' returned '0': CMAKE_PREFIX_PATH=${CMAKE_PREFIX_PATH}:/home/aims_xavier/XAiMs/XAiMS_ws/install/bno055:/opt/ros/foxy /usr/bin/cmake --build /home/aims_xavier/XAiMs/XAiMS_ws/build/basic_mobile_robot -- -j4 -l4
[4.319s] Level 1:colcon.colcon_core.environment:create_environment_scripts_only(xaims_localization)
[4.321s] DEBUG:colcon.colcon_core.event_handler.log_command:Invoked command in '/home/aims_xavier/XAiMs/XAiMS_ws/build/xaims_localization' returned '0': CMAKE_PREFIX_PATH=${CMAKE_PREFIX_PATH}:/home/aims_xavier/XAiMs/XAiMS_ws/install/bno055:/opt/ros/foxy /usr/bin/cmake --install /home/aims_xavier/XAiMs/XAiMS_ws/build/xaims_localization
[4.334s] Level 1:colcon.colcon_core.environment:checking '/home/aims_xavier/XAiMs/XAiMS_ws/install/xaims_localization' for CMake module files
[4.338s] Level 1:colcon.colcon_core.environment:checking '/home/aims_xavier/XAiMs/XAiMS_ws/install/xaims_localization' for CMake config files
[4.340s] Level 1:colcon.colcon_core.shell:create_environment_hook('xaims_localization', 'cmake_prefix_path')
[4.341s] INFO:colcon.colcon_core.shell:Creating environment hook '/home/aims_xavier/XAiMs/XAiMS_ws/install/xaims_localization/share/xaims_localization/hook/cmake_prefix_path.ps1'
[4.344s] INFO:colcon.colcon_core.shell:Creating environment descriptor '/home/aims_xavier/XAiMs/XAiMS_ws/install/xaims_localization/share/xaims_localization/hook/cmake_prefix_path.dsv'
[4.351s] INFO:colcon.colcon_core.shell:Creating environment hook '/home/aims_xavier/XAiMs/XAiMS_ws/install/xaims_localization/share/xaims_localization/hook/cmake_prefix_path.sh'
[4.356s] Level 1:colcon.colcon_core.environment:checking '/home/aims_xavier/XAiMs/XAiMS_ws/install/xaims_localization/lib'
[4.357s] Level 1:colcon.colcon_core.environment:checking '/home/aims_xavier/XAiMs/XAiMS_ws/install/xaims_localization/bin'
[4.358s] Level 1:colcon.colcon_core.environment:checking '/home/aims_xavier/XAiMs/XAiMS_ws/install/xaims_localization/lib/pkgconfig/xaims_localization.pc'
[4.359s] Level 1:colcon.colcon_core.environment:checking '/home/aims_xavier/XAiMs/XAiMS_ws/install/xaims_localization/lib/python3.8/site-packages'
[4.360s] Level 1:colcon.colcon_core.environment:checking '/home/aims_xavier/XAiMs/XAiMS_ws/install/xaims_localization/bin'
[4.361s] INFO:colcon.colcon_core.shell:Creating package script '/home/aims_xavier/XAiMs/XAiMS_ws/install/xaims_localization/share/xaims_localization/package.ps1'
[4.364s] INFO:colcon.colcon_core.shell:Creating package descriptor '/home/aims_xavier/XAiMs/XAiMS_ws/install/xaims_localization/share/xaims_localization/package.dsv'
[4.366s] INFO:colcon.colcon_core.shell:Creating package script '/home/aims_xavier/XAiMs/XAiMS_ws/install/xaims_localization/share/xaims_localization/package.sh'
[4.370s] INFO:colcon.colcon_core.shell:Creating package script '/home/aims_xavier/XAiMs/XAiMS_ws/install/xaims_localization/share/xaims_localization/package.bash'
[4.373s] INFO:colcon.colcon_core.shell:Creating package script '/home/aims_xavier/XAiMs/XAiMS_ws/install/xaims_localization/share/xaims_localization/package.zsh'
[4.375s] Level 1:colcon.colcon_core.environment:create_file_with_runtime_dependencies(/home/aims_xavier/XAiMs/XAiMS_ws/install/xaims_localization/share/colcon-core/packages/xaims_localization)
[4.473s] DEBUG:colcon.colcon_core.event_handler.log_command:Invoking command in '/home/aims_xavier/XAiMs/XAiMS_ws/build/basic_mobile_robot': CMAKE_PREFIX_PATH=${CMAKE_PREFIX_PATH}:/home/aims_xavier/XAiMs/XAiMS_ws/install/bno055:/opt/ros/foxy /usr/bin/cmake --install /home/aims_xavier/XAiMs/XAiMS_ws/build/basic_mobile_robot
[4.564s] Level 1:colcon.colcon_core.environment:create_environment_scripts_only(xaims_localization)
[4.566s] Level 1:colcon.colcon_core.environment:checking '/home/aims_xavier/XAiMs/XAiMS_ws/install/xaims_localization' for CMake module files
[4.569s] Level 1:colcon.colcon_core.environment:checking '/home/aims_xavier/XAiMs/XAiMS_ws/install/xaims_localization' for CMake config files
[4.570s] Level 1:colcon.colcon_core.shell:create_environment_hook('xaims_localization', 'cmake_prefix_path')
[4.572s] INFO:colcon.colcon_core.shell:Creating environment hook '/home/aims_xavier/XAiMs/XAiMS_ws/install/xaims_localization/share/xaims_localization/hook/cmake_prefix_path.ps1'
[4.575s] INFO:colcon.colcon_core.shell:Creating environment descriptor '/home/aims_xavier/XAiMs/XAiMS_ws/install/xaims_localization/share/xaims_localization/hook/cmake_prefix_path.dsv'
[4.583s] INFO:colcon.colcon_core.shell:Creating environment hook '/home/aims_xavier/XAiMs/XAiMS_ws/install/xaims_localization/share/xaims_localization/hook/cmake_prefix_path.sh'
[4.587s] Level 1:colcon.colcon_core.environment:checking '/home/aims_xavier/XAiMs/XAiMS_ws/install/xaims_localization/lib'
[4.588s] Level 1:colcon.colcon_core.environment:checking '/home/aims_xavier/XAiMs/XAiMS_ws/install/xaims_localization/bin'
[4.588s] Level 1:colcon.colcon_core.environment:checking '/home/aims_xavier/XAiMs/XAiMS_ws/install/xaims_localization/lib/pkgconfig/xaims_localization.pc'
[4.590s] Level 1:colcon.colcon_core.environment:checking '/home/aims_xavier/XAiMs/XAiMS_ws/install/xaims_localization/lib/python3.8/site-packages'
[4.591s] Level 1:colcon.colcon_core.environment:checking '/home/aims_xavier/XAiMs/XAiMS_ws/install/xaims_localization/bin'
[4.592s] INFO:colcon.colcon_core.shell:Creating package script '/home/aims_xavier/XAiMs/XAiMS_ws/install/xaims_localization/share/xaims_localization/package.ps1'
[4.596s] INFO:colcon.colcon_core.shell:Creating package descriptor '/home/aims_xavier/XAiMs/XAiMS_ws/install/xaims_localization/share/xaims_localization/package.dsv'
[4.598s] INFO:colcon.colcon_core.shell:Creating package script '/home/aims_xavier/XAiMs/XAiMS_ws/install/xaims_localization/share/xaims_localization/package.sh'
[4.600s] INFO:colcon.colcon_core.shell:Creating package script '/home/aims_xavier/XAiMs/XAiMS_ws/install/xaims_localization/share/xaims_localization/package.bash'
[4.603s] INFO:colcon.colcon_core.shell:Creating package script '/home/aims_xavier/XAiMs/XAiMS_ws/install/xaims_localization/share/xaims_localization/package.zsh'
[4.605s] Level 1:colcon.colcon_core.environment:create_file_with_runtime_dependencies(/home/aims_xavier/XAiMs/XAiMS_ws/install/xaims_localization/share/colcon-core/packages/xaims_localization)
[5.040s] Level 1:colcon.colcon_core.environment:create_environment_scripts_only(basic_mobile_robot)
[5.042s] Level 1:colcon.colcon_core.environment:checking '/home/aims_xavier/XAiMs/XAiMS_ws/install/basic_mobile_robot' for CMake module files
[5.044s] DEBUG:colcon.colcon_core.event_handler.log_command:Invoked command in '/home/aims_xavier/XAiMs/XAiMS_ws/build/basic_mobile_robot' returned '0': CMAKE_PREFIX_PATH=${CMAKE_PREFIX_PATH}:/home/aims_xavier/XAiMs/XAiMS_ws/install/bno055:/opt/ros/foxy /usr/bin/cmake --install /home/aims_xavier/XAiMs/XAiMS_ws/build/basic_mobile_robot
[5.046s] Level 1:colcon.colcon_core.environment:checking '/home/aims_xavier/XAiMs/XAiMS_ws/install/basic_mobile_robot' for CMake config files
[5.048s] Level 1:colcon.colcon_core.shell:create_environment_hook('basic_mobile_robot', 'cmake_prefix_path')
[5.049s] INFO:colcon.colcon_core.shell:Creating environment hook '/home/aims_xavier/XAiMs/XAiMS_ws/install/basic_mobile_robot/share/basic_mobile_robot/hook/cmake_prefix_path.ps1'
[5.051s] INFO:colcon.colcon_core.shell:Creating environment descriptor '/home/aims_xavier/XAiMs/XAiMS_ws/install/basic_mobile_robot/share/basic_mobile_robot/hook/cmake_prefix_path.dsv'
[5.063s] INFO:colcon.colcon_core.shell:Creating environment hook '/home/aims_xavier/XAiMs/XAiMS_ws/install/basic_mobile_robot/share/basic_mobile_robot/hook/cmake_prefix_path.sh'
[5.066s] Level 1:colcon.colcon_core.environment:checking '/home/aims_xavier/XAiMs/XAiMS_ws/install/basic_mobile_robot/bin'
[5.066s] Level 1:colcon.colcon_core.environment:checking '/home/aims_xavier/XAiMs/XAiMS_ws/install/basic_mobile_robot/lib/pkgconfig/basic_mobile_robot.pc'
[5.067s] Level 1:colcon.colcon_core.environment:checking '/home/aims_xavier/XAiMs/XAiMS_ws/install/basic_mobile_robot/lib/python3.8/site-packages'
[5.068s] Level 1:colcon.colcon_core.environment:checking '/home/aims_xavier/XAiMs/XAiMS_ws/install/basic_mobile_robot/bin'
[5.069s] INFO:colcon.colcon_core.shell:Creating package script '/home/aims_xavier/XAiMs/XAiMS_ws/install/basic_mobile_robot/share/basic_mobile_robot/package.ps1'
[5.071s] INFO:colcon.colcon_core.shell:Creating package descriptor '/home/aims_xavier/XAiMs/XAiMS_ws/install/basic_mobile_robot/share/basic_mobile_robot/package.dsv'
[5.073s] INFO:colcon.colcon_core.shell:Creating package script '/home/aims_xavier/XAiMs/XAiMS_ws/install/basic_mobile_robot/share/basic_mobile_robot/package.sh'
[5.074s] INFO:colcon.colcon_core.shell:Creating package script '/home/aims_xavier/XAiMs/XAiMS_ws/install/basic_mobile_robot/share/basic_mobile_robot/package.bash'
[5.076s] INFO:colcon.colcon_core.shell:Creating package script '/home/aims_xavier/XAiMs/XAiMS_ws/install/basic_mobile_robot/share/basic_mobile_robot/package.zsh'
[5.077s] Level 1:colcon.colcon_core.environment:create_file_with_runtime_dependencies(/home/aims_xavier/XAiMs/XAiMS_ws/install/basic_mobile_robot/share/colcon-core/packages/basic_mobile_robot)
[5.202s] Level 1:colcon.colcon_core.environment:create_environment_scripts_only(basic_mobile_robot)
[5.204s] Level 1:colcon.colcon_core.environment:checking '/home/aims_xavier/XAiMs/XAiMS_ws/install/basic_mobile_robot' for CMake module files
[5.209s] Level 1:colcon.colcon_core.environment:checking '/home/aims_xavier/XAiMs/XAiMS_ws/install/basic_mobile_robot' for CMake config files
[5.211s] Level 1:colcon.colcon_core.shell:create_environment_hook('basic_mobile_robot', 'cmake_prefix_path')
[5.212s] INFO:colcon.colcon_core.shell:Creating environment hook '/home/aims_xavier/XAiMs/XAiMS_ws/install/basic_mobile_robot/share/basic_mobile_robot/hook/cmake_prefix_path.ps1'
[5.216s] INFO:colcon.colcon_core.shell:Creating environment descriptor '/home/aims_xavier/XAiMs/XAiMS_ws/install/basic_mobile_robot/share/basic_mobile_robot/hook/cmake_prefix_path.dsv'
[5.220s] INFO:colcon.colcon_core.shell:Creating environment hook '/home/aims_xavier/XAiMs/XAiMS_ws/install/basic_mobile_robot/share/basic_mobile_robot/hook/cmake_prefix_path.sh'
[5.225s] Level 1:colcon.colcon_core.environment:checking '/home/aims_xavier/XAiMs/XAiMS_ws/install/basic_mobile_robot/bin'
[5.226s] Level 1:colcon.colcon_core.environment:checking '/home/aims_xavier/XAiMs/XAiMS_ws/install/basic_mobile_robot/lib/pkgconfig/basic_mobile_robot.pc'
[5.227s] Level 1:colcon.colcon_core.environment:checking '/home/aims_xavier/XAiMs/XAiMS_ws/install/basic_mobile_robot/lib/python3.8/site-packages'
[5.228s] Level 1:colcon.colcon_core.environment:checking '/home/aims_xavier/XAiMs/XAiMS_ws/install/basic_mobile_robot/bin'
[5.229s] INFO:colcon.colcon_core.shell:Creating package script '/home/aims_xavier/XAiMs/XAiMS_ws/install/basic_mobile_robot/share/basic_mobile_robot/package.ps1'
[5.232s] INFO:colcon.colcon_core.shell:Creating package descriptor '/home/aims_xavier/XAiMs/XAiMS_ws/install/basic_mobile_robot/share/basic_mobile_robot/package.dsv'
[5.234s] INFO:colcon.colcon_core.shell:Creating package script '/home/aims_xavier/XAiMs/XAiMS_ws/install/basic_mobile_robot/share/basic_mobile_robot/package.sh'
[5.236s] INFO:colcon.colcon_core.shell:Creating package script '/home/aims_xavier/XAiMs/XAiMS_ws/install/basic_mobile_robot/share/basic_mobile_robot/package.bash'
[5.238s] INFO:colcon.colcon_core.shell:Creating package script '/home/aims_xavier/XAiMs/XAiMS_ws/install/basic_mobile_robot/share/basic_mobile_robot/package.zsh'
[5.240s] Level 1:colcon.colcon_core.environment:create_file_with_runtime_dependencies(/home/aims_xavier/XAiMs/XAiMS_ws/install/basic_mobile_robot/share/colcon-core/packages/basic_mobile_robot)
[5.311s] DEBUG:colcon.colcon_core.event_handler.log_command:Invoking command in '/home/aims_xavier/XAiMs/XAiMS_ws/build/bno055': PYTHONPATH=/home/aims_xavier/XAiMs/XAiMS_ws/build/bno055/prefix_override:/usr/lib/python3/dist-packages/colcon_core/task/python/colcon_distutils_commands:/home/aims_xavier/XAiMs/XAiMS_ws/install/bno055/lib/python3.8/site-packages:${PYTHONPATH} /usr/bin/python3 -W ignore:setup.py install is deprecated setup.py develop --editable --build-directory /home/aims_xavier/XAiMs/XAiMS_ws/build/bno055/build --no-deps symlink_data
[7.163s] Level 1:colcon.colcon_core.shell:create_environment_hook('bno055', 'pythonpath_develop')
[7.166s] INFO:colcon.colcon_core.shell:Creating environment hook '/home/aims_xavier/XAiMs/XAiMS_ws/build/bno055/share/bno055/hook/pythonpath_develop.ps1'
[7.168s] DEBUG:colcon.colcon_core.event_handler.log_command:Invoked command in '/home/aims_xavier/XAiMs/XAiMS_ws/build/bno055' returned '0': PYTHONPATH=/home/aims_xavier/XAiMs/XAiMS_ws/build/bno055/prefix_override:/usr/lib/python3/dist-packages/colcon_core/task/python/colcon_distutils_commands:/home/aims_xavier/XAiMs/XAiMS_ws/install/bno055/lib/python3.8/site-packages:${PYTHONPATH} /usr/bin/python3 -W ignore:setup.py install is deprecated setup.py develop --editable --build-directory /home/aims_xavier/XAiMs/XAiMS_ws/build/bno055/build --no-deps symlink_data
[7.171s] INFO:colcon.colcon_core.shell:Creating environment descriptor '/home/aims_xavier/XAiMs/XAiMS_ws/build/bno055/share/bno055/hook/pythonpath_develop.dsv'
[7.172s] INFO:colcon.colcon_core.shell:Creating environment hook '/home/aims_xavier/XAiMs/XAiMS_ws/build/bno055/share/bno055/hook/pythonpath_develop.sh'
[7.175s] Level 1:colcon.colcon_core.environment:checking '/home/aims_xavier/XAiMs/XAiMS_ws/install/bno055' for CMake module files
[7.177s] Level 1:colcon.colcon_core.environment:checking '/home/aims_xavier/XAiMs/XAiMS_ws/install/bno055' for CMake config files
[7.180s] Level 1:colcon.colcon_core.environment:checking '/home/aims_xavier/XAiMs/XAiMS_ws/install/bno055/lib'
[7.180s] Level 1:colcon.colcon_core.environment:checking '/home/aims_xavier/XAiMs/XAiMS_ws/install/bno055/bin'
[7.181s] Level 1:colcon.colcon_core.environment:checking '/home/aims_xavier/XAiMs/XAiMS_ws/install/bno055/lib/pkgconfig/bno055.pc'
[7.183s] Level 1:colcon.colcon_core.environment:checking '/home/aims_xavier/XAiMs/XAiMS_ws/install/bno055/lib/python3.8/site-packages'
[7.183s] Level 1:colcon.colcon_core.shell:create_environment_hook('bno055', 'pythonpath')
[7.184s] INFO:colcon.colcon_core.shell:Creating environment hook '/home/aims_xavier/XAiMs/XAiMS_ws/install/bno055/share/bno055/hook/pythonpath.ps1'
[7.185s] INFO:colcon.colcon_core.shell:Creating environment descriptor '/home/aims_xavier/XAiMs/XAiMS_ws/install/bno055/share/bno055/hook/pythonpath.dsv'
[7.187s] INFO:colcon.colcon_core.shell:Creating environment hook '/home/aims_xavier/XAiMs/XAiMS_ws/install/bno055/share/bno055/hook/pythonpath.sh'
[7.189s] Level 1:colcon.colcon_core.environment:checking '/home/aims_xavier/XAiMs/XAiMS_ws/install/bno055/bin'
[7.189s] Level 1:colcon.colcon_core.environment:create_environment_scripts_only(bno055)
[7.191s] INFO:colcon.colcon_core.shell:Creating package script '/home/aims_xavier/XAiMs/XAiMS_ws/install/bno055/share/bno055/package.ps1'
[7.193s] INFO:colcon.colcon_core.shell:Creating package descriptor '/home/aims_xavier/XAiMs/XAiMS_ws/install/bno055/share/bno055/package.dsv'
[7.196s] INFO:colcon.colcon_core.shell:Creating package script '/home/aims_xavier/XAiMs/XAiMS_ws/install/bno055/share/bno055/package.sh'
[7.199s] INFO:colcon.colcon_core.shell:Creating package script '/home/aims_xavier/XAiMs/XAiMS_ws/install/bno055/share/bno055/package.bash'
[7.200s] INFO:colcon.colcon_core.shell:Creating package script '/home/aims_xavier/XAiMs/XAiMS_ws/install/bno055/share/bno055/package.zsh'
[7.202s] Level 1:colcon.colcon_core.environment:create_file_with_runtime_dependencies(/home/aims_xavier/XAiMs/XAiMS_ws/install/bno055/share/colcon-core/packages/bno055)
[7.204s] DEBUG:colcon.colcon_parallel_executor.executor.parallel:closing loop
[7.205s] DEBUG:colcon.colcon_parallel_executor.executor.parallel:loop closed
[7.206s] DEBUG:colcon.colcon_parallel_executor.executor.parallel:run_until_complete finished with '0'
[7.206s] DEBUG:colcon.colcon_core.event_reactor:joining thread
[7.237s] INFO:colcon.colcon_core.plugin_system:Skipping extension 'colcon_notification.desktop_notification.terminal_notifier': Not used on non-Darwin systems
[7.238s] INFO:colcon.colcon_core.plugin_system:Skipping extension 'colcon_notification.desktop_notification.win32': Not used on non-Windows systems
[7.238s] INFO:colcon.colcon_notification.desktop_notification:Sending desktop notification using 'notify2'
[7.318s] DEBUG:colcon.colcon_core.event_reactor:joined thread
[7.319s] INFO:colcon.colcon_core.shell:Creating prefix script '/home/aims_xavier/XAiMs/XAiMS_ws/install/local_setup.ps1'
[7.323s] INFO:colcon.colcon_core.shell:Creating prefix util module '/home/aims_xavier/XAiMs/XAiMS_ws/install/_local_setup_util_ps1.py'
[7.333s] INFO:colcon.colcon_core.shell:Creating prefix chain script '/home/aims_xavier/XAiMs/XAiMS_ws/install/setup.ps1'
[7.339s] INFO:colcon.colcon_core.shell:Creating prefix script '/home/aims_xavier/XAiMs/XAiMS_ws/install/local_setup.sh'
[7.341s] INFO:colcon.colcon_core.shell:Creating prefix util module '/home/aims_xavier/XAiMs/XAiMS_ws/install/_local_setup_util_sh.py'
[7.343s] INFO:colcon.colcon_core.shell:Creating prefix chain script '/home/aims_xavier/XAiMs/XAiMS_ws/install/setup.sh'
[7.348s] INFO:colcon.colcon_core.shell:Creating prefix script '/home/aims_xavier/XAiMs/XAiMS_ws/install/local_setup.bash'
[7.350s] INFO:colcon.colcon_core.shell:Creating prefix chain script '/home/aims_xavier/XAiMs/XAiMS_ws/install/setup.bash'
[7.356s] INFO:colcon.colcon_core.shell:Creating prefix script '/home/aims_xavier/XAiMs/XAiMS_ws/install/local_setup.zsh'
[7.358s] INFO:colcon.colcon_core.shell:Creating prefix chain script '/home/aims_xavier/XAiMs/XAiMS_ws/install/setup.zsh'
