[0.464s] Invoking command in '/home/aims_xavier/XAiMs/XAiMS_ws/build/two_wheeled_robot': CMAKE_PREFIX_PATH=${CMAKE_PREFIX_PATH}:/home/aims_xavier/XAiMs/XAiMS_ws/install/bno055:/opt/ros/foxy /usr/bin/cmake --build /home/aims_xavier/XAiMs/XAiMS_ws/build/two_wheeled_robot -- -j4 -l4
[1.245s] Invoked command in '/home/aims_xavier/XAiMs/XAiMS_ws/build/two_wheeled_robot' returned '0': CMAKE_PREFIX_PATH=${CMAKE_PREFIX_PATH}:/home/aims_xavier/XAiMs/XAiMS_ws/install/bno055:/opt/ros/foxy /usr/bin/cmake --build /home/aims_xavier/XAiMs/XAiMS_ws/build/two_wheeled_robot -- -j4 -l4
[1.350s] Invoking command in '/home/aims_xavier/XAiMs/XAiMS_ws/build/two_wheeled_robot': CMAKE_PREFIX_PATH=${CMAKE_PREFIX_PATH}:/home/aims_xavier/XAiMs/XAiMS_ws/install/bno055:/opt/ros/foxy /usr/bin/cmake --install /home/aims_xavier/XAiMs/XAiMS_ws/build/two_wheeled_robot
[1.512s] -- Install configuration: ""
[1.513s] -- Execute custom install script
[1.518s] -- Up-to-date symlink: /home/aims_xavier/XAiMs/XAiMS_ws/install/two_wheeled_robot/share/two_wheeled_robot/launch/launch1.py
[1.519s] -- Up-to-date symlink: /home/aims_xavier/XAiMs/XAiMS_ws/install/two_wheeled_robot/share/two_wheeled_robot/launch/xaims_rviz.launch.py
[1.525s] -- Up-to-date symlink: /home/aims_xavier/XAiMs/XAiMS_ws/install/two_wheeled_robot/share/two_wheeled_robot/meshes/base_link.stl
[1.526s] -- Up-to-date symlink: /home/aims_xavier/XAiMs/XAiMS_ws/install/two_wheeled_robot/share/two_wheeled_robot/meshes/base_link2_1.stl
[1.527s] -- Up-to-date symlink: /home/aims_xavier/XAiMs/XAiMS_ws/install/two_wheeled_robot/share/two_wheeled_robot/meshes/base_link3_1.stl
[1.528s] -- Up-to-date symlink: /home/aims_xavier/XAiMs/XAiMS_ws/install/two_wheeled_robot/share/two_wheeled_robot/meshes/column_1_1.stl
[1.529s] -- Up-to-date symlink: /home/aims_xavier/XAiMs/XAiMS_ws/install/two_wheeled_robot/share/two_wheeled_robot/meshes/column_2_1.stl
[1.539s] -- Up-to-date symlink: /home/aims_xavier/XAiMs/XAiMS_ws/install/two_wheeled_robot/share/two_wheeled_robot/meshes/column_3_1.stl
[1.540s] -- Up-to-date symlink: /home/aims_xavier/XAiMs/XAiMS_ws/install/two_wheeled_robot/share/two_wheeled_robot/meshes/column_4_1.stl
[1.550s] -- Up-to-date symlink: /home/aims_xavier/XAiMs/XAiMS_ws/install/two_wheeled_robot/share/two_wheeled_robot/meshes/column_5_1.stl
[1.551s] -- Up-to-date symlink: /home/aims_xavier/XAiMs/XAiMS_ws/install/two_wheeled_robot/share/two_wheeled_robot/meshes/column_6_1.stl
[1.552s] -- Up-to-date symlink: /home/aims_xavier/XAiMs/XAiMS_ws/install/two_wheeled_robot/share/two_wheeled_robot/meshes/column_7_1.stl
[1.552s] -- Up-to-date symlink: /home/aims_xavier/XAiMs/XAiMS_ws/install/two_wheeled_robot/share/two_wheeled_robot/meshes/column_8_1.stl
[1.552s] -- Up-to-date symlink: /home/aims_xavier/XAiMs/XAiMS_ws/install/two_wheeled_robot/share/two_wheeled_robot/meshes/left_motor_1.stl
[1.554s] -- Up-to-date symlink: /home/aims_xavier/XAiMs/XAiMS_ws/install/two_wheeled_robot/share/two_wheeled_robot/meshes/left_wheel_1.stl
[1.556s] -- Up-to-date symlink: /home/aims_xavier/XAiMs/XAiMS_ws/install/two_wheeled_robot/share/two_wheeled_robot/meshes/lidar_link_1.stl
[1.563s] -- Up-to-date symlink: /home/aims_xavier/XAiMs/XAiMS_ws/install/two_wheeled_robot/share/two_wheeled_robot/meshes/right_motor_1.stl
[1.564s] -- Up-to-date symlink: /home/aims_xavier/XAiMs/XAiMS_ws/install/two_wheeled_robot/share/two_wheeled_robot/meshes/right_wheel_1.stl
[1.564s] -- Up-to-date symlink: /home/aims_xavier/XAiMs/XAiMS_ws/install/two_wheeled_robot/share/two_wheeled_robot/meshes/sup_wheel_1_1.stl
[1.565s] -- Up-to-date symlink: /home/aims_xavier/XAiMs/XAiMS_ws/install/two_wheeled_robot/share/two_wheeled_robot/meshes/sup_wheel_2_1.stl
[1.566s] -- Up-to-date symlink: /home/aims_xavier/XAiMs/XAiMS_ws/install/two_wheeled_robot/share/two_wheeled_robot/meshes/sup_wheel_3_1.stl
[1.568s] -- Up-to-date symlink: /home/aims_xavier/XAiMs/XAiMS_ws/install/two_wheeled_robot/share/two_wheeled_robot/meshes/sup_wheel_4_1.stl
[1.611s] -- Up-to-date symlink: /home/aims_xavier/XAiMs/XAiMS_ws/install/two_wheeled_robot/share/two_wheeled_robot/rviz/rviz_basic_settings.rviz
[1.612s] -- Up-to-date symlink: /home/aims_xavier/XAiMs/XAiMS_ws/install/two_wheeled_robot/share/two_wheeled_robot/urdf/XiAMS_V1.gazebo
[1.613s] -- Up-to-date symlink: /home/aims_xavier/XAiMs/XAiMS_ws/install/two_wheeled_robot/share/two_wheeled_robot/urdf/XiAMS_V1.trans
[1.613s] -- Up-to-date symlink: /home/aims_xavier/XAiMs/XAiMS_ws/install/two_wheeled_robot/share/two_wheeled_robot/urdf/XiAMS_V1.urdf
[1.613s] -- Up-to-date symlink: /home/aims_xavier/XAiMs/XAiMS_ws/install/two_wheeled_robot/share/two_wheeled_robot/urdf/XiAMS_V1.xacro
[1.614s] -- Up-to-date symlink: /home/aims_xavier/XAiMs/XAiMS_ws/install/two_wheeled_robot/share/two_wheeled_robot/urdf/materials.xacro
[1.614s] -- Up-to-date symlink: /home/aims_xavier/XAiMs/XAiMS_ws/install/two_wheeled_robot/share/ament_index/resource_index/package_run_dependencies/two_wheeled_robot
[1.626s] -- Up-to-date symlink: /home/aims_xavier/XAiMs/XAiMS_ws/install/two_wheeled_robot/share/ament_index/resource_index/parent_prefix_path/two_wheeled_robot
[1.627s] -- Up-to-date symlink: /home/aims_xavier/XAiMs/XAiMS_ws/install/two_wheeled_robot/share/two_wheeled_robot/environment/ament_prefix_path.sh
[1.636s] -- Up-to-date symlink: /home/aims_xavier/XAiMs/XAiMS_ws/install/two_wheeled_robot/share/two_wheeled_robot/environment/ament_prefix_path.dsv
[1.644s] -- Up-to-date symlink: /home/aims_xavier/XAiMs/XAiMS_ws/install/two_wheeled_robot/share/two_wheeled_robot/environment/path.sh
[1.649s] -- Up-to-date symlink: /home/aims_xavier/XAiMs/XAiMS_ws/install/two_wheeled_robot/share/two_wheeled_robot/environment/path.dsv
[1.656s] -- Up-to-date symlink: /home/aims_xavier/XAiMs/XAiMS_ws/install/two_wheeled_robot/share/two_wheeled_robot/local_setup.bash
[1.685s] -- Up-to-date symlink: /home/aims_xavier/XAiMs/XAiMS_ws/install/two_wheeled_robot/share/two_wheeled_robot/local_setup.sh
[1.685s] -- Up-to-date symlink: /home/aims_xavier/XAiMs/XAiMS_ws/install/two_wheeled_robot/share/two_wheeled_robot/local_setup.zsh
[1.706s] -- Up-to-date symlink: /home/aims_xavier/XAiMs/XAiMS_ws/install/two_wheeled_robot/share/two_wheeled_robot/local_setup.dsv
[1.707s] -- Symlinking: /home/aims_xavier/XAiMs/XAiMS_ws/install/two_wheeled_robot/share/two_wheeled_robot/package.dsv
[1.761s] -- Up-to-date symlink: /home/aims_xavier/XAiMs/XAiMS_ws/install/two_wheeled_robot/share/ament_index/resource_index/packages/two_wheeled_robot
[1.772s] -- Up-to-date symlink: /home/aims_xavier/XAiMs/XAiMS_ws/install/two_wheeled_robot/share/two_wheeled_robot/cmake/two_wheeled_robotConfig.cmake
[1.773s] -- Up-to-date symlink: /home/aims_xavier/XAiMs/XAiMS_ws/install/two_wheeled_robot/share/two_wheeled_robot/cmake/two_wheeled_robotConfig-version.cmake
[1.774s] -- Up-to-date symlink: /home/aims_xavier/XAiMs/XAiMS_ws/install/two_wheeled_robot/share/two_wheeled_robot/package.xml
[1.967s] Invoked command in '/home/aims_xavier/XAiMs/XAiMS_ws/build/two_wheeled_robot' returned '0': CMAKE_PREFIX_PATH=${CMAKE_PREFIX_PATH}:/home/aims_xavier/XAiMs/XAiMS_ws/install/bno055:/opt/ros/foxy /usr/bin/cmake --install /home/aims_xavier/XAiMs/XAiMS_ws/build/two_wheeled_robot
