[0.803s] DEBUG:colcon:Command line arguments: ['/usr/bin/colcon', 'build', '--symlink-install', '--packages-select', 'xaims_localization']
[0.804s] DEBUG:colcon:Parsed command line arguments: Namespace(allow_overriding=[], ament_cmake_args=None, base_paths=['.'], build_base='build', catkin_cmake_args=None, catkin_skip_building_tests=False, cmake_args=None, cmake_clean_cache=False, cmake_clean_first=False, cmake_force_configure=False, cmake_target=None, cmake_target_skip_unavailable=False, continue_on_error=False, event_handlers=None, executor='parallel', ignore_user_meta=False, install_base='install', log_base=None, log_level=None, main=<bound method BuildVerb.main of <colcon_core.verb.build.BuildVerb object at 0xffff91f77910>>, merge_install=False, metas=['./colcon.meta'], packages_above=None, packages_above_and_dependencies=None, packages_above_depth=None, packages_end=None, packages_ignore=None, packages_ignore_regex=None, packages_select=['xaims_localization'], packages_select_build_failed=False, packages_select_by_dep=None, packages_select_regex=None, packages_select_test_failures=False, packages_skip=None, packages_skip_build_finished=False, packages_skip_by_dep=None, packages_skip_regex=None, packages_skip_test_passed=False, packages_skip_up_to=None, packages_start=None, packages_up_to=None, packages_up_to_regex=None, parallel_workers=4, paths=None, symlink_install=True, test_result_base=None, verb_extension=<colcon_core.verb.build.BuildVerb object at 0xffff91f77910>, verb_name='build', verb_parser=<colcon_defaults.argument_parser.defaults.DefaultArgumentsDecorator object at 0xffff91ebbd00>)
[1.443s] Level 1:colcon.colcon_core.package_discovery:discover_packages(colcon_meta) check parameters
[1.444s] Level 1:colcon.colcon_core.package_discovery:discover_packages(recursive) check parameters
[1.444s] Level 1:colcon.colcon_core.package_discovery:discover_packages(ignore) check parameters
[1.444s] Level 1:colcon.colcon_core.package_discovery:discover_packages(path) check parameters
[1.444s] Level 1:colcon.colcon_core.package_discovery:discover_packages(colcon_meta) discover
[1.444s] Level 1:colcon.colcon_core.package_discovery:discover_packages(recursive) discover
[1.445s] INFO:colcon.colcon_core.package_discovery:Crawling recursively for packages in '/home/aims_xavier/XAiMs/XAiMS_ws'
[1.445s] Level 1:colcon.colcon_core.package_identification:_identify(.) by extensions ['ignore', 'ignore_ament_install']
[1.446s] Level 1:colcon.colcon_core.package_identification:_identify(.) by extension 'ignore'
[1.446s] Level 1:colcon.colcon_core.package_identification:_identify(.) by extension 'ignore_ament_install'
[1.446s] Level 1:colcon.colcon_core.package_identification:_identify(.) by extensions ['colcon_pkg']
[1.446s] Level 1:colcon.colcon_core.package_identification:_identify(.) by extension 'colcon_pkg'
[1.447s] Level 1:colcon.colcon_core.package_identification:_identify(.) by extensions ['colcon_meta']
[1.447s] Level 1:colcon.colcon_core.package_identification:_identify(.) by extension 'colcon_meta'
[1.447s] Level 1:colcon.colcon_core.package_identification:_identify(.) by extensions ['ros']
[1.447s] Level 1:colcon.colcon_core.package_identification:_identify(.) by extension 'ros'
[1.491s] Level 1:colcon.colcon_core.package_identification:_identify(.) by extensions ['cmake', 'python']
[1.492s] Level 1:colcon.colcon_core.package_identification:_identify(.) by extension 'cmake'
[1.492s] Level 1:colcon.colcon_core.package_identification:_identify(.) by extension 'python'
[1.492s] Level 1:colcon.colcon_core.package_identification:_identify(.) by extensions ['python_setup_py']
[1.493s] Level 1:colcon.colcon_core.package_identification:_identify(.) by extension 'python_setup_py'
[1.493s] Level 1:colcon.colcon_core.package_identification:_identify(build) by extensions ['ignore', 'ignore_ament_install']
[1.494s] Level 1:colcon.colcon_core.package_identification:_identify(build) by extension 'ignore'
[1.494s] Level 1:colcon.colcon_core.package_identification:_identify(build) ignored
[1.494s] Level 1:colcon.colcon_core.package_identification:_identify(install) by extensions ['ignore', 'ignore_ament_install']
[1.495s] Level 1:colcon.colcon_core.package_identification:_identify(install) by extension 'ignore'
[1.495s] Level 1:colcon.colcon_core.package_identification:_identify(install) ignored
[1.496s] Level 1:colcon.colcon_core.package_identification:_identify(log) by extensions ['ignore', 'ignore_ament_install']
[1.496s] Level 1:colcon.colcon_core.package_identification:_identify(log) by extension 'ignore'
[1.496s] Level 1:colcon.colcon_core.package_identification:_identify(log) ignored
[1.497s] Level 1:colcon.colcon_core.package_identification:_identify(src) by extensions ['ignore', 'ignore_ament_install']
[1.497s] Level 1:colcon.colcon_core.package_identification:_identify(src) by extension 'ignore'
[1.498s] Level 1:colcon.colcon_core.package_identification:_identify(src) by extension 'ignore_ament_install'
[1.498s] Level 1:colcon.colcon_core.package_identification:_identify(src) by extensions ['colcon_pkg']
[1.498s] Level 1:colcon.colcon_core.package_identification:_identify(src) by extension 'colcon_pkg'
[1.498s] Level 1:colcon.colcon_core.package_identification:_identify(src) by extensions ['colcon_meta']
[1.498s] Level 1:colcon.colcon_core.package_identification:_identify(src) by extension 'colcon_meta'
[1.498s] Level 1:colcon.colcon_core.package_identification:_identify(src) by extensions ['ros']
[1.499s] Level 1:colcon.colcon_core.package_identification:_identify(src) by extension 'ros'
[1.499s] Level 1:colcon.colcon_core.package_identification:_identify(src) by extensions ['cmake', 'python']
[1.499s] Level 1:colcon.colcon_core.package_identification:_identify(src) by extension 'cmake'
[1.499s] Level 1:colcon.colcon_core.package_identification:_identify(src) by extension 'python'
[1.500s] Level 1:colcon.colcon_core.package_identification:_identify(src) by extensions ['python_setup_py']
[1.500s] Level 1:colcon.colcon_core.package_identification:_identify(src) by extension 'python_setup_py'
[1.500s] Level 1:colcon.colcon_core.package_identification:_identify(src/basic_mobile_robot) by extensions ['ignore', 'ignore_ament_install']
[1.501s] Level 1:colcon.colcon_core.package_identification:_identify(src/basic_mobile_robot) by extension 'ignore'
[1.501s] Level 1:colcon.colcon_core.package_identification:_identify(src/basic_mobile_robot) by extension 'ignore_ament_install'
[1.501s] Level 1:colcon.colcon_core.package_identification:_identify(src/basic_mobile_robot) by extensions ['colcon_pkg']
[1.501s] Level 1:colcon.colcon_core.package_identification:_identify(src/basic_mobile_robot) by extension 'colcon_pkg'
[1.502s] Level 1:colcon.colcon_core.package_identification:_identify(src/basic_mobile_robot) by extensions ['colcon_meta']
[1.502s] Level 1:colcon.colcon_core.package_identification:_identify(src/basic_mobile_robot) by extension 'colcon_meta'
[1.502s] Level 1:colcon.colcon_core.package_identification:_identify(src/basic_mobile_robot) by extensions ['ros']
[1.502s] Level 1:colcon.colcon_core.package_identification:_identify(src/basic_mobile_robot) by extension 'ros'
[1.513s] DEBUG:colcon.colcon_core.package_identification:Package 'src/basic_mobile_robot' with type 'ros.ament_cmake' and name 'basic_mobile_robot'
[1.514s] Level 1:colcon.colcon_core.package_identification:_identify(src/bno055) by extensions ['ignore', 'ignore_ament_install']
[1.514s] Level 1:colcon.colcon_core.package_identification:_identify(src/bno055) by extension 'ignore'
[1.515s] Level 1:colcon.colcon_core.package_identification:_identify(src/bno055) by extension 'ignore_ament_install'
[1.515s] Level 1:colcon.colcon_core.package_identification:_identify(src/bno055) by extensions ['colcon_pkg']
[1.515s] Level 1:colcon.colcon_core.package_identification:_identify(src/bno055) by extension 'colcon_pkg'
[1.516s] Level 1:colcon.colcon_core.package_identification:_identify(src/bno055) by extensions ['colcon_meta']
[1.516s] Level 1:colcon.colcon_core.package_identification:_identify(src/bno055) by extension 'colcon_meta'
[1.516s] Level 1:colcon.colcon_core.package_identification:_identify(src/bno055) by extensions ['ros']
[1.516s] Level 1:colcon.colcon_core.package_identification:_identify(src/bno055) by extension 'ros'
[1.519s] DEBUG:colcon.colcon_core.package_identification:Package 'src/bno055' with type 'ros.ament_python' and name 'bno055'
[1.520s] Level 1:colcon.colcon_core.package_identification:_identify(src/xaims_localization) by extensions ['ignore', 'ignore_ament_install']
[1.520s] Level 1:colcon.colcon_core.package_identification:_identify(src/xaims_localization) by extension 'ignore'
[1.521s] Level 1:colcon.colcon_core.package_identification:_identify(src/xaims_localization) by extension 'ignore_ament_install'
[1.521s] Level 1:colcon.colcon_core.package_identification:_identify(src/xaims_localization) by extensions ['colcon_pkg']
[1.521s] Level 1:colcon.colcon_core.package_identification:_identify(src/xaims_localization) by extension 'colcon_pkg'
[1.521s] Level 1:colcon.colcon_core.package_identification:_identify(src/xaims_localization) by extensions ['colcon_meta']
[1.521s] Level 1:colcon.colcon_core.package_identification:_identify(src/xaims_localization) by extension 'colcon_meta'
[1.522s] Level 1:colcon.colcon_core.package_identification:_identify(src/xaims_localization) by extensions ['ros']
[1.522s] Level 1:colcon.colcon_core.package_identification:_identify(src/xaims_localization) by extension 'ros'
[1.525s] DEBUG:colcon.colcon_core.package_identification:Package 'src/xaims_localization' with type 'ros.ament_cmake' and name 'xaims_localization'
[1.525s] Level 1:colcon.colcon_core.package_discovery:discover_packages(recursive) using defaults
[1.526s] Level 1:colcon.colcon_core.package_discovery:discover_packages(ignore) discover
[1.526s] Level 1:colcon.colcon_core.package_discovery:discover_packages(ignore) using defaults
[1.526s] Level 1:colcon.colcon_core.package_discovery:discover_packages(path) discover
[1.526s] Level 1:colcon.colcon_core.package_discovery:discover_packages(path) using defaults
[1.589s] INFO:colcon.colcon_core.package_selection:Skipping not selected package 'basic_mobile_robot' in 'src/basic_mobile_robot'
[1.589s] INFO:colcon.colcon_core.package_selection:Skipping not selected package 'bno055' in 'src/bno055'
[1.590s] Level 1:colcon.colcon_core.package_discovery:discover_packages(prefix_path) check parameters
[1.591s] Level 1:colcon.colcon_core.package_discovery:discover_packages(prefix_path) discover
[1.599s] DEBUG:colcon.colcon_installed_package_information.package_discovery:Found 2 installed packages in /home/aims_xavier/ydlidar_ros2_ws/install
[1.601s] DEBUG:colcon.colcon_installed_package_information.package_discovery:Found 3 installed packages in /home/aims_xavier/microros_ws/install
[1.604s] DEBUG:colcon.colcon_installed_package_information.package_discovery:Found 6 installed packages in /home/aims_xavier/XAiMs/XAiMS_ws/install
[1.611s] DEBUG:colcon.colcon_installed_package_information.package_discovery:Found 270 installed packages in /opt/ros/foxy
[1.619s] Level 1:colcon.colcon_core.package_discovery:discover_packages(prefix_path) using defaults
[1.935s] Level 5:colcon.colcon_core.verb:set package 'xaims_localization' build argument 'cmake_args' from command line to 'None'
[1.935s] Level 5:colcon.colcon_core.verb:set package 'xaims_localization' build argument 'cmake_target' from command line to 'None'
[1.935s] Level 5:colcon.colcon_core.verb:set package 'xaims_localization' build argument 'cmake_target_skip_unavailable' from command line to 'False'
[1.935s] Level 5:colcon.colcon_core.verb:set package 'xaims_localization' build argument 'cmake_clean_cache' from command line to 'False'
[1.936s] Level 5:colcon.colcon_core.verb:set package 'xaims_localization' build argument 'cmake_clean_first' from command line to 'False'
[1.936s] Level 5:colcon.colcon_core.verb:set package 'xaims_localization' build argument 'cmake_force_configure' from command line to 'False'
[1.936s] Level 5:colcon.colcon_core.verb:set package 'xaims_localization' build argument 'ament_cmake_args' from command line to 'None'
[1.936s] Level 5:colcon.colcon_core.verb:set package 'xaims_localization' build argument 'catkin_cmake_args' from command line to 'None'
[1.936s] Level 5:colcon.colcon_core.verb:set package 'xaims_localization' build argument 'catkin_skip_building_tests' from command line to 'False'
[1.936s] DEBUG:colcon.colcon_core.verb:Building package 'xaims_localization' with the following arguments: {'ament_cmake_args': None, 'build_base': '/home/aims_xavier/XAiMs/XAiMS_ws/build/xaims_localization', 'catkin_cmake_args': None, 'catkin_skip_building_tests': False, 'cmake_args': None, 'cmake_clean_cache': False, 'cmake_clean_first': False, 'cmake_force_configure': False, 'cmake_target': None, 'cmake_target_skip_unavailable': False, 'install_base': '/home/aims_xavier/XAiMs/XAiMS_ws/install/xaims_localization', 'merge_install': False, 'path': '/home/aims_xavier/XAiMs/XAiMS_ws/src/xaims_localization', 'symlink_install': True, 'test_result_base': None}
[1.937s] INFO:colcon.colcon_core.executor:Executing jobs using 'parallel' executor
[1.941s] DEBUG:colcon.colcon_parallel_executor.executor.parallel:run_until_complete
[1.942s] INFO:colcon.colcon_ros.task.ament_cmake.build:Building ROS package in '/home/aims_xavier/XAiMs/XAiMS_ws/src/xaims_localization' with build type 'ament_cmake'
[1.943s] INFO:colcon.colcon_cmake.task.cmake.build:Building CMake package in '/home/aims_xavier/XAiMs/XAiMS_ws/src/xaims_localization'
[1.952s] INFO:colcon.colcon_core.plugin_system:Skipping extension 'colcon_core.shell.bat': Not used on non-Windows systems
[1.952s] INFO:colcon.colcon_core.shell:Skip shell extension 'powershell' for command environment: Not usable outside of PowerShell
[1.953s] DEBUG:colcon.colcon_core.shell:Skip shell extension 'dsv' for command environment
[2.033s] DEBUG:colcon.colcon_core.event_handler.log_command:Invoking command in '/home/aims_xavier/XAiMs/XAiMS_ws/build/xaims_localization': CMAKE_PREFIX_PATH=${CMAKE_PREFIX_PATH}:/home/aims_xavier/XAiMs/XAiMS_ws/install/bno055:/opt/ros/foxy /usr/bin/cmake --build /home/aims_xavier/XAiMs/XAiMS_ws/build/xaims_localization -- -j4 -l4
[14.506s] DEBUG:colcon.colcon_core.event_handler.log_command:Invoked command in '/home/aims_xavier/XAiMs/XAiMS_ws/build/xaims_localization' returned '0': CMAKE_PREFIX_PATH=${CMAKE_PREFIX_PATH}:/home/aims_xavier/XAiMs/XAiMS_ws/install/bno055:/opt/ros/foxy /usr/bin/cmake --build /home/aims_xavier/XAiMs/XAiMS_ws/build/xaims_localization -- -j4 -l4
[14.739s] DEBUG:colcon.colcon_core.event_handler.log_command:Invoking command in '/home/aims_xavier/XAiMs/XAiMS_ws/build/xaims_localization': CMAKE_PREFIX_PATH=${CMAKE_PREFIX_PATH}:/home/aims_xavier/XAiMs/XAiMS_ws/install/bno055:/opt/ros/foxy /usr/bin/cmake --install /home/aims_xavier/XAiMs/XAiMS_ws/build/xaims_localization
[14.979s] Level 1:colcon.colcon_core.environment:create_environment_scripts_only(xaims_localization)
[14.987s] DEBUG:colcon.colcon_core.event_handler.log_command:Invoked command in '/home/aims_xavier/XAiMs/XAiMS_ws/build/xaims_localization' returned '0': CMAKE_PREFIX_PATH=${CMAKE_PREFIX_PATH}:/home/aims_xavier/XAiMs/XAiMS_ws/install/bno055:/opt/ros/foxy /usr/bin/cmake --install /home/aims_xavier/XAiMs/XAiMS_ws/build/xaims_localization
[14.999s] Level 1:colcon.colcon_core.environment:checking '/home/aims_xavier/XAiMs/XAiMS_ws/install/xaims_localization' for CMake module files
[15.002s] Level 1:colcon.colcon_core.environment:checking '/home/aims_xavier/XAiMs/XAiMS_ws/install/xaims_localization' for CMake config files
[15.005s] Level 1:colcon.colcon_core.shell:create_environment_hook('xaims_localization', 'cmake_prefix_path')
[15.006s] INFO:colcon.colcon_core.shell:Creating environment hook '/home/aims_xavier/XAiMs/XAiMS_ws/install/xaims_localization/share/xaims_localization/hook/cmake_prefix_path.ps1'
[15.012s] INFO:colcon.colcon_core.shell:Creating environment descriptor '/home/aims_xavier/XAiMs/XAiMS_ws/install/xaims_localization/share/xaims_localization/hook/cmake_prefix_path.dsv'
[15.015s] INFO:colcon.colcon_core.shell:Creating environment hook '/home/aims_xavier/XAiMs/XAiMS_ws/install/xaims_localization/share/xaims_localization/hook/cmake_prefix_path.sh'
[15.020s] Level 1:colcon.colcon_core.environment:checking '/home/aims_xavier/XAiMs/XAiMS_ws/install/xaims_localization/lib'
[15.021s] Level 1:colcon.colcon_core.environment:checking '/home/aims_xavier/XAiMs/XAiMS_ws/install/xaims_localization/bin'
[15.021s] Level 1:colcon.colcon_core.environment:checking '/home/aims_xavier/XAiMs/XAiMS_ws/install/xaims_localization/lib/pkgconfig/xaims_localization.pc'
[15.022s] Level 1:colcon.colcon_core.environment:checking '/home/aims_xavier/XAiMs/XAiMS_ws/install/xaims_localization/lib/python3.8/site-packages'
[15.023s] Level 1:colcon.colcon_core.environment:checking '/home/aims_xavier/XAiMs/XAiMS_ws/install/xaims_localization/bin'
[15.025s] INFO:colcon.colcon_core.shell:Creating package script '/home/aims_xavier/XAiMs/XAiMS_ws/install/xaims_localization/share/xaims_localization/package.ps1'
[15.029s] INFO:colcon.colcon_core.shell:Creating package descriptor '/home/aims_xavier/XAiMs/XAiMS_ws/install/xaims_localization/share/xaims_localization/package.dsv'
[15.034s] INFO:colcon.colcon_core.shell:Creating package script '/home/aims_xavier/XAiMs/XAiMS_ws/install/xaims_localization/share/xaims_localization/package.sh'
[15.038s] INFO:colcon.colcon_core.shell:Creating package script '/home/aims_xavier/XAiMs/XAiMS_ws/install/xaims_localization/share/xaims_localization/package.bash'
[15.042s] INFO:colcon.colcon_core.shell:Creating package script '/home/aims_xavier/XAiMs/XAiMS_ws/install/xaims_localization/share/xaims_localization/package.zsh'
[15.045s] Level 1:colcon.colcon_core.environment:create_file_with_runtime_dependencies(/home/aims_xavier/XAiMs/XAiMS_ws/install/xaims_localization/share/colcon-core/packages/xaims_localization)
[15.244s] Level 1:colcon.colcon_core.environment:create_environment_scripts_only(xaims_localization)
[15.246s] Level 1:colcon.colcon_core.environment:checking '/home/aims_xavier/XAiMs/XAiMS_ws/install/xaims_localization' for CMake module files
[15.249s] Level 1:colcon.colcon_core.environment:checking '/home/aims_xavier/XAiMs/XAiMS_ws/install/xaims_localization' for CMake config files
[15.251s] Level 1:colcon.colcon_core.shell:create_environment_hook('xaims_localization', 'cmake_prefix_path')
[15.252s] INFO:colcon.colcon_core.shell:Creating environment hook '/home/aims_xavier/XAiMs/XAiMS_ws/install/xaims_localization/share/xaims_localization/hook/cmake_prefix_path.ps1'
[15.255s] INFO:colcon.colcon_core.shell:Creating environment descriptor '/home/aims_xavier/XAiMs/XAiMS_ws/install/xaims_localization/share/xaims_localization/hook/cmake_prefix_path.dsv'
[15.258s] INFO:colcon.colcon_core.shell:Creating environment hook '/home/aims_xavier/XAiMs/XAiMS_ws/install/xaims_localization/share/xaims_localization/hook/cmake_prefix_path.sh'
[15.262s] Level 1:colcon.colcon_core.environment:checking '/home/aims_xavier/XAiMs/XAiMS_ws/install/xaims_localization/lib'
[15.262s] Level 1:colcon.colcon_core.environment:checking '/home/aims_xavier/XAiMs/XAiMS_ws/install/xaims_localization/bin'
[15.263s] Level 1:colcon.colcon_core.environment:checking '/home/aims_xavier/XAiMs/XAiMS_ws/install/xaims_localization/lib/pkgconfig/xaims_localization.pc'
[15.264s] Level 1:colcon.colcon_core.environment:checking '/home/aims_xavier/XAiMs/XAiMS_ws/install/xaims_localization/lib/python3.8/site-packages'
[15.264s] Level 1:colcon.colcon_core.environment:checking '/home/aims_xavier/XAiMs/XAiMS_ws/install/xaims_localization/bin'
[15.266s] INFO:colcon.colcon_core.shell:Creating package script '/home/aims_xavier/XAiMs/XAiMS_ws/install/xaims_localization/share/xaims_localization/package.ps1'
[15.269s] INFO:colcon.colcon_core.shell:Creating package descriptor '/home/aims_xavier/XAiMs/XAiMS_ws/install/xaims_localization/share/xaims_localization/package.dsv'
[15.271s] INFO:colcon.colcon_core.shell:Creating package script '/home/aims_xavier/XAiMs/XAiMS_ws/install/xaims_localization/share/xaims_localization/package.sh'
[15.273s] INFO:colcon.colcon_core.shell:Creating package script '/home/aims_xavier/XAiMs/XAiMS_ws/install/xaims_localization/share/xaims_localization/package.bash'
[15.276s] INFO:colcon.colcon_core.shell:Creating package script '/home/aims_xavier/XAiMs/XAiMS_ws/install/xaims_localization/share/xaims_localization/package.zsh'
[15.278s] Level 1:colcon.colcon_core.environment:create_file_with_runtime_dependencies(/home/aims_xavier/XAiMs/XAiMS_ws/install/xaims_localization/share/colcon-core/packages/xaims_localization)
[15.279s] DEBUG:colcon.colcon_parallel_executor.executor.parallel:closing loop
[15.282s] DEBUG:colcon.colcon_parallel_executor.executor.parallel:loop closed
[15.283s] DEBUG:colcon.colcon_parallel_executor.executor.parallel:run_until_complete finished with '0'
[15.284s] DEBUG:colcon.colcon_core.event_reactor:joining thread
[15.318s] INFO:colcon.colcon_core.plugin_system:Skipping extension 'colcon_notification.desktop_notification.terminal_notifier': Not used on non-Darwin systems
[15.319s] INFO:colcon.colcon_core.plugin_system:Skipping extension 'colcon_notification.desktop_notification.win32': Not used on non-Windows systems
[15.324s] INFO:colcon.colcon_notification.desktop_notification:Sending desktop notification using 'notify2'
[15.409s] DEBUG:colcon.colcon_core.event_reactor:joined thread
[15.411s] INFO:colcon.colcon_core.shell:Creating prefix script '/home/aims_xavier/XAiMs/XAiMS_ws/install/local_setup.ps1'
[15.418s] INFO:colcon.colcon_core.shell:Creating prefix util module '/home/aims_xavier/XAiMs/XAiMS_ws/install/_local_setup_util_ps1.py'
[15.430s] INFO:colcon.colcon_core.shell:Creating prefix chain script '/home/aims_xavier/XAiMs/XAiMS_ws/install/setup.ps1'
[15.437s] INFO:colcon.colcon_core.shell:Creating prefix script '/home/aims_xavier/XAiMs/XAiMS_ws/install/local_setup.sh'
[15.439s] INFO:colcon.colcon_core.shell:Creating prefix util module '/home/aims_xavier/XAiMs/XAiMS_ws/install/_local_setup_util_sh.py'
[15.442s] INFO:colcon.colcon_core.shell:Creating prefix chain script '/home/aims_xavier/XAiMs/XAiMS_ws/install/setup.sh'
[15.451s] INFO:colcon.colcon_core.shell:Creating prefix script '/home/aims_xavier/XAiMs/XAiMS_ws/install/local_setup.bash'
[15.455s] INFO:colcon.colcon_core.shell:Creating prefix chain script '/home/aims_xavier/XAiMs/XAiMS_ws/install/setup.bash'
[15.463s] INFO:colcon.colcon_core.shell:Creating prefix script '/home/aims_xavier/XAiMs/XAiMS_ws/install/local_setup.zsh'
[15.467s] INFO:colcon.colcon_core.shell:Creating prefix chain script '/home/aims_xavier/XAiMs/XAiMS_ws/install/setup.zsh'
