[1.189s] Invoking command in '/home/aims_xavier/XAiMs/XAiMS_ws/build/two_wheeled_robot': CMAKE_PREFIX_PATH=${CMAKE_PREFIX_PATH}:/home/aims_xavier/XAiMs/XAiMS_ws/install/bno055:/opt/ros/foxy /usr/bin/cmake --build /home/aims_xavier/XAiMs/XAiMS_ws/build/two_wheeled_robot -- -j4 -l4
[1.714s] Invoked command in '/home/aims_xavier/XAiMs/XAiMS_ws/build/two_wheeled_robot' returned '0': CMAKE_PREFIX_PATH=${CMAKE_PREFIX_PATH}:/home/aims_xavier/XAiMs/XAiMS_ws/install/bno055:/opt/ros/foxy /usr/bin/cmake --build /home/aims_xavier/XAiMs/XAiMS_ws/build/two_wheeled_robot -- -j4 -l4
[1.730s] Invoking command in '/home/aims_xavier/XAiMs/XAiMS_ws/build/two_wheeled_robot': CMAKE_PREFIX_PATH=${CMAKE_PREFIX_PATH}:/home/aims_xavier/XAiMs/XAiMS_ws/install/bno055:/opt/ros/foxy /usr/bin/cmake --install /home/aims_xavier/XAiMs/XAiMS_ws/build/two_wheeled_robot
[1.832s] -- Install configuration: ""
[1.964s] -- Execute custom install script
[1.968s] -- Up-to-date symlink: /home/aims_xavier/XAiMs/XAiMS_ws/install/two_wheeled_robot/share/two_wheeled_robot/launch/xaims_rviz.launch.py
[1.972s] -- Up-to-date symlink: /home/aims_xavier/XAiMs/XAiMS_ws/install/two_wheeled_robot/share/two_wheeled_robot/meshes/base_link.stl
[1.973s] -- Up-to-date symlink: /home/aims_xavier/XAiMs/XAiMS_ws/install/two_wheeled_robot/share/two_wheeled_robot/meshes/base_link2_1.stl
[1.974s] -- Up-to-date symlink: /home/aims_xavier/XAiMs/XAiMS_ws/install/two_wheeled_robot/share/two_wheeled_robot/meshes/base_link3_1.stl
[1.975s] -- Up-to-date symlink: /home/aims_xavier/XAiMs/XAiMS_ws/install/two_wheeled_robot/share/two_wheeled_robot/meshes/column_1_1.stl
[1.976s] -- Up-to-date symlink: /home/aims_xavier/XAiMs/XAiMS_ws/install/two_wheeled_robot/share/two_wheeled_robot/meshes/column_2_1.stl
[1.977s] -- Up-to-date symlink: /home/aims_xavier/XAiMs/XAiMS_ws/install/two_wheeled_robot/share/two_wheeled_robot/meshes/column_3_1.stl
[1.979s] -- Up-to-date symlink: /home/aims_xavier/XAiMs/XAiMS_ws/install/two_wheeled_robot/share/two_wheeled_robot/meshes/column_4_1.stl
[1.982s] -- Up-to-date symlink: /home/aims_xavier/XAiMs/XAiMS_ws/install/two_wheeled_robot/share/two_wheeled_robot/meshes/column_5_1.stl
[1.984s] -- Up-to-date symlink: /home/aims_xavier/XAiMs/XAiMS_ws/install/two_wheeled_robot/share/two_wheeled_robot/meshes/column_6_1.stl
[1.986s] -- Up-to-date symlink: /home/aims_xavier/XAiMs/XAiMS_ws/install/two_wheeled_robot/share/two_wheeled_robot/meshes/column_7_1.stl
[1.990s] -- Up-to-date symlink: /home/aims_xavier/XAiMs/XAiMS_ws/install/two_wheeled_robot/share/two_wheeled_robot/meshes/column_8_1.stl
[1.994s] -- Up-to-date symlink: /home/aims_xavier/XAiMs/XAiMS_ws/install/two_wheeled_robot/share/two_wheeled_robot/meshes/left_motor_1.stl
[1.996s] -- Up-to-date symlink: /home/aims_xavier/XAiMs/XAiMS_ws/install/two_wheeled_robot/share/two_wheeled_robot/meshes/left_wheel_1.stl
[1.998s] -- Up-to-date symlink: /home/aims_xavier/XAiMs/XAiMS_ws/install/two_wheeled_robot/share/two_wheeled_robot/meshes/lidar_link_1.stl
[2.004s] -- Up-to-date symlink: /home/aims_xavier/XAiMs/XAiMS_ws/install/two_wheeled_robot/share/two_wheeled_robot/meshes/right_motor_1.stl
[2.007s] -- Up-to-date symlink: /home/aims_xavier/XAiMs/XAiMS_ws/install/two_wheeled_robot/share/two_wheeled_robot/meshes/right_wheel_1.stl
[2.008s] -- Up-to-date symlink: /home/aims_xavier/XAiMs/XAiMS_ws/install/two_wheeled_robot/share/two_wheeled_robot/meshes/sup_wheel_1_1.stl
[2.012s] -- Up-to-date symlink: /home/aims_xavier/XAiMs/XAiMS_ws/install/two_wheeled_robot/share/two_wheeled_robot/meshes/sup_wheel_2_1.stl
[2.017s] -- Up-to-date symlink: /home/aims_xavier/XAiMs/XAiMS_ws/install/two_wheeled_robot/share/two_wheeled_robot/meshes/sup_wheel_3_1.stl
[2.019s] -- Up-to-date symlink: /home/aims_xavier/XAiMs/XAiMS_ws/install/two_wheeled_robot/share/two_wheeled_robot/meshes/sup_wheel_4_1.stl
[2.036s] -- Up-to-date symlink: /home/aims_xavier/XAiMs/XAiMS_ws/install/two_wheeled_robot/share/two_wheeled_robot/rviz/rviz_basic_settings.rviz
[2.038s] -- Up-to-date symlink: /home/aims_xavier/XAiMs/XAiMS_ws/install/two_wheeled_robot/share/two_wheeled_robot/urdf/XiAMS_V1.gazebo
[2.040s] -- Up-to-date symlink: /home/aims_xavier/XAiMs/XAiMS_ws/install/two_wheeled_robot/share/two_wheeled_robot/urdf/XiAMS_V1.trans
[2.043s] -- Up-to-date symlink: /home/aims_xavier/XAiMs/XAiMS_ws/install/two_wheeled_robot/share/two_wheeled_robot/urdf/XiAMS_V1.urdf
[2.044s] -- Up-to-date symlink: /home/aims_xavier/XAiMs/XAiMS_ws/install/two_wheeled_robot/share/two_wheeled_robot/urdf/XiAMS_V1.xacro
[2.050s] -- Up-to-date symlink: /home/aims_xavier/XAiMs/XAiMS_ws/install/two_wheeled_robot/share/two_wheeled_robot/urdf/materials.xacro
[2.051s] -- Up-to-date symlink: /home/aims_xavier/XAiMs/XAiMS_ws/install/two_wheeled_robot/share/ament_index/resource_index/package_run_dependencies/two_wheeled_robot
[2.052s] -- Up-to-date symlink: /home/aims_xavier/XAiMs/XAiMS_ws/install/two_wheeled_robot/share/ament_index/resource_index/parent_prefix_path/two_wheeled_robot
[2.053s] -- Up-to-date symlink: /home/aims_xavier/XAiMs/XAiMS_ws/install/two_wheeled_robot/share/two_wheeled_robot/environment/ament_prefix_path.sh
[2.054s] -- Up-to-date symlink: /home/aims_xavier/XAiMs/XAiMS_ws/install/two_wheeled_robot/share/two_wheeled_robot/environment/ament_prefix_path.dsv
[2.055s] -- Up-to-date symlink: /home/aims_xavier/XAiMs/XAiMS_ws/install/two_wheeled_robot/share/two_wheeled_robot/environment/path.sh
[2.056s] -- Up-to-date symlink: /home/aims_xavier/XAiMs/XAiMS_ws/install/two_wheeled_robot/share/two_wheeled_robot/environment/path.dsv
[2.061s] -- Up-to-date symlink: /home/aims_xavier/XAiMs/XAiMS_ws/install/two_wheeled_robot/share/two_wheeled_robot/local_setup.bash
[2.062s] -- Up-to-date symlink: /home/aims_xavier/XAiMs/XAiMS_ws/install/two_wheeled_robot/share/two_wheeled_robot/local_setup.sh
[2.070s] -- Up-to-date symlink: /home/aims_xavier/XAiMs/XAiMS_ws/install/two_wheeled_robot/share/two_wheeled_robot/local_setup.zsh
[2.072s] -- Up-to-date symlink: /home/aims_xavier/XAiMs/XAiMS_ws/install/two_wheeled_robot/share/two_wheeled_robot/local_setup.dsv
[2.073s] -- Symlinking: /home/aims_xavier/XAiMs/XAiMS_ws/install/two_wheeled_robot/share/two_wheeled_robot/package.dsv
[2.097s] -- Up-to-date symlink: /home/aims_xavier/XAiMs/XAiMS_ws/install/two_wheeled_robot/share/ament_index/resource_index/packages/two_wheeled_robot
[2.098s] -- Up-to-date symlink: /home/aims_xavier/XAiMs/XAiMS_ws/install/two_wheeled_robot/share/two_wheeled_robot/cmake/two_wheeled_robotConfig.cmake
[2.098s] -- Up-to-date symlink: /home/aims_xavier/XAiMs/XAiMS_ws/install/two_wheeled_robot/share/two_wheeled_robot/cmake/two_wheeled_robotConfig-version.cmake
[2.099s] -- Up-to-date symlink: /home/aims_xavier/XAiMs/XAiMS_ws/install/two_wheeled_robot/share/two_wheeled_robot/package.xml
[2.345s] Invoked command in '/home/aims_xavier/XAiMs/XAiMS_ws/build/two_wheeled_robot' returned '0': CMAKE_PREFIX_PATH=${CMAKE_PREFIX_PATH}:/home/aims_xavier/XAiMs/XAiMS_ws/install/bno055:/opt/ros/foxy /usr/bin/cmake --install /home/aims_xavier/XAiMs/XAiMS_ws/build/two_wheeled_robot
