[0.391s] Invoking command in '/home/aims_xavier/XAiMs/XAiMS_ws/build/xaims_localization': CMAKE_PREFIX_PATH=${CMAKE_PREFIX_PATH}:/home/aims_xavier/XAiMs/XAiMS_ws/install/bno055:/opt/ros/foxy /usr/bin/cmake --build /home/aims_xavier/XAiMs/XAiMS_ws/build/xaims_localization -- -j4 -l4
[0.852s] -- Found ament_cmake: 0.9.12 (/opt/ros/foxy/share/ament_cmake/cmake)
[1.140s] -- Using PYTHON_EXECUTABLE: /usr/bin/python3
[2.805s] -- Override CMake install command with custom implementation using symlinks instead of copying resources
[3.032s] -- Found rclcpp: 2.4.3 (/opt/ros/foxy/share/rclcpp/cmake)
[3.313s] -- Using all available rosidl_typesupport_c: rosidl_typesupport_fastrtps_c;rosidl_typesupport_introspection_c
[3.334s] -- Found rosidl_adapter: 1.3.1 (/opt/ros/foxy/share/rosidl_adapter/cmake)
[4.226s] -- Using all available rosidl_typesupport_cpp: rosidl_typesupport_fastrtps_cpp;rosidl_typesupport_introspection_cpp
[4.664s] -- Found rmw_implementation_cmake: 1.0.4 (/opt/ros/foxy/share/rmw_implementation_cmake/cmake)
[4.673s] -- Using RMW implementation 'rmw_fastrtps_cpp' as default
[5.587s] -- Found geometry_msgs: 2.0.5 (/opt/ros/foxy/share/geometry_msgs/cmake)
[5.747s] -- Found tf2_geometry_msgs: 0.13.14 (/opt/ros/foxy/share/tf2_geometry_msgs/cmake)
[5.781s] -- Found eigen3_cmake_module: 0.1.1 (/opt/ros/foxy/share/eigen3_cmake_module/cmake)
[7.592s] -- Found nav_msgs: 2.0.5 (/opt/ros/foxy/share/nav_msgs/cmake)
[8.472s] -- Configuring done
[9.325s] -- Generating done
[9.339s] -- Build files have been written to: /home/aims_xavier/XAiMs/XAiMS_ws/build/xaims_localization
[9.788s] [35m[1mScanning dependencies of target ekf_odom_pub[0m
[9.905s] [ 33%] Built target pose_estimate_publisher
[9.950s] [ 66%] Built target rviz_click_to_2d
[10.123s] [ 83%] [32mBuilding CXX object CMakeFiles/ekf_odom_pub.dir/src/ekf_odom_pub.cpp.o[0m
[43.148s] [100%] [32m[1mLinking CXX executable ekf_odom_pub[0m
[46.211s] [100%] Built target ekf_odom_pub
[46.370s] Invoked command in '/home/aims_xavier/XAiMs/XAiMS_ws/build/xaims_localization' returned '0': CMAKE_PREFIX_PATH=${CMAKE_PREFIX_PATH}:/home/aims_xavier/XAiMs/XAiMS_ws/install/bno055:/opt/ros/foxy /usr/bin/cmake --build /home/aims_xavier/XAiMs/XAiMS_ws/build/xaims_localization -- -j4 -l4
[46.600s] Invoking command in '/home/aims_xavier/XAiMs/XAiMS_ws/build/xaims_localization': CMAKE_PREFIX_PATH=${CMAKE_PREFIX_PATH}:/home/aims_xavier/XAiMs/XAiMS_ws/install/bno055:/opt/ros/foxy /usr/bin/cmake --install /home/aims_xavier/XAiMs/XAiMS_ws/build/xaims_localization
[46.645s] -- Install configuration: ""
[46.648s] -- Execute custom install script
[46.652s] -- Up-to-date symlink: /home/aims_xavier/XAiMs/XAiMS_ws/install/xaims_localization/lib/xaims_localization/rviz_click_to_2d
[46.654s] -- Up-to-date symlink: /home/aims_xavier/XAiMs/XAiMS_ws/install/xaims_localization/lib/xaims_localization/ekf_odom_pub
[46.657s] -- Up-to-date symlink: /home/aims_xavier/XAiMs/XAiMS_ws/install/xaims_localization/lib/xaims_localization/pose_estimate_publisher
[46.660s] -- Up-to-date symlink: /home/aims_xavier/XAiMs/XAiMS_ws/install/xaims_localization/share/xaims_localization/launch/launch1.py
[46.663s] -- Up-to-date symlink: /home/aims_xavier/XAiMs/XAiMS_ws/install/xaims_localization/share/xaims_localization/launch/launch2.py
[46.673s] -- Up-to-date symlink: /home/aims_xavier/XAiMs/XAiMS_ws/install/xaims_localization/share/xaims_localization/params/ekf.yaml
[46.674s] -- Up-to-date symlink: /home/aims_xavier/XAiMs/XAiMS_ws/install/xaims_localization/share/xaims_localization/params/ekf2.yaml
[46.676s] -- Up-to-date symlink: /home/aims_xavier/XAiMs/XAiMS_ws/install/xaims_localization/share/xaims_localization/params/ekf3.yaml
[46.678s] -- Up-to-date symlink: /home/aims_xavier/XAiMs/XAiMS_ws/install/xaims_localization/share/ament_index/resource_index/package_run_dependencies/xaims_localization
[46.680s] -- Up-to-date symlink: /home/aims_xavier/XAiMs/XAiMS_ws/install/xaims_localization/share/ament_index/resource_index/parent_prefix_path/xaims_localization
[46.682s] -- Up-to-date symlink: /home/aims_xavier/XAiMs/XAiMS_ws/install/xaims_localization/share/xaims_localization/environment/ament_prefix_path.sh
[46.685s] -- Up-to-date symlink: /home/aims_xavier/XAiMs/XAiMS_ws/install/xaims_localization/share/xaims_localization/environment/ament_prefix_path.dsv
[46.686s] -- Up-to-date symlink: /home/aims_xavier/XAiMs/XAiMS_ws/install/xaims_localization/share/xaims_localization/environment/path.sh
[46.688s] -- Up-to-date symlink: /home/aims_xavier/XAiMs/XAiMS_ws/install/xaims_localization/share/xaims_localization/environment/path.dsv
[46.690s] -- Up-to-date symlink: /home/aims_xavier/XAiMs/XAiMS_ws/install/xaims_localization/share/xaims_localization/local_setup.bash
[46.691s] -- Up-to-date symlink: /home/aims_xavier/XAiMs/XAiMS_ws/install/xaims_localization/share/xaims_localization/local_setup.sh
[46.693s] -- Up-to-date symlink: /home/aims_xavier/XAiMs/XAiMS_ws/install/xaims_localization/share/xaims_localization/local_setup.zsh
[46.694s] -- Up-to-date symlink: /home/aims_xavier/XAiMs/XAiMS_ws/install/xaims_localization/share/xaims_localization/local_setup.dsv
[46.696s] -- Symlinking: /home/aims_xavier/XAiMs/XAiMS_ws/install/xaims_localization/share/xaims_localization/package.dsv
[46.772s] -- Up-to-date symlink: /home/aims_xavier/XAiMs/XAiMS_ws/install/xaims_localization/share/ament_index/resource_index/packages/xaims_localization
[46.774s] -- Up-to-date symlink: /home/aims_xavier/XAiMs/XAiMS_ws/install/xaims_localization/share/xaims_localization/cmake/xaims_localizationConfig.cmake
[46.778s] -- Up-to-date symlink: /home/aims_xavier/XAiMs/XAiMS_ws/install/xaims_localization/share/xaims_localization/cmake/xaims_localizationConfig-version.cmake
[46.780s] -- Up-to-date symlink: /home/aims_xavier/XAiMs/XAiMS_ws/install/xaims_localization/share/xaims_localization/package.xml
[46.793s] Invoked command in '/home/aims_xavier/XAiMs/XAiMS_ws/build/xaims_localization' returned '0': CMAKE_PREFIX_PATH=${CMAKE_PREFIX_PATH}:/home/aims_xavier/XAiMs/XAiMS_ws/install/bno055:/opt/ros/foxy /usr/bin/cmake --install /home/aims_xavier/XAiMs/XAiMS_ws/build/xaims_localization
