[0.452s] Invoking command in '/home/aims_xavier/XAiMs/XAiMS_ws/build/xaims_localization': CMAKE_PREFIX_PATH=${CMAKE_PREFIX_PATH}:/home/aims_xavier/XAiMs/XAiMS_ws/install/bno055:/opt/ros/foxy /usr/bin/cmake --build /home/aims_xavier/XAiMs/XAiMS_ws/build/xaims_localization -- -j4 -l4
[1.195s] [ 33%] Built target rviz_click_to_2d
[1.243s] [ 66%] Built target pose_estimate_publisher
[1.262s] [100%] Built target ekf_odom_pub
[1.334s] Invoked command in '/home/aims_xavier/XAiMs/XAiMS_ws/build/xaims_localization' returned '0': CMAKE_PREFIX_PATH=${CMAKE_PREFIX_PATH}:/home/aims_xavier/XAiMs/XAiMS_ws/install/bno055:/opt/ros/foxy /usr/bin/cmake --build /home/aims_xavier/XAiMs/XAiMS_ws/build/xaims_localization -- -j4 -l4
[1.592s] Invoking command in '/home/aims_xavier/XAiMs/XAiMS_ws/build/xaims_localization': CMAKE_PREFIX_PATH=${CMAKE_PREFIX_PATH}:/home/aims_xavier/XAiMs/XAiMS_ws/install/bno055:/opt/ros/foxy /usr/bin/cmake --install /home/aims_xavier/XAiMs/XAiMS_ws/build/xaims_localization
[1.677s] -- Install configuration: ""
[1.678s] -- Execute custom install script
[1.681s] -- Up-to-date symlink: /home/aims_xavier/XAiMs/XAiMS_ws/install/xaims_localization/lib/xaims_localization/rviz_click_to_2d
[1.687s] -- Up-to-date symlink: /home/aims_xavier/XAiMs/XAiMS_ws/install/xaims_localization/lib/xaims_localization/ekf_odom_pub
[1.691s] -- Up-to-date symlink: /home/aims_xavier/XAiMs/XAiMS_ws/install/xaims_localization/lib/xaims_localization/pose_estimate_publisher
[1.697s] -- Up-to-date symlink: /home/aims_xavier/XAiMs/XAiMS_ws/install/xaims_localization/share/xaims_localization/launch/launch1.py
[1.697s] -- Up-to-date symlink: /home/aims_xavier/XAiMs/XAiMS_ws/install/xaims_localization/share/xaims_localization/launch/launch2.py
[1.701s] -- Up-to-date symlink: /home/aims_xavier/XAiMs/XAiMS_ws/install/xaims_localization/share/xaims_localization/params/ekf.yaml
[1.703s] -- Up-to-date symlink: /home/aims_xavier/XAiMs/XAiMS_ws/install/xaims_localization/share/xaims_localization/params/ekf2.yaml
[1.705s] -- Up-to-date symlink: /home/aims_xavier/XAiMs/XAiMS_ws/install/xaims_localization/share/xaims_localization/params/ekf3.yaml
[1.707s] -- Up-to-date symlink: /home/aims_xavier/XAiMs/XAiMS_ws/install/xaims_localization/share/ament_index/resource_index/package_run_dependencies/xaims_localization
[1.709s] -- Up-to-date symlink: /home/aims_xavier/XAiMs/XAiMS_ws/install/xaims_localization/share/ament_index/resource_index/parent_prefix_path/xaims_localization
[1.710s] -- Up-to-date symlink: /home/aims_xavier/XAiMs/XAiMS_ws/install/xaims_localization/share/xaims_localization/environment/ament_prefix_path.sh
[1.712s] -- Up-to-date symlink: /home/aims_xavier/XAiMs/XAiMS_ws/install/xaims_localization/share/xaims_localization/environment/ament_prefix_path.dsv
[1.713s] -- Up-to-date symlink: /home/aims_xavier/XAiMs/XAiMS_ws/install/xaims_localization/share/xaims_localization/environment/path.sh
[1.715s] -- Up-to-date symlink: /home/aims_xavier/XAiMs/XAiMS_ws/install/xaims_localization/share/xaims_localization/environment/path.dsv
[1.717s] -- Up-to-date symlink: /home/aims_xavier/XAiMs/XAiMS_ws/install/xaims_localization/share/xaims_localization/local_setup.bash
[1.719s] -- Up-to-date symlink: /home/aims_xavier/XAiMs/XAiMS_ws/install/xaims_localization/share/xaims_localization/local_setup.sh
[1.720s] -- Up-to-date symlink: /home/aims_xavier/XAiMs/XAiMS_ws/install/xaims_localization/share/xaims_localization/local_setup.zsh
[1.721s] -- Up-to-date symlink: /home/aims_xavier/XAiMs/XAiMS_ws/install/xaims_localization/share/xaims_localization/local_setup.dsv
[1.724s] -- Symlinking: /home/aims_xavier/XAiMs/XAiMS_ws/install/xaims_localization/share/xaims_localization/package.dsv
[1.790s] -- Up-to-date symlink: /home/aims_xavier/XAiMs/XAiMS_ws/install/xaims_localization/share/ament_index/resource_index/packages/xaims_localization
[1.792s] -- Up-to-date symlink: /home/aims_xavier/XAiMs/XAiMS_ws/install/xaims_localization/share/xaims_localization/cmake/xaims_localizationConfig.cmake
[1.794s] -- Up-to-date symlink: /home/aims_xavier/XAiMs/XAiMS_ws/install/xaims_localization/share/xaims_localization/cmake/xaims_localizationConfig-version.cmake
[1.796s] -- Up-to-date symlink: /home/aims_xavier/XAiMs/XAiMS_ws/install/xaims_localization/share/xaims_localization/package.xml
[1.811s] Invoked command in '/home/aims_xavier/XAiMs/XAiMS_ws/build/xaims_localization' returned '0': CMAKE_PREFIX_PATH=${CMAKE_PREFIX_PATH}:/home/aims_xavier/XAiMs/XAiMS_ws/install/bno055:/opt/ros/foxy /usr/bin/cmake --install /home/aims_xavier/XAiMs/XAiMS_ws/build/xaims_localization
