[0.814s] Invoking command in '/home/aims_xavier/XAiMs/XAiMS_ws/build/two_wheeled_robot': CMAKE_PREFIX_PATH=${CMAKE_PREFIX_PATH}:/home/aims_xavier/XAiMs/XAiMS_ws/install/bno055:/opt/ros/foxy /usr/bin/cmake --build /home/aims_xavier/XAiMs/XAiMS_ws/build/two_wheeled_robot -- -j4 -l4
[1.394s] Invoked command in '/home/aims_xavier/XAiMs/XAiMS_ws/build/two_wheeled_robot' returned '0': CMAKE_PREFIX_PATH=${CMAKE_PREFIX_PATH}:/home/aims_xavier/XAiMs/XAiMS_ws/install/bno055:/opt/ros/foxy /usr/bin/cmake --build /home/aims_xavier/XAiMs/XAiMS_ws/build/two_wheeled_robot -- -j4 -l4
[1.420s] Invoking command in '/home/aims_xavier/XAiMs/XAiMS_ws/build/two_wheeled_robot': CMAKE_PREFIX_PATH=${CMAKE_PREFIX_PATH}:/home/aims_xavier/XAiMs/XAiMS_ws/install/bno055:/opt/ros/foxy /usr/bin/cmake --install /home/aims_xavier/XAiMs/XAiMS_ws/build/two_wheeled_robot
[1.652s] -- Install configuration: ""
[1.656s] -- Execute custom install script
[1.662s] -- Up-to-date symlink: /home/aims_xavier/XAiMs/XAiMS_ws/install/two_wheeled_robot/share/two_wheeled_robot/launch/launch1.py
[1.665s] -- Up-to-date symlink: /home/aims_xavier/XAiMs/XAiMS_ws/install/two_wheeled_robot/share/two_wheeled_robot/launch/xaims_rviz.launch.py
[1.669s] -- Up-to-date symlink: /home/aims_xavier/XAiMs/XAiMS_ws/install/two_wheeled_robot/share/two_wheeled_robot/meshes/base_link.stl
[1.673s] -- Up-to-date symlink: /home/aims_xavier/XAiMs/XAiMS_ws/install/two_wheeled_robot/share/two_wheeled_robot/meshes/base_link2_1.stl
[1.675s] -- Up-to-date symlink: /home/aims_xavier/XAiMs/XAiMS_ws/install/two_wheeled_robot/share/two_wheeled_robot/meshes/base_link3_1.stl
[1.688s] -- Up-to-date symlink: /home/aims_xavier/XAiMs/XAiMS_ws/install/two_wheeled_robot/share/two_wheeled_robot/meshes/column_1_1.stl
[1.694s] -- Up-to-date symlink: /home/aims_xavier/XAiMs/XAiMS_ws/install/two_wheeled_robot/share/two_wheeled_robot/meshes/column_2_1.stl
[1.714s] -- Up-to-date symlink: /home/aims_xavier/XAiMs/XAiMS_ws/install/two_wheeled_robot/share/two_wheeled_robot/meshes/column_3_1.stl
[1.722s] -- Up-to-date symlink: /home/aims_xavier/XAiMs/XAiMS_ws/install/two_wheeled_robot/share/two_wheeled_robot/meshes/column_4_1.stl
[1.731s] -- Up-to-date symlink: /home/aims_xavier/XAiMs/XAiMS_ws/install/two_wheeled_robot/share/two_wheeled_robot/meshes/column_5_1.stl
[1.753s] -- Up-to-date symlink: /home/aims_xavier/XAiMs/XAiMS_ws/install/two_wheeled_robot/share/two_wheeled_robot/meshes/column_6_1.stl
[1.770s] -- Up-to-date symlink: /home/aims_xavier/XAiMs/XAiMS_ws/install/two_wheeled_robot/share/two_wheeled_robot/meshes/column_7_1.stl
[1.941s] -- Up-to-date symlink: /home/aims_xavier/XAiMs/XAiMS_ws/install/two_wheeled_robot/share/two_wheeled_robot/meshes/column_8_1.stl
[1.944s] -- Up-to-date symlink: /home/aims_xavier/XAiMs/XAiMS_ws/install/two_wheeled_robot/share/two_wheeled_robot/meshes/left_motor_1.stl
[1.962s] -- Up-to-date symlink: /home/aims_xavier/XAiMs/XAiMS_ws/install/two_wheeled_robot/share/two_wheeled_robot/meshes/left_wheel_1.stl
[1.969s] -- Up-to-date symlink: /home/aims_xavier/XAiMs/XAiMS_ws/install/two_wheeled_robot/share/two_wheeled_robot/meshes/lidar_link_1.stl
[1.993s] -- Up-to-date symlink: /home/aims_xavier/XAiMs/XAiMS_ws/install/two_wheeled_robot/share/two_wheeled_robot/meshes/right_motor_1.stl
[2.005s] -- Up-to-date symlink: /home/aims_xavier/XAiMs/XAiMS_ws/install/two_wheeled_robot/share/two_wheeled_robot/meshes/right_wheel_1.stl
[2.006s] -- Up-to-date symlink: /home/aims_xavier/XAiMs/XAiMS_ws/install/two_wheeled_robot/share/two_wheeled_robot/meshes/sup_wheel_1_1.stl
[2.012s] -- Up-to-date symlink: /home/aims_xavier/XAiMs/XAiMS_ws/install/two_wheeled_robot/share/two_wheeled_robot/meshes/sup_wheel_2_1.stl
[2.012s] -- Up-to-date symlink: /home/aims_xavier/XAiMs/XAiMS_ws/install/two_wheeled_robot/share/two_wheeled_robot/meshes/sup_wheel_3_1.stl
[2.013s] -- Up-to-date symlink: /home/aims_xavier/XAiMs/XAiMS_ws/install/two_wheeled_robot/share/two_wheeled_robot/meshes/sup_wheel_4_1.stl
[2.015s] -- Up-to-date symlink: /home/aims_xavier/XAiMs/XAiMS_ws/install/two_wheeled_robot/share/two_wheeled_robot/rviz/rviz_basic_settings.rviz
[2.026s] -- Up-to-date symlink: /home/aims_xavier/XAiMs/XAiMS_ws/install/two_wheeled_robot/share/two_wheeled_robot/urdf/XiAMS_V1.gazebo
[2.026s] -- Up-to-date symlink: /home/aims_xavier/XAiMs/XAiMS_ws/install/two_wheeled_robot/share/two_wheeled_robot/urdf/XiAMS_V1.trans
[2.027s] -- Up-to-date symlink: /home/aims_xavier/XAiMs/XAiMS_ws/install/two_wheeled_robot/share/two_wheeled_robot/urdf/XiAMS_V1.urdf
[2.027s] -- Up-to-date symlink: /home/aims_xavier/XAiMs/XAiMS_ws/install/two_wheeled_robot/share/two_wheeled_robot/urdf/XiAMS_V1.xacro
[2.028s] -- Up-to-date symlink: /home/aims_xavier/XAiMs/XAiMS_ws/install/two_wheeled_robot/share/two_wheeled_robot/urdf/materials.xacro
[2.028s] -- Up-to-date symlink: /home/aims_xavier/XAiMs/XAiMS_ws/install/two_wheeled_robot/share/ament_index/resource_index/package_run_dependencies/two_wheeled_robot
[2.030s] -- Up-to-date symlink: /home/aims_xavier/XAiMs/XAiMS_ws/install/two_wheeled_robot/share/ament_index/resource_index/parent_prefix_path/two_wheeled_robot
[2.030s] -- Up-to-date symlink: /home/aims_xavier/XAiMs/XAiMS_ws/install/two_wheeled_robot/share/two_wheeled_robot/environment/ament_prefix_path.sh
[2.031s] -- Up-to-date symlink: /home/aims_xavier/XAiMs/XAiMS_ws/install/two_wheeled_robot/share/two_wheeled_robot/environment/ament_prefix_path.dsv
[2.031s] -- Up-to-date symlink: /home/aims_xavier/XAiMs/XAiMS_ws/install/two_wheeled_robot/share/two_wheeled_robot/environment/path.sh
[2.031s] -- Up-to-date symlink: /home/aims_xavier/XAiMs/XAiMS_ws/install/two_wheeled_robot/share/two_wheeled_robot/environment/path.dsv
[2.032s] -- Up-to-date symlink: /home/aims_xavier/XAiMs/XAiMS_ws/install/two_wheeled_robot/share/two_wheeled_robot/local_setup.bash
[2.032s] -- Up-to-date symlink: /home/aims_xavier/XAiMs/XAiMS_ws/install/two_wheeled_robot/share/two_wheeled_robot/local_setup.sh
[2.033s] -- Up-to-date symlink: /home/aims_xavier/XAiMs/XAiMS_ws/install/two_wheeled_robot/share/two_wheeled_robot/local_setup.zsh
[2.034s] -- Up-to-date symlink: /home/aims_xavier/XAiMs/XAiMS_ws/install/two_wheeled_robot/share/two_wheeled_robot/local_setup.dsv
[2.035s] -- Symlinking: /home/aims_xavier/XAiMs/XAiMS_ws/install/two_wheeled_robot/share/two_wheeled_robot/package.dsv
[2.117s] -- Up-to-date symlink: /home/aims_xavier/XAiMs/XAiMS_ws/install/two_wheeled_robot/share/ament_index/resource_index/packages/two_wheeled_robot
[2.122s] -- Up-to-date symlink: /home/aims_xavier/XAiMs/XAiMS_ws/install/two_wheeled_robot/share/two_wheeled_robot/cmake/two_wheeled_robotConfig.cmake
[2.132s] -- Up-to-date symlink: /home/aims_xavier/XAiMs/XAiMS_ws/install/two_wheeled_robot/share/two_wheeled_robot/cmake/two_wheeled_robotConfig-version.cmake
[2.136s] -- Up-to-date symlink: /home/aims_xavier/XAiMs/XAiMS_ws/install/two_wheeled_robot/share/two_wheeled_robot/package.xml
[2.692s] Invoked command in '/home/aims_xavier/XAiMs/XAiMS_ws/build/two_wheeled_robot' returned '0': CMAKE_PREFIX_PATH=${CMAKE_PREFIX_PATH}:/home/aims_xavier/XAiMs/XAiMS_ws/install/bno055:/opt/ros/foxy /usr/bin/cmake --install /home/aims_xavier/XAiMs/XAiMS_ws/build/two_wheeled_robot
