Performing C SOURCE FILE Test CMAKE_HAVE_LIBC_PTHREAD failed with the following output:
Change Dir: /home/aims_xavier/XAiMs/XAiMS_ws/build/imu_bno055/CMakeFiles/CMakeTmp

Run Build Command(s):/usr/bin/make cmTC_e5cbd/fast && /usr/bin/make -f CMakeFiles/cmTC_e5cbd.dir/build.make CMakeFiles/cmTC_e5cbd.dir/build
make[1]: Entering directory '/home/aims_xavier/XAiMs/XAiMS_ws/build/imu_bno055/CMakeFiles/CMakeTmp'
Building C object CMakeFiles/cmTC_e5cbd.dir/src.c.o
/usr/bin/cc   -DCMAKE_HAVE_LIBC_PTHREAD   -o CMakeFiles/cmTC_e5cbd.dir/src.c.o   -c /home/aims_xavier/XAiMs/XAiMS_ws/build/imu_bno055/CMakeFiles/CMakeTmp/src.c
Linking C executable cmTC_e5cbd
/usr/bin/cmake -E cmake_link_script CMakeFiles/cmTC_e5cbd.dir/link.txt --verbose=1
/usr/bin/cc  -DCMAKE_HAVE_LIBC_PTHREAD    CMakeFiles/cmTC_e5cbd.dir/src.c.o  -o cmTC_e5cbd 
/usr/bin/ld: CMakeFiles/cmTC_e5cbd.dir/src.c.o: in function `main':
src.c:(.text+0x48): undefined reference to `pthread_create'
/usr/bin/ld: src.c:(.text+0x50): undefined reference to `pthread_detach'
/usr/bin/ld: src.c:(.text+0x5c): undefined reference to `pthread_join'
collect2: error: ld returned 1 exit status
make[1]: *** [CMakeFiles/cmTC_e5cbd.dir/build.make:87: cmTC_e5cbd] Error 1
make[1]: Leaving directory '/home/aims_xavier/XAiMs/XAiMS_ws/build/imu_bno055/CMakeFiles/CMakeTmp'
make: *** [Makefile:121: cmTC_e5cbd/fast] Error 2


Source file was:
#include <pthread.h>

void* test_func(void* data)
{
  return data;
}

int main(void)
{
  pthread_t thread;
  pthread_create(&thread, NULL, test_func, NULL);
  pthread_detach(thread);
  pthread_join(thread, NULL);
  pthread_atfork(NULL, NULL, NULL);
  pthread_exit(NULL);

  return 0;
}

Determining if the function pthread_create exists in the pthreads failed with the following output:
Change Dir: /home/aims_xavier/XAiMs/XAiMS_ws/build/imu_bno055/CMakeFiles/CMakeTmp

Run Build Command(s):/usr/bin/make cmTC_6dfcb/fast && /usr/bin/make -f CMakeFiles/cmTC_6dfcb.dir/build.make CMakeFiles/cmTC_6dfcb.dir/build
make[1]: Entering directory '/home/aims_xavier/XAiMs/XAiMS_ws/build/imu_bno055/CMakeFiles/CMakeTmp'
Building C object CMakeFiles/cmTC_6dfcb.dir/CheckFunctionExists.c.o
/usr/bin/cc   -DCHECK_FUNCTION_EXISTS=pthread_create   -o CMakeFiles/cmTC_6dfcb.dir/CheckFunctionExists.c.o   -c /usr/share/cmake-3.16/Modules/CheckFunctionExists.c
Linking C executable cmTC_6dfcb
/usr/bin/cmake -E cmake_link_script CMakeFiles/cmTC_6dfcb.dir/link.txt --verbose=1
/usr/bin/cc  -DCHECK_FUNCTION_EXISTS=pthread_create    CMakeFiles/cmTC_6dfcb.dir/CheckFunctionExists.c.o  -o cmTC_6dfcb  -lpthreads 
/usr/bin/ld: cannot find -lpthreads
collect2: error: ld returned 1 exit status
make[1]: *** [CMakeFiles/cmTC_6dfcb.dir/build.make:87: cmTC_6dfcb] Error 1
make[1]: Leaving directory '/home/aims_xavier/XAiMs/XAiMS_ws/build/imu_bno055/CMakeFiles/CMakeTmp'
make: *** [Makefile:121: cmTC_6dfcb/fast] Error 2



