-- Found ament_cmake: 0.9.12 (/opt/ros/foxy/share/ament_cmake/cmake)
-- Using PYTHON_EXECUTABLE: /usr/bin/python3
-- Override CMake install command with custom implementation using symlinks instead of copying resources
-- Found ament_lint_auto: 0.9.8 (/opt/ros/foxy/share/ament_lint_auto/cmake)
-- Added test 'copyright' to check source files copyright and LICENSE
-- Added test 'flake8' to check Python code syntax and style conventions
-- Added test 'lint_cmake' to check CMake code style
-- Added test 'pep257' to check Python code against some of the style conventions in PEP 257
-- Added test 'xmllint' to check XML markup files
-- Configuring done
-- Generating done
-- Build files have been written to: /home/aims_xavier/XAiMs/XAiMS_ws/build/two_wheeled_robot
-- Install configuration: ""
-- Execute custom install script
-- Symlinking: /home/aims_xavier/XAiMs/XAiMS_ws/install/two_wheeled_robot/share/two_wheeled_robot/launch/launch1.py
-- Up-to-date symlink: /home/aims_xavier/XAiMs/XAiMS_ws/install/two_wheeled_robot/share/two_wheeled_robot/launch/xaims_rviz.launch.py
-- Up-to-date symlink: /home/aims_xavier/XAiMs/XAiMS_ws/install/two_wheeled_robot/share/two_wheeled_robot/meshes/base_link.stl
-- Up-to-date symlink: /home/aims_xavier/XAiMs/XAiMS_ws/install/two_wheeled_robot/share/two_wheeled_robot/meshes/base_link2_1.stl
-- Up-to-date symlink: /home/aims_xavier/XAiMs/XAiMS_ws/install/two_wheeled_robot/share/two_wheeled_robot/meshes/base_link3_1.stl
-- Up-to-date symlink: /home/aims_xavier/XAiMs/XAiMS_ws/install/two_wheeled_robot/share/two_wheeled_robot/meshes/column_1_1.stl
-- Up-to-date symlink: /home/aims_xavier/XAiMs/XAiMS_ws/install/two_wheeled_robot/share/two_wheeled_robot/meshes/column_2_1.stl
-- Up-to-date symlink: /home/aims_xavier/XAiMs/XAiMS_ws/install/two_wheeled_robot/share/two_wheeled_robot/meshes/column_3_1.stl
-- Up-to-date symlink: /home/aims_xavier/XAiMs/XAiMS_ws/install/two_wheeled_robot/share/two_wheeled_robot/meshes/column_4_1.stl
-- Up-to-date symlink: /home/aims_xavier/XAiMs/XAiMS_ws/install/two_wheeled_robot/share/two_wheeled_robot/meshes/column_5_1.stl
-- Up-to-date symlink: /home/aims_xavier/XAiMs/XAiMS_ws/install/two_wheeled_robot/share/two_wheeled_robot/meshes/column_6_1.stl
-- Up-to-date symlink: /home/aims_xavier/XAiMs/XAiMS_ws/install/two_wheeled_robot/share/two_wheeled_robot/meshes/column_7_1.stl
-- Up-to-date symlink: /home/aims_xavier/XAiMs/XAiMS_ws/install/two_wheeled_robot/share/two_wheeled_robot/meshes/column_8_1.stl
-- Up-to-date symlink: /home/aims_xavier/XAiMs/XAiMS_ws/install/two_wheeled_robot/share/two_wheeled_robot/meshes/left_motor_1.stl
-- Up-to-date symlink: /home/aims_xavier/XAiMs/XAiMS_ws/install/two_wheeled_robot/share/two_wheeled_robot/meshes/left_wheel_1.stl
-- Up-to-date symlink: /home/aims_xavier/XAiMs/XAiMS_ws/install/two_wheeled_robot/share/two_wheeled_robot/meshes/lidar_link_1.stl
-- Up-to-date symlink: /home/aims_xavier/XAiMs/XAiMS_ws/install/two_wheeled_robot/share/two_wheeled_robot/meshes/right_motor_1.stl
-- Up-to-date symlink: /home/aims_xavier/XAiMs/XAiMS_ws/install/two_wheeled_robot/share/two_wheeled_robot/meshes/right_wheel_1.stl
-- Up-to-date symlink: /home/aims_xavier/XAiMs/XAiMS_ws/install/two_wheeled_robot/share/two_wheeled_robot/meshes/sup_wheel_1_1.stl
-- Up-to-date symlink: /home/aims_xavier/XAiMs/XAiMS_ws/install/two_wheeled_robot/share/two_wheeled_robot/meshes/sup_wheel_2_1.stl
-- Up-to-date symlink: /home/aims_xavier/XAiMs/XAiMS_ws/install/two_wheeled_robot/share/two_wheeled_robot/meshes/sup_wheel_3_1.stl
-- Up-to-date symlink: /home/aims_xavier/XAiMs/XAiMS_ws/install/two_wheeled_robot/share/two_wheeled_robot/meshes/sup_wheel_4_1.stl
-- Up-to-date symlink: /home/aims_xavier/XAiMs/XAiMS_ws/install/two_wheeled_robot/share/two_wheeled_robot/rviz/rviz_basic_settings.rviz
-- Up-to-date symlink: /home/aims_xavier/XAiMs/XAiMS_ws/install/two_wheeled_robot/share/two_wheeled_robot/urdf/XiAMS_V1.gazebo
-- Up-to-date symlink: /home/aims_xavier/XAiMs/XAiMS_ws/install/two_wheeled_robot/share/two_wheeled_robot/urdf/XiAMS_V1.trans
-- Up-to-date symlink: /home/aims_xavier/XAiMs/XAiMS_ws/install/two_wheeled_robot/share/two_wheeled_robot/urdf/XiAMS_V1.urdf
-- Up-to-date symlink: /home/aims_xavier/XAiMs/XAiMS_ws/install/two_wheeled_robot/share/two_wheeled_robot/urdf/XiAMS_V1.xacro
-- Up-to-date symlink: /home/aims_xavier/XAiMs/XAiMS_ws/install/two_wheeled_robot/share/two_wheeled_robot/urdf/materials.xacro
-- Up-to-date symlink: /home/aims_xavier/XAiMs/XAiMS_ws/install/two_wheeled_robot/share/ament_index/resource_index/package_run_dependencies/two_wheeled_robot
-- Up-to-date symlink: /home/aims_xavier/XAiMs/XAiMS_ws/install/two_wheeled_robot/share/ament_index/resource_index/parent_prefix_path/two_wheeled_robot
-- Up-to-date symlink: /home/aims_xavier/XAiMs/XAiMS_ws/install/two_wheeled_robot/share/two_wheeled_robot/environment/ament_prefix_path.sh
-- Up-to-date symlink: /home/aims_xavier/XAiMs/XAiMS_ws/install/two_wheeled_robot/share/two_wheeled_robot/environment/ament_prefix_path.dsv
-- Up-to-date symlink: /home/aims_xavier/XAiMs/XAiMS_ws/install/two_wheeled_robot/share/two_wheeled_robot/environment/path.sh
-- Up-to-date symlink: /home/aims_xavier/XAiMs/XAiMS_ws/install/two_wheeled_robot/share/two_wheeled_robot/environment/path.dsv
-- Up-to-date symlink: /home/aims_xavier/XAiMs/XAiMS_ws/install/two_wheeled_robot/share/two_wheeled_robot/local_setup.bash
-- Up-to-date symlink: /home/aims_xavier/XAiMs/XAiMS_ws/install/two_wheeled_robot/share/two_wheeled_robot/local_setup.sh
-- Up-to-date symlink: /home/aims_xavier/XAiMs/XAiMS_ws/install/two_wheeled_robot/share/two_wheeled_robot/local_setup.zsh
-- Up-to-date symlink: /home/aims_xavier/XAiMs/XAiMS_ws/install/two_wheeled_robot/share/two_wheeled_robot/local_setup.dsv
-- Symlinking: /home/aims_xavier/XAiMs/XAiMS_ws/install/two_wheeled_robot/share/two_wheeled_robot/package.dsv
-- Up-to-date symlink: /home/aims_xavier/XAiMs/XAiMS_ws/install/two_wheeled_robot/share/ament_index/resource_index/packages/two_wheeled_robot
-- Up-to-date symlink: /home/aims_xavier/XAiMs/XAiMS_ws/install/two_wheeled_robot/share/two_wheeled_robot/cmake/two_wheeled_robotConfig.cmake
-- Up-to-date symlink: /home/aims_xavier/XAiMs/XAiMS_ws/install/two_wheeled_robot/share/two_wheeled_robot/cmake/two_wheeled_robotConfig-version.cmake
-- Up-to-date symlink: /home/aims_xavier/XAiMs/XAiMS_ws/install/two_wheeled_robot/share/two_wheeled_robot/package.xml
