[4.859s] Invoking command in '/home/aims_xavier/XAiMs/XAiMS_ws/src/bno055': PYTHONPATH=/home/aims_xavier/XAiMs/XAiMS_ws/build/bno055/prefix_override:/usr/lib/python3/dist-packages/colcon_core/task/python/colcon_distutils_commands:/home/aims_xavier/XAiMs/XAiMS_ws/install/bno055/lib/python3.8/site-packages:${PYTHONPATH} /usr/bin/python3 -W ignore:setup.py install is deprecated setup.py egg_info --egg-base ../../build/bno055 build --build-base /home/aims_xavier/XAiMs/XAiMS_ws/build/bno055/build install --record /home/aims_xavier/XAiMs/XAiMS_ws/build/bno055/install.log --single-version-externally-managed install_data
[5.997s] running egg_info
[6.000s] creating ../../build/bno055/bno055.egg-info
[6.001s] writing ../../build/bno055/bno055.egg-info/PKG-INFO
[6.003s] writing dependency_links to ../../build/bno055/bno055.egg-info/dependency_links.txt
[6.004s] writing entry points to ../../build/bno055/bno055.egg-info/entry_points.txt
[6.005s] writing requirements to ../../build/bno055/bno055.egg-info/requires.txt
[6.005s] writing top-level names to ../../build/bno055/bno055.egg-info/top_level.txt
[6.154s] writing manifest file '../../build/bno055/bno055.egg-info/SOURCES.txt'
[6.364s] reading manifest file '../../build/bno055/bno055.egg-info/SOURCES.txt'
[6.369s] writing manifest file '../../build/bno055/bno055.egg-info/SOURCES.txt'
[6.370s] running build
[6.371s] running build_py
[6.373s] creating /home/aims_xavier/XAiMs/XAiMS_ws/build/bno055/build
[6.375s] creating /home/aims_xavier/XAiMs/XAiMS_ws/build/bno055/build/lib
[6.375s] creating /home/aims_xavier/XAiMs/XAiMS_ws/build/bno055/build/lib/bno055
[6.375s] copying bno055/__init__.py -> /home/aims_xavier/XAiMs/XAiMS_ws/build/bno055/build/lib/bno055
[6.488s] copying bno055/bno055.py -> /home/aims_xavier/XAiMs/XAiMS_ws/build/bno055/build/lib/bno055
[6.491s] copying bno055/registers.py -> /home/aims_xavier/XAiMs/XAiMS_ws/build/bno055/build/lib/bno055
[6.493s] creating /home/aims_xavier/XAiMs/XAiMS_ws/build/bno055/build/lib/bno055/params
[6.494s] copying bno055/params/NodeParameters.py -> /home/aims_xavier/XAiMs/XAiMS_ws/build/bno055/build/lib/bno055/params
[6.495s] copying bno055/params/__init__.py -> /home/aims_xavier/XAiMs/XAiMS_ws/build/bno055/build/lib/bno055/params
[6.497s] creating /home/aims_xavier/XAiMs/XAiMS_ws/build/bno055/build/lib/bno055/sensor
[6.497s] copying bno055/sensor/__init__.py -> /home/aims_xavier/XAiMs/XAiMS_ws/build/bno055/build/lib/bno055/sensor
[6.498s] copying bno055/sensor/SensorService.py -> /home/aims_xavier/XAiMs/XAiMS_ws/build/bno055/build/lib/bno055/sensor
[6.500s] creating /home/aims_xavier/XAiMs/XAiMS_ws/build/bno055/build/lib/bno055/error_handling
[6.501s] copying bno055/error_handling/exceptions.py -> /home/aims_xavier/XAiMs/XAiMS_ws/build/bno055/build/lib/bno055/error_handling
[6.507s] copying bno055/error_handling/__init__.py -> /home/aims_xavier/XAiMs/XAiMS_ws/build/bno055/build/lib/bno055/error_handling
[6.507s] creating /home/aims_xavier/XAiMs/XAiMS_ws/build/bno055/build/lib/bno055/connectors
[6.508s] copying bno055/connectors/i2c.py -> /home/aims_xavier/XAiMs/XAiMS_ws/build/bno055/build/lib/bno055/connectors
[6.509s] copying bno055/connectors/uart.py -> /home/aims_xavier/XAiMs/XAiMS_ws/build/bno055/build/lib/bno055/connectors
[6.510s] copying bno055/connectors/Connector.py -> /home/aims_xavier/XAiMs/XAiMS_ws/build/bno055/build/lib/bno055/connectors
[6.515s] copying bno055/connectors/__init__.py -> /home/aims_xavier/XAiMs/XAiMS_ws/build/bno055/build/lib/bno055/connectors
[6.515s] running install
[6.516s] running install_lib
[6.532s] creating /home/aims_xavier/XAiMs/XAiMS_ws/install/bno055/lib/python3.8/site-packages/bno055
[6.532s] creating /home/aims_xavier/XAiMs/XAiMS_ws/install/bno055/lib/python3.8/site-packages/bno055/params
[6.532s] copying /home/aims_xavier/XAiMs/XAiMS_ws/build/bno055/build/lib/bno055/params/NodeParameters.py -> /home/aims_xavier/XAiMs/XAiMS_ws/install/bno055/lib/python3.8/site-packages/bno055/params
[6.533s] copying /home/aims_xavier/XAiMs/XAiMS_ws/build/bno055/build/lib/bno055/params/__init__.py -> /home/aims_xavier/XAiMs/XAiMS_ws/install/bno055/lib/python3.8/site-packages/bno055/params
[6.533s] creating /home/aims_xavier/XAiMs/XAiMS_ws/install/bno055/lib/python3.8/site-packages/bno055/sensor
[6.533s] copying /home/aims_xavier/XAiMs/XAiMS_ws/build/bno055/build/lib/bno055/sensor/__init__.py -> /home/aims_xavier/XAiMs/XAiMS_ws/install/bno055/lib/python3.8/site-packages/bno055/sensor
[6.534s] copying /home/aims_xavier/XAiMs/XAiMS_ws/build/bno055/build/lib/bno055/sensor/SensorService.py -> /home/aims_xavier/XAiMs/XAiMS_ws/install/bno055/lib/python3.8/site-packages/bno055/sensor
[6.535s] copying /home/aims_xavier/XAiMs/XAiMS_ws/build/bno055/build/lib/bno055/bno055.py -> /home/aims_xavier/XAiMs/XAiMS_ws/install/bno055/lib/python3.8/site-packages/bno055
[6.535s] creating /home/aims_xavier/XAiMs/XAiMS_ws/install/bno055/lib/python3.8/site-packages/bno055/error_handling
[6.535s] copying /home/aims_xavier/XAiMs/XAiMS_ws/build/bno055/build/lib/bno055/error_handling/exceptions.py -> /home/aims_xavier/XAiMs/XAiMS_ws/install/bno055/lib/python3.8/site-packages/bno055/error_handling
[6.536s] copying /home/aims_xavier/XAiMs/XAiMS_ws/build/bno055/build/lib/bno055/error_handling/__init__.py -> /home/aims_xavier/XAiMs/XAiMS_ws/install/bno055/lib/python3.8/site-packages/bno055/error_handling
[6.540s] copying /home/aims_xavier/XAiMs/XAiMS_ws/build/bno055/build/lib/bno055/registers.py -> /home/aims_xavier/XAiMs/XAiMS_ws/install/bno055/lib/python3.8/site-packages/bno055
[6.541s] copying /home/aims_xavier/XAiMs/XAiMS_ws/build/bno055/build/lib/bno055/__init__.py -> /home/aims_xavier/XAiMs/XAiMS_ws/install/bno055/lib/python3.8/site-packages/bno055
[6.541s] creating /home/aims_xavier/XAiMs/XAiMS_ws/install/bno055/lib/python3.8/site-packages/bno055/connectors
[6.541s] copying /home/aims_xavier/XAiMs/XAiMS_ws/build/bno055/build/lib/bno055/connectors/i2c.py -> /home/aims_xavier/XAiMs/XAiMS_ws/install/bno055/lib/python3.8/site-packages/bno055/connectors
[6.542s] copying /home/aims_xavier/XAiMs/XAiMS_ws/build/bno055/build/lib/bno055/connectors/uart.py -> /home/aims_xavier/XAiMs/XAiMS_ws/install/bno055/lib/python3.8/site-packages/bno055/connectors
[6.542s] copying /home/aims_xavier/XAiMs/XAiMS_ws/build/bno055/build/lib/bno055/connectors/Connector.py -> /home/aims_xavier/XAiMs/XAiMS_ws/install/bno055/lib/python3.8/site-packages/bno055/connectors
[6.543s] copying /home/aims_xavier/XAiMs/XAiMS_ws/build/bno055/build/lib/bno055/connectors/__init__.py -> /home/aims_xavier/XAiMs/XAiMS_ws/install/bno055/lib/python3.8/site-packages/bno055/connectors
[6.543s] byte-compiling /home/aims_xavier/XAiMs/XAiMS_ws/install/bno055/lib/python3.8/site-packages/bno055/params/NodeParameters.py to NodeParameters.cpython-38.pyc
[6.548s] byte-compiling /home/aims_xavier/XAiMs/XAiMS_ws/install/bno055/lib/python3.8/site-packages/bno055/params/__init__.py to __init__.cpython-38.pyc
[6.548s] byte-compiling /home/aims_xavier/XAiMs/XAiMS_ws/install/bno055/lib/python3.8/site-packages/bno055/sensor/__init__.py to __init__.cpython-38.pyc
[6.549s] byte-compiling /home/aims_xavier/XAiMs/XAiMS_ws/install/bno055/lib/python3.8/site-packages/bno055/sensor/SensorService.py to SensorService.cpython-38.pyc
[6.560s] byte-compiling /home/aims_xavier/XAiMs/XAiMS_ws/install/bno055/lib/python3.8/site-packages/bno055/bno055.py to bno055.cpython-38.pyc
[6.563s] byte-compiling /home/aims_xavier/XAiMs/XAiMS_ws/install/bno055/lib/python3.8/site-packages/bno055/error_handling/exceptions.py to exceptions.cpython-38.pyc
[6.564s] byte-compiling /home/aims_xavier/XAiMs/XAiMS_ws/install/bno055/lib/python3.8/site-packages/bno055/error_handling/__init__.py to __init__.cpython-38.pyc
[6.565s] byte-compiling /home/aims_xavier/XAiMs/XAiMS_ws/install/bno055/lib/python3.8/site-packages/bno055/registers.py to registers.cpython-38.pyc
[6.567s] byte-compiling /home/aims_xavier/XAiMs/XAiMS_ws/install/bno055/lib/python3.8/site-packages/bno055/__init__.py to __init__.cpython-38.pyc
[6.568s] byte-compiling /home/aims_xavier/XAiMs/XAiMS_ws/install/bno055/lib/python3.8/site-packages/bno055/connectors/i2c.py to i2c.cpython-38.pyc
[6.570s] byte-compiling /home/aims_xavier/XAiMs/XAiMS_ws/install/bno055/lib/python3.8/site-packages/bno055/connectors/uart.py to uart.cpython-38.pyc
[6.573s] byte-compiling /home/aims_xavier/XAiMs/XAiMS_ws/install/bno055/lib/python3.8/site-packages/bno055/connectors/Connector.py to Connector.cpython-38.pyc
[6.575s] byte-compiling /home/aims_xavier/XAiMs/XAiMS_ws/install/bno055/lib/python3.8/site-packages/bno055/connectors/__init__.py to __init__.cpython-38.pyc
[6.582s] running install_data
[6.582s] creating /home/aims_xavier/XAiMs/XAiMS_ws/install/bno055/share/ament_index
[6.583s] creating /home/aims_xavier/XAiMs/XAiMS_ws/install/bno055/share/ament_index/resource_index
[6.583s] creating /home/aims_xavier/XAiMs/XAiMS_ws/install/bno055/share/ament_index/resource_index/packages
[6.584s] copying resource/bno055 -> /home/aims_xavier/XAiMs/XAiMS_ws/install/bno055/share/ament_index/resource_index/packages
[6.584s] copying package.xml -> /home/aims_xavier/XAiMs/XAiMS_ws/install/bno055/share/bno055
[6.585s] creating /home/aims_xavier/XAiMs/XAiMS_ws/install/bno055/share/bno055/launch
[6.585s] copying launch/bno055.launch.py -> /home/aims_xavier/XAiMs/XAiMS_ws/install/bno055/share/bno055/launch
[6.673s] creating /home/aims_xavier/XAiMs/XAiMS_ws/install/bno055/share/bno055/config
[6.674s] copying bno055/params/bno055_params_test.yaml -> /home/aims_xavier/XAiMs/XAiMS_ws/install/bno055/share/bno055/config
[6.675s] copying bno055/params/bno055_params.yaml -> /home/aims_xavier/XAiMs/XAiMS_ws/install/bno055/share/bno055/config
[6.676s] copying bno055/params/bno055_params_i2c.yaml -> /home/aims_xavier/XAiMs/XAiMS_ws/install/bno055/share/bno055/config
[6.676s] running install_egg_info
[6.682s] Copying ../../build/bno055/bno055.egg-info to /home/aims_xavier/XAiMs/XAiMS_ws/install/bno055/lib/python3.8/site-packages/bno055-0.5.0-py3.8.egg-info
[6.687s] running install_scripts
[6.756s] Installing bno055 script to /home/aims_xavier/XAiMs/XAiMS_ws/install/bno055/lib/bno055
[6.759s] writing list of installed files to '/home/aims_xavier/XAiMs/XAiMS_ws/build/bno055/install.log'
[6.850s] Invoked command in '/home/aims_xavier/XAiMs/XAiMS_ws/src/bno055' returned '0': PYTHONPATH=/home/aims_xavier/XAiMs/XAiMS_ws/build/bno055/prefix_override:/usr/lib/python3/dist-packages/colcon_core/task/python/colcon_distutils_commands:/home/aims_xavier/XAiMs/XAiMS_ws/install/bno055/lib/python3.8/site-packages:${PYTHONPATH} /usr/bin/python3 -W ignore:setup.py install is deprecated setup.py egg_info --egg-base ../../build/bno055 build --build-base /home/aims_xavier/XAiMs/XAiMS_ws/build/bno055/build install --record /home/aims_xavier/XAiMs/XAiMS_ws/build/bno055/install.log --single-version-externally-managed install_data
