[0.014s] Invoking command in '/home/aimsrog/XAiMs/XAiMS_ws/build/xaims_localization': CMAKE_PREFIX_PATH=${CMAKE_PREFIX_PATH}:/home/aimsrog/turtlebot3_ws/install/turtlebot3_teleop:/home/aimsrog/turtlebot3_ws/install/turtlebot3_example:/opt/ros/humble /usr/bin/cmake --build /home/aimsrog/XAiMs/XAiMS_ws/build/xaims_localization -- -j16 -l16
[0.079s] [ 75%] [32mBuilding CXX object CMakeFiles/ekf_odom_pub.dir/src/ekf_odom_pub.cpp.o[0m
[0.079s] [ 75%] Built target rviz_click_to_2d
[8.098s] [100%] [32m[1mLinking CXX executable ekf_odom_pub[0m
[8.526s] [100%] Built target ekf_odom_pub
[8.538s] Invoked command in '/home/aimsrog/XAiMs/XAiMS_ws/build/xaims_localization' returned '0': CMAKE_PREFIX_PATH=${CMAKE_PREFIX_PATH}:/home/aimsrog/turtlebot3_ws/install/turtlebot3_teleop:/home/aimsrog/turtlebot3_ws/install/turtlebot3_example:/opt/ros/humble /usr/bin/cmake --build /home/aimsrog/XAiMs/XAiMS_ws/build/xaims_localization -- -j16 -l16
[8.592s] Invoking command in '/home/aimsrog/XAiMs/XAiMS_ws/build/xaims_localization': CMAKE_PREFIX_PATH=${CMAKE_PREFIX_PATH}:/home/aimsrog/turtlebot3_ws/install/turtlebot3_teleop:/home/aimsrog/turtlebot3_ws/install/turtlebot3_example:/opt/ros/humble /usr/bin/cmake --install /home/aimsrog/XAiMs/XAiMS_ws/build/xaims_localization
[8.600s] -- Install configuration: ""
[8.601s] -- Execute custom install script
[8.601s] -- Up-to-date symlink: /home/aimsrog/XAiMs/XAiMS_ws/install/xaims_localization/lib/xaims_localization/rviz_click_to_2d
[8.601s] -- Up-to-date symlink: /home/aimsrog/XAiMs/XAiMS_ws/install/xaims_localization/lib/xaims_localization/ekf_odom_pub
[8.602s] -- Up-to-date symlink: /home/aimsrog/XAiMs/XAiMS_ws/install/xaims_localization/share/ament_index/resource_index/package_run_dependencies/xaims_localization
[8.602s] -- Up-to-date symlink: /home/aimsrog/XAiMs/XAiMS_ws/install/xaims_localization/share/ament_index/resource_index/parent_prefix_path/xaims_localization
[8.602s] -- Up-to-date symlink: /home/aimsrog/XAiMs/XAiMS_ws/install/xaims_localization/share/xaims_localization/environment/ament_prefix_path.sh
[8.602s] -- Up-to-date symlink: /home/aimsrog/XAiMs/XAiMS_ws/install/xaims_localization/share/xaims_localization/environment/ament_prefix_path.dsv
[8.602s] -- Up-to-date symlink: /home/aimsrog/XAiMs/XAiMS_ws/install/xaims_localization/share/xaims_localization/environment/path.sh
[8.602s] -- Up-to-date symlink: /home/aimsrog/XAiMs/XAiMS_ws/install/xaims_localization/share/xaims_localization/environment/path.dsv
[8.602s] -- Up-to-date symlink: /home/aimsrog/XAiMs/XAiMS_ws/install/xaims_localization/share/xaims_localization/local_setup.bash
[8.602s] -- Up-to-date symlink: /home/aimsrog/XAiMs/XAiMS_ws/install/xaims_localization/share/xaims_localization/local_setup.sh
[8.603s] -- Up-to-date symlink: /home/aimsrog/XAiMs/XAiMS_ws/install/xaims_localization/share/xaims_localization/local_setup.zsh
[8.603s] -- Up-to-date symlink: /home/aimsrog/XAiMs/XAiMS_ws/install/xaims_localization/share/xaims_localization/local_setup.dsv
[8.603s] -- Symlinking: /home/aimsrog/XAiMs/XAiMS_ws/install/xaims_localization/share/xaims_localization/package.dsv
[8.613s] -- Up-to-date symlink: /home/aimsrog/XAiMs/XAiMS_ws/install/xaims_localization/share/ament_index/resource_index/packages/xaims_localization
[8.613s] -- Up-to-date symlink: /home/aimsrog/XAiMs/XAiMS_ws/install/xaims_localization/share/xaims_localization/cmake/xaims_localizationConfig.cmake
[8.614s] -- Up-to-date symlink: /home/aimsrog/XAiMs/XAiMS_ws/install/xaims_localization/share/xaims_localization/cmake/xaims_localizationConfig-version.cmake
[8.614s] -- Up-to-date symlink: /home/aimsrog/XAiMs/XAiMS_ws/install/xaims_localization/share/xaims_localization/package.xml
[8.616s] Invoked command in '/home/aimsrog/XAiMs/XAiMS_ws/build/xaims_localization' returned '0': CMAKE_PREFIX_PATH=${CMAKE_PREFIX_PATH}:/home/aimsrog/turtlebot3_ws/install/turtlebot3_teleop:/home/aimsrog/turtlebot3_ws/install/turtlebot3_example:/opt/ros/humble /usr/bin/cmake --install /home/aimsrog/XAiMs/XAiMS_ws/build/xaims_localization
