[3.003s] Invoking command in '/home/aims_xavier/XAiMs/XAiMS_ws/src/bno055': PYTHONPATH=/home/aims_xavier/XAiMs/XAiMS_ws/build/bno055/prefix_override:/usr/lib/python3/dist-packages/colcon_core/task/python/colcon_distutils_commands:/home/aims_xavier/XAiMs/XAiMS_ws/install/bno055/lib/python3.8/site-packages:${PYTHONPATH} /usr/bin/python3 -W ignore:setup.py install is deprecated setup.py egg_info --egg-base ../../build/bno055 build --build-base /home/aims_xavier/XAiMs/XAiMS_ws/build/bno055/build install --record /home/aims_xavier/XAiMs/XAiMS_ws/build/bno055/install.log --single-version-externally-managed install_data
[3.863s] running egg_info
[3.865s] writing ../../build/bno055/bno055.egg-info/PKG-INFO
[3.872s] writing dependency_links to ../../build/bno055/bno055.egg-info/dependency_links.txt
[3.872s] writing entry points to ../../build/bno055/bno055.egg-info/entry_points.txt
[3.876s] writing requirements to ../../build/bno055/bno055.egg-info/requires.txt
[3.890s] writing top-level names to ../../build/bno055/bno055.egg-info/top_level.txt
[4.052s] reading manifest file '../../build/bno055/bno055.egg-info/SOURCES.txt'
[4.059s] writing manifest file '../../build/bno055/bno055.egg-info/SOURCES.txt'
[4.060s] running build
[4.061s] running build_py
[4.075s] running install
[4.081s] running install_lib
[4.096s] running install_data
[4.100s] running install_egg_info
[4.109s] removing '/home/aims_xavier/XAiMs/XAiMS_ws/install/bno055/lib/python3.8/site-packages/bno055-0.5.0-py3.8.egg-info' (and everything under it)
[4.112s] Copying ../../build/bno055/bno055.egg-info to /home/aims_xavier/XAiMs/XAiMS_ws/install/bno055/lib/python3.8/site-packages/bno055-0.5.0-py3.8.egg-info
[4.130s] running install_scripts
[4.260s] Installing bno055 script to /home/aims_xavier/XAiMs/XAiMS_ws/install/bno055/lib/bno055
[4.271s] writing list of installed files to '/home/aims_xavier/XAiMs/XAiMS_ws/build/bno055/install.log'
[4.379s] Invoked command in '/home/aims_xavier/XAiMs/XAiMS_ws/src/bno055' returned '0': PYTHONPATH=/home/aims_xavier/XAiMs/XAiMS_ws/build/bno055/prefix_override:/usr/lib/python3/dist-packages/colcon_core/task/python/colcon_distutils_commands:/home/aims_xavier/XAiMs/XAiMS_ws/install/bno055/lib/python3.8/site-packages:${PYTHONPATH} /usr/bin/python3 -W ignore:setup.py install is deprecated setup.py egg_info --egg-base ../../build/bno055 build --build-base /home/aims_xavier/XAiMs/XAiMS_ws/build/bno055/build install --record /home/aims_xavier/XAiMs/XAiMS_ws/build/bno055/install.log --single-version-externally-managed install_data
