[0.819s] DEBUG:colcon:Command line arguments: ['/usr/bin/colcon', 'build', '--symlink-install']
[0.820s] DEBUG:colcon:Parsed command line arguments: Namespace(allow_overriding=[], ament_cmake_args=None, base_paths=['.'], build_base='build', catkin_cmake_args=None, catkin_skip_building_tests=False, cmake_args=None, cmake_clean_cache=False, cmake_clean_first=False, cmake_force_configure=False, cmake_target=None, cmake_target_skip_unavailable=False, continue_on_error=False, event_handlers=None, executor='parallel', ignore_user_meta=False, install_base='install', log_base=None, log_level=None, main=<bound method BuildVerb.main of <colcon_core.verb.build.BuildVerb object at 0xffff96af9af0>>, merge_install=False, metas=['./colcon.meta'], packages_above=None, packages_above_and_dependencies=None, packages_above_depth=None, packages_end=None, packages_ignore=None, packages_ignore_regex=None, packages_select=None, packages_select_build_failed=False, packages_select_by_dep=None, packages_select_regex=None, packages_select_test_failures=False, packages_skip=None, packages_skip_build_finished=False, packages_skip_by_dep=None, packages_skip_regex=None, packages_skip_test_passed=False, packages_skip_up_to=None, packages_start=None, packages_up_to=None, packages_up_to_regex=None, parallel_workers=4, paths=None, symlink_install=True, test_result_base=None, verb_extension=<colcon_core.verb.build.BuildVerb object at 0xffff96af9af0>, verb_name='build', verb_parser=<colcon_defaults.argument_parser.defaults.DefaultArgumentsDecorator object at 0xffff969bfcd0>)
[1.536s] Level 1:colcon.colcon_core.package_discovery:discover_packages(colcon_meta) check parameters
[1.537s] Level 1:colcon.colcon_core.package_discovery:discover_packages(recursive) check parameters
[1.679s] Level 1:colcon.colcon_core.package_discovery:discover_packages(ignore) check parameters
[1.679s] Level 1:colcon.colcon_core.package_discovery:discover_packages(path) check parameters
[1.680s] Level 1:colcon.colcon_core.package_discovery:discover_packages(colcon_meta) discover
[1.680s] Level 1:colcon.colcon_core.package_discovery:discover_packages(recursive) discover
[1.680s] INFO:colcon.colcon_core.package_discovery:Crawling recursively for packages in '/home/aims_xavier/XAiMs/XAiMS_ws'
[1.681s] Level 1:colcon.colcon_core.package_identification:_identify(.) by extensions ['ignore', 'ignore_ament_install']
[1.681s] Level 1:colcon.colcon_core.package_identification:_identify(.) by extension 'ignore'
[1.682s] Level 1:colcon.colcon_core.package_identification:_identify(.) by extension 'ignore_ament_install'
[1.682s] Level 1:colcon.colcon_core.package_identification:_identify(.) by extensions ['colcon_pkg']
[1.682s] Level 1:colcon.colcon_core.package_identification:_identify(.) by extension 'colcon_pkg'
[1.682s] Level 1:colcon.colcon_core.package_identification:_identify(.) by extensions ['colcon_meta']
[1.682s] Level 1:colcon.colcon_core.package_identification:_identify(.) by extension 'colcon_meta'
[1.682s] Level 1:colcon.colcon_core.package_identification:_identify(.) by extensions ['ros']
[1.682s] Level 1:colcon.colcon_core.package_identification:_identify(.) by extension 'ros'
[1.729s] Level 1:colcon.colcon_core.package_identification:_identify(.) by extensions ['cmake', 'python']
[1.730s] Level 1:colcon.colcon_core.package_identification:_identify(.) by extension 'cmake'
[1.730s] Level 1:colcon.colcon_core.package_identification:_identify(.) by extension 'python'
[1.730s] Level 1:colcon.colcon_core.package_identification:_identify(.) by extensions ['python_setup_py']
[1.730s] Level 1:colcon.colcon_core.package_identification:_identify(.) by extension 'python_setup_py'
[1.731s] Level 1:colcon.colcon_core.package_identification:_identify(build) by extensions ['ignore', 'ignore_ament_install']
[1.732s] Level 1:colcon.colcon_core.package_identification:_identify(build) by extension 'ignore'
[1.732s] Level 1:colcon.colcon_core.package_identification:_identify(build) ignored
[1.733s] Level 1:colcon.colcon_core.package_identification:_identify(install) by extensions ['ignore', 'ignore_ament_install']
[1.733s] Level 1:colcon.colcon_core.package_identification:_identify(install) by extension 'ignore'
[1.733s] Level 1:colcon.colcon_core.package_identification:_identify(install) ignored
[1.734s] Level 1:colcon.colcon_core.package_identification:_identify(log) by extensions ['ignore', 'ignore_ament_install']
[1.734s] Level 1:colcon.colcon_core.package_identification:_identify(log) by extension 'ignore'
[1.734s] Level 1:colcon.colcon_core.package_identification:_identify(log) ignored
[1.734s] Level 1:colcon.colcon_core.package_identification:_identify(src) by extensions ['ignore', 'ignore_ament_install']
[1.735s] Level 1:colcon.colcon_core.package_identification:_identify(src) by extension 'ignore'
[1.735s] Level 1:colcon.colcon_core.package_identification:_identify(src) by extension 'ignore_ament_install'
[1.735s] Level 1:colcon.colcon_core.package_identification:_identify(src) by extensions ['colcon_pkg']
[1.735s] Level 1:colcon.colcon_core.package_identification:_identify(src) by extension 'colcon_pkg'
[1.735s] Level 1:colcon.colcon_core.package_identification:_identify(src) by extensions ['colcon_meta']
[1.736s] Level 1:colcon.colcon_core.package_identification:_identify(src) by extension 'colcon_meta'
[1.736s] Level 1:colcon.colcon_core.package_identification:_identify(src) by extensions ['ros']
[1.736s] Level 1:colcon.colcon_core.package_identification:_identify(src) by extension 'ros'
[1.736s] Level 1:colcon.colcon_core.package_identification:_identify(src) by extensions ['cmake', 'python']
[1.736s] Level 1:colcon.colcon_core.package_identification:_identify(src) by extension 'cmake'
[1.736s] Level 1:colcon.colcon_core.package_identification:_identify(src) by extension 'python'
[1.737s] Level 1:colcon.colcon_core.package_identification:_identify(src) by extensions ['python_setup_py']
[1.737s] Level 1:colcon.colcon_core.package_identification:_identify(src) by extension 'python_setup_py'
[1.737s] Level 1:colcon.colcon_core.package_identification:_identify(src/basic_mobile_robot) by extensions ['ignore', 'ignore_ament_install']
[1.738s] Level 1:colcon.colcon_core.package_identification:_identify(src/basic_mobile_robot) by extension 'ignore'
[1.738s] Level 1:colcon.colcon_core.package_identification:_identify(src/basic_mobile_robot) by extension 'ignore_ament_install'
[1.738s] Level 1:colcon.colcon_core.package_identification:_identify(src/basic_mobile_robot) by extensions ['colcon_pkg']
[1.738s] Level 1:colcon.colcon_core.package_identification:_identify(src/basic_mobile_robot) by extension 'colcon_pkg'
[1.738s] Level 1:colcon.colcon_core.package_identification:_identify(src/basic_mobile_robot) by extensions ['colcon_meta']
[1.738s] Level 1:colcon.colcon_core.package_identification:_identify(src/basic_mobile_robot) by extension 'colcon_meta'
[1.739s] Level 1:colcon.colcon_core.package_identification:_identify(src/basic_mobile_robot) by extensions ['ros']
[1.739s] Level 1:colcon.colcon_core.package_identification:_identify(src/basic_mobile_robot) by extension 'ros'
[1.749s] DEBUG:colcon.colcon_core.package_identification:Package 'src/basic_mobile_robot' with type 'ros.ament_cmake' and name 'basic_mobile_robot'
[1.750s] Level 1:colcon.colcon_core.package_identification:_identify(src/bno055) by extensions ['ignore', 'ignore_ament_install']
[1.750s] Level 1:colcon.colcon_core.package_identification:_identify(src/bno055) by extension 'ignore'
[1.751s] Level 1:colcon.colcon_core.package_identification:_identify(src/bno055) by extension 'ignore_ament_install'
[1.751s] Level 1:colcon.colcon_core.package_identification:_identify(src/bno055) by extensions ['colcon_pkg']
[1.751s] Level 1:colcon.colcon_core.package_identification:_identify(src/bno055) by extension 'colcon_pkg'
[1.752s] Level 1:colcon.colcon_core.package_identification:_identify(src/bno055) by extensions ['colcon_meta']
[1.752s] Level 1:colcon.colcon_core.package_identification:_identify(src/bno055) by extension 'colcon_meta'
[1.752s] Level 1:colcon.colcon_core.package_identification:_identify(src/bno055) by extensions ['ros']
[1.752s] Level 1:colcon.colcon_core.package_identification:_identify(src/bno055) by extension 'ros'
[1.756s] DEBUG:colcon.colcon_core.package_identification:Package 'src/bno055' with type 'ros.ament_python' and name 'bno055'
[1.756s] Level 1:colcon.colcon_core.package_identification:_identify(src/xaims_localization) by extensions ['ignore', 'ignore_ament_install']
[1.757s] Level 1:colcon.colcon_core.package_identification:_identify(src/xaims_localization) by extension 'ignore'
[1.757s] Level 1:colcon.colcon_core.package_identification:_identify(src/xaims_localization) by extension 'ignore_ament_install'
[1.757s] Level 1:colcon.colcon_core.package_identification:_identify(src/xaims_localization) by extensions ['colcon_pkg']
[1.757s] Level 1:colcon.colcon_core.package_identification:_identify(src/xaims_localization) by extension 'colcon_pkg'
[1.758s] Level 1:colcon.colcon_core.package_identification:_identify(src/xaims_localization) by extensions ['colcon_meta']
[1.758s] Level 1:colcon.colcon_core.package_identification:_identify(src/xaims_localization) by extension 'colcon_meta'
[1.758s] Level 1:colcon.colcon_core.package_identification:_identify(src/xaims_localization) by extensions ['ros']
[1.758s] Level 1:colcon.colcon_core.package_identification:_identify(src/xaims_localization) by extension 'ros'
[1.762s] DEBUG:colcon.colcon_core.package_identification:Package 'src/xaims_localization' with type 'ros.ament_cmake' and name 'xaims_localization'
[1.763s] Level 1:colcon.colcon_core.package_discovery:discover_packages(recursive) using defaults
[1.763s] Level 1:colcon.colcon_core.package_discovery:discover_packages(ignore) discover
[1.763s] Level 1:colcon.colcon_core.package_discovery:discover_packages(ignore) using defaults
[1.763s] Level 1:colcon.colcon_core.package_discovery:discover_packages(path) discover
[1.764s] Level 1:colcon.colcon_core.package_discovery:discover_packages(path) using defaults
[1.836s] Level 1:colcon.colcon_core.package_discovery:discover_packages(prefix_path) check parameters
[1.836s] Level 1:colcon.colcon_core.package_discovery:discover_packages(prefix_path) discover
[1.840s] WARNING:colcon.colcon_ros.prefix_path.ament:The path '/home/aims_xavier/XAiMs/XAiMS_ws/install/mpu9250driver' in the environment variable AMENT_PREFIX_PATH doesn't exist
[1.841s] WARNING:colcon.colcon_ros.prefix_path.ament:The path '/home/aims_xavier/XAiMs/XAiMS_ws/install/mpu6050driver' in the environment variable AMENT_PREFIX_PATH doesn't exist
[1.841s] WARNING:colcon.colcon_ros.prefix_path.ament:The path '/home/aims_xavier/XAiMs/XAiMS_ws/install/imu_bno055' in the environment variable AMENT_PREFIX_PATH doesn't exist
[1.842s] WARNING:colcon.colcon_ros.prefix_path.catkin:The path '/home/aims_xavier/XAiMs/XAiMS_ws/install/mpu9250driver' in the environment variable CMAKE_PREFIX_PATH doesn't exist
[1.842s] WARNING:colcon.colcon_ros.prefix_path.catkin:The path '/home/aims_xavier/XAiMs/XAiMS_ws/install/mpu6050driver' in the environment variable CMAKE_PREFIX_PATH doesn't exist
[1.843s] WARNING:colcon.colcon_ros.prefix_path.catkin:The path '/home/aims_xavier/XAiMs/XAiMS_ws/install/imu_bno055' in the environment variable CMAKE_PREFIX_PATH doesn't exist
[1.846s] DEBUG:colcon.colcon_installed_package_information.package_discovery:Found 2 installed packages in /home/aims_xavier/ydlidar_ros2_ws/install
[1.848s] DEBUG:colcon.colcon_installed_package_information.package_discovery:Found 3 installed packages in /home/aims_xavier/microros_ws/install
[1.850s] DEBUG:colcon.colcon_installed_package_information.package_discovery:Found 3 installed packages in /home/aims_xavier/XAiMs/XAiMS_ws/install
[1.856s] DEBUG:colcon.colcon_installed_package_information.package_discovery:Found 262 installed packages in /opt/ros/foxy
[1.864s] Level 1:colcon.colcon_core.package_discovery:discover_packages(prefix_path) using defaults
[2.157s] Level 5:colcon.colcon_core.verb:set package 'basic_mobile_robot' build argument 'cmake_args' from command line to 'None'
[2.157s] Level 5:colcon.colcon_core.verb:set package 'basic_mobile_robot' build argument 'cmake_target' from command line to 'None'
[2.158s] Level 5:colcon.colcon_core.verb:set package 'basic_mobile_robot' build argument 'cmake_target_skip_unavailable' from command line to 'False'
[2.158s] Level 5:colcon.colcon_core.verb:set package 'basic_mobile_robot' build argument 'cmake_clean_cache' from command line to 'False'
[2.158s] Level 5:colcon.colcon_core.verb:set package 'basic_mobile_robot' build argument 'cmake_clean_first' from command line to 'False'
[2.158s] Level 5:colcon.colcon_core.verb:set package 'basic_mobile_robot' build argument 'cmake_force_configure' from command line to 'False'
[2.158s] Level 5:colcon.colcon_core.verb:set package 'basic_mobile_robot' build argument 'ament_cmake_args' from command line to 'None'
[2.158s] Level 5:colcon.colcon_core.verb:set package 'basic_mobile_robot' build argument 'catkin_cmake_args' from command line to 'None'
[2.158s] Level 5:colcon.colcon_core.verb:set package 'basic_mobile_robot' build argument 'catkin_skip_building_tests' from command line to 'False'
[2.159s] DEBUG:colcon.colcon_core.verb:Building package 'basic_mobile_robot' with the following arguments: {'ament_cmake_args': None, 'build_base': '/home/aims_xavier/XAiMs/XAiMS_ws/build/basic_mobile_robot', 'catkin_cmake_args': None, 'catkin_skip_building_tests': False, 'cmake_args': None, 'cmake_clean_cache': False, 'cmake_clean_first': False, 'cmake_force_configure': False, 'cmake_target': None, 'cmake_target_skip_unavailable': False, 'install_base': '/home/aims_xavier/XAiMs/XAiMS_ws/install/basic_mobile_robot', 'merge_install': False, 'path': '/home/aims_xavier/XAiMs/XAiMS_ws/src/basic_mobile_robot', 'symlink_install': True, 'test_result_base': None}
[2.160s] Level 5:colcon.colcon_core.verb:set package 'bno055' build argument 'cmake_args' from command line to 'None'
[2.160s] Level 5:colcon.colcon_core.verb:set package 'bno055' build argument 'cmake_target' from command line to 'None'
[2.160s] Level 5:colcon.colcon_core.verb:set package 'bno055' build argument 'cmake_target_skip_unavailable' from command line to 'False'
[2.161s] Level 5:colcon.colcon_core.verb:set package 'bno055' build argument 'cmake_clean_cache' from command line to 'False'
[2.161s] Level 5:colcon.colcon_core.verb:set package 'bno055' build argument 'cmake_clean_first' from command line to 'False'
[2.161s] Level 5:colcon.colcon_core.verb:set package 'bno055' build argument 'cmake_force_configure' from command line to 'False'
[2.161s] Level 5:colcon.colcon_core.verb:set package 'bno055' build argument 'ament_cmake_args' from command line to 'None'
[2.161s] Level 5:colcon.colcon_core.verb:set package 'bno055' build argument 'catkin_cmake_args' from command line to 'None'
[2.161s] Level 5:colcon.colcon_core.verb:set package 'bno055' build argument 'catkin_skip_building_tests' from command line to 'False'
[2.161s] DEBUG:colcon.colcon_core.verb:Building package 'bno055' with the following arguments: {'ament_cmake_args': None, 'build_base': '/home/aims_xavier/XAiMs/XAiMS_ws/build/bno055', 'catkin_cmake_args': None, 'catkin_skip_building_tests': False, 'cmake_args': None, 'cmake_clean_cache': False, 'cmake_clean_first': False, 'cmake_force_configure': False, 'cmake_target': None, 'cmake_target_skip_unavailable': False, 'install_base': '/home/aims_xavier/XAiMs/XAiMS_ws/install/bno055', 'merge_install': False, 'path': '/home/aims_xavier/XAiMs/XAiMS_ws/src/bno055', 'symlink_install': True, 'test_result_base': None}
[2.163s] Level 5:colcon.colcon_core.verb:set package 'xaims_localization' build argument 'cmake_args' from command line to 'None'
[2.163s] Level 5:colcon.colcon_core.verb:set package 'xaims_localization' build argument 'cmake_target' from command line to 'None'
[2.163s] Level 5:colcon.colcon_core.verb:set package 'xaims_localization' build argument 'cmake_target_skip_unavailable' from command line to 'False'
[2.163s] Level 5:colcon.colcon_core.verb:set package 'xaims_localization' build argument 'cmake_clean_cache' from command line to 'False'
[2.163s] Level 5:colcon.colcon_core.verb:set package 'xaims_localization' build argument 'cmake_clean_first' from command line to 'False'
[2.163s] Level 5:colcon.colcon_core.verb:set package 'xaims_localization' build argument 'cmake_force_configure' from command line to 'False'
[2.164s] Level 5:colcon.colcon_core.verb:set package 'xaims_localization' build argument 'ament_cmake_args' from command line to 'None'
[2.164s] Level 5:colcon.colcon_core.verb:set package 'xaims_localization' build argument 'catkin_cmake_args' from command line to 'None'
[2.164s] Level 5:colcon.colcon_core.verb:set package 'xaims_localization' build argument 'catkin_skip_building_tests' from command line to 'False'
[2.164s] DEBUG:colcon.colcon_core.verb:Building package 'xaims_localization' with the following arguments: {'ament_cmake_args': None, 'build_base': '/home/aims_xavier/XAiMs/XAiMS_ws/build/xaims_localization', 'catkin_cmake_args': None, 'catkin_skip_building_tests': False, 'cmake_args': None, 'cmake_clean_cache': False, 'cmake_clean_first': False, 'cmake_force_configure': False, 'cmake_target': None, 'cmake_target_skip_unavailable': False, 'install_base': '/home/aims_xavier/XAiMs/XAiMS_ws/install/xaims_localization', 'merge_install': False, 'path': '/home/aims_xavier/XAiMs/XAiMS_ws/src/xaims_localization', 'symlink_install': True, 'test_result_base': None}
[2.164s] INFO:colcon.colcon_core.executor:Executing jobs using 'parallel' executor
[2.169s] DEBUG:colcon.colcon_parallel_executor.executor.parallel:run_until_complete
[2.171s] INFO:colcon.colcon_ros.task.ament_cmake.build:Building ROS package in '/home/aims_xavier/XAiMs/XAiMS_ws/src/basic_mobile_robot' with build type 'ament_cmake'
[2.172s] INFO:colcon.colcon_cmake.task.cmake.build:Building CMake package in '/home/aims_xavier/XAiMs/XAiMS_ws/src/basic_mobile_robot'
[2.181s] INFO:colcon.colcon_core.plugin_system:Skipping extension 'colcon_core.shell.bat': Not used on non-Windows systems
[2.182s] INFO:colcon.colcon_core.shell:Skip shell extension 'powershell' for command environment: Not usable outside of PowerShell
[2.182s] DEBUG:colcon.colcon_core.shell:Skip shell extension 'dsv' for command environment
[2.219s] INFO:colcon.colcon_ros.task.ament_python.build:Building ROS package in '/home/aims_xavier/XAiMs/XAiMS_ws/src/bno055' with build type 'ament_python'
[2.222s] Level 1:colcon.colcon_core.shell:create_environment_hook('bno055', 'ament_prefix_path')
[2.225s] INFO:colcon.colcon_core.shell:Creating environment hook '/home/aims_xavier/XAiMs/XAiMS_ws/install/bno055/share/bno055/hook/ament_prefix_path.ps1'
[2.233s] INFO:colcon.colcon_core.shell:Creating environment descriptor '/home/aims_xavier/XAiMs/XAiMS_ws/install/bno055/share/bno055/hook/ament_prefix_path.dsv'
[2.235s] INFO:colcon.colcon_core.shell:Creating environment hook '/home/aims_xavier/XAiMs/XAiMS_ws/install/bno055/share/bno055/hook/ament_prefix_path.sh'
[2.241s] INFO:colcon.colcon_core.shell:Skip shell extension 'powershell' for command environment: Not usable outside of PowerShell
[2.242s] DEBUG:colcon.colcon_core.shell:Skip shell extension 'dsv' for command environment
[2.272s] INFO:colcon.colcon_ros.task.ament_cmake.build:Building ROS package in '/home/aims_xavier/XAiMs/XAiMS_ws/src/xaims_localization' with build type 'ament_cmake'
[2.275s] INFO:colcon.colcon_cmake.task.cmake.build:Building CMake package in '/home/aims_xavier/XAiMs/XAiMS_ws/src/xaims_localization'
[2.278s] INFO:colcon.colcon_core.shell:Skip shell extension 'powershell' for command environment: Not usable outside of PowerShell
[2.278s] DEBUG:colcon.colcon_core.shell:Skip shell extension 'dsv' for command environment
[2.341s] DEBUG:colcon.colcon_core.event_handler.log_command:Invoking command in '/home/aims_xavier/XAiMs/XAiMS_ws/build/basic_mobile_robot': CMAKE_PREFIX_PATH=${CMAKE_PREFIX_PATH}:/home/aims_xavier/XAiMs/XAiMS_ws/install/bno055:/opt/ros/foxy /usr/bin/cmake --build /home/aims_xavier/XAiMs/XAiMS_ws/build/basic_mobile_robot -- -j4 -l4
[3.340s] INFO:colcon.colcon_core.task.python.build:Building Python package in '/home/aims_xavier/XAiMs/XAiMS_ws/src/bno055'
[3.344s] INFO:colcon.colcon_core.shell:Skip shell extension 'powershell' for command environment: Not usable outside of PowerShell
[3.344s] DEBUG:colcon.colcon_core.shell:Skip shell extension 'dsv' for command environment
[3.413s] DEBUG:colcon.colcon_core.event_handler.log_command:Invoking command in '/home/aims_xavier/XAiMs/XAiMS_ws/build/xaims_localization': CMAKE_PREFIX_PATH=${CMAKE_PREFIX_PATH}:/home/aims_xavier/XAiMs/XAiMS_ws/install/bno055:/opt/ros/foxy /usr/bin/cmake --build /home/aims_xavier/XAiMs/XAiMS_ws/build/xaims_localization -- -j4 -l4
[3.941s] DEBUG:colcon.colcon_core.event_handler.log_command:Invoked command in '/home/aims_xavier/XAiMs/XAiMS_ws/build/xaims_localization' returned '0': CMAKE_PREFIX_PATH=${CMAKE_PREFIX_PATH}:/home/aims_xavier/XAiMs/XAiMS_ws/install/bno055:/opt/ros/foxy /usr/bin/cmake --build /home/aims_xavier/XAiMs/XAiMS_ws/build/xaims_localization -- -j4 -l4
[4.030s] DEBUG:colcon.colcon_core.event_handler.log_command:Invoked command in '/home/aims_xavier/XAiMs/XAiMS_ws/build/basic_mobile_robot' returned '0': CMAKE_PREFIX_PATH=${CMAKE_PREFIX_PATH}:/home/aims_xavier/XAiMs/XAiMS_ws/install/bno055:/opt/ros/foxy /usr/bin/cmake --build /home/aims_xavier/XAiMs/XAiMS_ws/build/basic_mobile_robot -- -j4 -l4
[4.188s] DEBUG:colcon.colcon_core.event_handler.log_command:Invoking command in '/home/aims_xavier/XAiMs/XAiMS_ws/build/xaims_localization': CMAKE_PREFIX_PATH=${CMAKE_PREFIX_PATH}:/home/aims_xavier/XAiMs/XAiMS_ws/install/bno055:/opt/ros/foxy /usr/bin/cmake --install /home/aims_xavier/XAiMs/XAiMS_ws/build/xaims_localization
[4.217s] DEBUG:colcon.colcon_core.event_handler.log_command:Invoking command in '/home/aims_xavier/XAiMs/XAiMS_ws/build/basic_mobile_robot': CMAKE_PREFIX_PATH=${CMAKE_PREFIX_PATH}:/home/aims_xavier/XAiMs/XAiMS_ws/install/bno055:/opt/ros/foxy /usr/bin/cmake --install /home/aims_xavier/XAiMs/XAiMS_ws/build/basic_mobile_robot
[4.401s] Level 1:colcon.colcon_core.environment:create_environment_scripts_only(basic_mobile_robot)
[4.413s] DEBUG:colcon.colcon_core.event_handler.log_command:Invoked command in '/home/aims_xavier/XAiMs/XAiMS_ws/build/basic_mobile_robot' returned '0': CMAKE_PREFIX_PATH=${CMAKE_PREFIX_PATH}:/home/aims_xavier/XAiMs/XAiMS_ws/install/bno055:/opt/ros/foxy /usr/bin/cmake --install /home/aims_xavier/XAiMs/XAiMS_ws/build/basic_mobile_robot
[4.438s] Level 1:colcon.colcon_core.environment:checking '/home/aims_xavier/XAiMs/XAiMS_ws/install/basic_mobile_robot' for CMake module files
[4.442s] Level 1:colcon.colcon_core.environment:checking '/home/aims_xavier/XAiMs/XAiMS_ws/install/basic_mobile_robot' for CMake config files
[4.446s] Level 1:colcon.colcon_core.shell:create_environment_hook('basic_mobile_robot', 'cmake_prefix_path')
[4.456s] INFO:colcon.colcon_core.shell:Creating environment hook '/home/aims_xavier/XAiMs/XAiMS_ws/install/basic_mobile_robot/share/basic_mobile_robot/hook/cmake_prefix_path.ps1'
[4.460s] INFO:colcon.colcon_core.shell:Creating environment descriptor '/home/aims_xavier/XAiMs/XAiMS_ws/install/basic_mobile_robot/share/basic_mobile_robot/hook/cmake_prefix_path.dsv'
[4.463s] INFO:colcon.colcon_core.shell:Creating environment hook '/home/aims_xavier/XAiMs/XAiMS_ws/install/basic_mobile_robot/share/basic_mobile_robot/hook/cmake_prefix_path.sh'
[4.473s] Level 1:colcon.colcon_core.environment:checking '/home/aims_xavier/XAiMs/XAiMS_ws/install/basic_mobile_robot/bin'
[4.473s] Level 1:colcon.colcon_core.environment:checking '/home/aims_xavier/XAiMs/XAiMS_ws/install/basic_mobile_robot/lib/pkgconfig/basic_mobile_robot.pc'
[4.474s] Level 1:colcon.colcon_core.environment:checking '/home/aims_xavier/XAiMs/XAiMS_ws/install/basic_mobile_robot/lib/python3.8/site-packages'
[4.475s] Level 1:colcon.colcon_core.environment:checking '/home/aims_xavier/XAiMs/XAiMS_ws/install/basic_mobile_robot/bin'
[4.477s] INFO:colcon.colcon_core.shell:Creating package script '/home/aims_xavier/XAiMs/XAiMS_ws/install/basic_mobile_robot/share/basic_mobile_robot/package.ps1'
[4.480s] INFO:colcon.colcon_core.shell:Creating package descriptor '/home/aims_xavier/XAiMs/XAiMS_ws/install/basic_mobile_robot/share/basic_mobile_robot/package.dsv'
[4.487s] INFO:colcon.colcon_core.shell:Creating package script '/home/aims_xavier/XAiMs/XAiMS_ws/install/basic_mobile_robot/share/basic_mobile_robot/package.sh'
[4.491s] INFO:colcon.colcon_core.shell:Creating package script '/home/aims_xavier/XAiMs/XAiMS_ws/install/basic_mobile_robot/share/basic_mobile_robot/package.bash'
[4.495s] INFO:colcon.colcon_core.shell:Creating package script '/home/aims_xavier/XAiMs/XAiMS_ws/install/basic_mobile_robot/share/basic_mobile_robot/package.zsh'
[4.497s] Level 1:colcon.colcon_core.environment:create_file_with_runtime_dependencies(/home/aims_xavier/XAiMs/XAiMS_ws/install/basic_mobile_robot/share/colcon-core/packages/basic_mobile_robot)
[4.539s] Level 1:colcon.colcon_core.environment:create_environment_scripts_only(xaims_localization)
[4.543s] DEBUG:colcon.colcon_core.event_handler.log_command:Invoked command in '/home/aims_xavier/XAiMs/XAiMS_ws/build/xaims_localization' returned '0': CMAKE_PREFIX_PATH=${CMAKE_PREFIX_PATH}:/home/aims_xavier/XAiMs/XAiMS_ws/install/bno055:/opt/ros/foxy /usr/bin/cmake --install /home/aims_xavier/XAiMs/XAiMS_ws/build/xaims_localization
[4.550s] Level 1:colcon.colcon_core.environment:checking '/home/aims_xavier/XAiMs/XAiMS_ws/install/xaims_localization' for CMake module files
[4.557s] Level 1:colcon.colcon_core.environment:checking '/home/aims_xavier/XAiMs/XAiMS_ws/install/xaims_localization' for CMake config files
[4.559s] Level 1:colcon.colcon_core.shell:create_environment_hook('xaims_localization', 'cmake_prefix_path')
[4.560s] INFO:colcon.colcon_core.shell:Creating environment hook '/home/aims_xavier/XAiMs/XAiMS_ws/install/xaims_localization/share/xaims_localization/hook/cmake_prefix_path.ps1'
[4.563s] INFO:colcon.colcon_core.shell:Creating environment descriptor '/home/aims_xavier/XAiMs/XAiMS_ws/install/xaims_localization/share/xaims_localization/hook/cmake_prefix_path.dsv'
[4.564s] INFO:colcon.colcon_core.shell:Creating environment hook '/home/aims_xavier/XAiMs/XAiMS_ws/install/xaims_localization/share/xaims_localization/hook/cmake_prefix_path.sh'
[4.568s] Level 1:colcon.colcon_core.environment:checking '/home/aims_xavier/XAiMs/XAiMS_ws/install/xaims_localization/lib'
[4.569s] Level 1:colcon.colcon_core.environment:checking '/home/aims_xavier/XAiMs/XAiMS_ws/install/xaims_localization/bin'
[4.570s] Level 1:colcon.colcon_core.environment:checking '/home/aims_xavier/XAiMs/XAiMS_ws/install/xaims_localization/lib/pkgconfig/xaims_localization.pc'
[4.572s] Level 1:colcon.colcon_core.environment:checking '/home/aims_xavier/XAiMs/XAiMS_ws/install/xaims_localization/lib/python3.8/site-packages'
[4.572s] Level 1:colcon.colcon_core.environment:checking '/home/aims_xavier/XAiMs/XAiMS_ws/install/xaims_localization/bin'
[4.574s] INFO:colcon.colcon_core.shell:Creating package script '/home/aims_xavier/XAiMs/XAiMS_ws/install/xaims_localization/share/xaims_localization/package.ps1'
[4.576s] INFO:colcon.colcon_core.shell:Creating package descriptor '/home/aims_xavier/XAiMs/XAiMS_ws/install/xaims_localization/share/xaims_localization/package.dsv'
[4.577s] INFO:colcon.colcon_core.shell:Creating package script '/home/aims_xavier/XAiMs/XAiMS_ws/install/xaims_localization/share/xaims_localization/package.sh'
[4.579s] INFO:colcon.colcon_core.shell:Creating package script '/home/aims_xavier/XAiMs/XAiMS_ws/install/xaims_localization/share/xaims_localization/package.bash'
[4.580s] INFO:colcon.colcon_core.shell:Creating package script '/home/aims_xavier/XAiMs/XAiMS_ws/install/xaims_localization/share/xaims_localization/package.zsh'
[4.581s] Level 1:colcon.colcon_core.environment:create_file_with_runtime_dependencies(/home/aims_xavier/XAiMs/XAiMS_ws/install/xaims_localization/share/colcon-core/packages/xaims_localization)
[4.639s] Level 1:colcon.colcon_core.environment:create_environment_scripts_only(basic_mobile_robot)
[4.641s] Level 1:colcon.colcon_core.environment:checking '/home/aims_xavier/XAiMs/XAiMS_ws/install/basic_mobile_robot' for CMake module files
[4.644s] Level 1:colcon.colcon_core.environment:checking '/home/aims_xavier/XAiMs/XAiMS_ws/install/basic_mobile_robot' for CMake config files
[4.647s] Level 1:colcon.colcon_core.shell:create_environment_hook('basic_mobile_robot', 'cmake_prefix_path')
[4.648s] INFO:colcon.colcon_core.shell:Creating environment hook '/home/aims_xavier/XAiMs/XAiMS_ws/install/basic_mobile_robot/share/basic_mobile_robot/hook/cmake_prefix_path.ps1'
[4.655s] INFO:colcon.colcon_core.shell:Creating environment descriptor '/home/aims_xavier/XAiMs/XAiMS_ws/install/basic_mobile_robot/share/basic_mobile_robot/hook/cmake_prefix_path.dsv'
[4.662s] INFO:colcon.colcon_core.shell:Creating environment hook '/home/aims_xavier/XAiMs/XAiMS_ws/install/basic_mobile_robot/share/basic_mobile_robot/hook/cmake_prefix_path.sh'
[4.666s] Level 1:colcon.colcon_core.environment:checking '/home/aims_xavier/XAiMs/XAiMS_ws/install/basic_mobile_robot/bin'
[4.667s] Level 1:colcon.colcon_core.environment:checking '/home/aims_xavier/XAiMs/XAiMS_ws/install/basic_mobile_robot/lib/pkgconfig/basic_mobile_robot.pc'
[4.668s] Level 1:colcon.colcon_core.environment:checking '/home/aims_xavier/XAiMs/XAiMS_ws/install/basic_mobile_robot/lib/python3.8/site-packages'
[4.669s] Level 1:colcon.colcon_core.environment:checking '/home/aims_xavier/XAiMs/XAiMS_ws/install/basic_mobile_robot/bin'
[4.670s] INFO:colcon.colcon_core.shell:Creating package script '/home/aims_xavier/XAiMs/XAiMS_ws/install/basic_mobile_robot/share/basic_mobile_robot/package.ps1'
[4.673s] INFO:colcon.colcon_core.shell:Creating package descriptor '/home/aims_xavier/XAiMs/XAiMS_ws/install/basic_mobile_robot/share/basic_mobile_robot/package.dsv'
[4.675s] INFO:colcon.colcon_core.shell:Creating package script '/home/aims_xavier/XAiMs/XAiMS_ws/install/basic_mobile_robot/share/basic_mobile_robot/package.sh'
[4.677s] INFO:colcon.colcon_core.shell:Creating package script '/home/aims_xavier/XAiMs/XAiMS_ws/install/basic_mobile_robot/share/basic_mobile_robot/package.bash'
[4.679s] INFO:colcon.colcon_core.shell:Creating package script '/home/aims_xavier/XAiMs/XAiMS_ws/install/basic_mobile_robot/share/basic_mobile_robot/package.zsh'
[4.681s] Level 1:colcon.colcon_core.environment:create_file_with_runtime_dependencies(/home/aims_xavier/XAiMs/XAiMS_ws/install/basic_mobile_robot/share/colcon-core/packages/basic_mobile_robot)
[4.766s] Level 1:colcon.colcon_core.environment:create_environment_scripts_only(xaims_localization)
[4.768s] Level 1:colcon.colcon_core.environment:checking '/home/aims_xavier/XAiMs/XAiMS_ws/install/xaims_localization' for CMake module files
[4.770s] Level 1:colcon.colcon_core.environment:checking '/home/aims_xavier/XAiMs/XAiMS_ws/install/xaims_localization' for CMake config files
[4.772s] Level 1:colcon.colcon_core.shell:create_environment_hook('xaims_localization', 'cmake_prefix_path')
[4.772s] INFO:colcon.colcon_core.shell:Creating environment hook '/home/aims_xavier/XAiMs/XAiMS_ws/install/xaims_localization/share/xaims_localization/hook/cmake_prefix_path.ps1'
[4.774s] INFO:colcon.colcon_core.shell:Creating environment descriptor '/home/aims_xavier/XAiMs/XAiMS_ws/install/xaims_localization/share/xaims_localization/hook/cmake_prefix_path.dsv'
[4.776s] INFO:colcon.colcon_core.shell:Creating environment hook '/home/aims_xavier/XAiMs/XAiMS_ws/install/xaims_localization/share/xaims_localization/hook/cmake_prefix_path.sh'
[4.778s] Level 1:colcon.colcon_core.environment:checking '/home/aims_xavier/XAiMs/XAiMS_ws/install/xaims_localization/lib'
[4.778s] Level 1:colcon.colcon_core.environment:checking '/home/aims_xavier/XAiMs/XAiMS_ws/install/xaims_localization/bin'
[4.778s] Level 1:colcon.colcon_core.environment:checking '/home/aims_xavier/XAiMs/XAiMS_ws/install/xaims_localization/lib/pkgconfig/xaims_localization.pc'
[4.779s] Level 1:colcon.colcon_core.environment:checking '/home/aims_xavier/XAiMs/XAiMS_ws/install/xaims_localization/lib/python3.8/site-packages'
[4.780s] Level 1:colcon.colcon_core.environment:checking '/home/aims_xavier/XAiMs/XAiMS_ws/install/xaims_localization/bin'
[4.781s] INFO:colcon.colcon_core.shell:Creating package script '/home/aims_xavier/XAiMs/XAiMS_ws/install/xaims_localization/share/xaims_localization/package.ps1'
[4.783s] INFO:colcon.colcon_core.shell:Creating package descriptor '/home/aims_xavier/XAiMs/XAiMS_ws/install/xaims_localization/share/xaims_localization/package.dsv'
[4.785s] INFO:colcon.colcon_core.shell:Creating package script '/home/aims_xavier/XAiMs/XAiMS_ws/install/xaims_localization/share/xaims_localization/package.sh'
[4.786s] INFO:colcon.colcon_core.shell:Creating package script '/home/aims_xavier/XAiMs/XAiMS_ws/install/xaims_localization/share/xaims_localization/package.bash'
[4.788s] INFO:colcon.colcon_core.shell:Creating package script '/home/aims_xavier/XAiMs/XAiMS_ws/install/xaims_localization/share/xaims_localization/package.zsh'
[4.789s] Level 1:colcon.colcon_core.environment:create_file_with_runtime_dependencies(/home/aims_xavier/XAiMs/XAiMS_ws/install/xaims_localization/share/colcon-core/packages/xaims_localization)
[5.338s] DEBUG:colcon.colcon_core.event_handler.log_command:Invoking command in '/home/aims_xavier/XAiMs/XAiMS_ws/build/bno055': PYTHONPATH=/home/aims_xavier/XAiMs/XAiMS_ws/build/bno055/prefix_override:/usr/lib/python3/dist-packages/colcon_core/task/python/colcon_distutils_commands:/home/aims_xavier/XAiMs/XAiMS_ws/install/bno055/lib/python3.8/site-packages:${PYTHONPATH} /usr/bin/python3 -W ignore:setup.py install is deprecated setup.py develop --editable --build-directory /home/aims_xavier/XAiMs/XAiMS_ws/build/bno055/build --no-deps symlink_data
[7.205s] Level 1:colcon.colcon_core.shell:create_environment_hook('bno055', 'pythonpath_develop')
[7.208s] INFO:colcon.colcon_core.shell:Creating environment hook '/home/aims_xavier/XAiMs/XAiMS_ws/build/bno055/share/bno055/hook/pythonpath_develop.ps1'
[7.212s] DEBUG:colcon.colcon_core.event_handler.log_command:Invoked command in '/home/aims_xavier/XAiMs/XAiMS_ws/build/bno055' returned '0': PYTHONPATH=/home/aims_xavier/XAiMs/XAiMS_ws/build/bno055/prefix_override:/usr/lib/python3/dist-packages/colcon_core/task/python/colcon_distutils_commands:/home/aims_xavier/XAiMs/XAiMS_ws/install/bno055/lib/python3.8/site-packages:${PYTHONPATH} /usr/bin/python3 -W ignore:setup.py install is deprecated setup.py develop --editable --build-directory /home/aims_xavier/XAiMs/XAiMS_ws/build/bno055/build --no-deps symlink_data
[7.213s] INFO:colcon.colcon_core.shell:Creating environment descriptor '/home/aims_xavier/XAiMs/XAiMS_ws/build/bno055/share/bno055/hook/pythonpath_develop.dsv'
[7.215s] INFO:colcon.colcon_core.shell:Creating environment hook '/home/aims_xavier/XAiMs/XAiMS_ws/build/bno055/share/bno055/hook/pythonpath_develop.sh'
[7.217s] Level 1:colcon.colcon_core.environment:checking '/home/aims_xavier/XAiMs/XAiMS_ws/install/bno055' for CMake module files
[7.220s] Level 1:colcon.colcon_core.environment:checking '/home/aims_xavier/XAiMs/XAiMS_ws/install/bno055' for CMake config files
[7.223s] Level 1:colcon.colcon_core.environment:checking '/home/aims_xavier/XAiMs/XAiMS_ws/install/bno055/lib'
[7.223s] Level 1:colcon.colcon_core.environment:checking '/home/aims_xavier/XAiMs/XAiMS_ws/install/bno055/bin'
[7.223s] Level 1:colcon.colcon_core.environment:checking '/home/aims_xavier/XAiMs/XAiMS_ws/install/bno055/lib/pkgconfig/bno055.pc'
[7.224s] Level 1:colcon.colcon_core.environment:checking '/home/aims_xavier/XAiMs/XAiMS_ws/install/bno055/lib/python3.8/site-packages'
[7.225s] Level 1:colcon.colcon_core.shell:create_environment_hook('bno055', 'pythonpath')
[7.226s] INFO:colcon.colcon_core.shell:Creating environment hook '/home/aims_xavier/XAiMs/XAiMS_ws/install/bno055/share/bno055/hook/pythonpath.ps1'
[7.227s] INFO:colcon.colcon_core.shell:Creating environment descriptor '/home/aims_xavier/XAiMs/XAiMS_ws/install/bno055/share/bno055/hook/pythonpath.dsv'
[7.229s] INFO:colcon.colcon_core.shell:Creating environment hook '/home/aims_xavier/XAiMs/XAiMS_ws/install/bno055/share/bno055/hook/pythonpath.sh'
[7.231s] Level 1:colcon.colcon_core.environment:checking '/home/aims_xavier/XAiMs/XAiMS_ws/install/bno055/bin'
[7.231s] Level 1:colcon.colcon_core.environment:create_environment_scripts_only(bno055)
[7.233s] INFO:colcon.colcon_core.shell:Creating package script '/home/aims_xavier/XAiMs/XAiMS_ws/install/bno055/share/bno055/package.ps1'
[7.235s] INFO:colcon.colcon_core.shell:Creating package descriptor '/home/aims_xavier/XAiMs/XAiMS_ws/install/bno055/share/bno055/package.dsv'
[7.237s] INFO:colcon.colcon_core.shell:Creating package script '/home/aims_xavier/XAiMs/XAiMS_ws/install/bno055/share/bno055/package.sh'
[7.239s] INFO:colcon.colcon_core.shell:Creating package script '/home/aims_xavier/XAiMs/XAiMS_ws/install/bno055/share/bno055/package.bash'
[7.241s] INFO:colcon.colcon_core.shell:Creating package script '/home/aims_xavier/XAiMs/XAiMS_ws/install/bno055/share/bno055/package.zsh'
[7.242s] Level 1:colcon.colcon_core.environment:create_file_with_runtime_dependencies(/home/aims_xavier/XAiMs/XAiMS_ws/install/bno055/share/colcon-core/packages/bno055)
[7.244s] DEBUG:colcon.colcon_parallel_executor.executor.parallel:closing loop
[7.246s] DEBUG:colcon.colcon_parallel_executor.executor.parallel:loop closed
[7.246s] DEBUG:colcon.colcon_parallel_executor.executor.parallel:run_until_complete finished with '0'
[7.247s] DEBUG:colcon.colcon_core.event_reactor:joining thread
[7.277s] INFO:colcon.colcon_core.plugin_system:Skipping extension 'colcon_notification.desktop_notification.terminal_notifier': Not used on non-Darwin systems
[7.278s] INFO:colcon.colcon_core.plugin_system:Skipping extension 'colcon_notification.desktop_notification.win32': Not used on non-Windows systems
[7.278s] INFO:colcon.colcon_notification.desktop_notification:Sending desktop notification using 'notify2'
[7.352s] DEBUG:colcon.colcon_core.event_reactor:joined thread
[7.354s] INFO:colcon.colcon_core.shell:Creating prefix script '/home/aims_xavier/XAiMs/XAiMS_ws/install/local_setup.ps1'
[7.358s] INFO:colcon.colcon_core.shell:Creating prefix util module '/home/aims_xavier/XAiMs/XAiMS_ws/install/_local_setup_util_ps1.py'
[7.367s] INFO:colcon.colcon_core.shell:Creating prefix chain script '/home/aims_xavier/XAiMs/XAiMS_ws/install/setup.ps1'
[7.375s] INFO:colcon.colcon_core.shell:Creating prefix script '/home/aims_xavier/XAiMs/XAiMS_ws/install/local_setup.sh'
[7.378s] INFO:colcon.colcon_core.shell:Creating prefix util module '/home/aims_xavier/XAiMs/XAiMS_ws/install/_local_setup_util_sh.py'
[7.380s] INFO:colcon.colcon_core.shell:Creating prefix chain script '/home/aims_xavier/XAiMs/XAiMS_ws/install/setup.sh'
[7.387s] INFO:colcon.colcon_core.shell:Creating prefix script '/home/aims_xavier/XAiMs/XAiMS_ws/install/local_setup.bash'
[7.390s] INFO:colcon.colcon_core.shell:Creating prefix chain script '/home/aims_xavier/XAiMs/XAiMS_ws/install/setup.bash'
[7.398s] INFO:colcon.colcon_core.shell:Creating prefix script '/home/aims_xavier/XAiMs/XAiMS_ws/install/local_setup.zsh'
[7.400s] INFO:colcon.colcon_core.shell:Creating prefix chain script '/home/aims_xavier/XAiMs/XAiMS_ws/install/setup.zsh'
