[1.795s] Invoking command in '/home/aims_xavier/XAiMs/XAiMS_ws/build/imu_bno055': CMAKE_PREFIX_PATH=${CMAKE_PREFIX_PATH}:/home/aims_xavier/XAiMs/XAiMS_ws/install/bno055:/opt/ros/foxy /usr/bin/cmake --build /home/aims_xavier/XAiMs/XAiMS_ws/build/imu_bno055 -- -j4 -l4
[2.528s] [100%] Built target bno055_i2c_node
[2.930s] Invoked command in '/home/aims_xavier/XAiMs/XAiMS_ws/build/imu_bno055' returned '0': CMAKE_PREFIX_PATH=${CMAKE_PREFIX_PATH}:/home/aims_xavier/XAiMs/XAiMS_ws/install/bno055:/opt/ros/foxy /usr/bin/cmake --build /home/aims_xavier/XAiMs/XAiMS_ws/build/imu_bno055 -- -j4 -l4
[2.938s] Invoking command in '/home/aims_xavier/XAiMs/XAiMS_ws/build/imu_bno055': CMAKE_PREFIX_PATH=${CMAKE_PREFIX_PATH}:/home/aims_xavier/XAiMs/XAiMS_ws/install/bno055:/opt/ros/foxy /usr/bin/cmake --install /home/aims_xavier/XAiMs/XAiMS_ws/build/imu_bno055
[3.050s] -- Install configuration: ""
[3.050s] -- Execute custom install script
[3.051s] -- Up-to-date symlink: /home/aims_xavier/XAiMs/XAiMS_ws/install/imu_bno055/lib/imu_bno055/bno055_i2c_node
[3.053s] -- Up-to-date symlink: /home/aims_xavier/XAiMs/XAiMS_ws/install/imu_bno055/share/ament_index/resource_index/package_run_dependencies/imu_bno055
[3.055s] -- Up-to-date symlink: /home/aims_xavier/XAiMs/XAiMS_ws/install/imu_bno055/share/ament_index/resource_index/parent_prefix_path/imu_bno055
[3.061s] -- Up-to-date symlink: /home/aims_xavier/XAiMs/XAiMS_ws/install/imu_bno055/share/imu_bno055/environment/ament_prefix_path.sh
[3.065s] -- Up-to-date symlink: /home/aims_xavier/XAiMs/XAiMS_ws/install/imu_bno055/share/imu_bno055/environment/ament_prefix_path.dsv
[3.066s] -- Up-to-date symlink: /home/aims_xavier/XAiMs/XAiMS_ws/install/imu_bno055/share/imu_bno055/environment/path.sh
[3.067s] -- Up-to-date symlink: /home/aims_xavier/XAiMs/XAiMS_ws/install/imu_bno055/share/imu_bno055/environment/path.dsv
[3.068s] -- Up-to-date symlink: /home/aims_xavier/XAiMs/XAiMS_ws/install/imu_bno055/share/imu_bno055/local_setup.bash
[3.089s] -- Up-to-date symlink: /home/aims_xavier/XAiMs/XAiMS_ws/install/imu_bno055/share/imu_bno055/local_setup.sh
[3.091s] -- Up-to-date symlink: /home/aims_xavier/XAiMs/XAiMS_ws/install/imu_bno055/share/imu_bno055/local_setup.zsh
[3.092s] -- Up-to-date symlink: /home/aims_xavier/XAiMs/XAiMS_ws/install/imu_bno055/share/imu_bno055/local_setup.dsv
[3.093s] -- Symlinking: /home/aims_xavier/XAiMs/XAiMS_ws/install/imu_bno055/share/imu_bno055/package.dsv
[3.158s] -- Up-to-date symlink: /home/aims_xavier/XAiMs/XAiMS_ws/install/imu_bno055/share/ament_index/resource_index/packages/imu_bno055
[3.158s] -- Up-to-date symlink: /home/aims_xavier/XAiMs/XAiMS_ws/install/imu_bno055/share/imu_bno055/cmake/imu_bno055Config.cmake
[3.158s] -- Up-to-date symlink: /home/aims_xavier/XAiMs/XAiMS_ws/install/imu_bno055/share/imu_bno055/cmake/imu_bno055Config-version.cmake
[3.159s] -- Up-to-date symlink: /home/aims_xavier/XAiMs/XAiMS_ws/install/imu_bno055/share/imu_bno055/package.xml
[3.422s] Invoked command in '/home/aims_xavier/XAiMs/XAiMS_ws/build/imu_bno055' returned '0': CMAKE_PREFIX_PATH=${CMAKE_PREFIX_PATH}:/home/aims_xavier/XAiMs/XAiMS_ws/install/bno055:/opt/ros/foxy /usr/bin/cmake --install /home/aims_xavier/XAiMs/XAiMS_ws/build/imu_bno055
