[0.374s] Invoking command in '/home/aims_xavier/XAiMs/XAiMS_ws/build/basic_mobile_robot': CMAKE_PREFIX_PATH=${CMAKE_PREFIX_PATH}:/home/aims_xavier/XAiMs/XAiMS_ws/install/bno055:/opt/ros/foxy /usr/bin/cmake --build /home/aims_xavier/XAiMs/XAiMS_ws/build/basic_mobile_robot -- -j4 -l4
[1.945s] Invoked command in '/home/aims_xavier/XAiMs/XAiMS_ws/build/basic_mobile_robot' returned '0': CMAKE_PREFIX_PATH=${CMAKE_PREFIX_PATH}:/home/aims_xavier/XAiMs/XAiMS_ws/install/bno055:/opt/ros/foxy /usr/bin/cmake --build /home/aims_xavier/XAiMs/XAiMS_ws/build/basic_mobile_robot -- -j4 -l4
[2.416s] Invoking command in '/home/aims_xavier/XAiMs/XAiMS_ws/build/basic_mobile_robot': CMAKE_PREFIX_PATH=${CMAKE_PREFIX_PATH}:/home/aims_xavier/XAiMs/XAiMS_ws/install/bno055:/opt/ros/foxy /usr/bin/cmake --install /home/aims_xavier/XAiMs/XAiMS_ws/build/basic_mobile_robot
[2.542s] -- Install configuration: ""
[2.544s] -- Execute custom install script
[2.550s] -- Up-to-date symlink: /home/aims_xavier/XAiMs/XAiMS_ws/install/basic_mobile_robot/share/basic_mobile_robot/config/ekf.yaml
[2.553s] -- Up-to-date symlink: /home/aims_xavier/XAiMs/XAiMS_ws/install/basic_mobile_robot/share/basic_mobile_robot/launch/basic_mobile_bot_v1.launch.py
[2.554s] -- Up-to-date symlink: /home/aims_xavier/XAiMs/XAiMS_ws/install/basic_mobile_robot/share/basic_mobile_robot/launch/basic_mobile_bot_v3.launch.py
[2.555s] -- Up-to-date symlink: /home/aims_xavier/XAiMs/XAiMS_ws/install/basic_mobile_robot/share/basic_mobile_robot/launch/ekfnode.launch.py
[2.560s] -- Up-to-date symlink: /home/aims_xavier/XAiMs/XAiMS_ws/install/basic_mobile_robot/share/basic_mobile_robot/meshes/arm_base.stl
[2.564s] -- Up-to-date symlink: /home/aims_xavier/XAiMs/XAiMS_ws/install/basic_mobile_robot/share/basic_mobile_robot/meshes/bicep.stl
[2.565s] -- Up-to-date symlink: /home/aims_xavier/XAiMs/XAiMS_ws/install/basic_mobile_robot/share/basic_mobile_robot/meshes/elbow.stl
[2.567s] -- Up-to-date symlink: /home/aims_xavier/XAiMs/XAiMS_ws/install/basic_mobile_robot/share/basic_mobile_robot/meshes/robot_base.stl
[2.578s] -- Up-to-date symlink: /home/aims_xavier/XAiMs/XAiMS_ws/install/basic_mobile_robot/share/basic_mobile_robot/meshes/wheel.stl
[2.581s] -- Up-to-date symlink: /home/aims_xavier/XAiMs/XAiMS_ws/install/basic_mobile_robot/share/basic_mobile_robot/meshes/wrist.stl
[2.584s] -- Up-to-date symlink: /home/aims_xavier/XAiMs/XAiMS_ws/install/basic_mobile_robot/share/basic_mobile_robot/models/basic_mobile_bot_description/model.config
[2.587s] -- Up-to-date symlink: /home/aims_xavier/XAiMs/XAiMS_ws/install/basic_mobile_robot/share/basic_mobile_robot/models/basic_mobile_bot_v1.urdf
[2.590s] -- Up-to-date symlink: /home/aims_xavier/XAiMs/XAiMS_ws/install/basic_mobile_robot/share/basic_mobile_robot/params/ekf.yaml
[2.597s] -- Up-to-date symlink: /home/aims_xavier/XAiMs/XAiMS_ws/install/basic_mobile_robot/share/basic_mobile_robot/rviz/urdf_config.rviz
[2.608s] -- Up-to-date symlink: /home/aims_xavier/XAiMs/XAiMS_ws/install/basic_mobile_robot/share/ament_index/resource_index/package_run_dependencies/basic_mobile_robot
[2.609s] -- Up-to-date symlink: /home/aims_xavier/XAiMs/XAiMS_ws/install/basic_mobile_robot/share/ament_index/resource_index/parent_prefix_path/basic_mobile_robot
[2.614s] -- Up-to-date symlink: /home/aims_xavier/XAiMs/XAiMS_ws/install/basic_mobile_robot/share/basic_mobile_robot/environment/ament_prefix_path.sh
[2.624s] -- Up-to-date symlink: /home/aims_xavier/XAiMs/XAiMS_ws/install/basic_mobile_robot/share/basic_mobile_robot/environment/ament_prefix_path.dsv
[2.626s] -- Up-to-date symlink: /home/aims_xavier/XAiMs/XAiMS_ws/install/basic_mobile_robot/share/basic_mobile_robot/environment/path.sh
[2.627s] -- Up-to-date symlink: /home/aims_xavier/XAiMs/XAiMS_ws/install/basic_mobile_robot/share/basic_mobile_robot/environment/path.dsv
[2.638s] -- Up-to-date symlink: /home/aims_xavier/XAiMs/XAiMS_ws/install/basic_mobile_robot/share/basic_mobile_robot/local_setup.bash
[2.638s] -- Up-to-date symlink: /home/aims_xavier/XAiMs/XAiMS_ws/install/basic_mobile_robot/share/basic_mobile_robot/local_setup.sh
[2.639s] -- Up-to-date symlink: /home/aims_xavier/XAiMs/XAiMS_ws/install/basic_mobile_robot/share/basic_mobile_robot/local_setup.zsh
[2.640s] -- Up-to-date symlink: /home/aims_xavier/XAiMs/XAiMS_ws/install/basic_mobile_robot/share/basic_mobile_robot/local_setup.dsv
[2.640s] -- Symlinking: /home/aims_xavier/XAiMs/XAiMS_ws/install/basic_mobile_robot/share/basic_mobile_robot/package.dsv
[2.728s] -- Up-to-date symlink: /home/aims_xavier/XAiMs/XAiMS_ws/install/basic_mobile_robot/share/ament_index/resource_index/packages/basic_mobile_robot
[2.729s] -- Up-to-date symlink: /home/aims_xavier/XAiMs/XAiMS_ws/install/basic_mobile_robot/share/basic_mobile_robot/cmake/basic_mobile_robotConfig.cmake
[2.730s] -- Up-to-date symlink: /home/aims_xavier/XAiMs/XAiMS_ws/install/basic_mobile_robot/share/basic_mobile_robot/cmake/basic_mobile_robotConfig-version.cmake
[2.730s] -- Up-to-date symlink: /home/aims_xavier/XAiMs/XAiMS_ws/install/basic_mobile_robot/share/basic_mobile_robot/package.xml
[2.750s] Invoked command in '/home/aims_xavier/XAiMs/XAiMS_ws/build/basic_mobile_robot' returned '0': CMAKE_PREFIX_PATH=${CMAKE_PREFIX_PATH}:/home/aims_xavier/XAiMs/XAiMS_ws/install/bno055:/opt/ros/foxy /usr/bin/cmake --install /home/aims_xavier/XAiMs/XAiMS_ws/build/basic_mobile_robot
