-- The C compiler identification is GNU 9.4.0
-- The CXX compiler identification is GNU 9.4.0
-- Check for working C compiler: /usr/bin/cc
-- Check for working C compiler: /usr/bin/cc -- works
-- Detecting C compiler ABI info
-- Detecting C compiler ABI info - done
-- Detecting C compile features
-- Detecting C compile features - done
-- Check for working CXX compiler: /usr/bin/c++
-- Check for working CXX compiler: /usr/bin/c++ -- works
-- Detecting CXX compiler ABI info
-- Detecting CXX compiler ABI info - done
-- Detecting CXX compile features
-- Detecting CXX compile features - done
-- Found ament_cmake: 0.9.12 (/opt/ros/foxy/share/ament_cmake/cmake)
-- Found PythonInterp: /usr/bin/python3 (found suitable version "3.8.10", minimum required is "3") 
-- Using PYTHON_EXECUTABLE: /usr/bin/python3
-- Override CMake install command with custom implementation using symlinks instead of copying resources
-- Configuring done
-- Generating done
-- Build files have been written to: /home/aims_xavier/XAiMs/XAiMS_ws/build/monicar2_navigation2
-- Install configuration: ""
-- Execute custom install script
-- Symlinking: /home/aims_xavier/XAiMs/XAiMS_ws/install/monicar2_navigation2/share/monicar2_navigation2/launch/navigation2.launch.py
-- Symlinking: /home/aims_xavier/XAiMs/XAiMS_ws/install/monicar2_navigation2/share/monicar2_navigation2/launch/navigation2_rviz.launch.py
-- Symlinking: /home/aims_xavier/XAiMs/XAiMS_ws/install/monicar2_navigation2/share/monicar2_navigation2/launch/slamtoolbox_rviz.launch.py
-- Symlinking: /home/aims_xavier/XAiMs/XAiMS_ws/install/monicar2_navigation2/share/monicar2_navigation2/map/maker1.pgm
-- Symlinking: /home/aims_xavier/XAiMs/XAiMS_ws/install/monicar2_navigation2/share/monicar2_navigation2/map/maker1.yaml
-- Symlinking: /home/aims_xavier/XAiMs/XAiMS_ws/install/monicar2_navigation2/share/monicar2_navigation2/map/mymap.pgm
-- Symlinking: /home/aims_xavier/XAiMs/XAiMS_ws/install/monicar2_navigation2/share/monicar2_navigation2/map/mymap.yaml
-- Symlinking: /home/aims_xavier/XAiMs/XAiMS_ws/install/monicar2_navigation2/share/monicar2_navigation2/param/monicar2.yaml
-- Symlinking: /home/aims_xavier/XAiMs/XAiMS_ws/install/monicar2_navigation2/share/monicar2_navigation2/rviz/navigation2.rviz
-- Symlinking: /home/aims_xavier/XAiMs/XAiMS_ws/install/monicar2_navigation2/share/monicar2_navigation2/rviz/slamtoolbox.rviz
-- Symlinking: /home/aims_xavier/XAiMs/XAiMS_ws/install/monicar2_navigation2/share/ament_index/resource_index/package_run_dependencies/monicar2_navigation2
-- Symlinking: /home/aims_xavier/XAiMs/XAiMS_ws/install/monicar2_navigation2/share/ament_index/resource_index/parent_prefix_path/monicar2_navigation2
-- Symlinking: /home/aims_xavier/XAiMs/XAiMS_ws/install/monicar2_navigation2/share/monicar2_navigation2/environment/ament_prefix_path.sh
-- Symlinking: /home/aims_xavier/XAiMs/XAiMS_ws/install/monicar2_navigation2/share/monicar2_navigation2/environment/ament_prefix_path.dsv
-- Symlinking: /home/aims_xavier/XAiMs/XAiMS_ws/install/monicar2_navigation2/share/monicar2_navigation2/environment/path.sh
-- Symlinking: /home/aims_xavier/XAiMs/XAiMS_ws/install/monicar2_navigation2/share/monicar2_navigation2/environment/path.dsv
-- Symlinking: /home/aims_xavier/XAiMs/XAiMS_ws/install/monicar2_navigation2/share/monicar2_navigation2/local_setup.bash
-- Symlinking: /home/aims_xavier/XAiMs/XAiMS_ws/install/monicar2_navigation2/share/monicar2_navigation2/local_setup.sh
-- Symlinking: /home/aims_xavier/XAiMs/XAiMS_ws/install/monicar2_navigation2/share/monicar2_navigation2/local_setup.zsh
-- Symlinking: /home/aims_xavier/XAiMs/XAiMS_ws/install/monicar2_navigation2/share/monicar2_navigation2/local_setup.dsv
-- Symlinking: /home/aims_xavier/XAiMs/XAiMS_ws/install/monicar2_navigation2/share/monicar2_navigation2/package.dsv
-- Symlinking: /home/aims_xavier/XAiMs/XAiMS_ws/install/monicar2_navigation2/share/ament_index/resource_index/packages/monicar2_navigation2
-- Symlinking: /home/aims_xavier/XAiMs/XAiMS_ws/install/monicar2_navigation2/share/monicar2_navigation2/cmake/monicar2_navigation2Config.cmake
-- Symlinking: /home/aims_xavier/XAiMs/XAiMS_ws/install/monicar2_navigation2/share/monicar2_navigation2/cmake/monicar2_navigation2Config-version.cmake
-- Symlinking: /home/aims_xavier/XAiMs/XAiMS_ws/install/monicar2_navigation2/share/monicar2_navigation2/package.xml
