[5.186s] Invoking command in '/home/aims_xavier/XAiMs/XAiMS_ws/build/bno055': PYTHONPATH=/home/aims_xavier/XAiMs/XAiMS_ws/build/bno055/prefix_override:/usr/lib/python3/dist-packages/colcon_core/task/python/colcon_distutils_commands:/home/aims_xavier/XAiMs/XAiMS_ws/install/bno055/lib/python3.8/site-packages:${PYTHONPATH} /usr/bin/python3 -W ignore:setup.py install is deprecated setup.py develop --uninstall --editable --build-directory /home/aims_xavier/XAiMs/XAiMS_ws/build/bno055/build
[6.428s] running develop
[7.109s] Removing /home/aims_xavier/XAiMs/XAiMS_ws/install/bno055/lib/python3.8/site-packages/bno055.egg-link (link to .)
[7.208s] Invoked command in '/home/aims_xavier/XAiMs/XAiMS_ws/build/bno055' returned '0': PYTHONPATH=/home/aims_xavier/XAiMs/XAiMS_ws/build/bno055/prefix_override:/usr/lib/python3/dist-packages/colcon_core/task/python/colcon_distutils_commands:/home/aims_xavier/XAiMs/XAiMS_ws/install/bno055/lib/python3.8/site-packages:${PYTHONPATH} /usr/bin/python3 -W ignore:setup.py install is deprecated setup.py develop --uninstall --editable --build-directory /home/aims_xavier/XAiMs/XAiMS_ws/build/bno055/build
[7.222s] Invoking command in '/home/aims_xavier/XAiMs/XAiMS_ws/src/bno055': PYTHONPATH=/home/aims_xavier/XAiMs/XAiMS_ws/build/bno055/prefix_override:/usr/lib/python3/dist-packages/colcon_core/task/python/colcon_distutils_commands:/home/aims_xavier/XAiMs/XAiMS_ws/install/bno055/lib/python3.8/site-packages:${PYTHONPATH} /usr/bin/python3 -W ignore:setup.py install is deprecated setup.py egg_info --egg-base ../../build/bno055 build --build-base /home/aims_xavier/XAiMs/XAiMS_ws/build/bno055/build install --record /home/aims_xavier/XAiMs/XAiMS_ws/build/bno055/install.log --single-version-externally-managed install_data --force
[8.205s] running egg_info
[8.208s] writing ../../build/bno055/bno055.egg-info/PKG-INFO
[8.216s] writing dependency_links to ../../build/bno055/bno055.egg-info/dependency_links.txt
[8.216s] writing entry points to ../../build/bno055/bno055.egg-info/entry_points.txt
[8.217s] writing requirements to ../../build/bno055/bno055.egg-info/requires.txt
[8.217s] writing top-level names to ../../build/bno055/bno055.egg-info/top_level.txt
[8.511s] reading manifest file '../../build/bno055/bno055.egg-info/SOURCES.txt'
[8.561s] writing manifest file '../../build/bno055/bno055.egg-info/SOURCES.txt'
[8.561s] running build
[8.562s] running build_py
[8.567s] copying bno055/params/NodeParameters.py -> /home/aims_xavier/XAiMs/XAiMS_ws/build/bno055/build/lib/bno055/params
[8.577s] running install
[8.582s] running install_lib
[8.588s] creating /home/aims_xavier/XAiMs/XAiMS_ws/install/bno055/lib/python3.8/site-packages/bno055
[8.589s] creating /home/aims_xavier/XAiMs/XAiMS_ws/install/bno055/lib/python3.8/site-packages/bno055/params
[8.590s] copying /home/aims_xavier/XAiMs/XAiMS_ws/build/bno055/build/lib/bno055/params/NodeParameters.py -> /home/aims_xavier/XAiMs/XAiMS_ws/install/bno055/lib/python3.8/site-packages/bno055/params
[8.592s] copying /home/aims_xavier/XAiMs/XAiMS_ws/build/bno055/build/lib/bno055/params/__init__.py -> /home/aims_xavier/XAiMs/XAiMS_ws/install/bno055/lib/python3.8/site-packages/bno055/params
[8.594s] creating /home/aims_xavier/XAiMs/XAiMS_ws/install/bno055/lib/python3.8/site-packages/bno055/sensor
[8.595s] copying /home/aims_xavier/XAiMs/XAiMS_ws/build/bno055/build/lib/bno055/sensor/__init__.py -> /home/aims_xavier/XAiMs/XAiMS_ws/install/bno055/lib/python3.8/site-packages/bno055/sensor
[8.596s] copying /home/aims_xavier/XAiMs/XAiMS_ws/build/bno055/build/lib/bno055/sensor/SensorService.py -> /home/aims_xavier/XAiMs/XAiMS_ws/install/bno055/lib/python3.8/site-packages/bno055/sensor
[8.598s] copying /home/aims_xavier/XAiMs/XAiMS_ws/build/bno055/build/lib/bno055/bno055.py -> /home/aims_xavier/XAiMs/XAiMS_ws/install/bno055/lib/python3.8/site-packages/bno055
[8.601s] creating /home/aims_xavier/XAiMs/XAiMS_ws/install/bno055/lib/python3.8/site-packages/bno055/error_handling
[8.603s] copying /home/aims_xavier/XAiMs/XAiMS_ws/build/bno055/build/lib/bno055/error_handling/exceptions.py -> /home/aims_xavier/XAiMs/XAiMS_ws/install/bno055/lib/python3.8/site-packages/bno055/error_handling
[8.604s] copying /home/aims_xavier/XAiMs/XAiMS_ws/build/bno055/build/lib/bno055/error_handling/__init__.py -> /home/aims_xavier/XAiMs/XAiMS_ws/install/bno055/lib/python3.8/site-packages/bno055/error_handling
[8.606s] copying /home/aims_xavier/XAiMs/XAiMS_ws/build/bno055/build/lib/bno055/registers.py -> /home/aims_xavier/XAiMs/XAiMS_ws/install/bno055/lib/python3.8/site-packages/bno055
[8.608s] copying /home/aims_xavier/XAiMs/XAiMS_ws/build/bno055/build/lib/bno055/__init__.py -> /home/aims_xavier/XAiMs/XAiMS_ws/install/bno055/lib/python3.8/site-packages/bno055
[8.610s] creating /home/aims_xavier/XAiMs/XAiMS_ws/install/bno055/lib/python3.8/site-packages/bno055/connectors
[8.611s] copying /home/aims_xavier/XAiMs/XAiMS_ws/build/bno055/build/lib/bno055/connectors/i2c.py -> /home/aims_xavier/XAiMs/XAiMS_ws/install/bno055/lib/python3.8/site-packages/bno055/connectors
[8.613s] copying /home/aims_xavier/XAiMs/XAiMS_ws/build/bno055/build/lib/bno055/connectors/uart.py -> /home/aims_xavier/XAiMs/XAiMS_ws/install/bno055/lib/python3.8/site-packages/bno055/connectors
[8.615s] copying /home/aims_xavier/XAiMs/XAiMS_ws/build/bno055/build/lib/bno055/connectors/Connector.py -> /home/aims_xavier/XAiMs/XAiMS_ws/install/bno055/lib/python3.8/site-packages/bno055/connectors
[8.617s] copying /home/aims_xavier/XAiMs/XAiMS_ws/build/bno055/build/lib/bno055/connectors/__init__.py -> /home/aims_xavier/XAiMs/XAiMS_ws/install/bno055/lib/python3.8/site-packages/bno055/connectors
[8.620s] byte-compiling /home/aims_xavier/XAiMs/XAiMS_ws/install/bno055/lib/python3.8/site-packages/bno055/params/NodeParameters.py to NodeParameters.cpython-38.pyc
[8.631s] byte-compiling /home/aims_xavier/XAiMs/XAiMS_ws/install/bno055/lib/python3.8/site-packages/bno055/params/__init__.py to __init__.cpython-38.pyc
[8.633s] byte-compiling /home/aims_xavier/XAiMs/XAiMS_ws/install/bno055/lib/python3.8/site-packages/bno055/sensor/__init__.py to __init__.cpython-38.pyc
[8.635s] byte-compiling /home/aims_xavier/XAiMs/XAiMS_ws/install/bno055/lib/python3.8/site-packages/bno055/sensor/SensorService.py to SensorService.cpython-38.pyc
[8.650s] byte-compiling /home/aims_xavier/XAiMs/XAiMS_ws/install/bno055/lib/python3.8/site-packages/bno055/bno055.py to bno055.cpython-38.pyc
[8.658s] byte-compiling /home/aims_xavier/XAiMs/XAiMS_ws/install/bno055/lib/python3.8/site-packages/bno055/error_handling/exceptions.py to exceptions.cpython-38.pyc
[8.660s] byte-compiling /home/aims_xavier/XAiMs/XAiMS_ws/install/bno055/lib/python3.8/site-packages/bno055/error_handling/__init__.py to __init__.cpython-38.pyc
[8.662s] byte-compiling /home/aims_xavier/XAiMs/XAiMS_ws/install/bno055/lib/python3.8/site-packages/bno055/registers.py to registers.cpython-38.pyc
[8.667s] byte-compiling /home/aims_xavier/XAiMs/XAiMS_ws/install/bno055/lib/python3.8/site-packages/bno055/__init__.py to __init__.cpython-38.pyc
[8.669s] byte-compiling /home/aims_xavier/XAiMs/XAiMS_ws/install/bno055/lib/python3.8/site-packages/bno055/connectors/i2c.py to i2c.cpython-38.pyc
[8.672s] byte-compiling /home/aims_xavier/XAiMs/XAiMS_ws/install/bno055/lib/python3.8/site-packages/bno055/connectors/uart.py to uart.cpython-38.pyc
[8.676s] byte-compiling /home/aims_xavier/XAiMs/XAiMS_ws/install/bno055/lib/python3.8/site-packages/bno055/connectors/Connector.py to Connector.cpython-38.pyc
[8.678s] byte-compiling /home/aims_xavier/XAiMs/XAiMS_ws/install/bno055/lib/python3.8/site-packages/bno055/connectors/__init__.py to __init__.cpython-38.pyc
[8.679s] running install_data
[8.819s] copying resource/bno055 -> /home/aims_xavier/XAiMs/XAiMS_ws/install/bno055/share/ament_index/resource_index/packages
[8.823s] copying package.xml -> /home/aims_xavier/XAiMs/XAiMS_ws/install/bno055/share/bno055
[8.825s] copying launch/bno055.launch.py -> /home/aims_xavier/XAiMs/XAiMS_ws/install/bno055/share/bno055/launch
[8.829s] copying bno055/params/bno055_params_test.yaml -> /home/aims_xavier/XAiMs/XAiMS_ws/install/bno055/share/bno055/config
[8.832s] copying bno055/params/bno055_params.yaml -> /home/aims_xavier/XAiMs/XAiMS_ws/install/bno055/share/bno055/config
[8.835s] copying bno055/params/bno055_params_i2c.yaml -> /home/aims_xavier/XAiMs/XAiMS_ws/install/bno055/share/bno055/config
[8.837s] running install_egg_info
[8.845s] Copying ../../build/bno055/bno055.egg-info to /home/aims_xavier/XAiMs/XAiMS_ws/install/bno055/lib/python3.8/site-packages/bno055-0.5.0-py3.8.egg-info
[8.990s] running install_scripts
[9.062s] Installing bno055 script to /home/aims_xavier/XAiMs/XAiMS_ws/install/bno055/lib/bno055
[9.070s] writing list of installed files to '/home/aims_xavier/XAiMs/XAiMS_ws/build/bno055/install.log'
[9.168s] Invoked command in '/home/aims_xavier/XAiMs/XAiMS_ws/src/bno055' returned '0': PYTHONPATH=/home/aims_xavier/XAiMs/XAiMS_ws/build/bno055/prefix_override:/usr/lib/python3/dist-packages/colcon_core/task/python/colcon_distutils_commands:/home/aims_xavier/XAiMs/XAiMS_ws/install/bno055/lib/python3.8/site-packages:${PYTHONPATH} /usr/bin/python3 -W ignore:setup.py install is deprecated setup.py egg_info --egg-base ../../build/bno055 build --build-base /home/aims_xavier/XAiMs/XAiMS_ws/build/bno055/build install --record /home/aims_xavier/XAiMs/XAiMS_ws/build/bno055/install.log --single-version-externally-managed install_data --force
