[4.297s] Invoking command in '/home/aims_xavier/XAiMs/XAiMS_ws/build/imu_bno055': CMAKE_PREFIX_PATH=${CMAKE_PREFIX_PATH}:/home/aims_xavier/XAiMs/XAiMS_ws/install/bno055:/opt/ros/foxy /usr/bin/cmake --build /home/aims_xavier/XAiMs/XAiMS_ws/build/imu_bno055 -- -j4 -l4
[6.439s] [100%] Built target bno055_i2c_node
[7.491s] Invoked command in '/home/aims_xavier/XAiMs/XAiMS_ws/build/imu_bno055' returned '0': CMAKE_PREFIX_PATH=${CMAKE_PREFIX_PATH}:/home/aims_xavier/XAiMs/XAiMS_ws/install/bno055:/opt/ros/foxy /usr/bin/cmake --build /home/aims_xavier/XAiMs/XAiMS_ws/build/imu_bno055 -- -j4 -l4
[7.521s] Invoking command in '/home/aims_xavier/XAiMs/XAiMS_ws/build/imu_bno055': CMAKE_PREFIX_PATH=${CMAKE_PREFIX_PATH}:/home/aims_xavier/XAiMs/XAiMS_ws/install/bno055:/opt/ros/foxy /usr/bin/cmake --install /home/aims_xavier/XAiMs/XAiMS_ws/build/imu_bno055
[7.882s] -- Install configuration: ""
[7.884s] -- Execute custom install script
[7.886s] -- Up-to-date symlink: /home/aims_xavier/XAiMs/XAiMS_ws/install/imu_bno055/lib/imu_bno055/bno055_i2c_node
[7.887s] -- Up-to-date symlink: /home/aims_xavier/XAiMs/XAiMS_ws/install/imu_bno055/share/ament_index/resource_index/package_run_dependencies/imu_bno055
[7.888s] -- Up-to-date symlink: /home/aims_xavier/XAiMs/XAiMS_ws/install/imu_bno055/share/ament_index/resource_index/parent_prefix_path/imu_bno055
[7.888s] -- Up-to-date symlink: /home/aims_xavier/XAiMs/XAiMS_ws/install/imu_bno055/share/imu_bno055/environment/ament_prefix_path.sh
[7.891s] -- Up-to-date symlink: /home/aims_xavier/XAiMs/XAiMS_ws/install/imu_bno055/share/imu_bno055/environment/ament_prefix_path.dsv
[7.892s] -- Up-to-date symlink: /home/aims_xavier/XAiMs/XAiMS_ws/install/imu_bno055/share/imu_bno055/environment/path.sh
[7.893s] -- Up-to-date symlink: /home/aims_xavier/XAiMs/XAiMS_ws/install/imu_bno055/share/imu_bno055/environment/path.dsv
[7.894s] -- Up-to-date symlink: /home/aims_xavier/XAiMs/XAiMS_ws/install/imu_bno055/share/imu_bno055/local_setup.bash
[7.902s] -- Up-to-date symlink: /home/aims_xavier/XAiMs/XAiMS_ws/install/imu_bno055/share/imu_bno055/local_setup.sh
[7.904s] -- Up-to-date symlink: /home/aims_xavier/XAiMs/XAiMS_ws/install/imu_bno055/share/imu_bno055/local_setup.zsh
[7.905s] -- Up-to-date symlink: /home/aims_xavier/XAiMs/XAiMS_ws/install/imu_bno055/share/imu_bno055/local_setup.dsv
[7.908s] -- Symlinking: /home/aims_xavier/XAiMs/XAiMS_ws/install/imu_bno055/share/imu_bno055/package.dsv
[8.288s] -- Up-to-date symlink: /home/aims_xavier/XAiMs/XAiMS_ws/install/imu_bno055/share/ament_index/resource_index/packages/imu_bno055
[8.288s] -- Up-to-date symlink: /home/aims_xavier/XAiMs/XAiMS_ws/install/imu_bno055/share/imu_bno055/cmake/imu_bno055Config.cmake
[8.289s] -- Up-to-date symlink: /home/aims_xavier/XAiMs/XAiMS_ws/install/imu_bno055/share/imu_bno055/cmake/imu_bno055Config-version.cmake
[8.304s] -- Up-to-date symlink: /home/aims_xavier/XAiMs/XAiMS_ws/install/imu_bno055/share/imu_bno055/package.xml
[8.308s] Invoked command in '/home/aims_xavier/XAiMs/XAiMS_ws/build/imu_bno055' returned '0': CMAKE_PREFIX_PATH=${CMAKE_PREFIX_PATH}:/home/aims_xavier/XAiMs/XAiMS_ws/install/bno055:/opt/ros/foxy /usr/bin/cmake --install /home/aims_xavier/XAiMs/XAiMS_ws/build/imu_bno055
