[0.444s] Invoking command in '/home/aims_xavier/XAiMs/XAiMS_ws/build/xaims_bringup': CMAKE_PREFIX_PATH=${CMAKE_PREFIX_PATH}:/home/aims_xavier/XAiMs/XAiMS_ws/install/bno055:/opt/ros/foxy /usr/bin/cmake --build /home/aims_xavier/XAiMs/XAiMS_ws/build/xaims_bringup -- -j4 -l4
[0.991s] Invoked command in '/home/aims_xavier/XAiMs/XAiMS_ws/build/xaims_bringup' returned '0': CMAKE_PREFIX_PATH=${CMAKE_PREFIX_PATH}:/home/aims_xavier/XAiMs/XAiMS_ws/install/bno055:/opt/ros/foxy /usr/bin/cmake --build /home/aims_xavier/XAiMs/XAiMS_ws/build/xaims_bringup -- -j4 -l4
[1.026s] Invoking command in '/home/aims_xavier/XAiMs/XAiMS_ws/build/xaims_bringup': CMAKE_PREFIX_PATH=${CMAKE_PREFIX_PATH}:/home/aims_xavier/XAiMs/XAiMS_ws/install/bno055:/opt/ros/foxy /usr/bin/cmake --install /home/aims_xavier/XAiMs/XAiMS_ws/build/xaims_bringup
[1.149s] -- Install configuration: ""
[1.150s] -- Execute custom install script
[1.154s] -- Up-to-date symlink: /home/aims_xavier/XAiMs/XAiMS_ws/install/xaims_bringup/share/xaims_bringup/launch/xaims_bringup.launch.py
[1.168s] -- Up-to-date symlink: /home/aims_xavier/XAiMs/XAiMS_ws/install/xaims_bringup/share/xaims_bringup/urdf/XiAMS_V1.gazebo
[1.169s] -- Up-to-date symlink: /home/aims_xavier/XAiMs/XAiMS_ws/install/xaims_bringup/share/xaims_bringup/urdf/XiAMS_V1.trans
[1.178s] -- Up-to-date symlink: /home/aims_xavier/XAiMs/XAiMS_ws/install/xaims_bringup/share/xaims_bringup/urdf/XiAMS_V1.urdf
[1.179s] -- Up-to-date symlink: /home/aims_xavier/XAiMs/XAiMS_ws/install/xaims_bringup/share/xaims_bringup/urdf/XiAMS_V1.xacro
[1.179s] -- Up-to-date symlink: /home/aims_xavier/XAiMs/XAiMS_ws/install/xaims_bringup/share/xaims_bringup/urdf/materials.xacro
[1.181s] -- Up-to-date symlink: /home/aims_xavier/XAiMs/XAiMS_ws/install/xaims_bringup/share/xaims_bringup/meshes/base_link.stl
[1.182s] -- Up-to-date symlink: /home/aims_xavier/XAiMs/XAiMS_ws/install/xaims_bringup/share/xaims_bringup/meshes/base_link2_1.stl
[1.183s] -- Up-to-date symlink: /home/aims_xavier/XAiMs/XAiMS_ws/install/xaims_bringup/share/xaims_bringup/meshes/base_link3_1.stl
[1.184s] -- Up-to-date symlink: /home/aims_xavier/XAiMs/XAiMS_ws/install/xaims_bringup/share/xaims_bringup/meshes/column_1_1.stl
[1.186s] -- Up-to-date symlink: /home/aims_xavier/XAiMs/XAiMS_ws/install/xaims_bringup/share/xaims_bringup/meshes/column_2_1.stl
[1.188s] -- Up-to-date symlink: /home/aims_xavier/XAiMs/XAiMS_ws/install/xaims_bringup/share/xaims_bringup/meshes/column_3_1.stl
[1.189s] -- Up-to-date symlink: /home/aims_xavier/XAiMs/XAiMS_ws/install/xaims_bringup/share/xaims_bringup/meshes/column_4_1.stl
[1.190s] -- Up-to-date symlink: /home/aims_xavier/XAiMs/XAiMS_ws/install/xaims_bringup/share/xaims_bringup/meshes/column_5_1.stl
[1.192s] -- Up-to-date symlink: /home/aims_xavier/XAiMs/XAiMS_ws/install/xaims_bringup/share/xaims_bringup/meshes/column_6_1.stl
[1.193s] -- Up-to-date symlink: /home/aims_xavier/XAiMs/XAiMS_ws/install/xaims_bringup/share/xaims_bringup/meshes/column_7_1.stl
[1.194s] -- Up-to-date symlink: /home/aims_xavier/XAiMs/XAiMS_ws/install/xaims_bringup/share/xaims_bringup/meshes/column_8_1.stl
[1.196s] -- Up-to-date symlink: /home/aims_xavier/XAiMs/XAiMS_ws/install/xaims_bringup/share/xaims_bringup/meshes/left_motor_1.stl
[1.198s] -- Up-to-date symlink: /home/aims_xavier/XAiMs/XAiMS_ws/install/xaims_bringup/share/xaims_bringup/meshes/left_wheel_1.stl
[1.199s] -- Up-to-date symlink: /home/aims_xavier/XAiMs/XAiMS_ws/install/xaims_bringup/share/xaims_bringup/meshes/lidar_link_1.stl
[1.201s] -- Up-to-date symlink: /home/aims_xavier/XAiMs/XAiMS_ws/install/xaims_bringup/share/xaims_bringup/meshes/right_motor_1.stl
[1.208s] -- Up-to-date symlink: /home/aims_xavier/XAiMs/XAiMS_ws/install/xaims_bringup/share/xaims_bringup/meshes/right_wheel_1.stl
[1.209s] -- Up-to-date symlink: /home/aims_xavier/XAiMs/XAiMS_ws/install/xaims_bringup/share/xaims_bringup/meshes/sup_wheel_1_1.stl
[1.210s] -- Up-to-date symlink: /home/aims_xavier/XAiMs/XAiMS_ws/install/xaims_bringup/share/xaims_bringup/meshes/sup_wheel_2_1.stl
[1.212s] -- Up-to-date symlink: /home/aims_xavier/XAiMs/XAiMS_ws/install/xaims_bringup/share/xaims_bringup/meshes/sup_wheel_3_1.stl
[1.213s] -- Up-to-date symlink: /home/aims_xavier/XAiMs/XAiMS_ws/install/xaims_bringup/share/xaims_bringup/meshes/sup_wheel_4_1.stl
[1.215s] -- Up-to-date symlink: /home/aims_xavier/XAiMs/XAiMS_ws/install/xaims_bringup/share/ament_index/resource_index/package_run_dependencies/xaims_bringup
[1.217s] -- Up-to-date symlink: /home/aims_xavier/XAiMs/XAiMS_ws/install/xaims_bringup/share/ament_index/resource_index/parent_prefix_path/xaims_bringup
[1.218s] -- Up-to-date symlink: /home/aims_xavier/XAiMs/XAiMS_ws/install/xaims_bringup/share/xaims_bringup/environment/ament_prefix_path.sh
[1.220s] -- Up-to-date symlink: /home/aims_xavier/XAiMs/XAiMS_ws/install/xaims_bringup/share/xaims_bringup/environment/ament_prefix_path.dsv
[1.222s] -- Up-to-date symlink: /home/aims_xavier/XAiMs/XAiMS_ws/install/xaims_bringup/share/xaims_bringup/environment/path.sh
[1.223s] -- Up-to-date symlink: /home/aims_xavier/XAiMs/XAiMS_ws/install/xaims_bringup/share/xaims_bringup/environment/path.dsv
[1.224s] -- Up-to-date symlink: /home/aims_xavier/XAiMs/XAiMS_ws/install/xaims_bringup/share/xaims_bringup/local_setup.bash
[1.227s] -- Up-to-date symlink: /home/aims_xavier/XAiMs/XAiMS_ws/install/xaims_bringup/share/xaims_bringup/local_setup.sh
[1.229s] -- Up-to-date symlink: /home/aims_xavier/XAiMs/XAiMS_ws/install/xaims_bringup/share/xaims_bringup/local_setup.zsh
[1.230s] -- Up-to-date symlink: /home/aims_xavier/XAiMs/XAiMS_ws/install/xaims_bringup/share/xaims_bringup/local_setup.dsv
[1.232s] -- Symlinking: /home/aims_xavier/XAiMs/XAiMS_ws/install/xaims_bringup/share/xaims_bringup/package.dsv
[1.315s] -- Up-to-date symlink: /home/aims_xavier/XAiMs/XAiMS_ws/install/xaims_bringup/share/ament_index/resource_index/packages/xaims_bringup
[1.318s] -- Up-to-date symlink: /home/aims_xavier/XAiMs/XAiMS_ws/install/xaims_bringup/share/xaims_bringup/cmake/xaims_bringupConfig.cmake
[1.324s] -- Up-to-date symlink: /home/aims_xavier/XAiMs/XAiMS_ws/install/xaims_bringup/share/xaims_bringup/cmake/xaims_bringupConfig-version.cmake
[1.325s] -- Up-to-date symlink: /home/aims_xavier/XAiMs/XAiMS_ws/install/xaims_bringup/share/xaims_bringup/package.xml
[1.343s] Invoked command in '/home/aims_xavier/XAiMs/XAiMS_ws/build/xaims_bringup' returned '0': CMAKE_PREFIX_PATH=${CMAKE_PREFIX_PATH}:/home/aims_xavier/XAiMs/XAiMS_ws/install/bno055:/opt/ros/foxy /usr/bin/cmake --install /home/aims_xavier/XAiMs/XAiMS_ws/build/xaims_bringup
