[2.076s] Invoking command in '/home/aims_xavier/XAiMs/XAiMS_ws/build/monicar2_cartographer': CMAKE_PREFIX_PATH=${CMAKE_PREFIX_PATH}:/home/aims_xavier/XAiMs/XAiMS_ws/install/bno055:/opt/ros/foxy /usr/bin/cmake --build /home/aims_xavier/XAiMs/XAiMS_ws/build/monicar2_cartographer -- -j4 -l4
[2.655s] Invoked command in '/home/aims_xavier/XAiMs/XAiMS_ws/build/monicar2_cartographer' returned '0': CMAKE_PREFIX_PATH=${CMAKE_PREFIX_PATH}:/home/aims_xavier/XAiMs/XAiMS_ws/install/bno055:/opt/ros/foxy /usr/bin/cmake --build /home/aims_xavier/XAiMs/XAiMS_ws/build/monicar2_cartographer -- -j4 -l4
[2.666s] Invoking command in '/home/aims_xavier/XAiMs/XAiMS_ws/build/monicar2_cartographer': CMAKE_PREFIX_PATH=${CMAKE_PREFIX_PATH}:/home/aims_xavier/XAiMs/XAiMS_ws/install/bno055:/opt/ros/foxy /usr/bin/cmake --install /home/aims_xavier/XAiMs/XAiMS_ws/build/monicar2_cartographer
[2.867s] -- Install configuration: ""
[2.898s] -- Execute custom install script
[2.914s] -- Up-to-date symlink: /home/aims_xavier/XAiMs/XAiMS_ws/install/monicar2_cartographer/share/monicar2_cartographer/config/lidar.lua
[2.929s] -- Up-to-date symlink: /home/aims_xavier/XAiMs/XAiMS_ws/install/monicar2_cartographer/share/monicar2_cartographer/launch/cartographer.launch.py
[2.930s] -- Up-to-date symlink: /home/aims_xavier/XAiMs/XAiMS_ws/install/monicar2_cartographer/share/monicar2_cartographer/launch/cartographer_rviz.launch.py
[2.943s] -- Up-to-date symlink: /home/aims_xavier/XAiMs/XAiMS_ws/install/monicar2_cartographer/share/monicar2_cartographer/launch/occupancy_grid.launch.py
[2.946s] -- Up-to-date symlink: /home/aims_xavier/XAiMs/XAiMS_ws/install/monicar2_cartographer/share/monicar2_cartographer/rviz/cartographer.rviz
[2.976s] -- Up-to-date symlink: /home/aims_xavier/XAiMs/XAiMS_ws/install/monicar2_cartographer/share/ament_index/resource_index/package_run_dependencies/monicar2_cartographer
[3.002s] -- Up-to-date symlink: /home/aims_xavier/XAiMs/XAiMS_ws/install/monicar2_cartographer/share/ament_index/resource_index/parent_prefix_path/monicar2_cartographer
[3.003s] -- Up-to-date symlink: /home/aims_xavier/XAiMs/XAiMS_ws/install/monicar2_cartographer/share/monicar2_cartographer/environment/ament_prefix_path.sh
[3.007s] -- Up-to-date symlink: /home/aims_xavier/XAiMs/XAiMS_ws/install/monicar2_cartographer/share/monicar2_cartographer/environment/ament_prefix_path.dsv
[3.032s] -- Up-to-date symlink: /home/aims_xavier/XAiMs/XAiMS_ws/install/monicar2_cartographer/share/monicar2_cartographer/environment/path.sh
[3.037s] -- Up-to-date symlink: /home/aims_xavier/XAiMs/XAiMS_ws/install/monicar2_cartographer/share/monicar2_cartographer/environment/path.dsv
[3.038s] -- Up-to-date symlink: /home/aims_xavier/XAiMs/XAiMS_ws/install/monicar2_cartographer/share/monicar2_cartographer/local_setup.bash
[3.044s] -- Up-to-date symlink: /home/aims_xavier/XAiMs/XAiMS_ws/install/monicar2_cartographer/share/monicar2_cartographer/local_setup.sh
[3.046s] -- Up-to-date symlink: /home/aims_xavier/XAiMs/XAiMS_ws/install/monicar2_cartographer/share/monicar2_cartographer/local_setup.zsh
[3.096s] -- Up-to-date symlink: /home/aims_xavier/XAiMs/XAiMS_ws/install/monicar2_cartographer/share/monicar2_cartographer/local_setup.dsv
[3.098s] -- Symlinking: /home/aims_xavier/XAiMs/XAiMS_ws/install/monicar2_cartographer/share/monicar2_cartographer/package.dsv
[3.182s] -- Up-to-date symlink: /home/aims_xavier/XAiMs/XAiMS_ws/install/monicar2_cartographer/share/ament_index/resource_index/packages/monicar2_cartographer
[3.183s] -- Up-to-date symlink: /home/aims_xavier/XAiMs/XAiMS_ws/install/monicar2_cartographer/share/monicar2_cartographer/cmake/monicar2_cartographerConfig.cmake
[3.190s] -- Up-to-date symlink: /home/aims_xavier/XAiMs/XAiMS_ws/install/monicar2_cartographer/share/monicar2_cartographer/cmake/monicar2_cartographerConfig-version.cmake
[3.197s] -- Up-to-date symlink: /home/aims_xavier/XAiMs/XAiMS_ws/install/monicar2_cartographer/share/monicar2_cartographer/package.xml
[3.621s] Invoked command in '/home/aims_xavier/XAiMs/XAiMS_ws/build/monicar2_cartographer' returned '0': CMAKE_PREFIX_PATH=${CMAKE_PREFIX_PATH}:/home/aims_xavier/XAiMs/XAiMS_ws/install/bno055:/opt/ros/foxy /usr/bin/cmake --install /home/aims_xavier/XAiMs/XAiMS_ws/build/monicar2_cartographer
