-- Install configuration: ""
-- Execute custom install script
-- Up-to-date symlink: /home/aims_xavier/XAiMs/XAiMS_ws/install/monicar2_navigation2/share/monicar2_navigation2/launch/navigation2.launch.py
-- Up-to-date symlink: /home/aims_xavier/XAiMs/XAiMS_ws/install/monicar2_navigation2/share/monicar2_navigation2/launch/navigation2_rviz.launch.py
-- Up-to-date symlink: /home/aims_xavier/XAiMs/XAiMS_ws/install/monicar2_navigation2/share/monicar2_navigation2/launch/slamtoolbox_rviz.launch.py
-- Up-to-date symlink: /home/aims_xavier/XAiMs/XAiMS_ws/install/monicar2_navigation2/share/monicar2_navigation2/map/maker1.pgm
-- Up-to-date symlink: /home/aims_xavier/XAiMs/XAiMS_ws/install/monicar2_navigation2/share/monicar2_navigation2/map/maker1.yaml
-- Up-to-date symlink: /home/aims_xavier/XAiMs/XAiMS_ws/install/monicar2_navigation2/share/monicar2_navigation2/map/mymap.pgm
-- Up-to-date symlink: /home/aims_xavier/XAiMs/XAiMS_ws/install/monicar2_navigation2/share/monicar2_navigation2/map/mymap.yaml
-- Symlinking: /home/aims_xavier/XAiMs/XAiMS_ws/install/monicar2_navigation2/share/monicar2_navigation2/map/mymap_backkup.pgm
-- Symlinking: /home/aims_xavier/XAiMs/XAiMS_ws/install/monicar2_navigation2/share/monicar2_navigation2/map/mymap_backkup.yaml
-- Up-to-date symlink: /home/aims_xavier/XAiMs/XAiMS_ws/install/monicar2_navigation2/share/monicar2_navigation2/param/monicar2.yaml
-- Up-to-date symlink: /home/aims_xavier/XAiMs/XAiMS_ws/install/monicar2_navigation2/share/monicar2_navigation2/rviz/navigation2.rviz
-- Up-to-date symlink: /home/aims_xavier/XAiMs/XAiMS_ws/install/monicar2_navigation2/share/monicar2_navigation2/rviz/slamtoolbox.rviz
-- Up-to-date symlink: /home/aims_xavier/XAiMs/XAiMS_ws/install/monicar2_navigation2/share/ament_index/resource_index/package_run_dependencies/monicar2_navigation2
-- Up-to-date symlink: /home/aims_xavier/XAiMs/XAiMS_ws/install/monicar2_navigation2/share/ament_index/resource_index/parent_prefix_path/monicar2_navigation2
-- Up-to-date symlink: /home/aims_xavier/XAiMs/XAiMS_ws/install/monicar2_navigation2/share/monicar2_navigation2/environment/ament_prefix_path.sh
-- Up-to-date symlink: /home/aims_xavier/XAiMs/XAiMS_ws/install/monicar2_navigation2/share/monicar2_navigation2/environment/ament_prefix_path.dsv
-- Up-to-date symlink: /home/aims_xavier/XAiMs/XAiMS_ws/install/monicar2_navigation2/share/monicar2_navigation2/environment/path.sh
-- Up-to-date symlink: /home/aims_xavier/XAiMs/XAiMS_ws/install/monicar2_navigation2/share/monicar2_navigation2/environment/path.dsv
-- Up-to-date symlink: /home/aims_xavier/XAiMs/XAiMS_ws/install/monicar2_navigation2/share/monicar2_navigation2/local_setup.bash
-- Up-to-date symlink: /home/aims_xavier/XAiMs/XAiMS_ws/install/monicar2_navigation2/share/monicar2_navigation2/local_setup.sh
-- Up-to-date symlink: /home/aims_xavier/XAiMs/XAiMS_ws/install/monicar2_navigation2/share/monicar2_navigation2/local_setup.zsh
-- Up-to-date symlink: /home/aims_xavier/XAiMs/XAiMS_ws/install/monicar2_navigation2/share/monicar2_navigation2/local_setup.dsv
-- Symlinking: /home/aims_xavier/XAiMs/XAiMS_ws/install/monicar2_navigation2/share/monicar2_navigation2/package.dsv
-- Up-to-date symlink: /home/aims_xavier/XAiMs/XAiMS_ws/install/monicar2_navigation2/share/ament_index/resource_index/packages/monicar2_navigation2
-- Up-to-date symlink: /home/aims_xavier/XAiMs/XAiMS_ws/install/monicar2_navigation2/share/monicar2_navigation2/cmake/monicar2_navigation2Config.cmake
-- Up-to-date symlink: /home/aims_xavier/XAiMs/XAiMS_ws/install/monicar2_navigation2/share/monicar2_navigation2/cmake/monicar2_navigation2Config-version.cmake
-- Up-to-date symlink: /home/aims_xavier/XAiMs/XAiMS_ws/install/monicar2_navigation2/share/monicar2_navigation2/package.xml
