[0.570s] Invoking command in '/home/aims_xavier/XAiMs/XAiMS_ws/build/monicar2_navigation2': CMAKE_PREFIX_PATH=${CMAKE_PREFIX_PATH}:/home/aims_xavier/XAiMs/XAiMS_ws/install/bno055:/opt/ros/foxy /usr/bin/cmake --build /home/aims_xavier/XAiMs/XAiMS_ws/build/monicar2_navigation2 -- -j4 -l4
[1.837s] Invoked command in '/home/aims_xavier/XAiMs/XAiMS_ws/build/monicar2_navigation2' returned '0': CMAKE_PREFIX_PATH=${CMAKE_PREFIX_PATH}:/home/aims_xavier/XAiMs/XAiMS_ws/install/bno055:/opt/ros/foxy /usr/bin/cmake --build /home/aims_xavier/XAiMs/XAiMS_ws/build/monicar2_navigation2 -- -j4 -l4
[1.865s] Invoking command in '/home/aims_xavier/XAiMs/XAiMS_ws/build/monicar2_navigation2': CMAKE_PREFIX_PATH=${CMAKE_PREFIX_PATH}:/home/aims_xavier/XAiMs/XAiMS_ws/install/bno055:/opt/ros/foxy /usr/bin/cmake --install /home/aims_xavier/XAiMs/XAiMS_ws/build/monicar2_navigation2
[2.200s] -- Install configuration: ""
[2.208s] -- Execute custom install script
[2.209s] -- Up-to-date symlink: /home/aims_xavier/XAiMs/XAiMS_ws/install/monicar2_navigation2/share/monicar2_navigation2/launch/navigation2.launch.py
[2.215s] -- Up-to-date symlink: /home/aims_xavier/XAiMs/XAiMS_ws/install/monicar2_navigation2/share/monicar2_navigation2/launch/navigation2_rviz.launch.py
[2.217s] -- Up-to-date symlink: /home/aims_xavier/XAiMs/XAiMS_ws/install/monicar2_navigation2/share/monicar2_navigation2/launch/slamtoolbox_rviz.launch.py
[2.218s] -- Up-to-date symlink: /home/aims_xavier/XAiMs/XAiMS_ws/install/monicar2_navigation2/share/monicar2_navigation2/map/maker1.pgm
[2.256s] -- Up-to-date symlink: /home/aims_xavier/XAiMs/XAiMS_ws/install/monicar2_navigation2/share/monicar2_navigation2/map/maker1.yaml
[2.359s] -- Up-to-date symlink: /home/aims_xavier/XAiMs/XAiMS_ws/install/monicar2_navigation2/share/monicar2_navigation2/map/mymap.pgm
[2.361s] -- Up-to-date symlink: /home/aims_xavier/XAiMs/XAiMS_ws/install/monicar2_navigation2/share/monicar2_navigation2/map/mymap.yaml
[2.365s] -- Symlinking: /home/aims_xavier/XAiMs/XAiMS_ws/install/monicar2_navigation2/share/monicar2_navigation2/map/mymap_backkup.pgm
[2.404s] -- Symlinking: /home/aims_xavier/XAiMs/XAiMS_ws/install/monicar2_navigation2/share/monicar2_navigation2/map/mymap_backkup.yaml
[2.539s] -- Up-to-date symlink: /home/aims_xavier/XAiMs/XAiMS_ws/install/monicar2_navigation2/share/monicar2_navigation2/param/monicar2.yaml
[2.540s] -- Up-to-date symlink: /home/aims_xavier/XAiMs/XAiMS_ws/install/monicar2_navigation2/share/monicar2_navigation2/rviz/navigation2.rviz
[2.541s] -- Up-to-date symlink: /home/aims_xavier/XAiMs/XAiMS_ws/install/monicar2_navigation2/share/monicar2_navigation2/rviz/slamtoolbox.rviz
[2.541s] -- Up-to-date symlink: /home/aims_xavier/XAiMs/XAiMS_ws/install/monicar2_navigation2/share/ament_index/resource_index/package_run_dependencies/monicar2_navigation2
[2.542s] -- Up-to-date symlink: /home/aims_xavier/XAiMs/XAiMS_ws/install/monicar2_navigation2/share/ament_index/resource_index/parent_prefix_path/monicar2_navigation2
[2.557s] -- Up-to-date symlink: /home/aims_xavier/XAiMs/XAiMS_ws/install/monicar2_navigation2/share/monicar2_navigation2/environment/ament_prefix_path.sh
[2.559s] -- Up-to-date symlink: /home/aims_xavier/XAiMs/XAiMS_ws/install/monicar2_navigation2/share/monicar2_navigation2/environment/ament_prefix_path.dsv
[2.560s] -- Up-to-date symlink: /home/aims_xavier/XAiMs/XAiMS_ws/install/monicar2_navigation2/share/monicar2_navigation2/environment/path.sh
[2.561s] -- Up-to-date symlink: /home/aims_xavier/XAiMs/XAiMS_ws/install/monicar2_navigation2/share/monicar2_navigation2/environment/path.dsv
[2.586s] -- Up-to-date symlink: /home/aims_xavier/XAiMs/XAiMS_ws/install/monicar2_navigation2/share/monicar2_navigation2/local_setup.bash
[2.587s] -- Up-to-date symlink: /home/aims_xavier/XAiMs/XAiMS_ws/install/monicar2_navigation2/share/monicar2_navigation2/local_setup.sh
[2.594s] -- Up-to-date symlink: /home/aims_xavier/XAiMs/XAiMS_ws/install/monicar2_navigation2/share/monicar2_navigation2/local_setup.zsh
[2.659s] -- Up-to-date symlink: /home/aims_xavier/XAiMs/XAiMS_ws/install/monicar2_navigation2/share/monicar2_navigation2/local_setup.dsv
[2.660s] -- Symlinking: /home/aims_xavier/XAiMs/XAiMS_ws/install/monicar2_navigation2/share/monicar2_navigation2/package.dsv
[2.688s] -- Up-to-date symlink: /home/aims_xavier/XAiMs/XAiMS_ws/install/monicar2_navigation2/share/ament_index/resource_index/packages/monicar2_navigation2
[2.730s] -- Up-to-date symlink: /home/aims_xavier/XAiMs/XAiMS_ws/install/monicar2_navigation2/share/monicar2_navigation2/cmake/monicar2_navigation2Config.cmake
[2.730s] -- Up-to-date symlink: /home/aims_xavier/XAiMs/XAiMS_ws/install/monicar2_navigation2/share/monicar2_navigation2/cmake/monicar2_navigation2Config-version.cmake
[2.733s] -- Up-to-date symlink: /home/aims_xavier/XAiMs/XAiMS_ws/install/monicar2_navigation2/share/monicar2_navigation2/package.xml
[3.114s] Invoked command in '/home/aims_xavier/XAiMs/XAiMS_ws/build/monicar2_navigation2' returned '0': CMAKE_PREFIX_PATH=${CMAKE_PREFIX_PATH}:/home/aims_xavier/XAiMs/XAiMS_ws/install/bno055:/opt/ros/foxy /usr/bin/cmake --install /home/aims_xavier/XAiMs/XAiMS_ws/build/monicar2_navigation2
