-- Found ament_cmake: 0.9.12 (/opt/ros/foxy/share/ament_cmake/cmake)
-- Using PYTHON_EXECUTABLE: /usr/bin/python3
-- Override CMake install command with custom implementation using symlinks instead of copying resources
-- Found rclcpp: 2.4.3 (/opt/ros/foxy/share/rclcpp/cmake)
-- Using all available rosidl_typesupport_c: rosidl_typesupport_fastrtps_c;rosidl_typesupport_introspection_c
-- Found rosidl_adapter: 1.3.1 (/opt/ros/foxy/share/rosidl_adapter/cmake)
-- Using all available rosidl_typesupport_cpp: rosidl_typesupport_fastrtps_cpp;rosidl_typesupport_introspection_cpp
-- Found rmw_implementation_cmake: 1.0.4 (/opt/ros/foxy/share/rmw_implementation_cmake/cmake)
-- Using RMW implementation 'rmw_fastrtps_cpp' as default
-- Found geometry_msgs: 2.0.5 (/opt/ros/foxy/share/geometry_msgs/cmake)
-- Found tf2_geometry_msgs: 0.13.14 (/opt/ros/foxy/share/tf2_geometry_msgs/cmake)
-- Found eigen3_cmake_module: 0.1.1 (/opt/ros/foxy/share/eigen3_cmake_module/cmake)
-- Found nav_msgs: 2.0.5 (/opt/ros/foxy/share/nav_msgs/cmake)
-- Configuring done
-- Generating done
-- Build files have been written to: /home/aims_xavier/XAiMs/XAiMS_ws/build/xaims_bringup
-- Install configuration: ""
-- Execute custom install script
-- Up-to-date symlink: /home/aims_xavier/XAiMs/XAiMS_ws/install/xaims_bringup/share/xaims_bringup/launch/xaims_bringup.launch.py
-- Up-to-date symlink: /home/aims_xavier/XAiMs/XAiMS_ws/install/xaims_bringup/share/xaims_bringup/urdf/XiAMS_V1.gazebo
-- Up-to-date symlink: /home/aims_xavier/XAiMs/XAiMS_ws/install/xaims_bringup/share/xaims_bringup/urdf/XiAMS_V1.trans
-- Up-to-date symlink: /home/aims_xavier/XAiMs/XAiMS_ws/install/xaims_bringup/share/xaims_bringup/urdf/XiAMS_V1.urdf
-- Up-to-date symlink: /home/aims_xavier/XAiMs/XAiMS_ws/install/xaims_bringup/share/xaims_bringup/urdf/XiAMS_V1.xacro
-- Up-to-date symlink: /home/aims_xavier/XAiMs/XAiMS_ws/install/xaims_bringup/share/xaims_bringup/urdf/materials.xacro
-- Up-to-date symlink: /home/aims_xavier/XAiMs/XAiMS_ws/install/xaims_bringup/share/xaims_bringup/meshes/base_link.stl
-- Up-to-date symlink: /home/aims_xavier/XAiMs/XAiMS_ws/install/xaims_bringup/share/xaims_bringup/meshes/base_link2_1.stl
-- Up-to-date symlink: /home/aims_xavier/XAiMs/XAiMS_ws/install/xaims_bringup/share/xaims_bringup/meshes/base_link3_1.stl
-- Up-to-date symlink: /home/aims_xavier/XAiMs/XAiMS_ws/install/xaims_bringup/share/xaims_bringup/meshes/column_1_1.stl
-- Up-to-date symlink: /home/aims_xavier/XAiMs/XAiMS_ws/install/xaims_bringup/share/xaims_bringup/meshes/column_2_1.stl
-- Up-to-date symlink: /home/aims_xavier/XAiMs/XAiMS_ws/install/xaims_bringup/share/xaims_bringup/meshes/column_3_1.stl
-- Up-to-date symlink: /home/aims_xavier/XAiMs/XAiMS_ws/install/xaims_bringup/share/xaims_bringup/meshes/column_4_1.stl
-- Up-to-date symlink: /home/aims_xavier/XAiMs/XAiMS_ws/install/xaims_bringup/share/xaims_bringup/meshes/column_5_1.stl
-- Up-to-date symlink: /home/aims_xavier/XAiMs/XAiMS_ws/install/xaims_bringup/share/xaims_bringup/meshes/column_6_1.stl
-- Up-to-date symlink: /home/aims_xavier/XAiMs/XAiMS_ws/install/xaims_bringup/share/xaims_bringup/meshes/column_7_1.stl
-- Up-to-date symlink: /home/aims_xavier/XAiMs/XAiMS_ws/install/xaims_bringup/share/xaims_bringup/meshes/column_8_1.stl
-- Up-to-date symlink: /home/aims_xavier/XAiMs/XAiMS_ws/install/xaims_bringup/share/xaims_bringup/meshes/left_motor_1.stl
-- Up-to-date symlink: /home/aims_xavier/XAiMs/XAiMS_ws/install/xaims_bringup/share/xaims_bringup/meshes/left_wheel_1.stl
-- Up-to-date symlink: /home/aims_xavier/XAiMs/XAiMS_ws/install/xaims_bringup/share/xaims_bringup/meshes/lidar_link_1.stl
-- Up-to-date symlink: /home/aims_xavier/XAiMs/XAiMS_ws/install/xaims_bringup/share/xaims_bringup/meshes/right_motor_1.stl
-- Up-to-date symlink: /home/aims_xavier/XAiMs/XAiMS_ws/install/xaims_bringup/share/xaims_bringup/meshes/right_wheel_1.stl
-- Up-to-date symlink: /home/aims_xavier/XAiMs/XAiMS_ws/install/xaims_bringup/share/xaims_bringup/meshes/sup_wheel_1_1.stl
-- Up-to-date symlink: /home/aims_xavier/XAiMs/XAiMS_ws/install/xaims_bringup/share/xaims_bringup/meshes/sup_wheel_2_1.stl
-- Up-to-date symlink: /home/aims_xavier/XAiMs/XAiMS_ws/install/xaims_bringup/share/xaims_bringup/meshes/sup_wheel_3_1.stl
-- Up-to-date symlink: /home/aims_xavier/XAiMs/XAiMS_ws/install/xaims_bringup/share/xaims_bringup/meshes/sup_wheel_4_1.stl
-- Up-to-date symlink: /home/aims_xavier/XAiMs/XAiMS_ws/install/xaims_bringup/share/ament_index/resource_index/package_run_dependencies/xaims_bringup
-- Up-to-date symlink: /home/aims_xavier/XAiMs/XAiMS_ws/install/xaims_bringup/share/ament_index/resource_index/parent_prefix_path/xaims_bringup
-- Up-to-date symlink: /home/aims_xavier/XAiMs/XAiMS_ws/install/xaims_bringup/share/xaims_bringup/environment/ament_prefix_path.sh
-- Up-to-date symlink: /home/aims_xavier/XAiMs/XAiMS_ws/install/xaims_bringup/share/xaims_bringup/environment/ament_prefix_path.dsv
-- Up-to-date symlink: /home/aims_xavier/XAiMs/XAiMS_ws/install/xaims_bringup/share/xaims_bringup/environment/path.sh
-- Up-to-date symlink: /home/aims_xavier/XAiMs/XAiMS_ws/install/xaims_bringup/share/xaims_bringup/environment/path.dsv
-- Up-to-date symlink: /home/aims_xavier/XAiMs/XAiMS_ws/install/xaims_bringup/share/xaims_bringup/local_setup.bash
-- Up-to-date symlink: /home/aims_xavier/XAiMs/XAiMS_ws/install/xaims_bringup/share/xaims_bringup/local_setup.sh
-- Up-to-date symlink: /home/aims_xavier/XAiMs/XAiMS_ws/install/xaims_bringup/share/xaims_bringup/local_setup.zsh
-- Up-to-date symlink: /home/aims_xavier/XAiMs/XAiMS_ws/install/xaims_bringup/share/xaims_bringup/local_setup.dsv
-- Symlinking: /home/aims_xavier/XAiMs/XAiMS_ws/install/xaims_bringup/share/xaims_bringup/package.dsv
-- Up-to-date symlink: /home/aims_xavier/XAiMs/XAiMS_ws/install/xaims_bringup/share/ament_index/resource_index/packages/xaims_bringup
-- Up-to-date symlink: /home/aims_xavier/XAiMs/XAiMS_ws/install/xaims_bringup/share/xaims_bringup/cmake/xaims_bringupConfig.cmake
-- Up-to-date symlink: /home/aims_xavier/XAiMs/XAiMS_ws/install/xaims_bringup/share/xaims_bringup/cmake/xaims_bringupConfig-version.cmake
-- Up-to-date symlink: /home/aims_xavier/XAiMs/XAiMS_ws/install/xaims_bringup/share/xaims_bringup/package.xml
