[3.165s] Invoking command in '/home/aims_xavier/XAiMs/XAiMS_ws/build/bno055': PYTHONPATH=/home/aims_xavier/XAiMs/XAiMS_ws/build/bno055/prefix_override:/usr/lib/python3/dist-packages/colcon_core/task/python/colcon_distutils_commands:/home/aims_xavier/XAiMs/XAiMS_ws/install/bno055/lib/python3.8/site-packages:${PYTHONPATH} /usr/bin/python3 -W ignore:setup.py install is deprecated setup.py develop --editable --build-directory /home/aims_xavier/XAiMs/XAiMS_ws/build/bno055/build --no-deps symlink_data --force
[4.448s] running develop
[5.286s] running egg_info
[5.286s] writing bno055.egg-info/PKG-INFO
[5.287s] writing dependency_links to bno055.egg-info/dependency_links.txt
[5.288s] writing entry points to bno055.egg-info/entry_points.txt
[5.289s] writing requirements to bno055.egg-info/requires.txt
[5.289s] writing top-level names to bno055.egg-info/top_level.txt
[5.437s] reading manifest file 'bno055.egg-info/SOURCES.txt'
[5.443s] writing manifest file 'bno055.egg-info/SOURCES.txt'
[5.624s] running build_ext
[5.737s] Creating /home/aims_xavier/XAiMs/XAiMS_ws/install/bno055/lib/python3.8/site-packages/site.py
[5.748s] Creating /home/aims_xavier/XAiMs/XAiMS_ws/install/bno055/lib/python3.8/site-packages/bno055.egg-link (link to .)
[5.752s] Installing bno055 script to /home/aims_xavier/XAiMs/XAiMS_ws/install/bno055/lib/bno055
[5.755s] 
[5.755s] Installed /home/aims_xavier/XAiMs/XAiMS_ws/build/bno055
[5.757s] running symlink_data
[5.760s] symbolically linking /home/aims_xavier/XAiMs/XAiMS_ws/build/bno055/resource/bno055 -> /home/aims_xavier/XAiMs/XAiMS_ws/install/bno055/share/ament_index/resource_index/packages
[5.761s] symbolically linking /home/aims_xavier/XAiMs/XAiMS_ws/build/bno055/package.xml -> /home/aims_xavier/XAiMs/XAiMS_ws/install/bno055/share/bno055
[5.761s] symbolically linking /home/aims_xavier/XAiMs/XAiMS_ws/build/bno055/launch/bno055.launch.py -> /home/aims_xavier/XAiMs/XAiMS_ws/install/bno055/share/bno055/launch
[5.763s] symbolically linking /home/aims_xavier/XAiMs/XAiMS_ws/build/bno055/bno055/params/bno055_params_test.yaml -> /home/aims_xavier/XAiMs/XAiMS_ws/install/bno055/share/bno055/config
[5.764s] symbolically linking /home/aims_xavier/XAiMs/XAiMS_ws/build/bno055/bno055/params/bno055_params.yaml -> /home/aims_xavier/XAiMs/XAiMS_ws/install/bno055/share/bno055/config
[5.765s] symbolically linking /home/aims_xavier/XAiMs/XAiMS_ws/build/bno055/bno055/params/bno055_params_i2c.yaml -> /home/aims_xavier/XAiMs/XAiMS_ws/install/bno055/share/bno055/config
[5.952s] Invoked command in '/home/aims_xavier/XAiMs/XAiMS_ws/build/bno055' returned '0': PYTHONPATH=/home/aims_xavier/XAiMs/XAiMS_ws/build/bno055/prefix_override:/usr/lib/python3/dist-packages/colcon_core/task/python/colcon_distutils_commands:/home/aims_xavier/XAiMs/XAiMS_ws/install/bno055/lib/python3.8/site-packages:${PYTHONPATH} /usr/bin/python3 -W ignore:setup.py install is deprecated setup.py develop --editable --build-directory /home/aims_xavier/XAiMs/XAiMS_ws/build/bno055/build --no-deps symlink_data --force
