-- Found ament_cmake: 1.3.10 (/opt/ros/humble/share/ament_cmake/cmake)
-- Found rclcpp: 16.0.10 (/opt/ros/humble/share/rclcpp/cmake)
-- Found rosidl_generator_c: 3.1.5 (/opt/ros/humble/share/rosidl_generator_c/cmake)
-- Found rosidl_adapter: 3.1.5 (/opt/ros/humble/share/rosidl_adapter/cmake)
-- Found rosidl_generator_cpp: 3.1.5 (/opt/ros/humble/share/rosidl_generator_cpp/cmake)
-- Using all available rosidl_typesupport_c: rosidl_typesupport_fastrtps_c;rosidl_typesupport_introspection_c
-- Using all available rosidl_typesupport_cpp: rosidl_typesupport_fastrtps_cpp;rosidl_typesupport_introspection_cpp
-- Found rmw_implementation_cmake: 6.1.2 (/opt/ros/humble/share/rmw_implementation_cmake/cmake)
-- Found rmw_fastrtps_cpp: 6.2.7 (/opt/ros/humble/share/rmw_fastrtps_cpp/cmake)
-- Using RMW implementation 'rmw_fastrtps_cpp' as default
-- Found geometry_msgs: 4.2.4 (/opt/ros/humble/share/geometry_msgs/cmake)
-- Found tf2_geometry_msgs: 0.25.8 (/opt/ros/humble/share/tf2_geometry_msgs/cmake)
-- Found eigen3_cmake_module: 0.1.1 (/opt/ros/humble/share/eigen3_cmake_module/cmake)
-- Ensuring Eigen3 include directory is part of orocos-kdl CMake target
-- Configuring done
-- Generating done
-- Build files have been written to: /home/aimsrog/XAiMs/XAiMS_ws/src/xaims_localization/build/xaims_localization
[35m[1mConsolidate compiler generated dependencies of target rviz_click_to_2d[0m
[100%] Built target rviz_click_to_2d
-- Install configuration: ""
-- Up-to-date: /home/aimsrog/XAiMs/XAiMS_ws/src/xaims_localization/install/xaims_localization/lib/xaims_localization/rviz_click_to_2d
-- Up-to-date: /home/aimsrog/XAiMs/XAiMS_ws/src/xaims_localization/install/xaims_localization/share/xaims_localization/launch
-- Up-to-date: /home/aimsrog/XAiMs/XAiMS_ws/src/xaims_localization/install/xaims_localization/share/xaims_localization/rviz
-- Installing: /home/aimsrog/XAiMs/XAiMS_ws/src/xaims_localization/install/xaims_localization/share/ament_index/resource_index/package_run_dependencies/xaims_localization
-- Up-to-date: /home/aimsrog/XAiMs/XAiMS_ws/src/xaims_localization/install/xaims_localization/share/ament_index/resource_index/parent_prefix_path/xaims_localization
-- Up-to-date: /home/aimsrog/XAiMs/XAiMS_ws/src/xaims_localization/install/xaims_localization/share/xaims_localization/environment/ament_prefix_path.sh
-- Installing: /home/aimsrog/XAiMs/XAiMS_ws/src/xaims_localization/install/xaims_localization/share/xaims_localization/environment/ament_prefix_path.dsv
-- Up-to-date: /home/aimsrog/XAiMs/XAiMS_ws/src/xaims_localization/install/xaims_localization/share/xaims_localization/environment/path.sh
-- Installing: /home/aimsrog/XAiMs/XAiMS_ws/src/xaims_localization/install/xaims_localization/share/xaims_localization/environment/path.dsv
-- Up-to-date: /home/aimsrog/XAiMs/XAiMS_ws/src/xaims_localization/install/xaims_localization/share/xaims_localization/local_setup.bash
-- Up-to-date: /home/aimsrog/XAiMs/XAiMS_ws/src/xaims_localization/install/xaims_localization/share/xaims_localization/local_setup.sh
-- Up-to-date: /home/aimsrog/XAiMs/XAiMS_ws/src/xaims_localization/install/xaims_localization/share/xaims_localization/local_setup.zsh
-- Installing: /home/aimsrog/XAiMs/XAiMS_ws/src/xaims_localization/install/xaims_localization/share/xaims_localization/local_setup.dsv
-- Installing: /home/aimsrog/XAiMs/XAiMS_ws/src/xaims_localization/install/xaims_localization/share/xaims_localization/package.dsv
-- Up-to-date: /home/aimsrog/XAiMs/XAiMS_ws/src/xaims_localization/install/xaims_localization/share/ament_index/resource_index/packages/xaims_localization
-- Up-to-date: /home/aimsrog/XAiMs/XAiMS_ws/src/xaims_localization/install/xaims_localization/share/xaims_localization/cmake/xaims_localizationConfig.cmake
-- Up-to-date: /home/aimsrog/XAiMs/XAiMS_ws/src/xaims_localization/install/xaims_localization/share/xaims_localization/cmake/xaims_localizationConfig-version.cmake
-- Installing: /home/aimsrog/XAiMs/XAiMS_ws/src/xaims_localization/install/xaims_localization/share/xaims_localization/package.xml
