[0.014s] Invoking command in '/home/aimsrog/XAiMs/XAiMS_ws/src/xaims_localization/build/xaims_localization': CMAKE_PREFIX_PATH=${CMAKE_PREFIX_PATH}:/home/aimsrog/turtlebot3_ws/install/turtlebot3_teleop:/home/aimsrog/turtlebot3_ws/install/turtlebot3_example:/opt/ros/humble /usr/bin/cmake --build /home/aimsrog/XAiMs/XAiMS_ws/src/xaims_localization/build/xaims_localization -- -j16 -l16
[0.039s] -- Found ament_cmake: 1.3.10 (/opt/ros/humble/share/ament_cmake/cmake)
[0.143s] -- Found rclcpp: 16.0.10 (/opt/ros/humble/share/rclcpp/cmake)
[0.164s] -- Found rosidl_generator_c: 3.1.5 (/opt/ros/humble/share/rosidl_generator_c/cmake)
[0.166s] -- Found rosidl_adapter: 3.1.5 (/opt/ros/humble/share/rosidl_adapter/cmake)
[0.169s] -- Found rosidl_generator_cpp: 3.1.5 (/opt/ros/humble/share/rosidl_generator_cpp/cmake)
[0.176s] -- Using all available rosidl_typesupport_c: rosidl_typesupport_fastrtps_c;rosidl_typesupport_introspection_c
[0.185s] -- Using all available rosidl_typesupport_cpp: rosidl_typesupport_fastrtps_cpp;rosidl_typesupport_introspection_cpp
[0.206s] -- Found rmw_implementation_cmake: 6.1.2 (/opt/ros/humble/share/rmw_implementation_cmake/cmake)
[0.208s] -- Found rmw_fastrtps_cpp: 6.2.7 (/opt/ros/humble/share/rmw_fastrtps_cpp/cmake)
[0.318s] -- Using RMW implementation 'rmw_fastrtps_cpp' as default
[0.350s] -- Found geometry_msgs: 4.2.4 (/opt/ros/humble/share/geometry_msgs/cmake)
[0.358s] -- Found tf2_geometry_msgs: 0.25.8 (/opt/ros/humble/share/tf2_geometry_msgs/cmake)
[0.360s] -- Found eigen3_cmake_module: 0.1.1 (/opt/ros/humble/share/eigen3_cmake_module/cmake)
[0.361s] -- Ensuring Eigen3 include directory is part of orocos-kdl CMake target
[0.483s] -- Configuring done
[0.492s] -- Generating done
[0.493s] -- Build files have been written to: /home/aimsrog/XAiMs/XAiMS_ws/src/xaims_localization/build/xaims_localization
[0.525s] [35m[1mConsolidate compiler generated dependencies of target rviz_click_to_2d[0m
[0.544s] [100%] Built target rviz_click_to_2d
[0.557s] Invoked command in '/home/aimsrog/XAiMs/XAiMS_ws/src/xaims_localization/build/xaims_localization' returned '0': CMAKE_PREFIX_PATH=${CMAKE_PREFIX_PATH}:/home/aimsrog/turtlebot3_ws/install/turtlebot3_teleop:/home/aimsrog/turtlebot3_ws/install/turtlebot3_example:/opt/ros/humble /usr/bin/cmake --build /home/aimsrog/XAiMs/XAiMS_ws/src/xaims_localization/build/xaims_localization -- -j16 -l16
[0.603s] Invoking command in '/home/aimsrog/XAiMs/XAiMS_ws/src/xaims_localization/build/xaims_localization': CMAKE_PREFIX_PATH=${CMAKE_PREFIX_PATH}:/home/aimsrog/turtlebot3_ws/install/turtlebot3_teleop:/home/aimsrog/turtlebot3_ws/install/turtlebot3_example:/opt/ros/humble /usr/bin/cmake --install /home/aimsrog/XAiMs/XAiMS_ws/src/xaims_localization/build/xaims_localization
[0.613s] -- Install configuration: ""
[0.613s] -- Up-to-date: /home/aimsrog/XAiMs/XAiMS_ws/src/xaims_localization/install/xaims_localization/lib/xaims_localization/rviz_click_to_2d
[0.613s] -- Up-to-date: /home/aimsrog/XAiMs/XAiMS_ws/src/xaims_localization/install/xaims_localization/share/xaims_localization/launch
[0.613s] -- Up-to-date: /home/aimsrog/XAiMs/XAiMS_ws/src/xaims_localization/install/xaims_localization/share/xaims_localization/rviz
[0.613s] -- Installing: /home/aimsrog/XAiMs/XAiMS_ws/src/xaims_localization/install/xaims_localization/share/ament_index/resource_index/package_run_dependencies/xaims_localization
[0.613s] -- Up-to-date: /home/aimsrog/XAiMs/XAiMS_ws/src/xaims_localization/install/xaims_localization/share/ament_index/resource_index/parent_prefix_path/xaims_localization
[0.613s] -- Up-to-date: /home/aimsrog/XAiMs/XAiMS_ws/src/xaims_localization/install/xaims_localization/share/xaims_localization/environment/ament_prefix_path.sh
[0.613s] -- Installing: /home/aimsrog/XAiMs/XAiMS_ws/src/xaims_localization/install/xaims_localization/share/xaims_localization/environment/ament_prefix_path.dsv
[0.613s] -- Up-to-date: /home/aimsrog/XAiMs/XAiMS_ws/src/xaims_localization/install/xaims_localization/share/xaims_localization/environment/path.sh
[0.613s] -- Installing: /home/aimsrog/XAiMs/XAiMS_ws/src/xaims_localization/install/xaims_localization/share/xaims_localization/environment/path.dsv
[0.613s] -- Up-to-date: /home/aimsrog/XAiMs/XAiMS_ws/src/xaims_localization/install/xaims_localization/share/xaims_localization/local_setup.bash
[0.614s] -- Up-to-date: /home/aimsrog/XAiMs/XAiMS_ws/src/xaims_localization/install/xaims_localization/share/xaims_localization/local_setup.sh
[0.614s] -- Up-to-date: /home/aimsrog/XAiMs/XAiMS_ws/src/xaims_localization/install/xaims_localization/share/xaims_localization/local_setup.zsh
[0.614s] -- Installing: /home/aimsrog/XAiMs/XAiMS_ws/src/xaims_localization/install/xaims_localization/share/xaims_localization/local_setup.dsv
[0.614s] -- Installing: /home/aimsrog/XAiMs/XAiMS_ws/src/xaims_localization/install/xaims_localization/share/xaims_localization/package.dsv
[0.614s] -- Up-to-date: /home/aimsrog/XAiMs/XAiMS_ws/src/xaims_localization/install/xaims_localization/share/ament_index/resource_index/packages/xaims_localization
[0.614s] -- Up-to-date: /home/aimsrog/XAiMs/XAiMS_ws/src/xaims_localization/install/xaims_localization/share/xaims_localization/cmake/xaims_localizationConfig.cmake
[0.614s] -- Up-to-date: /home/aimsrog/XAiMs/XAiMS_ws/src/xaims_localization/install/xaims_localization/share/xaims_localization/cmake/xaims_localizationConfig-version.cmake
[0.614s] -- Installing: /home/aimsrog/XAiMs/XAiMS_ws/src/xaims_localization/install/xaims_localization/share/xaims_localization/package.xml
[0.617s] Invoked command in '/home/aimsrog/XAiMs/XAiMS_ws/src/xaims_localization/build/xaims_localization' returned '0': CMAKE_PREFIX_PATH=${CMAKE_PREFIX_PATH}:/home/aimsrog/turtlebot3_ws/install/turtlebot3_teleop:/home/aimsrog/turtlebot3_ws/install/turtlebot3_example:/opt/ros/humble /usr/bin/cmake --install /home/aimsrog/XAiMs/XAiMS_ws/src/xaims_localization/build/xaims_localization
