[1.384s] Invoking command in '/home/aims_xavier/XAiMs/XAiMS_ws/build/xaims_bringup': CMAKE_PREFIX_PATH=${CMAKE_PREFIX_PATH}:/home/aims_xavier/XAiMs/XAiMS_ws/install/bno055:/opt/ros/foxy /usr/bin/cmake --build /home/aims_xavier/XAiMs/XAiMS_ws/build/xaims_bringup -- -j4 -l4
[2.114s] Invoked command in '/home/aims_xavier/XAiMs/XAiMS_ws/build/xaims_bringup' returned '0': CMAKE_PREFIX_PATH=${CMAKE_PREFIX_PATH}:/home/aims_xavier/XAiMs/XAiMS_ws/install/bno055:/opt/ros/foxy /usr/bin/cmake --build /home/aims_xavier/XAiMs/XAiMS_ws/build/xaims_bringup -- -j4 -l4
[2.115s] Invoking command in '/home/aims_xavier/XAiMs/XAiMS_ws/build/xaims_bringup': CMAKE_PREFIX_PATH=${CMAKE_PREFIX_PATH}:/home/aims_xavier/XAiMs/XAiMS_ws/install/bno055:/opt/ros/foxy /usr/bin/cmake --install /home/aims_xavier/XAiMs/XAiMS_ws/build/xaims_bringup
[2.263s] -- Install configuration: ""
[2.275s] -- Execute custom install script
[2.288s] -- Up-to-date symlink: /home/aims_xavier/XAiMs/XAiMS_ws/install/xaims_bringup/share/xaims_bringup/launch/xaims_bringup.launch.py
[2.300s] -- Up-to-date symlink: /home/aims_xavier/XAiMs/XAiMS_ws/install/xaims_bringup/share/xaims_bringup/urdf/XiAMS_V1.gazebo
[2.312s] -- Up-to-date symlink: /home/aims_xavier/XAiMs/XAiMS_ws/install/xaims_bringup/share/xaims_bringup/urdf/XiAMS_V1.trans
[2.318s] -- Up-to-date symlink: /home/aims_xavier/XAiMs/XAiMS_ws/install/xaims_bringup/share/xaims_bringup/urdf/XiAMS_V1.urdf
[2.319s] -- Up-to-date symlink: /home/aims_xavier/XAiMs/XAiMS_ws/install/xaims_bringup/share/xaims_bringup/urdf/XiAMS_V1.xacro
[2.321s] -- Up-to-date symlink: /home/aims_xavier/XAiMs/XAiMS_ws/install/xaims_bringup/share/xaims_bringup/urdf/materials.xacro
[2.328s] -- Up-to-date symlink: /home/aims_xavier/XAiMs/XAiMS_ws/install/xaims_bringup/share/xaims_bringup/meshes/base_link.stl
[2.330s] -- Up-to-date symlink: /home/aims_xavier/XAiMs/XAiMS_ws/install/xaims_bringup/share/xaims_bringup/meshes/base_link2_1.stl
[2.337s] -- Up-to-date symlink: /home/aims_xavier/XAiMs/XAiMS_ws/install/xaims_bringup/share/xaims_bringup/meshes/base_link3_1.stl
[2.339s] -- Up-to-date symlink: /home/aims_xavier/XAiMs/XAiMS_ws/install/xaims_bringup/share/xaims_bringup/meshes/column_1_1.stl
[2.341s] -- Up-to-date symlink: /home/aims_xavier/XAiMs/XAiMS_ws/install/xaims_bringup/share/xaims_bringup/meshes/column_2_1.stl
[2.344s] -- Up-to-date symlink: /home/aims_xavier/XAiMs/XAiMS_ws/install/xaims_bringup/share/xaims_bringup/meshes/column_3_1.stl
[2.359s] -- Up-to-date symlink: /home/aims_xavier/XAiMs/XAiMS_ws/install/xaims_bringup/share/xaims_bringup/meshes/column_4_1.stl
[2.366s] -- Up-to-date symlink: /home/aims_xavier/XAiMs/XAiMS_ws/install/xaims_bringup/share/xaims_bringup/meshes/column_5_1.stl
[2.371s] -- Up-to-date symlink: /home/aims_xavier/XAiMs/XAiMS_ws/install/xaims_bringup/share/xaims_bringup/meshes/column_6_1.stl
[2.399s] -- Up-to-date symlink: /home/aims_xavier/XAiMs/XAiMS_ws/install/xaims_bringup/share/xaims_bringup/meshes/column_7_1.stl
[2.410s] -- Up-to-date symlink: /home/aims_xavier/XAiMs/XAiMS_ws/install/xaims_bringup/share/xaims_bringup/meshes/column_8_1.stl
[2.430s] -- Up-to-date symlink: /home/aims_xavier/XAiMs/XAiMS_ws/install/xaims_bringup/share/xaims_bringup/meshes/left_motor_1.stl
[2.441s] -- Up-to-date symlink: /home/aims_xavier/XAiMs/XAiMS_ws/install/xaims_bringup/share/xaims_bringup/meshes/left_wheel_1.stl
[2.455s] -- Up-to-date symlink: /home/aims_xavier/XAiMs/XAiMS_ws/install/xaims_bringup/share/xaims_bringup/meshes/lidar_link_1.stl
[2.458s] -- Up-to-date symlink: /home/aims_xavier/XAiMs/XAiMS_ws/install/xaims_bringup/share/xaims_bringup/meshes/right_motor_1.stl
[2.460s] -- Up-to-date symlink: /home/aims_xavier/XAiMs/XAiMS_ws/install/xaims_bringup/share/xaims_bringup/meshes/right_wheel_1.stl
[2.460s] -- Up-to-date symlink: /home/aims_xavier/XAiMs/XAiMS_ws/install/xaims_bringup/share/xaims_bringup/meshes/sup_wheel_1_1.stl
[2.464s] -- Up-to-date symlink: /home/aims_xavier/XAiMs/XAiMS_ws/install/xaims_bringup/share/xaims_bringup/meshes/sup_wheel_2_1.stl
[2.483s] -- Up-to-date symlink: /home/aims_xavier/XAiMs/XAiMS_ws/install/xaims_bringup/share/xaims_bringup/meshes/sup_wheel_3_1.stl
[2.486s] -- Up-to-date symlink: /home/aims_xavier/XAiMs/XAiMS_ws/install/xaims_bringup/share/xaims_bringup/meshes/sup_wheel_4_1.stl
[2.486s] -- Up-to-date symlink: /home/aims_xavier/XAiMs/XAiMS_ws/install/xaims_bringup/share/ament_index/resource_index/package_run_dependencies/xaims_bringup
[2.487s] -- Up-to-date symlink: /home/aims_xavier/XAiMs/XAiMS_ws/install/xaims_bringup/share/ament_index/resource_index/parent_prefix_path/xaims_bringup
[2.487s] -- Up-to-date symlink: /home/aims_xavier/XAiMs/XAiMS_ws/install/xaims_bringup/share/xaims_bringup/environment/ament_prefix_path.sh
[2.489s] -- Up-to-date symlink: /home/aims_xavier/XAiMs/XAiMS_ws/install/xaims_bringup/share/xaims_bringup/environment/ament_prefix_path.dsv
[2.494s] -- Up-to-date symlink: /home/aims_xavier/XAiMs/XAiMS_ws/install/xaims_bringup/share/xaims_bringup/environment/path.sh
[2.508s] -- Up-to-date symlink: /home/aims_xavier/XAiMs/XAiMS_ws/install/xaims_bringup/share/xaims_bringup/environment/path.dsv
[2.527s] -- Up-to-date symlink: /home/aims_xavier/XAiMs/XAiMS_ws/install/xaims_bringup/share/xaims_bringup/local_setup.bash
[2.535s] -- Up-to-date symlink: /home/aims_xavier/XAiMs/XAiMS_ws/install/xaims_bringup/share/xaims_bringup/local_setup.sh
[2.564s] -- Up-to-date symlink: /home/aims_xavier/XAiMs/XAiMS_ws/install/xaims_bringup/share/xaims_bringup/local_setup.zsh
[2.600s] -- Up-to-date symlink: /home/aims_xavier/XAiMs/XAiMS_ws/install/xaims_bringup/share/xaims_bringup/local_setup.dsv
[2.625s] -- Symlinking: /home/aims_xavier/XAiMs/XAiMS_ws/install/xaims_bringup/share/xaims_bringup/package.dsv
[2.811s] -- Up-to-date symlink: /home/aims_xavier/XAiMs/XAiMS_ws/install/xaims_bringup/share/ament_index/resource_index/packages/xaims_bringup
[2.813s] -- Up-to-date symlink: /home/aims_xavier/XAiMs/XAiMS_ws/install/xaims_bringup/share/xaims_bringup/cmake/xaims_bringupConfig.cmake
[2.815s] -- Up-to-date symlink: /home/aims_xavier/XAiMs/XAiMS_ws/install/xaims_bringup/share/xaims_bringup/cmake/xaims_bringupConfig-version.cmake
[2.817s] -- Up-to-date symlink: /home/aims_xavier/XAiMs/XAiMS_ws/install/xaims_bringup/share/xaims_bringup/package.xml
[2.854s] Invoked command in '/home/aims_xavier/XAiMs/XAiMS_ws/build/xaims_bringup' returned '0': CMAKE_PREFIX_PATH=${CMAKE_PREFIX_PATH}:/home/aims_xavier/XAiMs/XAiMS_ws/install/bno055:/opt/ros/foxy /usr/bin/cmake --install /home/aims_xavier/XAiMs/XAiMS_ws/build/xaims_bringup
