[0.352s] Invoking command in '/home/aims_xavier/XAiMs/XAiMS_ws/build/basic_mobile_robot': CMAKE_PREFIX_PATH=${CMAKE_PREFIX_PATH}:/home/aims_xavier/XAiMs/XAiMS_ws/install/bno055:/opt/ros/foxy /usr/bin/cmake --build /home/aims_xavier/XAiMs/XAiMS_ws/build/basic_mobile_robot -- -j4 -l4
[1.933s] Invoked command in '/home/aims_xavier/XAiMs/XAiMS_ws/build/basic_mobile_robot' returned '0': CMAKE_PREFIX_PATH=${CMAKE_PREFIX_PATH}:/home/aims_xavier/XAiMs/XAiMS_ws/install/bno055:/opt/ros/foxy /usr/bin/cmake --build /home/aims_xavier/XAiMs/XAiMS_ws/build/basic_mobile_robot -- -j4 -l4
[2.346s] Invoking command in '/home/aims_xavier/XAiMs/XAiMS_ws/build/basic_mobile_robot': CMAKE_PREFIX_PATH=${CMAKE_PREFIX_PATH}:/home/aims_xavier/XAiMs/XAiMS_ws/install/bno055:/opt/ros/foxy /usr/bin/cmake --install /home/aims_xavier/XAiMs/XAiMS_ws/build/basic_mobile_robot
[2.387s] -- Install configuration: ""
[2.389s] -- Execute custom install script
[2.392s] -- Up-to-date symlink: /home/aims_xavier/XAiMs/XAiMS_ws/install/basic_mobile_robot/share/basic_mobile_robot/config/ekf.yaml
[2.402s] -- Up-to-date symlink: /home/aims_xavier/XAiMs/XAiMS_ws/install/basic_mobile_robot/share/basic_mobile_robot/launch/basic_mobile_bot_v1.launch.py
[2.403s] -- Up-to-date symlink: /home/aims_xavier/XAiMs/XAiMS_ws/install/basic_mobile_robot/share/basic_mobile_robot/launch/basic_mobile_bot_v3.launch.py
[2.405s] -- Up-to-date symlink: /home/aims_xavier/XAiMs/XAiMS_ws/install/basic_mobile_robot/share/basic_mobile_robot/launch/ekfnode.launch.py
[2.406s] -- Up-to-date symlink: /home/aims_xavier/XAiMs/XAiMS_ws/install/basic_mobile_robot/share/basic_mobile_robot/meshes/arm_base.stl
[2.408s] -- Up-to-date symlink: /home/aims_xavier/XAiMs/XAiMS_ws/install/basic_mobile_robot/share/basic_mobile_robot/meshes/bicep.stl
[2.409s] -- Up-to-date symlink: /home/aims_xavier/XAiMs/XAiMS_ws/install/basic_mobile_robot/share/basic_mobile_robot/meshes/elbow.stl
[2.410s] -- Up-to-date symlink: /home/aims_xavier/XAiMs/XAiMS_ws/install/basic_mobile_robot/share/basic_mobile_robot/meshes/robot_base.stl
[2.412s] -- Up-to-date symlink: /home/aims_xavier/XAiMs/XAiMS_ws/install/basic_mobile_robot/share/basic_mobile_robot/meshes/wheel.stl
[2.414s] -- Up-to-date symlink: /home/aims_xavier/XAiMs/XAiMS_ws/install/basic_mobile_robot/share/basic_mobile_robot/meshes/wrist.stl
[2.415s] -- Up-to-date symlink: /home/aims_xavier/XAiMs/XAiMS_ws/install/basic_mobile_robot/share/basic_mobile_robot/models/basic_mobile_bot_description/model.config
[2.415s] -- Up-to-date symlink: /home/aims_xavier/XAiMs/XAiMS_ws/install/basic_mobile_robot/share/basic_mobile_robot/models/basic_mobile_bot_v1.urdf
[2.416s] -- Up-to-date symlink: /home/aims_xavier/XAiMs/XAiMS_ws/install/basic_mobile_robot/share/basic_mobile_robot/params/ekf.yaml
[2.418s] -- Up-to-date symlink: /home/aims_xavier/XAiMs/XAiMS_ws/install/basic_mobile_robot/share/basic_mobile_robot/rviz/urdf_config.rviz
[2.424s] -- Up-to-date symlink: /home/aims_xavier/XAiMs/XAiMS_ws/install/basic_mobile_robot/share/ament_index/resource_index/package_run_dependencies/basic_mobile_robot
[2.429s] -- Up-to-date symlink: /home/aims_xavier/XAiMs/XAiMS_ws/install/basic_mobile_robot/share/ament_index/resource_index/parent_prefix_path/basic_mobile_robot
[2.439s] -- Up-to-date symlink: /home/aims_xavier/XAiMs/XAiMS_ws/install/basic_mobile_robot/share/basic_mobile_robot/environment/ament_prefix_path.sh
[2.444s] -- Up-to-date symlink: /home/aims_xavier/XAiMs/XAiMS_ws/install/basic_mobile_robot/share/basic_mobile_robot/environment/ament_prefix_path.dsv
[2.446s] -- Up-to-date symlink: /home/aims_xavier/XAiMs/XAiMS_ws/install/basic_mobile_robot/share/basic_mobile_robot/environment/path.sh
[2.447s] -- Up-to-date symlink: /home/aims_xavier/XAiMs/XAiMS_ws/install/basic_mobile_robot/share/basic_mobile_robot/environment/path.dsv
[2.447s] -- Up-to-date symlink: /home/aims_xavier/XAiMs/XAiMS_ws/install/basic_mobile_robot/share/basic_mobile_robot/local_setup.bash
[2.447s] -- Up-to-date symlink: /home/aims_xavier/XAiMs/XAiMS_ws/install/basic_mobile_robot/share/basic_mobile_robot/local_setup.sh
[2.448s] -- Up-to-date symlink: /home/aims_xavier/XAiMs/XAiMS_ws/install/basic_mobile_robot/share/basic_mobile_robot/local_setup.zsh
[2.448s] -- Up-to-date symlink: /home/aims_xavier/XAiMs/XAiMS_ws/install/basic_mobile_robot/share/basic_mobile_robot/local_setup.dsv
[2.449s] -- Symlinking: /home/aims_xavier/XAiMs/XAiMS_ws/install/basic_mobile_robot/share/basic_mobile_robot/package.dsv
[2.622s] -- Up-to-date symlink: /home/aims_xavier/XAiMs/XAiMS_ws/install/basic_mobile_robot/share/ament_index/resource_index/packages/basic_mobile_robot
[2.624s] -- Up-to-date symlink: /home/aims_xavier/XAiMs/XAiMS_ws/install/basic_mobile_robot/share/basic_mobile_robot/cmake/basic_mobile_robotConfig.cmake
[2.625s] -- Up-to-date symlink: /home/aims_xavier/XAiMs/XAiMS_ws/install/basic_mobile_robot/share/basic_mobile_robot/cmake/basic_mobile_robotConfig-version.cmake
[2.628s] -- Up-to-date symlink: /home/aims_xavier/XAiMs/XAiMS_ws/install/basic_mobile_robot/share/basic_mobile_robot/package.xml
[2.638s] Invoked command in '/home/aims_xavier/XAiMs/XAiMS_ws/build/basic_mobile_robot' returned '0': CMAKE_PREFIX_PATH=${CMAKE_PREFIX_PATH}:/home/aims_xavier/XAiMs/XAiMS_ws/install/bno055:/opt/ros/foxy /usr/bin/cmake --install /home/aims_xavier/XAiMs/XAiMS_ws/build/basic_mobile_robot
