[0.461s] Invoking command in '/home/aims_xavier/XAiMs/XAiMS_ws/build/XiAMS_V1_description': /usr/bin/cmake /home/aims_xavier/XAiMs/XAiMS_ws/src/XiAMS_V1_description -DCATKIN_INSTALL_INTO_PREFIX_ROOT=0 -DCATKIN_SYMLINK_INSTALL=ON -DCMAKE_INSTALL_PREFIX=/home/aims_xavier/XAiMs/XAiMS_ws/install/XiAMS_V1_description
[2.183s] -- The C compiler identification is GNU 9.4.0
[3.406s] -- The CXX compiler identification is GNU 9.4.0
[3.460s] -- Check for working C compiler: /usr/bin/cc
[3.920s] -- Check for working C compiler: /usr/bin/cc -- works
[4.063s] -- Detecting C compiler ABI info
[4.575s] -- Detecting C compiler ABI info - done
[4.806s] -- Detecting C compile features
[4.810s] -- Detecting C compile features - done
[4.986s] -- Check for working CXX compiler: /usr/bin/c++
[5.430s] -- Check for working CXX compiler: /usr/bin/c++ -- works
[5.436s] -- Detecting CXX compiler ABI info
[6.012s] -- Detecting CXX compiler ABI info - done
[6.100s] -- Detecting CXX compile features
[6.104s] -- Detecting CXX compile features - done
[6.294s] CMake Error at CMakeLists.txt:10 (find_package):
[6.294s]   By not providing "Findcatkin.cmake" in CMAKE_MODULE_PATH this project has
[6.295s]   asked CMake to find a package configuration file provided by "catkin", but
[6.295s]   CMake did not find one.
[6.296s] 
[6.298s]   Could not find a package configuration file provided by "catkin" with any
[6.298s]   of the following names:
[6.298s] 
[6.299s]     catkinConfig.cmake
[6.299s]     catkin-config.cmake
[6.299s] 
[6.300s]   Add the installation prefix of "catkin" to CMAKE_PREFIX_PATH or set
[6.300s]   "catkin_DIR" to a directory containing one of the above files.  If "catkin"
[6.300s]   provides a separate development package or SDK, be sure it has been
[6.301s]   installed.
[6.301s] 
[6.301s] 
[6.302s] -- Configuring incomplete, errors occurred!
[6.302s] See also "/home/aims_xavier/XAiMs/XAiMS_ws/build/XiAMS_V1_description/CMakeFiles/CMakeOutput.log".
[6.313s] Invoked command in '/home/aims_xavier/XAiMs/XAiMS_ws/build/XiAMS_V1_description' returned '1': /usr/bin/cmake /home/aims_xavier/XAiMs/XAiMS_ws/src/XiAMS_V1_description -DCATKIN_INSTALL_INTO_PREFIX_ROOT=0 -DCATKIN_SYMLINK_INSTALL=ON -DCMAKE_INSTALL_PREFIX=/home/aims_xavier/XAiMs/XAiMS_ws/install/XiAMS_V1_description
