[1.831s] Invoking command in '/home/aims_xavier/XAiMs/XAiMS_ws/build/xaims_localization': CMAKE_PREFIX_PATH=${CMAKE_PREFIX_PATH}:/home/aims_xavier/XAiMs/XAiMS_ws/install/bno055:/opt/ros/foxy /usr/bin/cmake --build /home/aims_xavier/XAiMs/XAiMS_ws/build/xaims_localization -- -j4 -l4
[2.583s] [ 50%] Built target ekf_odom_pub
[3.084s] [100%] Built target rviz_click_to_2d
[3.559s] Invoked command in '/home/aims_xavier/XAiMs/XAiMS_ws/build/xaims_localization' returned '0': CMAKE_PREFIX_PATH=${CMAKE_PREFIX_PATH}:/home/aims_xavier/XAiMs/XAiMS_ws/install/bno055:/opt/ros/foxy /usr/bin/cmake --build /home/aims_xavier/XAiMs/XAiMS_ws/build/xaims_localization -- -j4 -l4
[4.014s] Invoking command in '/home/aims_xavier/XAiMs/XAiMS_ws/build/xaims_localization': CMAKE_PREFIX_PATH=${CMAKE_PREFIX_PATH}:/home/aims_xavier/XAiMs/XAiMS_ws/install/bno055:/opt/ros/foxy /usr/bin/cmake --install /home/aims_xavier/XAiMs/XAiMS_ws/build/xaims_localization
[4.155s] -- Install configuration: ""
[4.161s] -- Execute custom install script
[4.171s] -- Up-to-date symlink: /home/aims_xavier/XAiMs/XAiMS_ws/install/xaims_localization/lib/xaims_localization/rviz_click_to_2d
[4.176s] -- Up-to-date symlink: /home/aims_xavier/XAiMs/XAiMS_ws/install/xaims_localization/lib/xaims_localization/ekf_odom_pub
[4.181s] -- Up-to-date symlink: /home/aims_xavier/XAiMs/XAiMS_ws/install/xaims_localization/share/xaims_localization/launch/launch1.py
[4.183s] -- Up-to-date symlink: /home/aims_xavier/XAiMs/XAiMS_ws/install/xaims_localization/share/xaims_localization/launch/launch2.py
[4.189s] -- Up-to-date symlink: /home/aims_xavier/XAiMs/XAiMS_ws/install/xaims_localization/share/xaims_localization/params/ekf.yaml
[4.193s] -- Up-to-date symlink: /home/aims_xavier/XAiMs/XAiMS_ws/install/xaims_localization/share/xaims_localization/params/ekf2.yaml
[4.195s] -- Up-to-date symlink: /home/aims_xavier/XAiMs/XAiMS_ws/install/xaims_localization/share/xaims_localization/params/ekf3.yaml
[4.198s] -- Up-to-date symlink: /home/aims_xavier/XAiMs/XAiMS_ws/install/xaims_localization/share/ament_index/resource_index/package_run_dependencies/xaims_localization
[4.201s] -- Up-to-date symlink: /home/aims_xavier/XAiMs/XAiMS_ws/install/xaims_localization/share/ament_index/resource_index/parent_prefix_path/xaims_localization
[4.204s] -- Up-to-date symlink: /home/aims_xavier/XAiMs/XAiMS_ws/install/xaims_localization/share/xaims_localization/environment/ament_prefix_path.sh
[4.207s] -- Up-to-date symlink: /home/aims_xavier/XAiMs/XAiMS_ws/install/xaims_localization/share/xaims_localization/environment/ament_prefix_path.dsv
[4.211s] -- Up-to-date symlink: /home/aims_xavier/XAiMs/XAiMS_ws/install/xaims_localization/share/xaims_localization/environment/path.sh
[4.215s] -- Up-to-date symlink: /home/aims_xavier/XAiMs/XAiMS_ws/install/xaims_localization/share/xaims_localization/environment/path.dsv
[4.218s] -- Up-to-date symlink: /home/aims_xavier/XAiMs/XAiMS_ws/install/xaims_localization/share/xaims_localization/local_setup.bash
[4.222s] -- Up-to-date symlink: /home/aims_xavier/XAiMs/XAiMS_ws/install/xaims_localization/share/xaims_localization/local_setup.sh
[4.225s] -- Up-to-date symlink: /home/aims_xavier/XAiMs/XAiMS_ws/install/xaims_localization/share/xaims_localization/local_setup.zsh
[4.228s] -- Up-to-date symlink: /home/aims_xavier/XAiMs/XAiMS_ws/install/xaims_localization/share/xaims_localization/local_setup.dsv
[4.232s] -- Symlinking: /home/aims_xavier/XAiMs/XAiMS_ws/install/xaims_localization/share/xaims_localization/package.dsv
[4.294s] -- Up-to-date symlink: /home/aims_xavier/XAiMs/XAiMS_ws/install/xaims_localization/share/ament_index/resource_index/packages/xaims_localization
[4.297s] -- Up-to-date symlink: /home/aims_xavier/XAiMs/XAiMS_ws/install/xaims_localization/share/xaims_localization/cmake/xaims_localizationConfig.cmake
[4.300s] -- Up-to-date symlink: /home/aims_xavier/XAiMs/XAiMS_ws/install/xaims_localization/share/xaims_localization/cmake/xaims_localizationConfig-version.cmake
[4.303s] -- Up-to-date symlink: /home/aims_xavier/XAiMs/XAiMS_ws/install/xaims_localization/share/xaims_localization/package.xml
[4.316s] Invoked command in '/home/aims_xavier/XAiMs/XAiMS_ws/build/xaims_localization' returned '0': CMAKE_PREFIX_PATH=${CMAKE_PREFIX_PATH}:/home/aims_xavier/XAiMs/XAiMS_ws/install/bno055:/opt/ros/foxy /usr/bin/cmake --install /home/aims_xavier/XAiMs/XAiMS_ws/build/xaims_localization
