[0.662s] Invoking command in '/home/aims_xavier/XAiMs/XAiMS_ws/build/two_wheeled_robot': CMAKE_PREFIX_PATH=${CMAKE_PREFIX_PATH}:/home/aims_xavier/XAiMs/XAiMS_ws/install/bno055:/opt/ros/foxy /usr/bin/cmake --build /home/aims_xavier/XAiMs/XAiMS_ws/build/two_wheeled_robot -- -j4 -l4
[1.294s] Invoked command in '/home/aims_xavier/XAiMs/XAiMS_ws/build/two_wheeled_robot' returned '0': CMAKE_PREFIX_PATH=${CMAKE_PREFIX_PATH}:/home/aims_xavier/XAiMs/XAiMS_ws/install/bno055:/opt/ros/foxy /usr/bin/cmake --build /home/aims_xavier/XAiMs/XAiMS_ws/build/two_wheeled_robot -- -j4 -l4
[1.298s] Invoking command in '/home/aims_xavier/XAiMs/XAiMS_ws/build/two_wheeled_robot': CMAKE_PREFIX_PATH=${CMAKE_PREFIX_PATH}:/home/aims_xavier/XAiMs/XAiMS_ws/install/bno055:/opt/ros/foxy /usr/bin/cmake --install /home/aims_xavier/XAiMs/XAiMS_ws/build/two_wheeled_robot
[1.487s] -- Install configuration: ""
[1.489s] -- Execute custom install script
[1.500s] -- Up-to-date symlink: /home/aims_xavier/XAiMs/XAiMS_ws/install/two_wheeled_robot/share/two_wheeled_robot/launch/launch1.py
[1.501s] -- Up-to-date symlink: /home/aims_xavier/XAiMs/XAiMS_ws/install/two_wheeled_robot/share/two_wheeled_robot/launch/xaims_rviz.launch.py
[1.505s] -- Up-to-date symlink: /home/aims_xavier/XAiMs/XAiMS_ws/install/two_wheeled_robot/share/two_wheeled_robot/meshes/base_link.stl
[1.513s] -- Up-to-date symlink: /home/aims_xavier/XAiMs/XAiMS_ws/install/two_wheeled_robot/share/two_wheeled_robot/meshes/base_link2_1.stl
[1.514s] -- Up-to-date symlink: /home/aims_xavier/XAiMs/XAiMS_ws/install/two_wheeled_robot/share/two_wheeled_robot/meshes/base_link3_1.stl
[1.517s] -- Up-to-date symlink: /home/aims_xavier/XAiMs/XAiMS_ws/install/two_wheeled_robot/share/two_wheeled_robot/meshes/column_1_1.stl
[1.518s] -- Up-to-date symlink: /home/aims_xavier/XAiMs/XAiMS_ws/install/two_wheeled_robot/share/two_wheeled_robot/meshes/column_2_1.stl
[1.519s] -- Up-to-date symlink: /home/aims_xavier/XAiMs/XAiMS_ws/install/two_wheeled_robot/share/two_wheeled_robot/meshes/column_3_1.stl
[1.522s] -- Up-to-date symlink: /home/aims_xavier/XAiMs/XAiMS_ws/install/two_wheeled_robot/share/two_wheeled_robot/meshes/column_4_1.stl
[1.523s] -- Up-to-date symlink: /home/aims_xavier/XAiMs/XAiMS_ws/install/two_wheeled_robot/share/two_wheeled_robot/meshes/column_5_1.stl
[1.525s] -- Up-to-date symlink: /home/aims_xavier/XAiMs/XAiMS_ws/install/two_wheeled_robot/share/two_wheeled_robot/meshes/column_6_1.stl
[1.527s] -- Up-to-date symlink: /home/aims_xavier/XAiMs/XAiMS_ws/install/two_wheeled_robot/share/two_wheeled_robot/meshes/column_7_1.stl
[1.534s] -- Up-to-date symlink: /home/aims_xavier/XAiMs/XAiMS_ws/install/two_wheeled_robot/share/two_wheeled_robot/meshes/column_8_1.stl
[1.534s] -- Up-to-date symlink: /home/aims_xavier/XAiMs/XAiMS_ws/install/two_wheeled_robot/share/two_wheeled_robot/meshes/left_motor_1.stl
[1.535s] -- Up-to-date symlink: /home/aims_xavier/XAiMs/XAiMS_ws/install/two_wheeled_robot/share/two_wheeled_robot/meshes/left_wheel_1.stl
[1.546s] -- Up-to-date symlink: /home/aims_xavier/XAiMs/XAiMS_ws/install/two_wheeled_robot/share/two_wheeled_robot/meshes/lidar_link_1.stl
[1.546s] -- Up-to-date symlink: /home/aims_xavier/XAiMs/XAiMS_ws/install/two_wheeled_robot/share/two_wheeled_robot/meshes/right_motor_1.stl
[1.552s] -- Up-to-date symlink: /home/aims_xavier/XAiMs/XAiMS_ws/install/two_wheeled_robot/share/two_wheeled_robot/meshes/right_wheel_1.stl
[1.552s] -- Up-to-date symlink: /home/aims_xavier/XAiMs/XAiMS_ws/install/two_wheeled_robot/share/two_wheeled_robot/meshes/sup_wheel_1_1.stl
[1.554s] -- Up-to-date symlink: /home/aims_xavier/XAiMs/XAiMS_ws/install/two_wheeled_robot/share/two_wheeled_robot/meshes/sup_wheel_2_1.stl
[1.561s] -- Up-to-date symlink: /home/aims_xavier/XAiMs/XAiMS_ws/install/two_wheeled_robot/share/two_wheeled_robot/meshes/sup_wheel_3_1.stl
[1.568s] -- Up-to-date symlink: /home/aims_xavier/XAiMs/XAiMS_ws/install/two_wheeled_robot/share/two_wheeled_robot/meshes/sup_wheel_4_1.stl
[1.597s] -- Up-to-date symlink: /home/aims_xavier/XAiMs/XAiMS_ws/install/two_wheeled_robot/share/two_wheeled_robot/rviz/rviz_basic_settings.rviz
[1.645s] -- Up-to-date symlink: /home/aims_xavier/XAiMs/XAiMS_ws/install/two_wheeled_robot/share/two_wheeled_robot/urdf/XiAMS_V1.gazebo
[1.645s] -- Up-to-date symlink: /home/aims_xavier/XAiMs/XAiMS_ws/install/two_wheeled_robot/share/two_wheeled_robot/urdf/XiAMS_V1.trans
[1.646s] -- Up-to-date symlink: /home/aims_xavier/XAiMs/XAiMS_ws/install/two_wheeled_robot/share/two_wheeled_robot/urdf/XiAMS_V1.urdf
[1.646s] -- Up-to-date symlink: /home/aims_xavier/XAiMs/XAiMS_ws/install/two_wheeled_robot/share/two_wheeled_robot/urdf/XiAMS_V1.xacro
[1.646s] -- Up-to-date symlink: /home/aims_xavier/XAiMs/XAiMS_ws/install/two_wheeled_robot/share/two_wheeled_robot/urdf/materials.xacro
[1.647s] -- Up-to-date symlink: /home/aims_xavier/XAiMs/XAiMS_ws/install/two_wheeled_robot/share/ament_index/resource_index/package_run_dependencies/two_wheeled_robot
[1.647s] -- Up-to-date symlink: /home/aims_xavier/XAiMs/XAiMS_ws/install/two_wheeled_robot/share/ament_index/resource_index/parent_prefix_path/two_wheeled_robot
[1.647s] -- Up-to-date symlink: /home/aims_xavier/XAiMs/XAiMS_ws/install/two_wheeled_robot/share/two_wheeled_robot/environment/ament_prefix_path.sh
[1.652s] -- Up-to-date symlink: /home/aims_xavier/XAiMs/XAiMS_ws/install/two_wheeled_robot/share/two_wheeled_robot/environment/ament_prefix_path.dsv
[1.657s] -- Up-to-date symlink: /home/aims_xavier/XAiMs/XAiMS_ws/install/two_wheeled_robot/share/two_wheeled_robot/environment/path.sh
[1.674s] -- Up-to-date symlink: /home/aims_xavier/XAiMs/XAiMS_ws/install/two_wheeled_robot/share/two_wheeled_robot/environment/path.dsv
[1.676s] -- Up-to-date symlink: /home/aims_xavier/XAiMs/XAiMS_ws/install/two_wheeled_robot/share/two_wheeled_robot/local_setup.bash
[1.681s] -- Up-to-date symlink: /home/aims_xavier/XAiMs/XAiMS_ws/install/two_wheeled_robot/share/two_wheeled_robot/local_setup.sh
[1.781s] -- Up-to-date symlink: /home/aims_xavier/XAiMs/XAiMS_ws/install/two_wheeled_robot/share/two_wheeled_robot/local_setup.zsh
[1.785s] -- Up-to-date symlink: /home/aims_xavier/XAiMs/XAiMS_ws/install/two_wheeled_robot/share/two_wheeled_robot/local_setup.dsv
[1.786s] -- Symlinking: /home/aims_xavier/XAiMs/XAiMS_ws/install/two_wheeled_robot/share/two_wheeled_robot/package.dsv
[1.840s] -- Up-to-date symlink: /home/aims_xavier/XAiMs/XAiMS_ws/install/two_wheeled_robot/share/ament_index/resource_index/packages/two_wheeled_robot
[1.855s] -- Up-to-date symlink: /home/aims_xavier/XAiMs/XAiMS_ws/install/two_wheeled_robot/share/two_wheeled_robot/cmake/two_wheeled_robotConfig.cmake
[1.857s] -- Up-to-date symlink: /home/aims_xavier/XAiMs/XAiMS_ws/install/two_wheeled_robot/share/two_wheeled_robot/cmake/two_wheeled_robotConfig-version.cmake
[1.872s] -- Up-to-date symlink: /home/aims_xavier/XAiMs/XAiMS_ws/install/two_wheeled_robot/share/two_wheeled_robot/package.xml
[1.953s] Invoked command in '/home/aims_xavier/XAiMs/XAiMS_ws/build/two_wheeled_robot' returned '0': CMAKE_PREFIX_PATH=${CMAKE_PREFIX_PATH}:/home/aims_xavier/XAiMs/XAiMS_ws/install/bno055:/opt/ros/foxy /usr/bin/cmake --install /home/aims_xavier/XAiMs/XAiMS_ws/build/two_wheeled_robot
