[1.699s] Invoking command in '/home/aims_xavier/XAiMs/XAiMS_ws/build/imu_bno055': CMAKE_PREFIX_PATH=${CMAKE_PREFIX_PATH}:/home/aims_xavier/XAiMs/XAiMS_ws/install/bno055:/opt/ros/foxy /usr/bin/cmake --build /home/aims_xavier/XAiMs/XAiMS_ws/build/imu_bno055 -- -j4 -l4
[2.431s] [100%] Built target bno055_i2c_node
[2.771s] Invoked command in '/home/aims_xavier/XAiMs/XAiMS_ws/build/imu_bno055' returned '0': CMAKE_PREFIX_PATH=${CMAKE_PREFIX_PATH}:/home/aims_xavier/XAiMs/XAiMS_ws/install/bno055:/opt/ros/foxy /usr/bin/cmake --build /home/aims_xavier/XAiMs/XAiMS_ws/build/imu_bno055 -- -j4 -l4
[2.806s] Invoking command in '/home/aims_xavier/XAiMs/XAiMS_ws/build/imu_bno055': CMAKE_PREFIX_PATH=${CMAKE_PREFIX_PATH}:/home/aims_xavier/XAiMs/XAiMS_ws/install/bno055:/opt/ros/foxy /usr/bin/cmake --install /home/aims_xavier/XAiMs/XAiMS_ws/build/imu_bno055
[3.014s] -- Install configuration: ""
[3.021s] -- Execute custom install script
[3.029s] -- Up-to-date symlink: /home/aims_xavier/XAiMs/XAiMS_ws/install/imu_bno055/lib/imu_bno055/bno055_i2c_node
[3.033s] -- Up-to-date symlink: /home/aims_xavier/XAiMs/XAiMS_ws/install/imu_bno055/share/ament_index/resource_index/package_run_dependencies/imu_bno055
[3.042s] -- Up-to-date symlink: /home/aims_xavier/XAiMs/XAiMS_ws/install/imu_bno055/share/ament_index/resource_index/parent_prefix_path/imu_bno055
[3.046s] -- Up-to-date symlink: /home/aims_xavier/XAiMs/XAiMS_ws/install/imu_bno055/share/imu_bno055/environment/ament_prefix_path.sh
[3.061s] -- Up-to-date symlink: /home/aims_xavier/XAiMs/XAiMS_ws/install/imu_bno055/share/imu_bno055/environment/ament_prefix_path.dsv
[3.070s] -- Up-to-date symlink: /home/aims_xavier/XAiMs/XAiMS_ws/install/imu_bno055/share/imu_bno055/environment/path.sh
[3.073s] -- Up-to-date symlink: /home/aims_xavier/XAiMs/XAiMS_ws/install/imu_bno055/share/imu_bno055/environment/path.dsv
[3.081s] -- Up-to-date symlink: /home/aims_xavier/XAiMs/XAiMS_ws/install/imu_bno055/share/imu_bno055/local_setup.bash
[3.099s] -- Up-to-date symlink: /home/aims_xavier/XAiMs/XAiMS_ws/install/imu_bno055/share/imu_bno055/local_setup.sh
[3.117s] -- Up-to-date symlink: /home/aims_xavier/XAiMs/XAiMS_ws/install/imu_bno055/share/imu_bno055/local_setup.zsh
[3.126s] -- Up-to-date symlink: /home/aims_xavier/XAiMs/XAiMS_ws/install/imu_bno055/share/imu_bno055/local_setup.dsv
[3.132s] -- Symlinking: /home/aims_xavier/XAiMs/XAiMS_ws/install/imu_bno055/share/imu_bno055/package.dsv
[3.392s] -- Up-to-date symlink: /home/aims_xavier/XAiMs/XAiMS_ws/install/imu_bno055/share/ament_index/resource_index/packages/imu_bno055
[3.410s] -- Up-to-date symlink: /home/aims_xavier/XAiMs/XAiMS_ws/install/imu_bno055/share/imu_bno055/cmake/imu_bno055Config.cmake
[3.410s] -- Up-to-date symlink: /home/aims_xavier/XAiMs/XAiMS_ws/install/imu_bno055/share/imu_bno055/cmake/imu_bno055Config-version.cmake
[3.420s] -- Up-to-date symlink: /home/aims_xavier/XAiMs/XAiMS_ws/install/imu_bno055/share/imu_bno055/package.xml
[3.443s] Invoked command in '/home/aims_xavier/XAiMs/XAiMS_ws/build/imu_bno055' returned '0': CMAKE_PREFIX_PATH=${CMAKE_PREFIX_PATH}:/home/aims_xavier/XAiMs/XAiMS_ws/install/bno055:/opt/ros/foxy /usr/bin/cmake --install /home/aims_xavier/XAiMs/XAiMS_ws/build/imu_bno055
