[2.973s] Invoking command in '/home/aims_xavier/XAiMs/XAiMS_ws/build/imu_bno055': CMAKE_PREFIX_PATH=${CMAKE_PREFIX_PATH}:/home/aims_xavier/XAiMs/XAiMS_ws/install/bno055:/opt/ros/foxy /usr/bin/cmake --build /home/aims_xavier/XAiMs/XAiMS_ws/build/imu_bno055 -- -j4 -l4
[5.107s] [100%] Built target bno055_i2c_node
[5.241s] Invoked command in '/home/aims_xavier/XAiMs/XAiMS_ws/build/imu_bno055' returned '0': CMAKE_PREFIX_PATH=${CMAKE_PREFIX_PATH}:/home/aims_xavier/XAiMs/XAiMS_ws/install/bno055:/opt/ros/foxy /usr/bin/cmake --build /home/aims_xavier/XAiMs/XAiMS_ws/build/imu_bno055 -- -j4 -l4
[5.421s] Invoking command in '/home/aims_xavier/XAiMs/XAiMS_ws/build/imu_bno055': CMAKE_PREFIX_PATH=${CMAKE_PREFIX_PATH}:/home/aims_xavier/XAiMs/XAiMS_ws/install/bno055:/opt/ros/foxy /usr/bin/cmake --install /home/aims_xavier/XAiMs/XAiMS_ws/build/imu_bno055
[5.629s] -- Install configuration: ""
[5.632s] -- Execute custom install script
[5.636s] -- Up-to-date symlink: /home/aims_xavier/XAiMs/XAiMS_ws/install/imu_bno055/lib/imu_bno055/bno055_i2c_node
[5.639s] -- Up-to-date symlink: /home/aims_xavier/XAiMs/XAiMS_ws/install/imu_bno055/share/ament_index/resource_index/package_run_dependencies/imu_bno055
[5.641s] -- Up-to-date symlink: /home/aims_xavier/XAiMs/XAiMS_ws/install/imu_bno055/share/ament_index/resource_index/parent_prefix_path/imu_bno055
[5.643s] -- Up-to-date symlink: /home/aims_xavier/XAiMs/XAiMS_ws/install/imu_bno055/share/imu_bno055/environment/ament_prefix_path.sh
[5.646s] -- Up-to-date symlink: /home/aims_xavier/XAiMs/XAiMS_ws/install/imu_bno055/share/imu_bno055/environment/ament_prefix_path.dsv
[5.648s] -- Up-to-date symlink: /home/aims_xavier/XAiMs/XAiMS_ws/install/imu_bno055/share/imu_bno055/environment/path.sh
[5.651s] -- Up-to-date symlink: /home/aims_xavier/XAiMs/XAiMS_ws/install/imu_bno055/share/imu_bno055/environment/path.dsv
[5.651s] -- Up-to-date symlink: /home/aims_xavier/XAiMs/XAiMS_ws/install/imu_bno055/share/imu_bno055/local_setup.bash
[5.654s] -- Up-to-date symlink: /home/aims_xavier/XAiMs/XAiMS_ws/install/imu_bno055/share/imu_bno055/local_setup.sh
[5.655s] -- Up-to-date symlink: /home/aims_xavier/XAiMs/XAiMS_ws/install/imu_bno055/share/imu_bno055/local_setup.zsh
[5.657s] -- Up-to-date symlink: /home/aims_xavier/XAiMs/XAiMS_ws/install/imu_bno055/share/imu_bno055/local_setup.dsv
[5.659s] -- Symlinking: /home/aims_xavier/XAiMs/XAiMS_ws/install/imu_bno055/share/imu_bno055/package.dsv
[5.738s] -- Up-to-date symlink: /home/aims_xavier/XAiMs/XAiMS_ws/install/imu_bno055/share/ament_index/resource_index/packages/imu_bno055
[5.742s] -- Up-to-date symlink: /home/aims_xavier/XAiMs/XAiMS_ws/install/imu_bno055/share/imu_bno055/cmake/imu_bno055Config.cmake
[5.748s] -- Up-to-date symlink: /home/aims_xavier/XAiMs/XAiMS_ws/install/imu_bno055/share/imu_bno055/cmake/imu_bno055Config-version.cmake
[5.749s] -- Up-to-date symlink: /home/aims_xavier/XAiMs/XAiMS_ws/install/imu_bno055/share/imu_bno055/package.xml
[5.796s] Invoked command in '/home/aims_xavier/XAiMs/XAiMS_ws/build/imu_bno055' returned '0': CMAKE_PREFIX_PATH=${CMAKE_PREFIX_PATH}:/home/aims_xavier/XAiMs/XAiMS_ws/install/bno055:/opt/ros/foxy /usr/bin/cmake --install /home/aims_xavier/XAiMs/XAiMS_ws/build/imu_bno055
