[2.115s] Invoking command in '/home/aims_xavier/XAiMs/XAiMS_ws/build/xaims_bringup': CMAKE_PREFIX_PATH=${CMAKE_PREFIX_PATH}:/home/aims_xavier/XAiMs/XAiMS_ws/install/bno055:/opt/ros/foxy /usr/bin/cmake --build /home/aims_xavier/XAiMs/XAiMS_ws/build/xaims_bringup -- -j4 -l4
[2.723s] Invoked command in '/home/aims_xavier/XAiMs/XAiMS_ws/build/xaims_bringup' returned '0': CMAKE_PREFIX_PATH=${CMAKE_PREFIX_PATH}:/home/aims_xavier/XAiMs/XAiMS_ws/install/bno055:/opt/ros/foxy /usr/bin/cmake --build /home/aims_xavier/XAiMs/XAiMS_ws/build/xaims_bringup -- -j4 -l4
[2.728s] Invoking command in '/home/aims_xavier/XAiMs/XAiMS_ws/build/xaims_bringup': CMAKE_PREFIX_PATH=${CMAKE_PREFIX_PATH}:/home/aims_xavier/XAiMs/XAiMS_ws/install/bno055:/opt/ros/foxy /usr/bin/cmake --install /home/aims_xavier/XAiMs/XAiMS_ws/build/xaims_bringup
[2.846s] -- Install configuration: ""
[2.855s] -- Execute custom install script
[2.875s] -- Up-to-date symlink: /home/aims_xavier/XAiMs/XAiMS_ws/install/xaims_bringup/share/xaims_bringup/launch/xaims_bringup.launch.py
[2.893s] -- Symlinking: /home/aims_xavier/XAiMs/XAiMS_ws/install/xaims_bringup/share/xaims_bringup/urdf/XiAMS_V1.gazebo
[2.994s] -- Symlinking: /home/aims_xavier/XAiMs/XAiMS_ws/install/xaims_bringup/share/xaims_bringup/urdf/XiAMS_V1.trans
[3.119s] -- Symlinking: /home/aims_xavier/XAiMs/XAiMS_ws/install/xaims_bringup/share/xaims_bringup/urdf/XiAMS_V1.urdf
[3.331s] -- Symlinking: /home/aims_xavier/XAiMs/XAiMS_ws/install/xaims_bringup/share/xaims_bringup/urdf/XiAMS_V1.xacro
[3.386s] -- Symlinking: /home/aims_xavier/XAiMs/XAiMS_ws/install/xaims_bringup/share/xaims_bringup/urdf/materials.xacro
[3.440s] -- Symlinking: /home/aims_xavier/XAiMs/XAiMS_ws/install/xaims_bringup/share/xaims_bringup/meshes/base_link.stl
[3.600s] -- Symlinking: /home/aims_xavier/XAiMs/XAiMS_ws/install/xaims_bringup/share/xaims_bringup/meshes/base_link2_1.stl
[3.679s] -- Symlinking: /home/aims_xavier/XAiMs/XAiMS_ws/install/xaims_bringup/share/xaims_bringup/meshes/base_link3_1.stl
[3.800s] -- Symlinking: /home/aims_xavier/XAiMs/XAiMS_ws/install/xaims_bringup/share/xaims_bringup/meshes/column_1_1.stl
[3.910s] -- Symlinking: /home/aims_xavier/XAiMs/XAiMS_ws/install/xaims_bringup/share/xaims_bringup/meshes/column_2_1.stl
[3.999s] -- Symlinking: /home/aims_xavier/XAiMs/XAiMS_ws/install/xaims_bringup/share/xaims_bringup/meshes/column_3_1.stl
[4.312s] -- Symlinking: /home/aims_xavier/XAiMs/XAiMS_ws/install/xaims_bringup/share/xaims_bringup/meshes/column_4_1.stl
[4.467s] -- Symlinking: /home/aims_xavier/XAiMs/XAiMS_ws/install/xaims_bringup/share/xaims_bringup/meshes/column_5_1.stl
[4.604s] -- Symlinking: /home/aims_xavier/XAiMs/XAiMS_ws/install/xaims_bringup/share/xaims_bringup/meshes/column_6_1.stl
[4.733s] -- Symlinking: /home/aims_xavier/XAiMs/XAiMS_ws/install/xaims_bringup/share/xaims_bringup/meshes/column_7_1.stl
[4.794s] -- Symlinking: /home/aims_xavier/XAiMs/XAiMS_ws/install/xaims_bringup/share/xaims_bringup/meshes/column_8_1.stl
[4.945s] -- Symlinking: /home/aims_xavier/XAiMs/XAiMS_ws/install/xaims_bringup/share/xaims_bringup/meshes/left_motor_1.stl
[5.038s] -- Symlinking: /home/aims_xavier/XAiMs/XAiMS_ws/install/xaims_bringup/share/xaims_bringup/meshes/left_wheel_1.stl
[5.127s] -- Symlinking: /home/aims_xavier/XAiMs/XAiMS_ws/install/xaims_bringup/share/xaims_bringup/meshes/lidar_link_1.stl
[5.220s] -- Symlinking: /home/aims_xavier/XAiMs/XAiMS_ws/install/xaims_bringup/share/xaims_bringup/meshes/right_motor_1.stl
[5.347s] -- Symlinking: /home/aims_xavier/XAiMs/XAiMS_ws/install/xaims_bringup/share/xaims_bringup/meshes/right_wheel_1.stl
[5.457s] -- Symlinking: /home/aims_xavier/XAiMs/XAiMS_ws/install/xaims_bringup/share/xaims_bringup/meshes/sup_wheel_1_1.stl
[5.534s] -- Symlinking: /home/aims_xavier/XAiMs/XAiMS_ws/install/xaims_bringup/share/xaims_bringup/meshes/sup_wheel_2_1.stl
[5.673s] -- Symlinking: /home/aims_xavier/XAiMs/XAiMS_ws/install/xaims_bringup/share/xaims_bringup/meshes/sup_wheel_3_1.stl
[5.764s] -- Symlinking: /home/aims_xavier/XAiMs/XAiMS_ws/install/xaims_bringup/share/xaims_bringup/meshes/sup_wheel_4_1.stl
[5.836s] -- Up-to-date symlink: /home/aims_xavier/XAiMs/XAiMS_ws/install/xaims_bringup/share/ament_index/resource_index/package_run_dependencies/xaims_bringup
[5.840s] -- Up-to-date symlink: /home/aims_xavier/XAiMs/XAiMS_ws/install/xaims_bringup/share/ament_index/resource_index/parent_prefix_path/xaims_bringup
[5.845s] -- Up-to-date symlink: /home/aims_xavier/XAiMs/XAiMS_ws/install/xaims_bringup/share/xaims_bringup/environment/ament_prefix_path.sh
[5.847s] -- Up-to-date symlink: /home/aims_xavier/XAiMs/XAiMS_ws/install/xaims_bringup/share/xaims_bringup/environment/ament_prefix_path.dsv
[5.851s] -- Up-to-date symlink: /home/aims_xavier/XAiMs/XAiMS_ws/install/xaims_bringup/share/xaims_bringup/environment/path.sh
[5.856s] -- Up-to-date symlink: /home/aims_xavier/XAiMs/XAiMS_ws/install/xaims_bringup/share/xaims_bringup/environment/path.dsv
[5.859s] -- Up-to-date symlink: /home/aims_xavier/XAiMs/XAiMS_ws/install/xaims_bringup/share/xaims_bringup/local_setup.bash
[5.866s] -- Up-to-date symlink: /home/aims_xavier/XAiMs/XAiMS_ws/install/xaims_bringup/share/xaims_bringup/local_setup.sh
[5.866s] -- Up-to-date symlink: /home/aims_xavier/XAiMs/XAiMS_ws/install/xaims_bringup/share/xaims_bringup/local_setup.zsh
[5.881s] -- Up-to-date symlink: /home/aims_xavier/XAiMs/XAiMS_ws/install/xaims_bringup/share/xaims_bringup/local_setup.dsv
[5.896s] -- Symlinking: /home/aims_xavier/XAiMs/XAiMS_ws/install/xaims_bringup/share/xaims_bringup/package.dsv
[5.960s] -- Up-to-date symlink: /home/aims_xavier/XAiMs/XAiMS_ws/install/xaims_bringup/share/ament_index/resource_index/packages/xaims_bringup
[5.964s] -- Up-to-date symlink: /home/aims_xavier/XAiMs/XAiMS_ws/install/xaims_bringup/share/xaims_bringup/cmake/xaims_bringupConfig.cmake
[5.966s] -- Up-to-date symlink: /home/aims_xavier/XAiMs/XAiMS_ws/install/xaims_bringup/share/xaims_bringup/cmake/xaims_bringupConfig-version.cmake
[5.968s] -- Up-to-date symlink: /home/aims_xavier/XAiMs/XAiMS_ws/install/xaims_bringup/share/xaims_bringup/package.xml
[5.985s] Invoked command in '/home/aims_xavier/XAiMs/XAiMS_ws/build/xaims_bringup' returned '0': CMAKE_PREFIX_PATH=${CMAKE_PREFIX_PATH}:/home/aims_xavier/XAiMs/XAiMS_ws/install/bno055:/opt/ros/foxy /usr/bin/cmake --install /home/aims_xavier/XAiMs/XAiMS_ws/build/xaims_bringup
