[1.841s] Invoking command in '/home/aims_xavier/XAiMs/XAiMS_ws/build/imu_bno055': CMAKE_PREFIX_PATH=${CMAKE_PREFIX_PATH}:/home/aims_xavier/XAiMs/XAiMS_ws/install/bno055:/opt/ros/foxy /usr/bin/cmake /home/aims_xavier/XAiMs/XAiMS_ws/src/ros-imu-bno055 -DAMENT_CMAKE_SYMLINK_INSTALL=1 -DCMAKE_INSTALL_PREFIX=/home/aims_xavier/XAiMs/XAiMS_ws/install/imu_bno055
[2.182s] -- Found ros_environment: 2.5.1 (/opt/ros/foxy/share/ros_environment/cmake)
[2.185s] -- Found ament_cmake: 0.9.12 (/opt/ros/foxy/share/ament_cmake/cmake)
[2.313s] -- Using PYTHON_EXECUTABLE: /usr/bin/python3
[3.593s] -- Override CMake install command with custom implementation using symlinks instead of copying resources
[3.911s] -- Found rclcpp: 2.4.3 (/opt/ros/foxy/share/rclcpp/cmake)
[4.422s] -- Using all available rosidl_typesupport_c: rosidl_typesupport_fastrtps_c;rosidl_typesupport_introspection_c
[4.467s] -- Found rosidl_adapter: 1.3.1 (/opt/ros/foxy/share/rosidl_adapter/cmake)
[6.595s] -- Using all available rosidl_typesupport_cpp: rosidl_typesupport_fastrtps_cpp;rosidl_typesupport_introspection_cpp
[7.942s] -- Found rmw_implementation_cmake: 1.0.4 (/opt/ros/foxy/share/rmw_implementation_cmake/cmake)
[7.956s] -- Using RMW implementation 'rmw_fastrtps_cpp' as default
[10.215s] -- Found sensor_msgs: 2.0.5 (/opt/ros/foxy/share/sensor_msgs/cmake)
[11.009s] -- Found diagnostic_msgs: 2.0.5 (/opt/ros/foxy/share/diagnostic_msgs/cmake)
[11.228s] -- Found std_srvs: 2.0.5 (/opt/ros/foxy/share/std_srvs/cmake)
[11.627s] -- Configuring done
[11.844s] -- Generating done
[11.872s] -- Build files have been written to: /home/aims_xavier/XAiMs/XAiMS_ws/build/imu_bno055
[11.919s] Invoked command in '/home/aims_xavier/XAiMs/XAiMS_ws/build/imu_bno055' returned '0': CMAKE_PREFIX_PATH=${CMAKE_PREFIX_PATH}:/home/aims_xavier/XAiMs/XAiMS_ws/install/bno055:/opt/ros/foxy /usr/bin/cmake /home/aims_xavier/XAiMs/XAiMS_ws/src/ros-imu-bno055 -DAMENT_CMAKE_SYMLINK_INSTALL=1 -DCMAKE_INSTALL_PREFIX=/home/aims_xavier/XAiMs/XAiMS_ws/install/imu_bno055
[11.924s] Invoking command in '/home/aims_xavier/XAiMs/XAiMS_ws/build/imu_bno055': CMAKE_PREFIX_PATH=${CMAKE_PREFIX_PATH}:/home/aims_xavier/XAiMs/XAiMS_ws/install/bno055:/opt/ros/foxy /usr/bin/cmake --build /home/aims_xavier/XAiMs/XAiMS_ws/build/imu_bno055 -- -j4 -l4
[12.726s] [100%] Built target bno055_i2c_node
[12.787s] Invoked command in '/home/aims_xavier/XAiMs/XAiMS_ws/build/imu_bno055' returned '0': CMAKE_PREFIX_PATH=${CMAKE_PREFIX_PATH}:/home/aims_xavier/XAiMs/XAiMS_ws/install/bno055:/opt/ros/foxy /usr/bin/cmake --build /home/aims_xavier/XAiMs/XAiMS_ws/build/imu_bno055 -- -j4 -l4
[12.942s] Invoking command in '/home/aims_xavier/XAiMs/XAiMS_ws/build/imu_bno055': CMAKE_PREFIX_PATH=${CMAKE_PREFIX_PATH}:/home/aims_xavier/XAiMs/XAiMS_ws/install/bno055:/opt/ros/foxy /usr/bin/cmake --install /home/aims_xavier/XAiMs/XAiMS_ws/build/imu_bno055
[12.984s] -- Install configuration: ""
[12.987s] -- Execute custom install script
[12.990s] -- Up-to-date symlink: /home/aims_xavier/XAiMs/XAiMS_ws/install/imu_bno055/lib/imu_bno055/bno055_i2c_node
[12.992s] -- Up-to-date symlink: /home/aims_xavier/XAiMs/XAiMS_ws/install/imu_bno055/share/ament_index/resource_index/package_run_dependencies/imu_bno055
[12.994s] -- Up-to-date symlink: /home/aims_xavier/XAiMs/XAiMS_ws/install/imu_bno055/share/ament_index/resource_index/parent_prefix_path/imu_bno055
[12.996s] -- Up-to-date symlink: /home/aims_xavier/XAiMs/XAiMS_ws/install/imu_bno055/share/imu_bno055/environment/ament_prefix_path.sh
[12.998s] -- Up-to-date symlink: /home/aims_xavier/XAiMs/XAiMS_ws/install/imu_bno055/share/imu_bno055/environment/ament_prefix_path.dsv
[13.000s] -- Up-to-date symlink: /home/aims_xavier/XAiMs/XAiMS_ws/install/imu_bno055/share/imu_bno055/environment/path.sh
[13.003s] -- Up-to-date symlink: /home/aims_xavier/XAiMs/XAiMS_ws/install/imu_bno055/share/imu_bno055/environment/path.dsv
[13.005s] -- Up-to-date symlink: /home/aims_xavier/XAiMs/XAiMS_ws/install/imu_bno055/share/imu_bno055/local_setup.bash
[13.007s] -- Up-to-date symlink: /home/aims_xavier/XAiMs/XAiMS_ws/install/imu_bno055/share/imu_bno055/local_setup.sh
[13.009s] -- Up-to-date symlink: /home/aims_xavier/XAiMs/XAiMS_ws/install/imu_bno055/share/imu_bno055/local_setup.zsh
[13.011s] -- Up-to-date symlink: /home/aims_xavier/XAiMs/XAiMS_ws/install/imu_bno055/share/imu_bno055/local_setup.dsv
[13.013s] -- Symlinking: /home/aims_xavier/XAiMs/XAiMS_ws/install/imu_bno055/share/imu_bno055/package.dsv
[13.086s] -- Up-to-date symlink: /home/aims_xavier/XAiMs/XAiMS_ws/install/imu_bno055/share/ament_index/resource_index/packages/imu_bno055
[13.094s] -- Up-to-date symlink: /home/aims_xavier/XAiMs/XAiMS_ws/install/imu_bno055/share/imu_bno055/cmake/imu_bno055Config.cmake
[13.098s] -- Up-to-date symlink: /home/aims_xavier/XAiMs/XAiMS_ws/install/imu_bno055/share/imu_bno055/cmake/imu_bno055Config-version.cmake
[13.101s] -- Up-to-date symlink: /home/aims_xavier/XAiMs/XAiMS_ws/install/imu_bno055/share/imu_bno055/package.xml
[13.114s] Invoked command in '/home/aims_xavier/XAiMs/XAiMS_ws/build/imu_bno055' returned '0': CMAKE_PREFIX_PATH=${CMAKE_PREFIX_PATH}:/home/aims_xavier/XAiMs/XAiMS_ws/install/bno055:/opt/ros/foxy /usr/bin/cmake --install /home/aims_xavier/XAiMs/XAiMS_ws/build/imu_bno055
