[1.153s] Invoking command in '/home/aims_xavier/XAiMs/XAiMS_ws/build/xaims_description': /usr/bin/cmake /home/aims_xavier/XAiMs/XAiMS_ws/src/xaims_description -DCATKIN_INSTALL_INTO_PREFIX_ROOT=0 -DCATKIN_SYMLINK_INSTALL=ON -DCMAKE_INSTALL_PREFIX=/home/aims_xavier/XAiMs/XAiMS_ws/install/xaims_description
[1.700s] -- The C compiler identification is GNU 9.4.0
[2.151s] -- The CXX compiler identification is GNU 9.4.0
[2.196s] -- Check for working C compiler: /usr/bin/cc
[2.631s] -- Check for working C compiler: /usr/bin/cc -- works
[2.639s] -- Detecting C compiler ABI info
[3.021s] -- Detecting C compiler ABI info - done
[3.100s] -- Detecting C compile features
[3.102s] -- Detecting C compile features - done
[3.137s] -- Check for working CXX compiler: /usr/bin/c++
[3.562s] -- Check for working CXX compiler: /usr/bin/c++ -- works
[3.568s] -- Detecting CXX compiler ABI info
[3.996s] -- Detecting CXX compiler ABI info - done
[4.075s] -- Detecting CXX compile features
[4.078s] -- Detecting CXX compile features - done
[4.128s] CMake Error at CMakeLists.txt:10 (find_package):
[4.128s]   By not providing "Findcatkin.cmake" in CMAKE_MODULE_PATH this project has
[4.128s]   asked CMake to find a package configuration file provided by "catkin", but
[4.129s]   CMake did not find one.
[4.129s] 
[4.129s]   Could not find a package configuration file provided by "catkin" with any
[4.130s]   of the following names:
[4.130s] 
[4.131s]     catkinConfig.cmake
[4.131s]     catkin-config.cmake
[4.132s] 
[4.132s]   Add the installation prefix of "catkin" to CMAKE_PREFIX_PATH or set
[4.132s]   "catkin_DIR" to a directory containing one of the above files.  If "catkin"
[4.132s]   provides a separate development package or SDK, be sure it has been
[4.133s]   installed.
[4.133s] 
[4.133s] 
[4.134s] -- Configuring incomplete, errors occurred!
[4.134s] See also "/home/aims_xavier/XAiMs/XAiMS_ws/build/xaims_description/CMakeFiles/CMakeOutput.log".
[4.145s] Invoked command in '/home/aims_xavier/XAiMs/XAiMS_ws/build/xaims_description' returned '1': /usr/bin/cmake /home/aims_xavier/XAiMs/XAiMS_ws/src/xaims_description -DCATKIN_INSTALL_INTO_PREFIX_ROOT=0 -DCATKIN_SYMLINK_INSTALL=ON -DCMAKE_INSTALL_PREFIX=/home/aims_xavier/XAiMs/XAiMS_ws/install/xaims_description
