[0.898s] DEBUG:colcon:Command line arguments: ['/usr/bin/colcon', 'build', '--symlink-install']
[0.899s] DEBUG:colcon:Parsed command line arguments: Namespace(allow_overriding=[], ament_cmake_args=None, base_paths=['.'], build_base='build', catkin_cmake_args=None, catkin_skip_building_tests=False, cmake_args=None, cmake_clean_cache=False, cmake_clean_first=False, cmake_force_configure=False, cmake_target=None, cmake_target_skip_unavailable=False, continue_on_error=False, event_handlers=None, executor='parallel', ignore_user_meta=False, install_base='install', log_base=None, log_level=None, main=<bound method BuildVerb.main of <colcon_core.verb.build.BuildVerb object at 0xffffb12e3940>>, merge_install=False, metas=['./colcon.meta'], packages_above=None, packages_above_and_dependencies=None, packages_above_depth=None, packages_end=None, packages_ignore=None, packages_ignore_regex=None, packages_select=None, packages_select_build_failed=False, packages_select_by_dep=None, packages_select_regex=None, packages_select_test_failures=False, packages_skip=None, packages_skip_build_finished=False, packages_skip_by_dep=None, packages_skip_regex=None, packages_skip_test_passed=False, packages_skip_up_to=None, packages_start=None, packages_up_to=None, packages_up_to_regex=None, parallel_workers=4, paths=None, symlink_install=True, test_result_base=None, verb_extension=<colcon_core.verb.build.BuildVerb object at 0xffffb12e3940>, verb_name='build', verb_parser=<colcon_defaults.argument_parser.defaults.DefaultArgumentsDecorator object at 0xffffb122fd30>)
[1.485s] Level 1:colcon.colcon_core.package_discovery:discover_packages(colcon_meta) check parameters
[1.485s] Level 1:colcon.colcon_core.package_discovery:discover_packages(recursive) check parameters
[1.486s] Level 1:colcon.colcon_core.package_discovery:discover_packages(ignore) check parameters
[1.486s] Level 1:colcon.colcon_core.package_discovery:discover_packages(path) check parameters
[1.486s] Level 1:colcon.colcon_core.package_discovery:discover_packages(colcon_meta) discover
[1.486s] Level 1:colcon.colcon_core.package_discovery:discover_packages(recursive) discover
[1.486s] INFO:colcon.colcon_core.package_discovery:Crawling recursively for packages in '/home/aims_xavier/XAiMs/XAiMS_ws'
[1.487s] Level 1:colcon.colcon_core.package_identification:_identify(.) by extensions ['ignore', 'ignore_ament_install']
[1.487s] Level 1:colcon.colcon_core.package_identification:_identify(.) by extension 'ignore'
[1.488s] Level 1:colcon.colcon_core.package_identification:_identify(.) by extension 'ignore_ament_install'
[1.488s] Level 1:colcon.colcon_core.package_identification:_identify(.) by extensions ['colcon_pkg']
[1.488s] Level 1:colcon.colcon_core.package_identification:_identify(.) by extension 'colcon_pkg'
[1.488s] Level 1:colcon.colcon_core.package_identification:_identify(.) by extensions ['colcon_meta']
[1.488s] Level 1:colcon.colcon_core.package_identification:_identify(.) by extension 'colcon_meta'
[1.488s] Level 1:colcon.colcon_core.package_identification:_identify(.) by extensions ['ros']
[1.489s] Level 1:colcon.colcon_core.package_identification:_identify(.) by extension 'ros'
[1.531s] Level 1:colcon.colcon_core.package_identification:_identify(.) by extensions ['cmake', 'python']
[1.532s] Level 1:colcon.colcon_core.package_identification:_identify(.) by extension 'cmake'
[1.532s] Level 1:colcon.colcon_core.package_identification:_identify(.) by extension 'python'
[1.532s] Level 1:colcon.colcon_core.package_identification:_identify(.) by extensions ['python_setup_py']
[1.533s] Level 1:colcon.colcon_core.package_identification:_identify(.) by extension 'python_setup_py'
[1.533s] Level 1:colcon.colcon_core.package_identification:_identify(build) by extensions ['ignore', 'ignore_ament_install']
[1.534s] Level 1:colcon.colcon_core.package_identification:_identify(build) by extension 'ignore'
[1.534s] Level 1:colcon.colcon_core.package_identification:_identify(build) ignored
[1.534s] Level 1:colcon.colcon_core.package_identification:_identify(install) by extensions ['ignore', 'ignore_ament_install']
[1.535s] Level 1:colcon.colcon_core.package_identification:_identify(install) by extension 'ignore'
[1.535s] Level 1:colcon.colcon_core.package_identification:_identify(install) ignored
[1.536s] Level 1:colcon.colcon_core.package_identification:_identify(log) by extensions ['ignore', 'ignore_ament_install']
[1.536s] Level 1:colcon.colcon_core.package_identification:_identify(log) by extension 'ignore'
[1.536s] Level 1:colcon.colcon_core.package_identification:_identify(log) ignored
[1.537s] Level 1:colcon.colcon_core.package_identification:_identify(src) by extensions ['ignore', 'ignore_ament_install']
[1.537s] Level 1:colcon.colcon_core.package_identification:_identify(src) by extension 'ignore'
[1.537s] Level 1:colcon.colcon_core.package_identification:_identify(src) by extension 'ignore_ament_install'
[1.537s] Level 1:colcon.colcon_core.package_identification:_identify(src) by extensions ['colcon_pkg']
[1.538s] Level 1:colcon.colcon_core.package_identification:_identify(src) by extension 'colcon_pkg'
[1.538s] Level 1:colcon.colcon_core.package_identification:_identify(src) by extensions ['colcon_meta']
[1.538s] Level 1:colcon.colcon_core.package_identification:_identify(src) by extension 'colcon_meta'
[1.538s] Level 1:colcon.colcon_core.package_identification:_identify(src) by extensions ['ros']
[1.538s] Level 1:colcon.colcon_core.package_identification:_identify(src) by extension 'ros'
[1.539s] Level 1:colcon.colcon_core.package_identification:_identify(src) by extensions ['cmake', 'python']
[1.539s] Level 1:colcon.colcon_core.package_identification:_identify(src) by extension 'cmake'
[1.539s] Level 1:colcon.colcon_core.package_identification:_identify(src) by extension 'python'
[1.539s] Level 1:colcon.colcon_core.package_identification:_identify(src) by extensions ['python_setup_py']
[1.539s] Level 1:colcon.colcon_core.package_identification:_identify(src) by extension 'python_setup_py'
[1.540s] Level 1:colcon.colcon_core.package_identification:_identify(src/basic_mobile_robot) by extensions ['ignore', 'ignore_ament_install']
[1.540s] Level 1:colcon.colcon_core.package_identification:_identify(src/basic_mobile_robot) by extension 'ignore'
[1.540s] Level 1:colcon.colcon_core.package_identification:_identify(src/basic_mobile_robot) by extension 'ignore_ament_install'
[1.541s] Level 1:colcon.colcon_core.package_identification:_identify(src/basic_mobile_robot) by extensions ['colcon_pkg']
[1.541s] Level 1:colcon.colcon_core.package_identification:_identify(src/basic_mobile_robot) by extension 'colcon_pkg'
[1.541s] Level 1:colcon.colcon_core.package_identification:_identify(src/basic_mobile_robot) by extensions ['colcon_meta']
[1.541s] Level 1:colcon.colcon_core.package_identification:_identify(src/basic_mobile_robot) by extension 'colcon_meta'
[1.541s] Level 1:colcon.colcon_core.package_identification:_identify(src/basic_mobile_robot) by extensions ['ros']
[1.542s] Level 1:colcon.colcon_core.package_identification:_identify(src/basic_mobile_robot) by extension 'ros'
[1.551s] DEBUG:colcon.colcon_core.package_identification:Package 'src/basic_mobile_robot' with type 'ros.ament_cmake' and name 'basic_mobile_robot'
[1.551s] Level 1:colcon.colcon_core.package_identification:_identify(src/bno055) by extensions ['ignore', 'ignore_ament_install']
[1.552s] Level 1:colcon.colcon_core.package_identification:_identify(src/bno055) by extension 'ignore'
[1.552s] Level 1:colcon.colcon_core.package_identification:_identify(src/bno055) by extension 'ignore_ament_install'
[1.552s] Level 1:colcon.colcon_core.package_identification:_identify(src/bno055) by extensions ['colcon_pkg']
[1.553s] Level 1:colcon.colcon_core.package_identification:_identify(src/bno055) by extension 'colcon_pkg'
[1.553s] Level 1:colcon.colcon_core.package_identification:_identify(src/bno055) by extensions ['colcon_meta']
[1.553s] Level 1:colcon.colcon_core.package_identification:_identify(src/bno055) by extension 'colcon_meta'
[1.553s] Level 1:colcon.colcon_core.package_identification:_identify(src/bno055) by extensions ['ros']
[1.553s] Level 1:colcon.colcon_core.package_identification:_identify(src/bno055) by extension 'ros'
[1.556s] DEBUG:colcon.colcon_core.package_identification:Package 'src/bno055' with type 'ros.ament_python' and name 'bno055'
[1.557s] Level 1:colcon.colcon_core.package_identification:_identify(src/ros-imu-bno055) by extensions ['ignore', 'ignore_ament_install']
[1.557s] Level 1:colcon.colcon_core.package_identification:_identify(src/ros-imu-bno055) by extension 'ignore'
[1.558s] Level 1:colcon.colcon_core.package_identification:_identify(src/ros-imu-bno055) by extension 'ignore_ament_install'
[1.558s] Level 1:colcon.colcon_core.package_identification:_identify(src/ros-imu-bno055) by extensions ['colcon_pkg']
[1.558s] Level 1:colcon.colcon_core.package_identification:_identify(src/ros-imu-bno055) by extension 'colcon_pkg'
[1.558s] Level 1:colcon.colcon_core.package_identification:_identify(src/ros-imu-bno055) by extensions ['colcon_meta']
[1.558s] Level 1:colcon.colcon_core.package_identification:_identify(src/ros-imu-bno055) by extension 'colcon_meta'
[1.559s] Level 1:colcon.colcon_core.package_identification:_identify(src/ros-imu-bno055) by extensions ['ros']
[1.559s] Level 1:colcon.colcon_core.package_identification:_identify(src/ros-imu-bno055) by extension 'ros'
[1.569s] DEBUG:colcon.colcon_core.package_identification:Package 'src/ros-imu-bno055' with type 'ros.ament_cmake' and name 'imu_bno055'
[1.569s] Level 1:colcon.colcon_core.package_identification:_identify(src/two_wheeled_robot) by extensions ['ignore', 'ignore_ament_install']
[1.570s] Level 1:colcon.colcon_core.package_identification:_identify(src/two_wheeled_robot) by extension 'ignore'
[1.570s] Level 1:colcon.colcon_core.package_identification:_identify(src/two_wheeled_robot) by extension 'ignore_ament_install'
[1.570s] Level 1:colcon.colcon_core.package_identification:_identify(src/two_wheeled_robot) by extensions ['colcon_pkg']
[1.570s] Level 1:colcon.colcon_core.package_identification:_identify(src/two_wheeled_robot) by extension 'colcon_pkg'
[1.571s] Level 1:colcon.colcon_core.package_identification:_identify(src/two_wheeled_robot) by extensions ['colcon_meta']
[1.571s] Level 1:colcon.colcon_core.package_identification:_identify(src/two_wheeled_robot) by extension 'colcon_meta'
[1.571s] Level 1:colcon.colcon_core.package_identification:_identify(src/two_wheeled_robot) by extensions ['ros']
[1.571s] Level 1:colcon.colcon_core.package_identification:_identify(src/two_wheeled_robot) by extension 'ros'
[1.573s] DEBUG:colcon.colcon_core.package_identification:Package 'src/two_wheeled_robot' with type 'ros.ament_cmake' and name 'two_wheeled_robot'
[1.574s] Level 1:colcon.colcon_core.package_identification:_identify(src/xaims_bringup) by extensions ['ignore', 'ignore_ament_install']
[1.574s] Level 1:colcon.colcon_core.package_identification:_identify(src/xaims_bringup) by extension 'ignore'
[1.574s] Level 1:colcon.colcon_core.package_identification:_identify(src/xaims_bringup) by extension 'ignore_ament_install'
[1.575s] Level 1:colcon.colcon_core.package_identification:_identify(src/xaims_bringup) by extensions ['colcon_pkg']
[1.575s] Level 1:colcon.colcon_core.package_identification:_identify(src/xaims_bringup) by extension 'colcon_pkg'
[1.575s] Level 1:colcon.colcon_core.package_identification:_identify(src/xaims_bringup) by extensions ['colcon_meta']
[1.575s] Level 1:colcon.colcon_core.package_identification:_identify(src/xaims_bringup) by extension 'colcon_meta'
[1.575s] Level 1:colcon.colcon_core.package_identification:_identify(src/xaims_bringup) by extensions ['ros']
[1.576s] Level 1:colcon.colcon_core.package_identification:_identify(src/xaims_bringup) by extension 'ros'
[1.579s] DEBUG:colcon.colcon_core.package_identification:Package 'src/xaims_bringup' with type 'ros.ament_cmake' and name 'xaims_bringup'
[1.580s] Level 1:colcon.colcon_core.package_identification:_identify(src/xaims_localization) by extensions ['ignore', 'ignore_ament_install']
[1.580s] Level 1:colcon.colcon_core.package_identification:_identify(src/xaims_localization) by extension 'ignore'
[1.581s] Level 1:colcon.colcon_core.package_identification:_identify(src/xaims_localization) by extension 'ignore_ament_install'
[1.581s] Level 1:colcon.colcon_core.package_identification:_identify(src/xaims_localization) by extensions ['colcon_pkg']
[1.581s] Level 1:colcon.colcon_core.package_identification:_identify(src/xaims_localization) by extension 'colcon_pkg'
[1.581s] Level 1:colcon.colcon_core.package_identification:_identify(src/xaims_localization) by extensions ['colcon_meta']
[1.581s] Level 1:colcon.colcon_core.package_identification:_identify(src/xaims_localization) by extension 'colcon_meta'
[1.582s] Level 1:colcon.colcon_core.package_identification:_identify(src/xaims_localization) by extensions ['ros']
[1.582s] Level 1:colcon.colcon_core.package_identification:_identify(src/xaims_localization) by extension 'ros'
[1.585s] DEBUG:colcon.colcon_core.package_identification:Package 'src/xaims_localization' with type 'ros.ament_cmake' and name 'xaims_localization'
[1.585s] Level 1:colcon.colcon_core.package_discovery:discover_packages(recursive) using defaults
[1.586s] Level 1:colcon.colcon_core.package_discovery:discover_packages(ignore) discover
[1.586s] Level 1:colcon.colcon_core.package_discovery:discover_packages(ignore) using defaults
[1.586s] Level 1:colcon.colcon_core.package_discovery:discover_packages(path) discover
[1.586s] Level 1:colcon.colcon_core.package_discovery:discover_packages(path) using defaults
[1.650s] Level 1:colcon.colcon_core.package_discovery:discover_packages(prefix_path) check parameters
[1.650s] Level 1:colcon.colcon_core.package_discovery:discover_packages(prefix_path) discover
[1.660s] DEBUG:colcon.colcon_installed_package_information.package_discovery:Found 2 installed packages in /home/aims_xavier/ydlidar_ros2_ws/install
[1.662s] DEBUG:colcon.colcon_installed_package_information.package_discovery:Found 3 installed packages in /home/aims_xavier/microros_ws/install
[1.665s] DEBUG:colcon.colcon_installed_package_information.package_discovery:Found 9 installed packages in /home/aims_xavier/XAiMs/XAiMS_ws/install
[1.672s] DEBUG:colcon.colcon_installed_package_information.package_discovery:Found 271 installed packages in /opt/ros/foxy
[1.679s] Level 1:colcon.colcon_core.package_discovery:discover_packages(prefix_path) using defaults
[1.965s] Level 5:colcon.colcon_core.verb:set package 'basic_mobile_robot' build argument 'cmake_args' from command line to 'None'
[1.966s] Level 5:colcon.colcon_core.verb:set package 'basic_mobile_robot' build argument 'cmake_target' from command line to 'None'
[1.966s] Level 5:colcon.colcon_core.verb:set package 'basic_mobile_robot' build argument 'cmake_target_skip_unavailable' from command line to 'False'
[1.966s] Level 5:colcon.colcon_core.verb:set package 'basic_mobile_robot' build argument 'cmake_clean_cache' from command line to 'False'
[1.966s] Level 5:colcon.colcon_core.verb:set package 'basic_mobile_robot' build argument 'cmake_clean_first' from command line to 'False'
[1.966s] Level 5:colcon.colcon_core.verb:set package 'basic_mobile_robot' build argument 'cmake_force_configure' from command line to 'False'
[1.967s] Level 5:colcon.colcon_core.verb:set package 'basic_mobile_robot' build argument 'ament_cmake_args' from command line to 'None'
[1.967s] Level 5:colcon.colcon_core.verb:set package 'basic_mobile_robot' build argument 'catkin_cmake_args' from command line to 'None'
[1.967s] Level 5:colcon.colcon_core.verb:set package 'basic_mobile_robot' build argument 'catkin_skip_building_tests' from command line to 'False'
[1.967s] DEBUG:colcon.colcon_core.verb:Building package 'basic_mobile_robot' with the following arguments: {'ament_cmake_args': None, 'build_base': '/home/aims_xavier/XAiMs/XAiMS_ws/build/basic_mobile_robot', 'catkin_cmake_args': None, 'catkin_skip_building_tests': False, 'cmake_args': None, 'cmake_clean_cache': False, 'cmake_clean_first': False, 'cmake_force_configure': False, 'cmake_target': None, 'cmake_target_skip_unavailable': False, 'install_base': '/home/aims_xavier/XAiMs/XAiMS_ws/install/basic_mobile_robot', 'merge_install': False, 'path': '/home/aims_xavier/XAiMs/XAiMS_ws/src/basic_mobile_robot', 'symlink_install': True, 'test_result_base': None}
[1.969s] Level 5:colcon.colcon_core.verb:set package 'bno055' build argument 'cmake_args' from command line to 'None'
[1.969s] Level 5:colcon.colcon_core.verb:set package 'bno055' build argument 'cmake_target' from command line to 'None'
[1.969s] Level 5:colcon.colcon_core.verb:set package 'bno055' build argument 'cmake_target_skip_unavailable' from command line to 'False'
[1.969s] Level 5:colcon.colcon_core.verb:set package 'bno055' build argument 'cmake_clean_cache' from command line to 'False'
[1.969s] Level 5:colcon.colcon_core.verb:set package 'bno055' build argument 'cmake_clean_first' from command line to 'False'
[1.969s] Level 5:colcon.colcon_core.verb:set package 'bno055' build argument 'cmake_force_configure' from command line to 'False'
[1.970s] Level 5:colcon.colcon_core.verb:set package 'bno055' build argument 'ament_cmake_args' from command line to 'None'
[1.970s] Level 5:colcon.colcon_core.verb:set package 'bno055' build argument 'catkin_cmake_args' from command line to 'None'
[1.970s] Level 5:colcon.colcon_core.verb:set package 'bno055' build argument 'catkin_skip_building_tests' from command line to 'False'
[1.970s] DEBUG:colcon.colcon_core.verb:Building package 'bno055' with the following arguments: {'ament_cmake_args': None, 'build_base': '/home/aims_xavier/XAiMs/XAiMS_ws/build/bno055', 'catkin_cmake_args': None, 'catkin_skip_building_tests': False, 'cmake_args': None, 'cmake_clean_cache': False, 'cmake_clean_first': False, 'cmake_force_configure': False, 'cmake_target': None, 'cmake_target_skip_unavailable': False, 'install_base': '/home/aims_xavier/XAiMs/XAiMS_ws/install/bno055', 'merge_install': False, 'path': '/home/aims_xavier/XAiMs/XAiMS_ws/src/bno055', 'symlink_install': True, 'test_result_base': None}
[1.971s] Level 5:colcon.colcon_core.verb:set package 'imu_bno055' build argument 'cmake_args' from command line to 'None'
[1.972s] Level 5:colcon.colcon_core.verb:set package 'imu_bno055' build argument 'cmake_target' from command line to 'None'
[1.972s] Level 5:colcon.colcon_core.verb:set package 'imu_bno055' build argument 'cmake_target_skip_unavailable' from command line to 'False'
[1.972s] Level 5:colcon.colcon_core.verb:set package 'imu_bno055' build argument 'cmake_clean_cache' from command line to 'False'
[1.972s] Level 5:colcon.colcon_core.verb:set package 'imu_bno055' build argument 'cmake_clean_first' from command line to 'False'
[1.972s] Level 5:colcon.colcon_core.verb:set package 'imu_bno055' build argument 'cmake_force_configure' from command line to 'False'
[1.972s] Level 5:colcon.colcon_core.verb:set package 'imu_bno055' build argument 'ament_cmake_args' from command line to 'None'
[1.972s] Level 5:colcon.colcon_core.verb:set package 'imu_bno055' build argument 'catkin_cmake_args' from command line to 'None'
[1.972s] Level 5:colcon.colcon_core.verb:set package 'imu_bno055' build argument 'catkin_skip_building_tests' from command line to 'False'
[1.973s] DEBUG:colcon.colcon_core.verb:Building package 'imu_bno055' with the following arguments: {'ament_cmake_args': None, 'build_base': '/home/aims_xavier/XAiMs/XAiMS_ws/build/imu_bno055', 'catkin_cmake_args': None, 'catkin_skip_building_tests': False, 'cmake_args': None, 'cmake_clean_cache': False, 'cmake_clean_first': False, 'cmake_force_configure': False, 'cmake_target': None, 'cmake_target_skip_unavailable': False, 'install_base': '/home/aims_xavier/XAiMs/XAiMS_ws/install/imu_bno055', 'merge_install': False, 'path': '/home/aims_xavier/XAiMs/XAiMS_ws/src/ros-imu-bno055', 'symlink_install': True, 'test_result_base': None}
[1.974s] Level 5:colcon.colcon_core.verb:set package 'two_wheeled_robot' build argument 'cmake_args' from command line to 'None'
[1.974s] Level 5:colcon.colcon_core.verb:set package 'two_wheeled_robot' build argument 'cmake_target' from command line to 'None'
[1.974s] Level 5:colcon.colcon_core.verb:set package 'two_wheeled_robot' build argument 'cmake_target_skip_unavailable' from command line to 'False'
[1.975s] Level 5:colcon.colcon_core.verb:set package 'two_wheeled_robot' build argument 'cmake_clean_cache' from command line to 'False'
[1.975s] Level 5:colcon.colcon_core.verb:set package 'two_wheeled_robot' build argument 'cmake_clean_first' from command line to 'False'
[1.975s] Level 5:colcon.colcon_core.verb:set package 'two_wheeled_robot' build argument 'cmake_force_configure' from command line to 'False'
[1.975s] Level 5:colcon.colcon_core.verb:set package 'two_wheeled_robot' build argument 'ament_cmake_args' from command line to 'None'
[1.975s] Level 5:colcon.colcon_core.verb:set package 'two_wheeled_robot' build argument 'catkin_cmake_args' from command line to 'None'
[1.975s] Level 5:colcon.colcon_core.verb:set package 'two_wheeled_robot' build argument 'catkin_skip_building_tests' from command line to 'False'
[1.975s] DEBUG:colcon.colcon_core.verb:Building package 'two_wheeled_robot' with the following arguments: {'ament_cmake_args': None, 'build_base': '/home/aims_xavier/XAiMs/XAiMS_ws/build/two_wheeled_robot', 'catkin_cmake_args': None, 'catkin_skip_building_tests': False, 'cmake_args': None, 'cmake_clean_cache': False, 'cmake_clean_first': False, 'cmake_force_configure': False, 'cmake_target': None, 'cmake_target_skip_unavailable': False, 'install_base': '/home/aims_xavier/XAiMs/XAiMS_ws/install/two_wheeled_robot', 'merge_install': False, 'path': '/home/aims_xavier/XAiMs/XAiMS_ws/src/two_wheeled_robot', 'symlink_install': True, 'test_result_base': None}
[1.977s] Level 5:colcon.colcon_core.verb:set package 'xaims_bringup' build argument 'cmake_args' from command line to 'None'
[1.977s] Level 5:colcon.colcon_core.verb:set package 'xaims_bringup' build argument 'cmake_target' from command line to 'None'
[1.977s] Level 5:colcon.colcon_core.verb:set package 'xaims_bringup' build argument 'cmake_target_skip_unavailable' from command line to 'False'
[1.977s] Level 5:colcon.colcon_core.verb:set package 'xaims_bringup' build argument 'cmake_clean_cache' from command line to 'False'
[1.977s] Level 5:colcon.colcon_core.verb:set package 'xaims_bringup' build argument 'cmake_clean_first' from command line to 'False'
[1.978s] Level 5:colcon.colcon_core.verb:set package 'xaims_bringup' build argument 'cmake_force_configure' from command line to 'False'
[1.978s] Level 5:colcon.colcon_core.verb:set package 'xaims_bringup' build argument 'ament_cmake_args' from command line to 'None'
[1.978s] Level 5:colcon.colcon_core.verb:set package 'xaims_bringup' build argument 'catkin_cmake_args' from command line to 'None'
[1.978s] Level 5:colcon.colcon_core.verb:set package 'xaims_bringup' build argument 'catkin_skip_building_tests' from command line to 'False'
[1.978s] DEBUG:colcon.colcon_core.verb:Building package 'xaims_bringup' with the following arguments: {'ament_cmake_args': None, 'build_base': '/home/aims_xavier/XAiMs/XAiMS_ws/build/xaims_bringup', 'catkin_cmake_args': None, 'catkin_skip_building_tests': False, 'cmake_args': None, 'cmake_clean_cache': False, 'cmake_clean_first': False, 'cmake_force_configure': False, 'cmake_target': None, 'cmake_target_skip_unavailable': False, 'install_base': '/home/aims_xavier/XAiMs/XAiMS_ws/install/xaims_bringup', 'merge_install': False, 'path': '/home/aims_xavier/XAiMs/XAiMS_ws/src/xaims_bringup', 'symlink_install': True, 'test_result_base': None}
[1.980s] Level 5:colcon.colcon_core.verb:set package 'xaims_localization' build argument 'cmake_args' from command line to 'None'
[1.980s] Level 5:colcon.colcon_core.verb:set package 'xaims_localization' build argument 'cmake_target' from command line to 'None'
[1.980s] Level 5:colcon.colcon_core.verb:set package 'xaims_localization' build argument 'cmake_target_skip_unavailable' from command line to 'False'
[1.980s] Level 5:colcon.colcon_core.verb:set package 'xaims_localization' build argument 'cmake_clean_cache' from command line to 'False'
[1.980s] Level 5:colcon.colcon_core.verb:set package 'xaims_localization' build argument 'cmake_clean_first' from command line to 'False'
[1.980s] Level 5:colcon.colcon_core.verb:set package 'xaims_localization' build argument 'cmake_force_configure' from command line to 'False'
[1.980s] Level 5:colcon.colcon_core.verb:set package 'xaims_localization' build argument 'ament_cmake_args' from command line to 'None'
[1.980s] Level 5:colcon.colcon_core.verb:set package 'xaims_localization' build argument 'catkin_cmake_args' from command line to 'None'
[1.981s] Level 5:colcon.colcon_core.verb:set package 'xaims_localization' build argument 'catkin_skip_building_tests' from command line to 'False'
[1.981s] DEBUG:colcon.colcon_core.verb:Building package 'xaims_localization' with the following arguments: {'ament_cmake_args': None, 'build_base': '/home/aims_xavier/XAiMs/XAiMS_ws/build/xaims_localization', 'catkin_cmake_args': None, 'catkin_skip_building_tests': False, 'cmake_args': None, 'cmake_clean_cache': False, 'cmake_clean_first': False, 'cmake_force_configure': False, 'cmake_target': None, 'cmake_target_skip_unavailable': False, 'install_base': '/home/aims_xavier/XAiMs/XAiMS_ws/install/xaims_localization', 'merge_install': False, 'path': '/home/aims_xavier/XAiMs/XAiMS_ws/src/xaims_localization', 'symlink_install': True, 'test_result_base': None}
[1.981s] INFO:colcon.colcon_core.executor:Executing jobs using 'parallel' executor
[1.986s] DEBUG:colcon.colcon_parallel_executor.executor.parallel:run_until_complete
[1.987s] INFO:colcon.colcon_ros.task.ament_cmake.build:Building ROS package in '/home/aims_xavier/XAiMs/XAiMS_ws/src/basic_mobile_robot' with build type 'ament_cmake'
[1.987s] INFO:colcon.colcon_cmake.task.cmake.build:Building CMake package in '/home/aims_xavier/XAiMs/XAiMS_ws/src/basic_mobile_robot'
[1.996s] INFO:colcon.colcon_core.plugin_system:Skipping extension 'colcon_core.shell.bat': Not used on non-Windows systems
[1.997s] INFO:colcon.colcon_core.shell:Skip shell extension 'powershell' for command environment: Not usable outside of PowerShell
[1.998s] DEBUG:colcon.colcon_core.shell:Skip shell extension 'dsv' for command environment
[2.031s] INFO:colcon.colcon_ros.task.ament_python.build:Building ROS package in '/home/aims_xavier/XAiMs/XAiMS_ws/src/bno055' with build type 'ament_python'
[2.035s] Level 1:colcon.colcon_core.shell:create_environment_hook('bno055', 'ament_prefix_path')
[2.038s] INFO:colcon.colcon_core.shell:Creating environment hook '/home/aims_xavier/XAiMs/XAiMS_ws/install/bno055/share/bno055/hook/ament_prefix_path.ps1'
[2.044s] INFO:colcon.colcon_core.shell:Creating environment descriptor '/home/aims_xavier/XAiMs/XAiMS_ws/install/bno055/share/bno055/hook/ament_prefix_path.dsv'
[2.048s] INFO:colcon.colcon_core.shell:Creating environment hook '/home/aims_xavier/XAiMs/XAiMS_ws/install/bno055/share/bno055/hook/ament_prefix_path.sh'
[2.052s] INFO:colcon.colcon_core.shell:Skip shell extension 'powershell' for command environment: Not usable outside of PowerShell
[2.052s] DEBUG:colcon.colcon_core.shell:Skip shell extension 'dsv' for command environment
[2.085s] INFO:colcon.colcon_ros.task.ament_cmake.build:Building ROS package in '/home/aims_xavier/XAiMs/XAiMS_ws/src/ros-imu-bno055' with build type 'ament_cmake'
[2.089s] INFO:colcon.colcon_cmake.task.cmake.build:Building CMake package in '/home/aims_xavier/XAiMs/XAiMS_ws/src/ros-imu-bno055'
[2.092s] INFO:colcon.colcon_core.shell:Skip shell extension 'powershell' for command environment: Not usable outside of PowerShell
[2.093s] DEBUG:colcon.colcon_core.shell:Skip shell extension 'dsv' for command environment
[2.170s] INFO:colcon.colcon_ros.task.ament_cmake.build:Building ROS package in '/home/aims_xavier/XAiMs/XAiMS_ws/src/two_wheeled_robot' with build type 'ament_cmake'
[2.174s] INFO:colcon.colcon_cmake.task.cmake.build:Building CMake package in '/home/aims_xavier/XAiMs/XAiMS_ws/src/two_wheeled_robot'
[2.177s] INFO:colcon.colcon_core.shell:Skip shell extension 'powershell' for command environment: Not usable outside of PowerShell
[2.178s] DEBUG:colcon.colcon_core.shell:Skip shell extension 'dsv' for command environment
[2.252s] DEBUG:colcon.colcon_core.event_handler.log_command:Invoking command in '/home/aims_xavier/XAiMs/XAiMS_ws/build/basic_mobile_robot': CMAKE_PREFIX_PATH=${CMAKE_PREFIX_PATH}:/home/aims_xavier/XAiMs/XAiMS_ws/install/bno055:/opt/ros/foxy /usr/bin/cmake --build /home/aims_xavier/XAiMs/XAiMS_ws/build/basic_mobile_robot -- -j4 -l4
[3.270s] INFO:colcon.colcon_core.task.python.build:Building Python package in '/home/aims_xavier/XAiMs/XAiMS_ws/src/bno055'
[3.274s] INFO:colcon.colcon_core.shell:Skip shell extension 'powershell' for command environment: Not usable outside of PowerShell
[3.274s] DEBUG:colcon.colcon_core.shell:Skip shell extension 'dsv' for command environment
[3.339s] DEBUG:colcon.colcon_core.event_handler.log_command:Invoking command in '/home/aims_xavier/XAiMs/XAiMS_ws/build/imu_bno055': CMAKE_PREFIX_PATH=${CMAKE_PREFIX_PATH}:/home/aims_xavier/XAiMs/XAiMS_ws/install/bno055:/opt/ros/foxy /usr/bin/cmake --build /home/aims_xavier/XAiMs/XAiMS_ws/build/imu_bno055 -- -j4 -l4
[3.361s] DEBUG:colcon.colcon_core.event_handler.log_command:Invoking command in '/home/aims_xavier/XAiMs/XAiMS_ws/build/two_wheeled_robot': CMAKE_PREFIX_PATH=${CMAKE_PREFIX_PATH}:/home/aims_xavier/XAiMs/XAiMS_ws/install/bno055:/opt/ros/foxy /usr/bin/cmake --build /home/aims_xavier/XAiMs/XAiMS_ws/build/two_wheeled_robot -- -j4 -l4
[3.445s] DEBUG:colcon.colcon_core.event_handler.log_command:Invoked command in '/home/aims_xavier/XAiMs/XAiMS_ws/build/basic_mobile_robot' returned '0': CMAKE_PREFIX_PATH=${CMAKE_PREFIX_PATH}:/home/aims_xavier/XAiMs/XAiMS_ws/install/bno055:/opt/ros/foxy /usr/bin/cmake --build /home/aims_xavier/XAiMs/XAiMS_ws/build/basic_mobile_robot -- -j4 -l4
[3.803s] DEBUG:colcon.colcon_core.event_handler.log_command:Invoking command in '/home/aims_xavier/XAiMs/XAiMS_ws/build/basic_mobile_robot': CMAKE_PREFIX_PATH=${CMAKE_PREFIX_PATH}:/home/aims_xavier/XAiMs/XAiMS_ws/install/bno055:/opt/ros/foxy /usr/bin/cmake --install /home/aims_xavier/XAiMs/XAiMS_ws/build/basic_mobile_robot
[3.888s] DEBUG:colcon.colcon_core.event_handler.log_command:Invoked command in '/home/aims_xavier/XAiMs/XAiMS_ws/build/two_wheeled_robot' returned '0': CMAKE_PREFIX_PATH=${CMAKE_PREFIX_PATH}:/home/aims_xavier/XAiMs/XAiMS_ws/install/bno055:/opt/ros/foxy /usr/bin/cmake --build /home/aims_xavier/XAiMs/XAiMS_ws/build/two_wheeled_robot -- -j4 -l4
[3.902s] DEBUG:colcon.colcon_core.event_handler.log_command:Invoking command in '/home/aims_xavier/XAiMs/XAiMS_ws/build/two_wheeled_robot': CMAKE_PREFIX_PATH=${CMAKE_PREFIX_PATH}:/home/aims_xavier/XAiMs/XAiMS_ws/install/bno055:/opt/ros/foxy /usr/bin/cmake --install /home/aims_xavier/XAiMs/XAiMS_ws/build/two_wheeled_robot
[3.985s] Level 1:colcon.colcon_core.environment:create_environment_scripts_only(basic_mobile_robot)
[3.998s] DEBUG:colcon.colcon_core.event_handler.log_command:Invoked command in '/home/aims_xavier/XAiMs/XAiMS_ws/build/imu_bno055' returned '0': CMAKE_PREFIX_PATH=${CMAKE_PREFIX_PATH}:/home/aims_xavier/XAiMs/XAiMS_ws/install/bno055:/opt/ros/foxy /usr/bin/cmake --build /home/aims_xavier/XAiMs/XAiMS_ws/build/imu_bno055 -- -j4 -l4
[4.000s] DEBUG:colcon.colcon_core.event_handler.log_command:Invoking command in '/home/aims_xavier/XAiMs/XAiMS_ws/build/imu_bno055': CMAKE_PREFIX_PATH=${CMAKE_PREFIX_PATH}:/home/aims_xavier/XAiMs/XAiMS_ws/install/bno055:/opt/ros/foxy /usr/bin/cmake --install /home/aims_xavier/XAiMs/XAiMS_ws/build/imu_bno055
[4.003s] DEBUG:colcon.colcon_core.event_handler.log_command:Invoked command in '/home/aims_xavier/XAiMs/XAiMS_ws/build/basic_mobile_robot' returned '0': CMAKE_PREFIX_PATH=${CMAKE_PREFIX_PATH}:/home/aims_xavier/XAiMs/XAiMS_ws/install/bno055:/opt/ros/foxy /usr/bin/cmake --install /home/aims_xavier/XAiMs/XAiMS_ws/build/basic_mobile_robot
[4.012s] Level 1:colcon.colcon_core.environment:checking '/home/aims_xavier/XAiMs/XAiMS_ws/install/basic_mobile_robot' for CMake module files
[4.014s] Level 1:colcon.colcon_core.environment:checking '/home/aims_xavier/XAiMs/XAiMS_ws/install/basic_mobile_robot' for CMake config files
[4.017s] Level 1:colcon.colcon_core.shell:create_environment_hook('basic_mobile_robot', 'cmake_prefix_path')
[4.020s] INFO:colcon.colcon_core.shell:Creating environment hook '/home/aims_xavier/XAiMs/XAiMS_ws/install/basic_mobile_robot/share/basic_mobile_robot/hook/cmake_prefix_path.ps1'
[4.022s] INFO:colcon.colcon_core.shell:Creating environment descriptor '/home/aims_xavier/XAiMs/XAiMS_ws/install/basic_mobile_robot/share/basic_mobile_robot/hook/cmake_prefix_path.dsv'
[4.024s] INFO:colcon.colcon_core.shell:Creating environment hook '/home/aims_xavier/XAiMs/XAiMS_ws/install/basic_mobile_robot/share/basic_mobile_robot/hook/cmake_prefix_path.sh'
[4.028s] Level 1:colcon.colcon_core.environment:checking '/home/aims_xavier/XAiMs/XAiMS_ws/install/basic_mobile_robot/bin'
[4.028s] Level 1:colcon.colcon_core.environment:checking '/home/aims_xavier/XAiMs/XAiMS_ws/install/basic_mobile_robot/lib/pkgconfig/basic_mobile_robot.pc'
[4.029s] Level 1:colcon.colcon_core.environment:checking '/home/aims_xavier/XAiMs/XAiMS_ws/install/basic_mobile_robot/lib/python3.8/site-packages'
[4.030s] Level 1:colcon.colcon_core.environment:checking '/home/aims_xavier/XAiMs/XAiMS_ws/install/basic_mobile_robot/bin'
[4.031s] INFO:colcon.colcon_core.shell:Creating package script '/home/aims_xavier/XAiMs/XAiMS_ws/install/basic_mobile_robot/share/basic_mobile_robot/package.ps1'
[4.036s] INFO:colcon.colcon_core.shell:Creating package descriptor '/home/aims_xavier/XAiMs/XAiMS_ws/install/basic_mobile_robot/share/basic_mobile_robot/package.dsv'
[4.038s] INFO:colcon.colcon_core.shell:Creating package script '/home/aims_xavier/XAiMs/XAiMS_ws/install/basic_mobile_robot/share/basic_mobile_robot/package.sh'
[4.042s] INFO:colcon.colcon_core.shell:Creating package script '/home/aims_xavier/XAiMs/XAiMS_ws/install/basic_mobile_robot/share/basic_mobile_robot/package.bash'
[4.045s] INFO:colcon.colcon_core.shell:Creating package script '/home/aims_xavier/XAiMs/XAiMS_ws/install/basic_mobile_robot/share/basic_mobile_robot/package.zsh'
[4.049s] Level 1:colcon.colcon_core.environment:create_file_with_runtime_dependencies(/home/aims_xavier/XAiMs/XAiMS_ws/install/basic_mobile_robot/share/colcon-core/packages/basic_mobile_robot)
[4.253s] Level 1:colcon.colcon_core.environment:create_environment_scripts_only(imu_bno055)
[4.258s] Level 1:colcon.colcon_core.environment:checking '/home/aims_xavier/XAiMs/XAiMS_ws/install/imu_bno055' for CMake module files
[4.261s] Level 1:colcon.colcon_core.environment:checking '/home/aims_xavier/XAiMs/XAiMS_ws/install/imu_bno055' for CMake config files
[4.263s] Level 1:colcon.colcon_core.shell:create_environment_hook('imu_bno055', 'cmake_prefix_path')
[4.265s] INFO:colcon.colcon_core.shell:Creating environment hook '/home/aims_xavier/XAiMs/XAiMS_ws/install/imu_bno055/share/imu_bno055/hook/cmake_prefix_path.ps1'
[4.266s] DEBUG:colcon.colcon_core.event_handler.log_command:Invoked command in '/home/aims_xavier/XAiMs/XAiMS_ws/build/imu_bno055' returned '0': CMAKE_PREFIX_PATH=${CMAKE_PREFIX_PATH}:/home/aims_xavier/XAiMs/XAiMS_ws/install/bno055:/opt/ros/foxy /usr/bin/cmake --install /home/aims_xavier/XAiMs/XAiMS_ws/build/imu_bno055
[4.273s] INFO:colcon.colcon_core.shell:Creating environment descriptor '/home/aims_xavier/XAiMs/XAiMS_ws/install/imu_bno055/share/imu_bno055/hook/cmake_prefix_path.dsv'
[4.278s] INFO:colcon.colcon_core.shell:Creating environment hook '/home/aims_xavier/XAiMs/XAiMS_ws/install/imu_bno055/share/imu_bno055/hook/cmake_prefix_path.sh'
[4.284s] Level 1:colcon.colcon_core.environment:checking '/home/aims_xavier/XAiMs/XAiMS_ws/install/imu_bno055/lib'
[4.286s] Level 1:colcon.colcon_core.environment:checking '/home/aims_xavier/XAiMs/XAiMS_ws/install/imu_bno055/bin'
[4.287s] Level 1:colcon.colcon_core.environment:checking '/home/aims_xavier/XAiMs/XAiMS_ws/install/imu_bno055/lib/pkgconfig/imu_bno055.pc'
[4.288s] Level 1:colcon.colcon_core.environment:checking '/home/aims_xavier/XAiMs/XAiMS_ws/install/imu_bno055/lib/python3.8/site-packages'
[4.289s] Level 1:colcon.colcon_core.environment:checking '/home/aims_xavier/XAiMs/XAiMS_ws/install/imu_bno055/bin'
[4.290s] INFO:colcon.colcon_core.shell:Creating package script '/home/aims_xavier/XAiMs/XAiMS_ws/install/imu_bno055/share/imu_bno055/package.ps1'
[4.295s] INFO:colcon.colcon_core.shell:Creating package descriptor '/home/aims_xavier/XAiMs/XAiMS_ws/install/imu_bno055/share/imu_bno055/package.dsv'
[4.297s] INFO:colcon.colcon_core.shell:Creating package script '/home/aims_xavier/XAiMs/XAiMS_ws/install/imu_bno055/share/imu_bno055/package.sh'
[4.300s] INFO:colcon.colcon_core.shell:Creating package script '/home/aims_xavier/XAiMs/XAiMS_ws/install/imu_bno055/share/imu_bno055/package.bash'
[4.302s] INFO:colcon.colcon_core.shell:Creating package script '/home/aims_xavier/XAiMs/XAiMS_ws/install/imu_bno055/share/imu_bno055/package.zsh'
[4.305s] Level 1:colcon.colcon_core.environment:create_file_with_runtime_dependencies(/home/aims_xavier/XAiMs/XAiMS_ws/install/imu_bno055/share/colcon-core/packages/imu_bno055)
[4.308s] Level 1:colcon.colcon_core.environment:create_environment_scripts_only(imu_bno055)
[4.309s] Level 1:colcon.colcon_core.environment:checking '/home/aims_xavier/XAiMs/XAiMS_ws/install/imu_bno055' for CMake module files
[4.311s] Level 1:colcon.colcon_core.environment:checking '/home/aims_xavier/XAiMs/XAiMS_ws/install/imu_bno055' for CMake config files
[4.313s] Level 1:colcon.colcon_core.shell:create_environment_hook('imu_bno055', 'cmake_prefix_path')
[4.314s] INFO:colcon.colcon_core.shell:Creating environment hook '/home/aims_xavier/XAiMs/XAiMS_ws/install/imu_bno055/share/imu_bno055/hook/cmake_prefix_path.ps1'
[4.414s] INFO:colcon.colcon_core.shell:Creating environment descriptor '/home/aims_xavier/XAiMs/XAiMS_ws/install/imu_bno055/share/imu_bno055/hook/cmake_prefix_path.dsv'
[4.428s] INFO:colcon.colcon_core.shell:Creating environment hook '/home/aims_xavier/XAiMs/XAiMS_ws/install/imu_bno055/share/imu_bno055/hook/cmake_prefix_path.sh'
[4.432s] Level 1:colcon.colcon_core.environment:checking '/home/aims_xavier/XAiMs/XAiMS_ws/install/imu_bno055/lib'
[4.432s] Level 1:colcon.colcon_core.environment:checking '/home/aims_xavier/XAiMs/XAiMS_ws/install/imu_bno055/bin'
[4.433s] Level 1:colcon.colcon_core.environment:checking '/home/aims_xavier/XAiMs/XAiMS_ws/install/imu_bno055/lib/pkgconfig/imu_bno055.pc'
[4.434s] Level 1:colcon.colcon_core.environment:checking '/home/aims_xavier/XAiMs/XAiMS_ws/install/imu_bno055/lib/python3.8/site-packages'
[4.435s] Level 1:colcon.colcon_core.environment:checking '/home/aims_xavier/XAiMs/XAiMS_ws/install/imu_bno055/bin'
[4.436s] INFO:colcon.colcon_core.shell:Creating package script '/home/aims_xavier/XAiMs/XAiMS_ws/install/imu_bno055/share/imu_bno055/package.ps1'
[4.439s] INFO:colcon.colcon_core.shell:Creating package descriptor '/home/aims_xavier/XAiMs/XAiMS_ws/install/imu_bno055/share/imu_bno055/package.dsv'
[4.442s] INFO:colcon.colcon_core.shell:Creating package script '/home/aims_xavier/XAiMs/XAiMS_ws/install/imu_bno055/share/imu_bno055/package.sh'
[4.444s] INFO:colcon.colcon_core.shell:Creating package script '/home/aims_xavier/XAiMs/XAiMS_ws/install/imu_bno055/share/imu_bno055/package.bash'
[4.447s] INFO:colcon.colcon_core.shell:Creating package script '/home/aims_xavier/XAiMs/XAiMS_ws/install/imu_bno055/share/imu_bno055/package.zsh'
[4.449s] Level 1:colcon.colcon_core.environment:create_file_with_runtime_dependencies(/home/aims_xavier/XAiMs/XAiMS_ws/install/imu_bno055/share/colcon-core/packages/imu_bno055)
[4.458s] INFO:colcon.colcon_ros.task.ament_cmake.build:Building ROS package in '/home/aims_xavier/XAiMs/XAiMS_ws/src/xaims_bringup' with build type 'ament_cmake'
[4.460s] INFO:colcon.colcon_cmake.task.cmake.build:Building CMake package in '/home/aims_xavier/XAiMs/XAiMS_ws/src/xaims_bringup'
[4.469s] INFO:colcon.colcon_core.shell:Skip shell extension 'powershell' for command environment: Not usable outside of PowerShell
[4.470s] DEBUG:colcon.colcon_core.shell:Skip shell extension 'dsv' for command environment
[4.511s] Level 1:colcon.colcon_core.environment:create_environment_scripts_only(two_wheeled_robot)
[4.514s] Level 1:colcon.colcon_core.environment:checking '/home/aims_xavier/XAiMs/XAiMS_ws/install/two_wheeled_robot' for CMake module files
[4.517s] DEBUG:colcon.colcon_core.event_handler.log_command:Invoked command in '/home/aims_xavier/XAiMs/XAiMS_ws/build/two_wheeled_robot' returned '0': CMAKE_PREFIX_PATH=${CMAKE_PREFIX_PATH}:/home/aims_xavier/XAiMs/XAiMS_ws/install/bno055:/opt/ros/foxy /usr/bin/cmake --install /home/aims_xavier/XAiMs/XAiMS_ws/build/two_wheeled_robot
[4.521s] Level 1:colcon.colcon_core.environment:checking '/home/aims_xavier/XAiMs/XAiMS_ws/install/two_wheeled_robot' for CMake config files
[4.523s] Level 1:colcon.colcon_core.shell:create_environment_hook('two_wheeled_robot', 'cmake_prefix_path')
[4.525s] INFO:colcon.colcon_core.shell:Creating environment hook '/home/aims_xavier/XAiMs/XAiMS_ws/install/two_wheeled_robot/share/two_wheeled_robot/hook/cmake_prefix_path.ps1'
[4.528s] INFO:colcon.colcon_core.shell:Creating environment descriptor '/home/aims_xavier/XAiMs/XAiMS_ws/install/two_wheeled_robot/share/two_wheeled_robot/hook/cmake_prefix_path.dsv'
[4.530s] INFO:colcon.colcon_core.shell:Creating environment hook '/home/aims_xavier/XAiMs/XAiMS_ws/install/two_wheeled_robot/share/two_wheeled_robot/hook/cmake_prefix_path.sh'
[4.532s] Level 1:colcon.colcon_core.environment:checking '/home/aims_xavier/XAiMs/XAiMS_ws/install/two_wheeled_robot/bin'
[4.533s] Level 1:colcon.colcon_core.environment:checking '/home/aims_xavier/XAiMs/XAiMS_ws/install/two_wheeled_robot/lib/pkgconfig/two_wheeled_robot.pc'
[4.534s] Level 1:colcon.colcon_core.environment:checking '/home/aims_xavier/XAiMs/XAiMS_ws/install/two_wheeled_robot/lib/python3.8/site-packages'
[4.535s] Level 1:colcon.colcon_core.environment:checking '/home/aims_xavier/XAiMs/XAiMS_ws/install/two_wheeled_robot/bin'
[4.537s] INFO:colcon.colcon_core.shell:Creating package script '/home/aims_xavier/XAiMs/XAiMS_ws/install/two_wheeled_robot/share/two_wheeled_robot/package.ps1'
[4.539s] INFO:colcon.colcon_core.shell:Creating package descriptor '/home/aims_xavier/XAiMs/XAiMS_ws/install/two_wheeled_robot/share/two_wheeled_robot/package.dsv'
[4.541s] INFO:colcon.colcon_core.shell:Creating package script '/home/aims_xavier/XAiMs/XAiMS_ws/install/two_wheeled_robot/share/two_wheeled_robot/package.sh'
[4.543s] INFO:colcon.colcon_core.shell:Creating package script '/home/aims_xavier/XAiMs/XAiMS_ws/install/two_wheeled_robot/share/two_wheeled_robot/package.bash'
[4.544s] INFO:colcon.colcon_core.shell:Creating package script '/home/aims_xavier/XAiMs/XAiMS_ws/install/two_wheeled_robot/share/two_wheeled_robot/package.zsh'
[4.546s] Level 1:colcon.colcon_core.environment:create_file_with_runtime_dependencies(/home/aims_xavier/XAiMs/XAiMS_ws/install/two_wheeled_robot/share/colcon-core/packages/two_wheeled_robot)
[4.548s] Level 1:colcon.colcon_core.environment:create_environment_scripts_only(two_wheeled_robot)
[4.549s] Level 1:colcon.colcon_core.environment:checking '/home/aims_xavier/XAiMs/XAiMS_ws/install/two_wheeled_robot' for CMake module files
[4.552s] Level 1:colcon.colcon_core.environment:checking '/home/aims_xavier/XAiMs/XAiMS_ws/install/two_wheeled_robot' for CMake config files
[4.554s] Level 1:colcon.colcon_core.shell:create_environment_hook('two_wheeled_robot', 'cmake_prefix_path')
[4.555s] INFO:colcon.colcon_core.shell:Creating environment hook '/home/aims_xavier/XAiMs/XAiMS_ws/install/two_wheeled_robot/share/two_wheeled_robot/hook/cmake_prefix_path.ps1'
[4.635s] INFO:colcon.colcon_core.shell:Creating environment descriptor '/home/aims_xavier/XAiMs/XAiMS_ws/install/two_wheeled_robot/share/two_wheeled_robot/hook/cmake_prefix_path.dsv'
[4.638s] INFO:colcon.colcon_core.shell:Creating environment hook '/home/aims_xavier/XAiMs/XAiMS_ws/install/two_wheeled_robot/share/two_wheeled_robot/hook/cmake_prefix_path.sh'
[4.641s] Level 1:colcon.colcon_core.environment:checking '/home/aims_xavier/XAiMs/XAiMS_ws/install/two_wheeled_robot/bin'
[4.645s] Level 1:colcon.colcon_core.environment:checking '/home/aims_xavier/XAiMs/XAiMS_ws/install/two_wheeled_robot/lib/pkgconfig/two_wheeled_robot.pc'
[4.646s] Level 1:colcon.colcon_core.environment:checking '/home/aims_xavier/XAiMs/XAiMS_ws/install/two_wheeled_robot/lib/python3.8/site-packages'
[4.646s] Level 1:colcon.colcon_core.environment:checking '/home/aims_xavier/XAiMs/XAiMS_ws/install/two_wheeled_robot/bin'
[4.648s] INFO:colcon.colcon_core.shell:Creating package script '/home/aims_xavier/XAiMs/XAiMS_ws/install/two_wheeled_robot/share/two_wheeled_robot/package.ps1'
[4.651s] INFO:colcon.colcon_core.shell:Creating package descriptor '/home/aims_xavier/XAiMs/XAiMS_ws/install/two_wheeled_robot/share/two_wheeled_robot/package.dsv'
[4.653s] INFO:colcon.colcon_core.shell:Creating package script '/home/aims_xavier/XAiMs/XAiMS_ws/install/two_wheeled_robot/share/two_wheeled_robot/package.sh'
[4.656s] INFO:colcon.colcon_core.shell:Creating package script '/home/aims_xavier/XAiMs/XAiMS_ws/install/two_wheeled_robot/share/two_wheeled_robot/package.bash'
[4.658s] INFO:colcon.colcon_core.shell:Creating package script '/home/aims_xavier/XAiMs/XAiMS_ws/install/two_wheeled_robot/share/two_wheeled_robot/package.zsh'
[4.661s] Level 1:colcon.colcon_core.environment:create_file_with_runtime_dependencies(/home/aims_xavier/XAiMs/XAiMS_ws/install/two_wheeled_robot/share/colcon-core/packages/two_wheeled_robot)
[4.667s] Level 1:colcon.colcon_core.environment:create_environment_scripts_only(basic_mobile_robot)
[4.668s] Level 1:colcon.colcon_core.environment:checking '/home/aims_xavier/XAiMs/XAiMS_ws/install/basic_mobile_robot' for CMake module files
[4.671s] Level 1:colcon.colcon_core.environment:checking '/home/aims_xavier/XAiMs/XAiMS_ws/install/basic_mobile_robot' for CMake config files
[4.674s] Level 1:colcon.colcon_core.shell:create_environment_hook('basic_mobile_robot', 'cmake_prefix_path')
[4.675s] INFO:colcon.colcon_core.shell:Creating environment hook '/home/aims_xavier/XAiMs/XAiMS_ws/install/basic_mobile_robot/share/basic_mobile_robot/hook/cmake_prefix_path.ps1'
[4.679s] INFO:colcon.colcon_core.shell:Creating environment descriptor '/home/aims_xavier/XAiMs/XAiMS_ws/install/basic_mobile_robot/share/basic_mobile_robot/hook/cmake_prefix_path.dsv'
[4.715s] INFO:colcon.colcon_core.shell:Creating environment hook '/home/aims_xavier/XAiMs/XAiMS_ws/install/basic_mobile_robot/share/basic_mobile_robot/hook/cmake_prefix_path.sh'
[4.718s] Level 1:colcon.colcon_core.environment:checking '/home/aims_xavier/XAiMs/XAiMS_ws/install/basic_mobile_robot/bin'
[4.719s] Level 1:colcon.colcon_core.environment:checking '/home/aims_xavier/XAiMs/XAiMS_ws/install/basic_mobile_robot/lib/pkgconfig/basic_mobile_robot.pc'
[4.720s] Level 1:colcon.colcon_core.environment:checking '/home/aims_xavier/XAiMs/XAiMS_ws/install/basic_mobile_robot/lib/python3.8/site-packages'
[4.720s] Level 1:colcon.colcon_core.environment:checking '/home/aims_xavier/XAiMs/XAiMS_ws/install/basic_mobile_robot/bin'
[4.722s] INFO:colcon.colcon_core.shell:Creating package script '/home/aims_xavier/XAiMs/XAiMS_ws/install/basic_mobile_robot/share/basic_mobile_robot/package.ps1'
[4.724s] INFO:colcon.colcon_core.shell:Creating package descriptor '/home/aims_xavier/XAiMs/XAiMS_ws/install/basic_mobile_robot/share/basic_mobile_robot/package.dsv'
[4.727s] INFO:colcon.colcon_core.shell:Creating package script '/home/aims_xavier/XAiMs/XAiMS_ws/install/basic_mobile_robot/share/basic_mobile_robot/package.sh'
[4.728s] INFO:colcon.colcon_core.shell:Creating package script '/home/aims_xavier/XAiMs/XAiMS_ws/install/basic_mobile_robot/share/basic_mobile_robot/package.bash'
[4.730s] INFO:colcon.colcon_core.shell:Creating package script '/home/aims_xavier/XAiMs/XAiMS_ws/install/basic_mobile_robot/share/basic_mobile_robot/package.zsh'
[4.732s] Level 1:colcon.colcon_core.environment:create_file_with_runtime_dependencies(/home/aims_xavier/XAiMs/XAiMS_ws/install/basic_mobile_robot/share/colcon-core/packages/basic_mobile_robot)
[4.735s] INFO:colcon.colcon_ros.task.ament_cmake.build:Building ROS package in '/home/aims_xavier/XAiMs/XAiMS_ws/src/xaims_localization' with build type 'ament_cmake'
[4.736s] INFO:colcon.colcon_cmake.task.cmake.build:Building CMake package in '/home/aims_xavier/XAiMs/XAiMS_ws/src/xaims_localization'
[4.737s] INFO:colcon.colcon_core.shell:Skip shell extension 'powershell' for command environment: Not usable outside of PowerShell
[4.737s] DEBUG:colcon.colcon_core.shell:Skip shell extension 'dsv' for command environment
[4.844s] DEBUG:colcon.colcon_core.event_handler.log_command:Invoking command in '/home/aims_xavier/XAiMs/XAiMS_ws/build/xaims_bringup': CMAKE_PREFIX_PATH=${CMAKE_PREFIX_PATH}:/home/aims_xavier/XAiMs/XAiMS_ws/install/bno055:/opt/ros/foxy /usr/bin/cmake --build /home/aims_xavier/XAiMs/XAiMS_ws/build/xaims_bringup -- -j4 -l4
[4.881s] DEBUG:colcon.colcon_core.event_handler.log_command:Invoking command in '/home/aims_xavier/XAiMs/XAiMS_ws/build/xaims_localization': CMAKE_PREFIX_PATH=${CMAKE_PREFIX_PATH}:/home/aims_xavier/XAiMs/XAiMS_ws/install/bno055:/opt/ros/foxy /usr/bin/cmake --build /home/aims_xavier/XAiMs/XAiMS_ws/build/xaims_localization -- -j4 -l4
[5.280s] DEBUG:colcon.colcon_core.event_handler.log_command:Invoked command in '/home/aims_xavier/XAiMs/XAiMS_ws/build/xaims_bringup' returned '0': CMAKE_PREFIX_PATH=${CMAKE_PREFIX_PATH}:/home/aims_xavier/XAiMs/XAiMS_ws/install/bno055:/opt/ros/foxy /usr/bin/cmake --build /home/aims_xavier/XAiMs/XAiMS_ws/build/xaims_bringup -- -j4 -l4
[5.303s] DEBUG:colcon.colcon_core.event_handler.log_command:Invoking command in '/home/aims_xavier/XAiMs/XAiMS_ws/build/xaims_bringup': CMAKE_PREFIX_PATH=${CMAKE_PREFIX_PATH}:/home/aims_xavier/XAiMs/XAiMS_ws/install/bno055:/opt/ros/foxy /usr/bin/cmake --install /home/aims_xavier/XAiMs/XAiMS_ws/build/xaims_bringup
[5.525s] DEBUG:colcon.colcon_core.event_handler.log_command:Invoked command in '/home/aims_xavier/XAiMs/XAiMS_ws/build/xaims_localization' returned '0': CMAKE_PREFIX_PATH=${CMAKE_PREFIX_PATH}:/home/aims_xavier/XAiMs/XAiMS_ws/install/bno055:/opt/ros/foxy /usr/bin/cmake --build /home/aims_xavier/XAiMs/XAiMS_ws/build/xaims_localization -- -j4 -l4
[5.568s] Level 1:colcon.colcon_core.environment:create_environment_scripts_only(xaims_bringup)
[5.571s] Level 1:colcon.colcon_core.environment:checking '/home/aims_xavier/XAiMs/XAiMS_ws/install/xaims_bringup' for CMake module files
[5.572s] DEBUG:colcon.colcon_core.event_handler.log_command:Invoked command in '/home/aims_xavier/XAiMs/XAiMS_ws/build/xaims_bringup' returned '0': CMAKE_PREFIX_PATH=${CMAKE_PREFIX_PATH}:/home/aims_xavier/XAiMs/XAiMS_ws/install/bno055:/opt/ros/foxy /usr/bin/cmake --install /home/aims_xavier/XAiMs/XAiMS_ws/build/xaims_bringup
[5.576s] Level 1:colcon.colcon_core.environment:checking '/home/aims_xavier/XAiMs/XAiMS_ws/install/xaims_bringup' for CMake config files
[5.587s] Level 1:colcon.colcon_core.shell:create_environment_hook('xaims_bringup', 'cmake_prefix_path')
[5.590s] INFO:colcon.colcon_core.shell:Creating environment hook '/home/aims_xavier/XAiMs/XAiMS_ws/install/xaims_bringup/share/xaims_bringup/hook/cmake_prefix_path.ps1'
[5.594s] INFO:colcon.colcon_core.shell:Creating environment descriptor '/home/aims_xavier/XAiMs/XAiMS_ws/install/xaims_bringup/share/xaims_bringup/hook/cmake_prefix_path.dsv'
[5.665s] INFO:colcon.colcon_core.shell:Creating environment hook '/home/aims_xavier/XAiMs/XAiMS_ws/install/xaims_bringup/share/xaims_bringup/hook/cmake_prefix_path.sh'
[5.668s] Level 1:colcon.colcon_core.environment:checking '/home/aims_xavier/XAiMs/XAiMS_ws/install/xaims_bringup/bin'
[5.669s] Level 1:colcon.colcon_core.environment:checking '/home/aims_xavier/XAiMs/XAiMS_ws/install/xaims_bringup/lib/pkgconfig/xaims_bringup.pc'
[5.670s] Level 1:colcon.colcon_core.environment:checking '/home/aims_xavier/XAiMs/XAiMS_ws/install/xaims_bringup/lib/python3.8/site-packages'
[5.671s] Level 1:colcon.colcon_core.environment:checking '/home/aims_xavier/XAiMs/XAiMS_ws/install/xaims_bringup/bin'
[5.672s] INFO:colcon.colcon_core.shell:Creating package script '/home/aims_xavier/XAiMs/XAiMS_ws/install/xaims_bringup/share/xaims_bringup/package.ps1'
[5.674s] INFO:colcon.colcon_core.shell:Creating package descriptor '/home/aims_xavier/XAiMs/XAiMS_ws/install/xaims_bringup/share/xaims_bringup/package.dsv'
[5.682s] INFO:colcon.colcon_core.shell:Creating package script '/home/aims_xavier/XAiMs/XAiMS_ws/install/xaims_bringup/share/xaims_bringup/package.sh'
[5.684s] INFO:colcon.colcon_core.shell:Creating package script '/home/aims_xavier/XAiMs/XAiMS_ws/install/xaims_bringup/share/xaims_bringup/package.bash'
[5.689s] INFO:colcon.colcon_core.shell:Creating package script '/home/aims_xavier/XAiMs/XAiMS_ws/install/xaims_bringup/share/xaims_bringup/package.zsh'
[5.693s] Level 1:colcon.colcon_core.environment:create_file_with_runtime_dependencies(/home/aims_xavier/XAiMs/XAiMS_ws/install/xaims_bringup/share/colcon-core/packages/xaims_bringup)
[5.696s] Level 1:colcon.colcon_core.environment:create_environment_scripts_only(xaims_bringup)
[5.698s] Level 1:colcon.colcon_core.environment:checking '/home/aims_xavier/XAiMs/XAiMS_ws/install/xaims_bringup' for CMake module files
[5.705s] Level 1:colcon.colcon_core.environment:checking '/home/aims_xavier/XAiMs/XAiMS_ws/install/xaims_bringup' for CMake config files
[5.708s] Level 1:colcon.colcon_core.shell:create_environment_hook('xaims_bringup', 'cmake_prefix_path')
[5.709s] INFO:colcon.colcon_core.shell:Creating environment hook '/home/aims_xavier/XAiMs/XAiMS_ws/install/xaims_bringup/share/xaims_bringup/hook/cmake_prefix_path.ps1'
[5.734s] INFO:colcon.colcon_core.shell:Creating environment descriptor '/home/aims_xavier/XAiMs/XAiMS_ws/install/xaims_bringup/share/xaims_bringup/hook/cmake_prefix_path.dsv'
[5.737s] INFO:colcon.colcon_core.shell:Creating environment hook '/home/aims_xavier/XAiMs/XAiMS_ws/install/xaims_bringup/share/xaims_bringup/hook/cmake_prefix_path.sh'
[5.741s] Level 1:colcon.colcon_core.environment:checking '/home/aims_xavier/XAiMs/XAiMS_ws/install/xaims_bringup/bin'
[5.741s] Level 1:colcon.colcon_core.environment:checking '/home/aims_xavier/XAiMs/XAiMS_ws/install/xaims_bringup/lib/pkgconfig/xaims_bringup.pc'
[5.742s] Level 1:colcon.colcon_core.environment:checking '/home/aims_xavier/XAiMs/XAiMS_ws/install/xaims_bringup/lib/python3.8/site-packages'
[5.743s] Level 1:colcon.colcon_core.environment:checking '/home/aims_xavier/XAiMs/XAiMS_ws/install/xaims_bringup/bin'
[5.744s] INFO:colcon.colcon_core.shell:Creating package script '/home/aims_xavier/XAiMs/XAiMS_ws/install/xaims_bringup/share/xaims_bringup/package.ps1'
[5.747s] INFO:colcon.colcon_core.shell:Creating package descriptor '/home/aims_xavier/XAiMs/XAiMS_ws/install/xaims_bringup/share/xaims_bringup/package.dsv'
[5.749s] INFO:colcon.colcon_core.shell:Creating package script '/home/aims_xavier/XAiMs/XAiMS_ws/install/xaims_bringup/share/xaims_bringup/package.sh'
[5.752s] INFO:colcon.colcon_core.shell:Creating package script '/home/aims_xavier/XAiMs/XAiMS_ws/install/xaims_bringup/share/xaims_bringup/package.bash'
[5.755s] INFO:colcon.colcon_core.shell:Creating package script '/home/aims_xavier/XAiMs/XAiMS_ws/install/xaims_bringup/share/xaims_bringup/package.zsh'
[5.757s] Level 1:colcon.colcon_core.environment:create_file_with_runtime_dependencies(/home/aims_xavier/XAiMs/XAiMS_ws/install/xaims_bringup/share/colcon-core/packages/xaims_bringup)
[5.810s] DEBUG:colcon.colcon_core.event_handler.log_command:Invoking command in '/home/aims_xavier/XAiMs/XAiMS_ws/build/xaims_localization': CMAKE_PREFIX_PATH=${CMAKE_PREFIX_PATH}:/home/aims_xavier/XAiMs/XAiMS_ws/install/bno055:/opt/ros/foxy /usr/bin/cmake --install /home/aims_xavier/XAiMs/XAiMS_ws/build/xaims_localization
[5.866s] DEBUG:colcon.colcon_core.event_handler.log_command:Invoking command in '/home/aims_xavier/XAiMs/XAiMS_ws/build/bno055': PYTHONPATH=/home/aims_xavier/XAiMs/XAiMS_ws/build/bno055/prefix_override:/usr/lib/python3/dist-packages/colcon_core/task/python/colcon_distutils_commands:/home/aims_xavier/XAiMs/XAiMS_ws/install/bno055/lib/python3.8/site-packages:${PYTHONPATH} /usr/bin/python3 -W ignore:setup.py install is deprecated setup.py develop --editable --build-directory /home/aims_xavier/XAiMs/XAiMS_ws/build/bno055/build --no-deps symlink_data
[6.024s] Level 1:colcon.colcon_core.environment:create_environment_scripts_only(xaims_localization)
[6.027s] Level 1:colcon.colcon_core.environment:checking '/home/aims_xavier/XAiMs/XAiMS_ws/install/xaims_localization' for CMake module files
[6.031s] DEBUG:colcon.colcon_core.event_handler.log_command:Invoked command in '/home/aims_xavier/XAiMs/XAiMS_ws/build/xaims_localization' returned '0': CMAKE_PREFIX_PATH=${CMAKE_PREFIX_PATH}:/home/aims_xavier/XAiMs/XAiMS_ws/install/bno055:/opt/ros/foxy /usr/bin/cmake --install /home/aims_xavier/XAiMs/XAiMS_ws/build/xaims_localization
[6.032s] Level 1:colcon.colcon_core.environment:checking '/home/aims_xavier/XAiMs/XAiMS_ws/install/xaims_localization' for CMake config files
[6.034s] Level 1:colcon.colcon_core.shell:create_environment_hook('xaims_localization', 'cmake_prefix_path')
[6.036s] INFO:colcon.colcon_core.shell:Creating environment hook '/home/aims_xavier/XAiMs/XAiMS_ws/install/xaims_localization/share/xaims_localization/hook/cmake_prefix_path.ps1'
[6.044s] INFO:colcon.colcon_core.shell:Creating environment descriptor '/home/aims_xavier/XAiMs/XAiMS_ws/install/xaims_localization/share/xaims_localization/hook/cmake_prefix_path.dsv'
[6.058s] INFO:colcon.colcon_core.shell:Creating environment hook '/home/aims_xavier/XAiMs/XAiMS_ws/install/xaims_localization/share/xaims_localization/hook/cmake_prefix_path.sh'
[6.062s] Level 1:colcon.colcon_core.environment:checking '/home/aims_xavier/XAiMs/XAiMS_ws/install/xaims_localization/lib'
[6.063s] Level 1:colcon.colcon_core.environment:checking '/home/aims_xavier/XAiMs/XAiMS_ws/install/xaims_localization/bin'
[6.063s] Level 1:colcon.colcon_core.environment:checking '/home/aims_xavier/XAiMs/XAiMS_ws/install/xaims_localization/lib/pkgconfig/xaims_localization.pc'
[6.064s] Level 1:colcon.colcon_core.environment:checking '/home/aims_xavier/XAiMs/XAiMS_ws/install/xaims_localization/lib/python3.8/site-packages'
[6.065s] Level 1:colcon.colcon_core.environment:checking '/home/aims_xavier/XAiMs/XAiMS_ws/install/xaims_localization/bin'
[6.066s] INFO:colcon.colcon_core.shell:Creating package script '/home/aims_xavier/XAiMs/XAiMS_ws/install/xaims_localization/share/xaims_localization/package.ps1'
[6.069s] INFO:colcon.colcon_core.shell:Creating package descriptor '/home/aims_xavier/XAiMs/XAiMS_ws/install/xaims_localization/share/xaims_localization/package.dsv'
[6.072s] INFO:colcon.colcon_core.shell:Creating package script '/home/aims_xavier/XAiMs/XAiMS_ws/install/xaims_localization/share/xaims_localization/package.sh'
[6.074s] INFO:colcon.colcon_core.shell:Creating package script '/home/aims_xavier/XAiMs/XAiMS_ws/install/xaims_localization/share/xaims_localization/package.bash'
[6.076s] INFO:colcon.colcon_core.shell:Creating package script '/home/aims_xavier/XAiMs/XAiMS_ws/install/xaims_localization/share/xaims_localization/package.zsh'
[6.081s] Level 1:colcon.colcon_core.environment:create_file_with_runtime_dependencies(/home/aims_xavier/XAiMs/XAiMS_ws/install/xaims_localization/share/colcon-core/packages/xaims_localization)
[6.315s] Level 1:colcon.colcon_core.environment:create_environment_scripts_only(xaims_localization)
[6.317s] Level 1:colcon.colcon_core.environment:checking '/home/aims_xavier/XAiMs/XAiMS_ws/install/xaims_localization' for CMake module files
[6.320s] Level 1:colcon.colcon_core.environment:checking '/home/aims_xavier/XAiMs/XAiMS_ws/install/xaims_localization' for CMake config files
[6.323s] Level 1:colcon.colcon_core.shell:create_environment_hook('xaims_localization', 'cmake_prefix_path')
[6.324s] INFO:colcon.colcon_core.shell:Creating environment hook '/home/aims_xavier/XAiMs/XAiMS_ws/install/xaims_localization/share/xaims_localization/hook/cmake_prefix_path.ps1'
[6.328s] INFO:colcon.colcon_core.shell:Creating environment descriptor '/home/aims_xavier/XAiMs/XAiMS_ws/install/xaims_localization/share/xaims_localization/hook/cmake_prefix_path.dsv'
[6.332s] INFO:colcon.colcon_core.shell:Creating environment hook '/home/aims_xavier/XAiMs/XAiMS_ws/install/xaims_localization/share/xaims_localization/hook/cmake_prefix_path.sh'
[6.336s] Level 1:colcon.colcon_core.environment:checking '/home/aims_xavier/XAiMs/XAiMS_ws/install/xaims_localization/lib'
[6.338s] Level 1:colcon.colcon_core.environment:checking '/home/aims_xavier/XAiMs/XAiMS_ws/install/xaims_localization/bin'
[6.339s] Level 1:colcon.colcon_core.environment:checking '/home/aims_xavier/XAiMs/XAiMS_ws/install/xaims_localization/lib/pkgconfig/xaims_localization.pc'
[6.341s] Level 1:colcon.colcon_core.environment:checking '/home/aims_xavier/XAiMs/XAiMS_ws/install/xaims_localization/lib/python3.8/site-packages'
[6.342s] Level 1:colcon.colcon_core.environment:checking '/home/aims_xavier/XAiMs/XAiMS_ws/install/xaims_localization/bin'
[6.345s] INFO:colcon.colcon_core.shell:Creating package script '/home/aims_xavier/XAiMs/XAiMS_ws/install/xaims_localization/share/xaims_localization/package.ps1'
[6.347s] INFO:colcon.colcon_core.shell:Creating package descriptor '/home/aims_xavier/XAiMs/XAiMS_ws/install/xaims_localization/share/xaims_localization/package.dsv'
[6.350s] INFO:colcon.colcon_core.shell:Creating package script '/home/aims_xavier/XAiMs/XAiMS_ws/install/xaims_localization/share/xaims_localization/package.sh'
[6.354s] INFO:colcon.colcon_core.shell:Creating package script '/home/aims_xavier/XAiMs/XAiMS_ws/install/xaims_localization/share/xaims_localization/package.bash'
[6.356s] INFO:colcon.colcon_core.shell:Creating package script '/home/aims_xavier/XAiMs/XAiMS_ws/install/xaims_localization/share/xaims_localization/package.zsh'
[6.358s] Level 1:colcon.colcon_core.environment:create_file_with_runtime_dependencies(/home/aims_xavier/XAiMs/XAiMS_ws/install/xaims_localization/share/colcon-core/packages/xaims_localization)
[7.997s] Level 1:colcon.colcon_core.shell:create_environment_hook('bno055', 'pythonpath_develop')
[7.999s] INFO:colcon.colcon_core.shell:Creating environment hook '/home/aims_xavier/XAiMs/XAiMS_ws/build/bno055/share/bno055/hook/pythonpath_develop.ps1'
[8.000s] DEBUG:colcon.colcon_core.event_handler.log_command:Invoked command in '/home/aims_xavier/XAiMs/XAiMS_ws/build/bno055' returned '0': PYTHONPATH=/home/aims_xavier/XAiMs/XAiMS_ws/build/bno055/prefix_override:/usr/lib/python3/dist-packages/colcon_core/task/python/colcon_distutils_commands:/home/aims_xavier/XAiMs/XAiMS_ws/install/bno055/lib/python3.8/site-packages:${PYTHONPATH} /usr/bin/python3 -W ignore:setup.py install is deprecated setup.py develop --editable --build-directory /home/aims_xavier/XAiMs/XAiMS_ws/build/bno055/build --no-deps symlink_data
[8.002s] INFO:colcon.colcon_core.shell:Creating environment descriptor '/home/aims_xavier/XAiMs/XAiMS_ws/build/bno055/share/bno055/hook/pythonpath_develop.dsv'
[8.004s] INFO:colcon.colcon_core.shell:Creating environment hook '/home/aims_xavier/XAiMs/XAiMS_ws/build/bno055/share/bno055/hook/pythonpath_develop.sh'
[8.006s] Level 1:colcon.colcon_core.environment:checking '/home/aims_xavier/XAiMs/XAiMS_ws/install/bno055' for CMake module files
[8.008s] Level 1:colcon.colcon_core.environment:checking '/home/aims_xavier/XAiMs/XAiMS_ws/install/bno055' for CMake config files
[8.011s] Level 1:colcon.colcon_core.environment:checking '/home/aims_xavier/XAiMs/XAiMS_ws/install/bno055/lib'
[8.012s] Level 1:colcon.colcon_core.environment:checking '/home/aims_xavier/XAiMs/XAiMS_ws/install/bno055/bin'
[8.012s] Level 1:colcon.colcon_core.environment:checking '/home/aims_xavier/XAiMs/XAiMS_ws/install/bno055/lib/pkgconfig/bno055.pc'
[8.013s] Level 1:colcon.colcon_core.environment:checking '/home/aims_xavier/XAiMs/XAiMS_ws/install/bno055/lib/python3.8/site-packages'
[8.013s] Level 1:colcon.colcon_core.shell:create_environment_hook('bno055', 'pythonpath')
[8.014s] INFO:colcon.colcon_core.shell:Creating environment hook '/home/aims_xavier/XAiMs/XAiMS_ws/install/bno055/share/bno055/hook/pythonpath.ps1'
[8.016s] INFO:colcon.colcon_core.shell:Creating environment descriptor '/home/aims_xavier/XAiMs/XAiMS_ws/install/bno055/share/bno055/hook/pythonpath.dsv'
[8.017s] INFO:colcon.colcon_core.shell:Creating environment hook '/home/aims_xavier/XAiMs/XAiMS_ws/install/bno055/share/bno055/hook/pythonpath.sh'
[8.024s] Level 1:colcon.colcon_core.environment:checking '/home/aims_xavier/XAiMs/XAiMS_ws/install/bno055/bin'
[8.024s] Level 1:colcon.colcon_core.environment:create_environment_scripts_only(bno055)
[8.026s] INFO:colcon.colcon_core.shell:Creating package script '/home/aims_xavier/XAiMs/XAiMS_ws/install/bno055/share/bno055/package.ps1'
[8.029s] INFO:colcon.colcon_core.shell:Creating package descriptor '/home/aims_xavier/XAiMs/XAiMS_ws/install/bno055/share/bno055/package.dsv'
[8.031s] INFO:colcon.colcon_core.shell:Creating package script '/home/aims_xavier/XAiMs/XAiMS_ws/install/bno055/share/bno055/package.sh'
[8.033s] INFO:colcon.colcon_core.shell:Creating package script '/home/aims_xavier/XAiMs/XAiMS_ws/install/bno055/share/bno055/package.bash'
[8.035s] INFO:colcon.colcon_core.shell:Creating package script '/home/aims_xavier/XAiMs/XAiMS_ws/install/bno055/share/bno055/package.zsh'
[8.036s] Level 1:colcon.colcon_core.environment:create_file_with_runtime_dependencies(/home/aims_xavier/XAiMs/XAiMS_ws/install/bno055/share/colcon-core/packages/bno055)
[8.038s] DEBUG:colcon.colcon_parallel_executor.executor.parallel:closing loop
[8.039s] DEBUG:colcon.colcon_parallel_executor.executor.parallel:loop closed
[8.042s] DEBUG:colcon.colcon_parallel_executor.executor.parallel:run_until_complete finished with '0'
[8.042s] DEBUG:colcon.colcon_core.event_reactor:joining thread
[8.065s] INFO:colcon.colcon_core.plugin_system:Skipping extension 'colcon_notification.desktop_notification.terminal_notifier': Not used on non-Darwin systems
[8.066s] INFO:colcon.colcon_core.plugin_system:Skipping extension 'colcon_notification.desktop_notification.win32': Not used on non-Windows systems
[8.066s] INFO:colcon.colcon_notification.desktop_notification:Sending desktop notification using 'notify2'
[8.139s] DEBUG:colcon.colcon_core.event_reactor:joined thread
[8.141s] INFO:colcon.colcon_core.shell:Creating prefix script '/home/aims_xavier/XAiMs/XAiMS_ws/install/local_setup.ps1'
[8.146s] INFO:colcon.colcon_core.shell:Creating prefix util module '/home/aims_xavier/XAiMs/XAiMS_ws/install/_local_setup_util_ps1.py'
[8.153s] INFO:colcon.colcon_core.shell:Creating prefix chain script '/home/aims_xavier/XAiMs/XAiMS_ws/install/setup.ps1'
[8.161s] INFO:colcon.colcon_core.shell:Creating prefix script '/home/aims_xavier/XAiMs/XAiMS_ws/install/local_setup.sh'
[8.163s] INFO:colcon.colcon_core.shell:Creating prefix util module '/home/aims_xavier/XAiMs/XAiMS_ws/install/_local_setup_util_sh.py'
[8.165s] INFO:colcon.colcon_core.shell:Creating prefix chain script '/home/aims_xavier/XAiMs/XAiMS_ws/install/setup.sh'
[8.172s] INFO:colcon.colcon_core.shell:Creating prefix script '/home/aims_xavier/XAiMs/XAiMS_ws/install/local_setup.bash'
[8.174s] INFO:colcon.colcon_core.shell:Creating prefix chain script '/home/aims_xavier/XAiMs/XAiMS_ws/install/setup.bash'
[8.180s] INFO:colcon.colcon_core.shell:Creating prefix script '/home/aims_xavier/XAiMs/XAiMS_ws/install/local_setup.zsh'
[8.183s] INFO:colcon.colcon_core.shell:Creating prefix chain script '/home/aims_xavier/XAiMs/XAiMS_ws/install/setup.zsh'
