[1.138s] Invoking command in '/home/aims_xavier/XAiMs/XAiMS_ws/build/xaims_localization': CMAKE_PREFIX_PATH=${CMAKE_PREFIX_PATH}:/home/aims_xavier/XAiMs/XAiMS_ws/install/bno055:/opt/ros/foxy /usr/bin/cmake --build /home/aims_xavier/XAiMs/XAiMS_ws/build/xaims_localization -- -j4 -l4
[1.550s] [ 50%] Built target rviz_click_to_2d
[1.599s] [100%] Built target ekf_odom_pub
[1.666s] Invoked command in '/home/aims_xavier/XAiMs/XAiMS_ws/build/xaims_localization' returned '0': CMAKE_PREFIX_PATH=${CMAKE_PREFIX_PATH}:/home/aims_xavier/XAiMs/XAiMS_ws/install/bno055:/opt/ros/foxy /usr/bin/cmake --build /home/aims_xavier/XAiMs/XAiMS_ws/build/xaims_localization -- -j4 -l4
[1.912s] Invoking command in '/home/aims_xavier/XAiMs/XAiMS_ws/build/xaims_localization': CMAKE_PREFIX_PATH=${CMAKE_PREFIX_PATH}:/home/aims_xavier/XAiMs/XAiMS_ws/install/bno055:/opt/ros/foxy /usr/bin/cmake --install /home/aims_xavier/XAiMs/XAiMS_ws/build/xaims_localization
[2.036s] -- Install configuration: ""
[2.046s] -- Execute custom install script
[2.048s] -- Up-to-date symlink: /home/aims_xavier/XAiMs/XAiMS_ws/install/xaims_localization/lib/xaims_localization/rviz_click_to_2d
[2.048s] -- Up-to-date symlink: /home/aims_xavier/XAiMs/XAiMS_ws/install/xaims_localization/lib/xaims_localization/ekf_odom_pub
[2.061s] -- Up-to-date symlink: /home/aims_xavier/XAiMs/XAiMS_ws/install/xaims_localization/share/ament_index/resource_index/package_run_dependencies/xaims_localization
[2.061s] -- Up-to-date symlink: /home/aims_xavier/XAiMs/XAiMS_ws/install/xaims_localization/share/ament_index/resource_index/parent_prefix_path/xaims_localization
[2.062s] -- Up-to-date symlink: /home/aims_xavier/XAiMs/XAiMS_ws/install/xaims_localization/share/xaims_localization/environment/ament_prefix_path.sh
[2.062s] -- Up-to-date symlink: /home/aims_xavier/XAiMs/XAiMS_ws/install/xaims_localization/share/xaims_localization/environment/ament_prefix_path.dsv
[2.064s] -- Up-to-date symlink: /home/aims_xavier/XAiMs/XAiMS_ws/install/xaims_localization/share/xaims_localization/environment/path.sh
[2.066s] -- Up-to-date symlink: /home/aims_xavier/XAiMs/XAiMS_ws/install/xaims_localization/share/xaims_localization/environment/path.dsv
[2.070s] -- Up-to-date symlink: /home/aims_xavier/XAiMs/XAiMS_ws/install/xaims_localization/share/xaims_localization/local_setup.bash
[2.070s] -- Up-to-date symlink: /home/aims_xavier/XAiMs/XAiMS_ws/install/xaims_localization/share/xaims_localization/local_setup.sh
[2.083s] -- Up-to-date symlink: /home/aims_xavier/XAiMs/XAiMS_ws/install/xaims_localization/share/xaims_localization/local_setup.zsh
[2.083s] -- Up-to-date symlink: /home/aims_xavier/XAiMs/XAiMS_ws/install/xaims_localization/share/xaims_localization/local_setup.dsv
[2.084s] -- Symlinking: /home/aims_xavier/XAiMs/XAiMS_ws/install/xaims_localization/share/xaims_localization/package.dsv
[2.168s] -- Up-to-date symlink: /home/aims_xavier/XAiMs/XAiMS_ws/install/xaims_localization/share/ament_index/resource_index/packages/xaims_localization
[2.170s] -- Up-to-date symlink: /home/aims_xavier/XAiMs/XAiMS_ws/install/xaims_localization/share/xaims_localization/cmake/xaims_localizationConfig.cmake
[2.182s] -- Up-to-date symlink: /home/aims_xavier/XAiMs/XAiMS_ws/install/xaims_localization/share/xaims_localization/cmake/xaims_localizationConfig-version.cmake
[2.184s] -- Up-to-date symlink: /home/aims_xavier/XAiMs/XAiMS_ws/install/xaims_localization/share/xaims_localization/package.xml
[2.268s] Invoked command in '/home/aims_xavier/XAiMs/XAiMS_ws/build/xaims_localization' returned '0': CMAKE_PREFIX_PATH=${CMAKE_PREFIX_PATH}:/home/aims_xavier/XAiMs/XAiMS_ws/install/bno055:/opt/ros/foxy /usr/bin/cmake --install /home/aims_xavier/XAiMs/XAiMS_ws/build/xaims_localization
