[6.421s] Invoking command in '/home/aims_xavier/XAiMs/XAiMS_ws/build/bno055': PYTHONPATH=/home/aims_xavier/XAiMs/XAiMS_ws/build/bno055/prefix_override:/usr/lib/python3/dist-packages/colcon_core/task/python/colcon_distutils_commands:/home/aims_xavier/XAiMs/XAiMS_ws/install/bno055/lib/python3.8/site-packages:${PYTHONPATH} /usr/bin/python3 -W ignore:setup.py install is deprecated setup.py develop --editable --build-directory /home/aims_xavier/XAiMs/XAiMS_ws/build/bno055/build --no-deps symlink_data --force
[8.110s] running develop
[8.990s] running egg_info
[8.993s] writing bno055.egg-info/PKG-INFO
[8.996s] writing dependency_links to bno055.egg-info/dependency_links.txt
[8.998s] writing entry points to bno055.egg-info/entry_points.txt
[9.000s] writing requirements to bno055.egg-info/requires.txt
[9.003s] writing top-level names to bno055.egg-info/top_level.txt
[9.216s] reading manifest file 'bno055.egg-info/SOURCES.txt'
[9.321s] writing manifest file 'bno055.egg-info/SOURCES.txt'
[9.544s] running build_ext
[9.678s] Creating /home/aims_xavier/XAiMs/XAiMS_ws/install/bno055/lib/python3.8/site-packages/bno055.egg-link (link to .)
[9.684s] Installing bno055 script to /home/aims_xavier/XAiMs/XAiMS_ws/install/bno055/lib/bno055
[9.686s] 
[9.686s] Installed /home/aims_xavier/XAiMs/XAiMS_ws/build/bno055
[9.687s] running symlink_data
[9.689s] symbolically linking /home/aims_xavier/XAiMs/XAiMS_ws/build/bno055/resource/bno055 -> /home/aims_xavier/XAiMs/XAiMS_ws/install/bno055/share/ament_index/resource_index/packages
[9.691s] symbolically linking /home/aims_xavier/XAiMs/XAiMS_ws/build/bno055/package.xml -> /home/aims_xavier/XAiMs/XAiMS_ws/install/bno055/share/bno055
[9.692s] symbolically linking /home/aims_xavier/XAiMs/XAiMS_ws/build/bno055/launch/bno055.launch.py -> /home/aims_xavier/XAiMs/XAiMS_ws/install/bno055/share/bno055/launch
[9.693s] symbolically linking /home/aims_xavier/XAiMs/XAiMS_ws/build/bno055/bno055/params/bno055_params_test.yaml -> /home/aims_xavier/XAiMs/XAiMS_ws/install/bno055/share/bno055/config
[9.695s] symbolically linking /home/aims_xavier/XAiMs/XAiMS_ws/build/bno055/bno055/params/bno055_params.yaml -> /home/aims_xavier/XAiMs/XAiMS_ws/install/bno055/share/bno055/config
[9.696s] symbolically linking /home/aims_xavier/XAiMs/XAiMS_ws/build/bno055/bno055/params/bno055_params_i2c.yaml -> /home/aims_xavier/XAiMs/XAiMS_ws/install/bno055/share/bno055/config
[9.829s] Invoked command in '/home/aims_xavier/XAiMs/XAiMS_ws/build/bno055' returned '0': PYTHONPATH=/home/aims_xavier/XAiMs/XAiMS_ws/build/bno055/prefix_override:/usr/lib/python3/dist-packages/colcon_core/task/python/colcon_distutils_commands:/home/aims_xavier/XAiMs/XAiMS_ws/install/bno055/lib/python3.8/site-packages:${PYTHONPATH} /usr/bin/python3 -W ignore:setup.py install is deprecated setup.py develop --editable --build-directory /home/aims_xavier/XAiMs/XAiMS_ws/build/bno055/build --no-deps symlink_data --force
